[1.304s] Invoking command in '/home/gabrielmartins/Documents/github/ponderada_ros/culling_games/src/cg_teleop': CMAKE_PREFIX_PATH=/home/gabrielmartins/Documents/github/ponderada_ros/install/cg_interfaces:/home/gabrielmartins/Documents/github/ponderada_ros/install/cg:/usr/lib64/ros-jazzy/opt/orocos_kdl_vendor:/usr/lib64/ros-jazzy/opt/gz_math_vendor:/usr/lib64/ros-jazzy/opt/gz_utils_vendor:/usr/lib64/ros-jazzy/opt/gz_cmake_vendor:/usr/lib64/ros-jazzy CONDA_PROMPT_MODIFIER=(ros_env) DEBUGINFOD_URLS=https://debuginfod.fedoraproject.org/ PYTHONPATH=/home/gabrielmartins/Documents/github/ponderada_ros/build/cg_teleop/prefix_override:/usr/lib/python3.13/site-packages/colcon_core/task/python/colcon_distutils_commands:/home/gabrielmartins/Documents/github/ponderada_ros/install/cg_teleop/lib/python3.13/site-packages:/home/gabrielmartins/Documents/github/ponderada_ros/install/cg_interfaces/lib/python3.13/site-packages:/home/gabrielmartins/Documents/github/ponderada_ros/install/my-test-package/lib/python3.13/site-packages:/home/gabrielmartins/Documents/github/ponderada_ros/install/cg_teleop/lib/python3.13/site-packages:/home/gabrielmartins/Documents/github/ponderada_ros/install/cg/lib/python3.13/site-packages:/usr/lib64/ros-jazzy/lib/python3.13/dist-packages:/usr/lib64/ros-jazzy/lib/python3.13/site-packages:/home/gabrielmartins/m/envs/ros_env/lib/python/site-packages:/home/gabrielmartins/m/envs/ros_env/lib/python3.12/site-packages _=/usr/bin/env /usr/bin/python3 -W ignore:setup.py install is deprecated -W ignore:easy_install command is deprecated setup.py egg_info --egg-base ../../../build/cg_teleop build --build-base /home/gabrielmartins/Documents/github/ponderada_ros/build/cg_teleop/build install --record /home/gabrielmartins/Documents/github/ponderada_ros/build/cg_teleop/install.log --single-version-externally-managed install_data
[1.677s] running egg_info
[1.694s] writing ../../../build/cg_teleop/cg_teleop.egg-info/PKG-INFO
[1.694s] writing dependency_links to ../../../build/cg_teleop/cg_teleop.egg-info/dependency_links.txt
[1.695s] writing entry points to ../../../build/cg_teleop/cg_teleop.egg-info/entry_points.txt
[1.695s] writing requirements to ../../../build/cg_teleop/cg_teleop.egg-info/requires.txt
[1.695s] writing top-level names to ../../../build/cg_teleop/cg_teleop.egg-info/top_level.txt
[1.737s] reading manifest file '../../../build/cg_teleop/cg_teleop.egg-info/SOURCES.txt'
[1.737s] writing manifest file '../../../build/cg_teleop/cg_teleop.egg-info/SOURCES.txt'
[1.738s] running build
[1.738s] running build_py
[1.738s] copying cg_teleop/__init__.py -> /home/gabrielmartins/Documents/github/ponderada_ros/build/cg_teleop/build/lib/cg_teleop
[1.738s] copying cg_teleop/teleop_node.py -> /home/gabrielmartins/Documents/github/ponderada_ros/build/cg_teleop/build/lib/cg_teleop
[1.738s] running install
[1.746s] running install_lib
[1.767s] running install_data
[1.767s] copying resource/cg_teleop -> /home/gabrielmartins/Documents/github/ponderada_ros/install/cg_teleop/share/ament_index/resource_index/packages
[1.767s] copying package.xml -> /home/gabrielmartins/Documents/github/ponderada_ros/install/cg_teleop/share/cg_teleop
[1.767s] running install_egg_info
[1.788s] removing '/home/gabrielmartins/Documents/github/ponderada_ros/install/cg_teleop/lib/python3.13/site-packages/cg_teleop-0.0.0-py3.13.egg-info' (and everything under it)
[1.789s] Copying ../../../build/cg_teleop/cg_teleop.egg-info to /home/gabrielmartins/Documents/github/ponderada_ros/install/cg_teleop/lib/python3.13/site-packages/cg_teleop-0.0.0-py3.13.egg-info
[1.790s] running install_scripts
[1.936s] Installing teleop_keyboard script to /home/gabrielmartins/Documents/github/ponderada_ros/install/cg_teleop/lib/cg_teleop
[1.936s] writing list of installed files to '/home/gabrielmartins/Documents/github/ponderada_ros/build/cg_teleop/install.log'
[1.968s] Invoked command in '/home/gabrielmartins/Documents/github/ponderada_ros/culling_games/src/cg_teleop' returned '0': CMAKE_PREFIX_PATH=/home/gabrielmartins/Documents/github/ponderada_ros/install/cg_interfaces:/home/gabrielmartins/Documents/github/ponderada_ros/install/cg:/usr/lib64/ros-jazzy/opt/orocos_kdl_vendor:/usr/lib64/ros-jazzy/opt/gz_math_vendor:/usr/lib64/ros-jazzy/opt/gz_utils_vendor:/usr/lib64/ros-jazzy/opt/gz_cmake_vendor:/usr/lib64/ros-jazzy CONDA_PROMPT_MODIFIER=(ros_env) DEBUGINFOD_URLS=https://debuginfod.fedoraproject.org/ PYTHONPATH=/home/gabrielmartins/Documents/github/ponderada_ros/build/cg_teleop/prefix_override:/usr/lib/python3.13/site-packages/colcon_core/task/python/colcon_distutils_commands:/home/gabrielmartins/Documents/github/ponderada_ros/install/cg_teleop/lib/python3.13/site-packages:/home/gabrielmartins/Documents/github/ponderada_ros/install/cg_interfaces/lib/python3.13/site-packages:/home/gabrielmartins/Documents/github/ponderada_ros/install/my-test-package/lib/python3.13/site-packages:/home/gabrielmartins/Documents/github/ponderada_ros/install/cg_teleop/lib/python3.13/site-packages:/home/gabrielmartins/Documents/github/ponderada_ros/install/cg/lib/python3.13/site-packages:/usr/lib64/ros-jazzy/lib/python3.13/dist-packages:/usr/lib64/ros-jazzy/lib/python3.13/site-packages:/home/gabrielmartins/m/envs/ros_env/lib/python/site-packages:/home/gabrielmartins/m/envs/ros_env/lib/python3.12/site-packages _=/usr/bin/env /usr/bin/python3 -W ignore:setup.py install is deprecated -W ignore:easy_install command is deprecated setup.py egg_info --egg-base ../../../build/cg_teleop build --build-base /home/gabrielmartins/Documents/github/ponderada_ros/build/cg_teleop/build install --record /home/gabrielmartins/Documents/github/ponderada_ros/build/cg_teleop/install.log --single-version-externally-managed install_data
