[0.062s] DEBUG:colcon:Command line arguments: ['/usr/bin/colcon', 'build']
[0.062s] DEBUG:colcon:Parsed command line arguments: Namespace(log_base=None, log_level=None, verb_name='build', build_base='build', install_base='install', merge_install=False, symlink_install=False, test_result_base=None, continue_on_error=False, executor='parallel', parallel_workers=8, event_handlers=None, ignore_user_meta=False, metas=['./colcon.meta'], base_paths=['.'], packages_ignore=None, packages_ignore_regex=None, paths=None, packages_up_to=None, packages_up_to_regex=None, packages_above=None, packages_above_and_dependencies=None, packages_above_depth=None, packages_select_by_dep=None, packages_skip_by_dep=None, packages_skip_up_to=None, packages_select_build_failed=False, packages_skip_build_finished=False, packages_select_test_failures=False, packages_skip_test_passed=False, packages_select=None, packages_skip=None, packages_select_regex=None, packages_skip_regex=None, packages_start=None, packages_end=None, cmake_args=None, cmake_target=None, cmake_target_skip_unavailable=False, cmake_clean_cache=False, cmake_clean_first=False, cmake_force_configure=False, ament_cmake_args=None, catkin_cmake_args=None, catkin_skip_building_tests=False, mixin_files=None, mixin=None, verb_parser=<colcon_mixin.mixin.mixin_argument.MixinArgumentDecorator object at 0x7fcad8305a20>, verb_extension=<colcon_core.verb.build.BuildVerb object at 0x7fcad840e8c0>, main=<bound method BuildVerb.main of <colcon_core.verb.build.BuildVerb object at 0x7fcad840e8c0>>, mixin_verb=('build',))
[0.128s] Level 1:colcon.colcon_core.package_discovery:discover_packages(colcon_meta) check parameters
[0.128s] Level 1:colcon.colcon_core.package_discovery:discover_packages(recursive) check parameters
[0.129s] Level 1:colcon.colcon_core.package_discovery:discover_packages(ignore) check parameters
[0.129s] Level 1:colcon.colcon_core.package_discovery:discover_packages(path) check parameters
[0.129s] Level 1:colcon.colcon_core.package_discovery:discover_packages(colcon_meta) discover
[0.129s] Level 1:colcon.colcon_core.package_discovery:discover_packages(recursive) discover
[0.129s] INFO:colcon.colcon_core.package_discovery:Crawling recursively for packages in '/project_ws'
[0.129s] Level 1:colcon.colcon_core.package_identification:_identify(.) by extensions ['ignore', 'ignore_ament_install']
[0.129s] Level 1:colcon.colcon_core.package_identification:_identify(.) by extension 'ignore'
[0.129s] Level 1:colcon.colcon_core.package_identification:_identify(.) by extension 'ignore_ament_install'
[0.129s] Level 1:colcon.colcon_core.package_identification:_identify(.) by extensions ['colcon_pkg']
[0.129s] Level 1:colcon.colcon_core.package_identification:_identify(.) by extension 'colcon_pkg'
[0.129s] Level 1:colcon.colcon_core.package_identification:_identify(.) by extensions ['colcon_meta']
[0.129s] Level 1:colcon.colcon_core.package_identification:_identify(.) by extension 'colcon_meta'
[0.129s] Level 1:colcon.colcon_core.package_identification:_identify(.) by extensions ['ros']
[0.129s] Level 1:colcon.colcon_core.package_identification:_identify(.) by extension 'ros'
[0.136s] Level 1:colcon.colcon_core.package_identification:_identify(.) by extensions ['cmake', 'python']
[0.136s] Level 1:colcon.colcon_core.package_identification:_identify(.) by extension 'cmake'
[0.136s] Level 1:colcon.colcon_core.package_identification:_identify(.) by extension 'python'
[0.136s] Level 1:colcon.colcon_core.package_identification:_identify(.) by extensions ['python_setup_py']
[0.136s] Level 1:colcon.colcon_core.package_identification:_identify(.) by extension 'python_setup_py'
[0.136s] Level 1:colcon.colcon_core.package_identification:_identify(build) by extensions ['ignore', 'ignore_ament_install']
[0.136s] Level 1:colcon.colcon_core.package_identification:_identify(build) by extension 'ignore'
[0.136s] Level 1:colcon.colcon_core.package_identification:_identify(build) ignored
[0.136s] Level 1:colcon.colcon_core.package_identification:_identify(install) by extensions ['ignore', 'ignore_ament_install']
[0.136s] Level 1:colcon.colcon_core.package_identification:_identify(install) by extension 'ignore'
[0.136s] Level 1:colcon.colcon_core.package_identification:_identify(install) ignored
[0.136s] Level 1:colcon.colcon_core.package_identification:_identify(lobotomy_kaisen) by extensions ['ignore', 'ignore_ament_install']
[0.136s] Level 1:colcon.colcon_core.package_identification:_identify(lobotomy_kaisen) by extension 'ignore'
[0.136s] Level 1:colcon.colcon_core.package_identification:_identify(lobotomy_kaisen) by extension 'ignore_ament_install'
[0.136s] Level 1:colcon.colcon_core.package_identification:_identify(lobotomy_kaisen) by extensions ['colcon_pkg']
[0.136s] Level 1:colcon.colcon_core.package_identification:_identify(lobotomy_kaisen) by extension 'colcon_pkg'
[0.136s] Level 1:colcon.colcon_core.package_identification:_identify(lobotomy_kaisen) by extensions ['colcon_meta']
[0.136s] Level 1:colcon.colcon_core.package_identification:_identify(lobotomy_kaisen) by extension 'colcon_meta'
[0.136s] Level 1:colcon.colcon_core.package_identification:_identify(lobotomy_kaisen) by extensions ['ros']
[0.136s] Level 1:colcon.colcon_core.package_identification:_identify(lobotomy_kaisen) by extension 'ros'
[0.136s] Level 1:colcon.colcon_core.package_identification:_identify(lobotomy_kaisen) by extensions ['cmake', 'python']
[0.136s] Level 1:colcon.colcon_core.package_identification:_identify(lobotomy_kaisen) by extension 'cmake'
[0.136s] Level 1:colcon.colcon_core.package_identification:_identify(lobotomy_kaisen) by extension 'python'
[0.136s] Level 1:colcon.colcon_core.package_identification:_identify(lobotomy_kaisen) by extensions ['python_setup_py']
[0.136s] Level 1:colcon.colcon_core.package_identification:_identify(lobotomy_kaisen) by extension 'python_setup_py'
[0.136s] Level 1:colcon.colcon_core.package_identification:_identify(log) by extensions ['ignore', 'ignore_ament_install']
[0.137s] Level 1:colcon.colcon_core.package_identification:_identify(log) by extension 'ignore'
[0.137s] Level 1:colcon.colcon_core.package_identification:_identify(log) ignored
[0.137s] Level 1:colcon.colcon_core.package_identification:_identify(src) by extensions ['ignore', 'ignore_ament_install']
[0.137s] Level 1:colcon.colcon_core.package_identification:_identify(src) by extension 'ignore'
[0.137s] Level 1:colcon.colcon_core.package_identification:_identify(src) by extension 'ignore_ament_install'
[0.137s] Level 1:colcon.colcon_core.package_identification:_identify(src) by extensions ['colcon_pkg']
[0.137s] Level 1:colcon.colcon_core.package_identification:_identify(src) by extension 'colcon_pkg'
[0.137s] Level 1:colcon.colcon_core.package_identification:_identify(src) by extensions ['colcon_meta']
[0.137s] Level 1:colcon.colcon_core.package_identification:_identify(src) by extension 'colcon_meta'
[0.137s] Level 1:colcon.colcon_core.package_identification:_identify(src) by extensions ['ros']
[0.137s] Level 1:colcon.colcon_core.package_identification:_identify(src) by extension 'ros'
[0.137s] Level 1:colcon.colcon_core.package_identification:_identify(src) by extensions ['cmake', 'python']
[0.137s] Level 1:colcon.colcon_core.package_identification:_identify(src) by extension 'cmake'
[0.137s] Level 1:colcon.colcon_core.package_identification:_identify(src) by extension 'python'
[0.137s] Level 1:colcon.colcon_core.package_identification:_identify(src) by extensions ['python_setup_py']
[0.137s] Level 1:colcon.colcon_core.package_identification:_identify(src) by extension 'python_setup_py'
[0.137s] Level 1:colcon.colcon_core.package_identification:_identify(src/cg) by extensions ['ignore', 'ignore_ament_install']
[0.137s] Level 1:colcon.colcon_core.package_identification:_identify(src/cg) by extension 'ignore'
[0.137s] Level 1:colcon.colcon_core.package_identification:_identify(src/cg) by extension 'ignore_ament_install'
[0.137s] Level 1:colcon.colcon_core.package_identification:_identify(src/cg) by extensions ['colcon_pkg']
[0.137s] Level 1:colcon.colcon_core.package_identification:_identify(src/cg) by extension 'colcon_pkg'
[0.137s] Level 1:colcon.colcon_core.package_identification:_identify(src/cg) by extensions ['colcon_meta']
[0.137s] Level 1:colcon.colcon_core.package_identification:_identify(src/cg) by extension 'colcon_meta'
[0.137s] Level 1:colcon.colcon_core.package_identification:_identify(src/cg) by extensions ['ros']
[0.137s] Level 1:colcon.colcon_core.package_identification:_identify(src/cg) by extension 'ros'
[0.139s] DEBUG:colcon.colcon_core.package_identification:Package 'src/cg' with type 'ros.ament_python' and name 'cg'
[0.139s] Level 1:colcon.colcon_core.package_identification:_identify(src/cg_interfaces) by extensions ['ignore', 'ignore_ament_install']
[0.139s] Level 1:colcon.colcon_core.package_identification:_identify(src/cg_interfaces) by extension 'ignore'
[0.139s] Level 1:colcon.colcon_core.package_identification:_identify(src/cg_interfaces) by extension 'ignore_ament_install'
[0.139s] Level 1:colcon.colcon_core.package_identification:_identify(src/cg_interfaces) by extensions ['colcon_pkg']
[0.139s] Level 1:colcon.colcon_core.package_identification:_identify(src/cg_interfaces) by extension 'colcon_pkg'
[0.139s] Level 1:colcon.colcon_core.package_identification:_identify(src/cg_interfaces) by extensions ['colcon_meta']
[0.139s] Level 1:colcon.colcon_core.package_identification:_identify(src/cg_interfaces) by extension 'colcon_meta'
[0.139s] Level 1:colcon.colcon_core.package_identification:_identify(src/cg_interfaces) by extensions ['ros']
[0.139s] Level 1:colcon.colcon_core.package_identification:_identify(src/cg_interfaces) by extension 'ros'
[0.139s] DEBUG:colcon.colcon_core.package_identification:Package 'src/cg_interfaces' with type 'ros.ament_cmake' and name 'cg_interfaces'
[0.140s] Level 1:colcon.colcon_core.package_identification:_identify(src/cg_teleop) by extensions ['ignore', 'ignore_ament_install']
[0.140s] Level 1:colcon.colcon_core.package_identification:_identify(src/cg_teleop) by extension 'ignore'
[0.140s] Level 1:colcon.colcon_core.package_identification:_identify(src/cg_teleop) by extension 'ignore_ament_install'
[0.140s] Level 1:colcon.colcon_core.package_identification:_identify(src/cg_teleop) by extensions ['colcon_pkg']
[0.140s] Level 1:colcon.colcon_core.package_identification:_identify(src/cg_teleop) by extension 'colcon_pkg'
[0.140s] Level 1:colcon.colcon_core.package_identification:_identify(src/cg_teleop) by extensions ['colcon_meta']
[0.140s] Level 1:colcon.colcon_core.package_identification:_identify(src/cg_teleop) by extension 'colcon_meta'
[0.140s] Level 1:colcon.colcon_core.package_identification:_identify(src/cg_teleop) by extensions ['ros']
[0.140s] Level 1:colcon.colcon_core.package_identification:_identify(src/cg_teleop) by extension 'ros'
[0.140s] DEBUG:colcon.colcon_core.package_identification:Package 'src/cg_teleop' with type 'ros.ament_python' and name 'cg_teleop'
[0.140s] Level 1:colcon.colcon_core.package_discovery:discover_packages(recursive) using defaults
[0.140s] Level 1:colcon.colcon_core.package_discovery:discover_packages(ignore) discover
[0.140s] Level 1:colcon.colcon_core.package_discovery:discover_packages(ignore) using defaults
[0.140s] Level 1:colcon.colcon_core.package_discovery:discover_packages(path) discover
[0.140s] Level 1:colcon.colcon_core.package_discovery:discover_packages(path) using defaults
[0.154s] Level 5:colcon.colcon_core.verb:set package 'cg_interfaces' build argument 'cmake_args' from command line to 'None'
[0.154s] Level 5:colcon.colcon_core.verb:set package 'cg_interfaces' build argument 'cmake_target' from command line to 'None'
[0.154s] Level 5:colcon.colcon_core.verb:set package 'cg_interfaces' build argument 'cmake_target_skip_unavailable' from command line to 'False'
[0.154s] Level 5:colcon.colcon_core.verb:set package 'cg_interfaces' build argument 'cmake_clean_cache' from command line to 'False'
[0.154s] Level 5:colcon.colcon_core.verb:set package 'cg_interfaces' build argument 'cmake_clean_first' from command line to 'False'
[0.154s] Level 5:colcon.colcon_core.verb:set package 'cg_interfaces' build argument 'cmake_force_configure' from command line to 'False'
[0.154s] Level 5:colcon.colcon_core.verb:set package 'cg_interfaces' build argument 'ament_cmake_args' from command line to 'None'
[0.154s] Level 5:colcon.colcon_core.verb:set package 'cg_interfaces' build argument 'catkin_cmake_args' from command line to 'None'
[0.154s] Level 5:colcon.colcon_core.verb:set package 'cg_interfaces' build argument 'catkin_skip_building_tests' from command line to 'False'
[0.154s] DEBUG:colcon.colcon_core.verb:Building package 'cg_interfaces' with the following arguments: {'ament_cmake_args': None, 'build_base': '/project_ws/build/cg_interfaces', 'catkin_cmake_args': None, 'catkin_skip_building_tests': False, 'cmake_args': None, 'cmake_clean_cache': False, 'cmake_clean_first': False, 'cmake_force_configure': False, 'cmake_target': None, 'cmake_target_skip_unavailable': False, 'install_base': '/project_ws/install/cg_interfaces', 'merge_install': False, 'path': '/project_ws/src/cg_interfaces', 'symlink_install': False, 'test_result_base': None}
[0.154s] Level 5:colcon.colcon_core.verb:set package 'cg' build argument 'cmake_args' from command line to 'None'
[0.154s] Level 5:colcon.colcon_core.verb:set package 'cg' build argument 'cmake_target' from command line to 'None'
[0.154s] Level 5:colcon.colcon_core.verb:set package 'cg' build argument 'cmake_target_skip_unavailable' from command line to 'False'
[0.154s] Level 5:colcon.colcon_core.verb:set package 'cg' build argument 'cmake_clean_cache' from command line to 'False'
[0.154s] Level 5:colcon.colcon_core.verb:set package 'cg' build argument 'cmake_clean_first' from command line to 'False'
[0.154s] Level 5:colcon.colcon_core.verb:set package 'cg' build argument 'cmake_force_configure' from command line to 'False'
[0.154s] Level 5:colcon.colcon_core.verb:set package 'cg' build argument 'ament_cmake_args' from command line to 'None'
[0.154s] Level 5:colcon.colcon_core.verb:set package 'cg' build argument 'catkin_cmake_args' from command line to 'None'
[0.154s] Level 5:colcon.colcon_core.verb:set package 'cg' build argument 'catkin_skip_building_tests' from command line to 'False'
[0.154s] DEBUG:colcon.colcon_core.verb:Building package 'cg' with the following arguments: {'ament_cmake_args': None, 'build_base': '/project_ws/build/cg', 'catkin_cmake_args': None, 'catkin_skip_building_tests': False, 'cmake_args': None, 'cmake_clean_cache': False, 'cmake_clean_first': False, 'cmake_force_configure': False, 'cmake_target': None, 'cmake_target_skip_unavailable': False, 'install_base': '/project_ws/install/cg', 'merge_install': False, 'path': '/project_ws/src/cg', 'symlink_install': False, 'test_result_base': None}
[0.154s] Level 5:colcon.colcon_core.verb:set package 'cg_teleop' build argument 'cmake_args' from command line to 'None'
[0.154s] Level 5:colcon.colcon_core.verb:set package 'cg_teleop' build argument 'cmake_target' from command line to 'None'
[0.154s] Level 5:colcon.colcon_core.verb:set package 'cg_teleop' build argument 'cmake_target_skip_unavailable' from command line to 'False'
[0.154s] Level 5:colcon.colcon_core.verb:set package 'cg_teleop' build argument 'cmake_clean_cache' from command line to 'False'
[0.154s] Level 5:colcon.colcon_core.verb:set package 'cg_teleop' build argument 'cmake_clean_first' from command line to 'False'
[0.154s] Level 5:colcon.colcon_core.verb:set package 'cg_teleop' build argument 'cmake_force_configure' from command line to 'False'
[0.154s] Level 5:colcon.colcon_core.verb:set package 'cg_teleop' build argument 'ament_cmake_args' from command line to 'None'
[0.154s] Level 5:colcon.colcon_core.verb:set package 'cg_teleop' build argument 'catkin_cmake_args' from command line to 'None'
[0.154s] Level 5:colcon.colcon_core.verb:set package 'cg_teleop' build argument 'catkin_skip_building_tests' from command line to 'False'
[0.154s] DEBUG:colcon.colcon_core.verb:Building package 'cg_teleop' with the following arguments: {'ament_cmake_args': None, 'build_base': '/project_ws/build/cg_teleop', 'catkin_cmake_args': None, 'catkin_skip_building_tests': False, 'cmake_args': None, 'cmake_clean_cache': False, 'cmake_clean_first': False, 'cmake_force_configure': False, 'cmake_target': None, 'cmake_target_skip_unavailable': False, 'install_base': '/project_ws/install/cg_teleop', 'merge_install': False, 'path': '/project_ws/src/cg_teleop', 'symlink_install': False, 'test_result_base': None}
[0.154s] INFO:colcon.colcon_core.executor:Executing jobs using 'parallel' executor
[0.155s] DEBUG:colcon.colcon_parallel_executor.executor.parallel:run_until_complete
[0.155s] INFO:colcon.colcon_ros.task.ament_cmake.build:Building ROS package in '/project_ws/src/cg_interfaces' with build type 'ament_cmake'
[0.155s] INFO:colcon.colcon_cmake.task.cmake.build:Building CMake package in '/project_ws/src/cg_interfaces'
[0.157s] INFO:colcon.colcon_core.plugin_system:Skipping extension 'colcon_core.shell.bat': Not used on non-Windows systems
[0.157s] INFO:colcon.colcon_core.shell:Skip shell extension 'powershell' for command environment: Not usable outside of PowerShell
[0.157s] DEBUG:colcon.colcon_core.shell:Skip shell extension 'dsv' for command environment
[0.163s] DEBUG:colcon.colcon_core.event_handler.log_command:Invoking command in '/project_ws/build/cg_interfaces': CMAKE_PREFIX_PATH=/opt/ros/humble /usr/bin/cmake /project_ws/src/cg_interfaces -DCMAKE_INSTALL_PREFIX=/project_ws/install/cg_interfaces
[1.025s] DEBUG:colcon.colcon_core.event_handler.log_command:Invoked command in '/project_ws/build/cg_interfaces' returned '0': CMAKE_PREFIX_PATH=/opt/ros/humble /usr/bin/cmake /project_ws/src/cg_interfaces -DCMAKE_INSTALL_PREFIX=/project_ws/install/cg_interfaces
[1.026s] DEBUG:colcon.colcon_core.event_handler.log_command:Invoking command in '/project_ws/build/cg_interfaces': CMAKE_PREFIX_PATH=/opt/ros/humble /usr/bin/cmake --build /project_ws/build/cg_interfaces -- -j8 -l8
[3.609s] DEBUG:colcon.colcon_core.event_handler.log_command:Invoked command in '/project_ws/build/cg_interfaces' returned '0': CMAKE_PREFIX_PATH=/opt/ros/humble /usr/bin/cmake --build /project_ws/build/cg_interfaces -- -j8 -l8
[3.615s] DEBUG:colcon.colcon_core.event_handler.log_command:Invoking command in '/project_ws/build/cg_interfaces': CMAKE_PREFIX_PATH=/opt/ros/humble /usr/bin/cmake --install /project_ws/build/cg_interfaces
[3.686s] Level 1:colcon.colcon_core.environment:create_environment_scripts_only(cg_interfaces)
[3.686s] DEBUG:colcon.colcon_core.event_handler.log_command:Invoked command in '/project_ws/build/cg_interfaces' returned '0': CMAKE_PREFIX_PATH=/opt/ros/humble /usr/bin/cmake --install /project_ws/build/cg_interfaces
[3.687s] Level 1:colcon.colcon_core.environment:checking '/project_ws/install/cg_interfaces' for CMake module files
[3.688s] Level 1:colcon.colcon_core.environment:checking '/project_ws/install/cg_interfaces' for CMake config files
[3.688s] Level 1:colcon.colcon_core.shell:create_environment_hook('cg_interfaces', 'cmake_prefix_path')
[3.688s] INFO:colcon.colcon_core.shell:Creating environment hook '/project_ws/install/cg_interfaces/share/cg_interfaces/hook/cmake_prefix_path.ps1'
[3.689s] INFO:colcon.colcon_core.shell:Creating environment descriptor '/project_ws/install/cg_interfaces/share/cg_interfaces/hook/cmake_prefix_path.dsv'
[3.689s] INFO:colcon.colcon_core.shell:Creating environment hook '/project_ws/install/cg_interfaces/share/cg_interfaces/hook/cmake_prefix_path.sh'
[3.690s] Level 1:colcon.colcon_core.environment:checking '/project_ws/install/cg_interfaces/lib'
[3.690s] Level 1:colcon.colcon_core.shell:create_environment_hook('cg_interfaces', 'ld_library_path_lib')
[3.690s] INFO:colcon.colcon_core.shell:Creating environment hook '/project_ws/install/cg_interfaces/share/cg_interfaces/hook/ld_library_path_lib.ps1'
[3.690s] INFO:colcon.colcon_core.shell:Creating environment descriptor '/project_ws/install/cg_interfaces/share/cg_interfaces/hook/ld_library_path_lib.dsv'
[3.690s] INFO:colcon.colcon_core.shell:Creating environment hook '/project_ws/install/cg_interfaces/share/cg_interfaces/hook/ld_library_path_lib.sh'
[3.691s] Level 1:colcon.colcon_core.environment:checking '/project_ws/install/cg_interfaces/bin'
[3.691s] Level 1:colcon.colcon_core.environment:checking '/project_ws/install/cg_interfaces/lib/pkgconfig/cg_interfaces.pc'
[3.692s] Level 1:colcon.colcon_core.environment:checking '/project_ws/install/cg_interfaces/lib/python3.10/site-packages'
[3.692s] Level 1:colcon.colcon_core.environment:checking '/project_ws/install/cg_interfaces/bin'
[3.693s] INFO:colcon.colcon_core.shell:Creating package script '/project_ws/install/cg_interfaces/share/cg_interfaces/package.ps1'
[3.693s] INFO:colcon.colcon_core.shell:Creating package descriptor '/project_ws/install/cg_interfaces/share/cg_interfaces/package.dsv'
[3.694s] INFO:colcon.colcon_core.shell:Creating package script '/project_ws/install/cg_interfaces/share/cg_interfaces/package.sh'
[3.694s] INFO:colcon.colcon_core.shell:Creating package script '/project_ws/install/cg_interfaces/share/cg_interfaces/package.bash'
[3.695s] INFO:colcon.colcon_core.shell:Creating package script '/project_ws/install/cg_interfaces/share/cg_interfaces/package.zsh'
[3.695s] Level 1:colcon.colcon_core.environment:create_file_with_runtime_dependencies(/project_ws/install/cg_interfaces/share/colcon-core/packages/cg_interfaces)
[3.695s] Level 1:colcon.colcon_core.environment:create_environment_scripts_only(cg_interfaces)
[3.695s] Level 1:colcon.colcon_core.environment:checking '/project_ws/install/cg_interfaces' for CMake module files
[3.696s] Level 1:colcon.colcon_core.environment:checking '/project_ws/install/cg_interfaces' for CMake config files
[3.696s] Level 1:colcon.colcon_core.shell:create_environment_hook('cg_interfaces', 'cmake_prefix_path')
[3.696s] INFO:colcon.colcon_core.shell:Creating environment hook '/project_ws/install/cg_interfaces/share/cg_interfaces/hook/cmake_prefix_path.ps1'
[3.696s] INFO:colcon.colcon_core.shell:Creating environment descriptor '/project_ws/install/cg_interfaces/share/cg_interfaces/hook/cmake_prefix_path.dsv'
[3.696s] INFO:colcon.colcon_core.shell:Creating environment hook '/project_ws/install/cg_interfaces/share/cg_interfaces/hook/cmake_prefix_path.sh'
[3.697s] Level 1:colcon.colcon_core.environment:checking '/project_ws/install/cg_interfaces/lib'
[3.697s] Level 1:colcon.colcon_core.shell:create_environment_hook('cg_interfaces', 'ld_library_path_lib')
[3.697s] INFO:colcon.colcon_core.shell:Creating environment hook '/project_ws/install/cg_interfaces/share/cg_interfaces/hook/ld_library_path_lib.ps1'
[3.697s] INFO:colcon.colcon_core.shell:Creating environment descriptor '/project_ws/install/cg_interfaces/share/cg_interfaces/hook/ld_library_path_lib.dsv'
[3.697s] INFO:colcon.colcon_core.shell:Creating environment hook '/project_ws/install/cg_interfaces/share/cg_interfaces/hook/ld_library_path_lib.sh'
[3.697s] Level 1:colcon.colcon_core.environment:checking '/project_ws/install/cg_interfaces/bin'
[3.697s] Level 1:colcon.colcon_core.environment:checking '/project_ws/install/cg_interfaces/lib/pkgconfig/cg_interfaces.pc'
[3.698s] Level 1:colcon.colcon_core.environment:checking '/project_ws/install/cg_interfaces/lib/python3.10/site-packages'
[3.698s] Level 1:colcon.colcon_core.environment:checking '/project_ws/install/cg_interfaces/bin'
[3.698s] INFO:colcon.colcon_core.shell:Creating package script '/project_ws/install/cg_interfaces/share/cg_interfaces/package.ps1'
[3.698s] INFO:colcon.colcon_core.shell:Creating package descriptor '/project_ws/install/cg_interfaces/share/cg_interfaces/package.dsv'
[3.698s] INFO:colcon.colcon_core.shell:Creating package script '/project_ws/install/cg_interfaces/share/cg_interfaces/package.sh'
[3.699s] INFO:colcon.colcon_core.shell:Creating package script '/project_ws/install/cg_interfaces/share/cg_interfaces/package.bash'
[3.699s] INFO:colcon.colcon_core.shell:Creating package script '/project_ws/install/cg_interfaces/share/cg_interfaces/package.zsh'
[3.699s] Level 1:colcon.colcon_core.environment:create_file_with_runtime_dependencies(/project_ws/install/cg_interfaces/share/colcon-core/packages/cg_interfaces)
[3.699s] INFO:colcon.colcon_ros.task.ament_python.build:Building ROS package in '/project_ws/src/cg' with build type 'ament_python'
[3.699s] Level 1:colcon.colcon_core.shell:create_environment_hook('cg', 'ament_prefix_path')
[3.699s] INFO:colcon.colcon_core.shell:Creating environment hook '/project_ws/install/cg/share/cg/hook/ament_prefix_path.ps1'
[3.700s] INFO:colcon.colcon_core.shell:Creating environment descriptor '/project_ws/install/cg/share/cg/hook/ament_prefix_path.dsv'
[3.700s] INFO:colcon.colcon_core.shell:Creating environment hook '/project_ws/install/cg/share/cg/hook/ament_prefix_path.sh'
[3.701s] INFO:colcon.colcon_core.shell:Skip shell extension 'powershell' for command environment: Not usable outside of PowerShell
[3.701s] DEBUG:colcon.colcon_core.shell:Skip shell extension 'dsv' for command environment
[3.702s] INFO:colcon.colcon_ros.task.ament_python.build:Building ROS package in '/project_ws/src/cg_teleop' with build type 'ament_python'
[3.702s] Level 1:colcon.colcon_core.shell:create_environment_hook('cg_teleop', 'ament_prefix_path')
[3.702s] INFO:colcon.colcon_core.shell:Creating environment hook '/project_ws/install/cg_teleop/share/cg_teleop/hook/ament_prefix_path.ps1'
[3.703s] INFO:colcon.colcon_core.shell:Creating environment descriptor '/project_ws/install/cg_teleop/share/cg_teleop/hook/ament_prefix_path.dsv'
[3.703s] INFO:colcon.colcon_core.shell:Creating environment hook '/project_ws/install/cg_teleop/share/cg_teleop/hook/ament_prefix_path.sh'
[3.703s] INFO:colcon.colcon_core.shell:Skip shell extension 'powershell' for command environment: Not usable outside of PowerShell
[3.703s] DEBUG:colcon.colcon_core.shell:Skip shell extension 'dsv' for command environment
[3.822s] INFO:colcon.colcon_core.task.python.build:Building Python package in '/project_ws/src/cg'
[3.823s] INFO:colcon.colcon_core.shell:Skip shell extension 'powershell' for command environment: Not usable outside of PowerShell
[3.823s] DEBUG:colcon.colcon_core.shell:Skip shell extension 'dsv' for command environment
[3.939s] INFO:colcon.colcon_core.task.python.build:Building Python package in '/project_ws/src/cg_teleop'
[3.940s] INFO:colcon.colcon_core.shell:Skip shell extension 'powershell' for command environment: Not usable outside of PowerShell
[3.940s] DEBUG:colcon.colcon_core.shell:Skip shell extension 'dsv' for command environment
[4.120s] DEBUG:colcon.colcon_core.event_handler.log_command:Invoking command in '/project_ws/src/cg_teleop': AMENT_PREFIX_PATH=/project_ws/install/cg_interfaces:${AMENT_PREFIX_PATH} CMAKE_PREFIX_PATH=/project_ws/install/cg_interfaces LD_LIBRARY_PATH=/project_ws/install/cg_interfaces/lib:${LD_LIBRARY_PATH} PYTHONPATH=/project_ws/build/cg_teleop/prefix_override:/usr/lib/python3/dist-packages/colcon_core/task/python/colcon_distutils_commands:/project_ws/install/cg_teleop/lib/python3.10/site-packages:/project_ws/install/cg_interfaces/local/lib/python3.10/dist-packages:${PYTHONPATH} /usr/bin/python3 -W ignore:setup.py install is deprecated -W ignore:easy_install command is deprecated setup.py egg_info --egg-base ../../build/cg_teleop build --build-base /project_ws/build/cg_teleop/build install --record /project_ws/build/cg_teleop/install.log --single-version-externally-managed install_data
[4.121s] DEBUG:colcon.colcon_core.event_handler.log_command:Invoking command in '/project_ws/src/cg': AMENT_PREFIX_PATH=/project_ws/install/cg_interfaces:${AMENT_PREFIX_PATH} CMAKE_PREFIX_PATH=/project_ws/install/cg_interfaces LD_LIBRARY_PATH=/project_ws/install/cg_interfaces/lib:${LD_LIBRARY_PATH} PYTHONPATH=/project_ws/build/cg/prefix_override:/usr/lib/python3/dist-packages/colcon_core/task/python/colcon_distutils_commands:/project_ws/install/cg/lib/python3.10/site-packages:/project_ws/install/cg_interfaces/local/lib/python3.10/dist-packages:${PYTHONPATH} /usr/bin/python3 -W ignore:setup.py install is deprecated -W ignore:easy_install command is deprecated setup.py egg_info --egg-base ../../build/cg build --build-base /project_ws/build/cg/build install --record /project_ws/build/cg/install.log --single-version-externally-managed install_data
[4.266s] Level 1:colcon.colcon_core.environment:checking '/project_ws/install/cg_teleop' for CMake module files
[4.266s] DEBUG:colcon.colcon_core.event_handler.log_command:Invoked command in '/project_ws/src/cg_teleop' returned '0': AMENT_PREFIX_PATH=/project_ws/install/cg_interfaces:${AMENT_PREFIX_PATH} CMAKE_PREFIX_PATH=/project_ws/install/cg_interfaces LD_LIBRARY_PATH=/project_ws/install/cg_interfaces/lib:${LD_LIBRARY_PATH} PYTHONPATH=/project_ws/build/cg_teleop/prefix_override:/usr/lib/python3/dist-packages/colcon_core/task/python/colcon_distutils_commands:/project_ws/install/cg_teleop/lib/python3.10/site-packages:/project_ws/install/cg_interfaces/local/lib/python3.10/dist-packages:${PYTHONPATH} /usr/bin/python3 -W ignore:setup.py install is deprecated -W ignore:easy_install command is deprecated setup.py egg_info --egg-base ../../build/cg_teleop build --build-base /project_ws/build/cg_teleop/build install --record /project_ws/build/cg_teleop/install.log --single-version-externally-managed install_data
[4.266s] Level 1:colcon.colcon_core.environment:checking '/project_ws/install/cg_teleop' for CMake config files
[4.267s] Level 1:colcon.colcon_core.environment:checking '/project_ws/install/cg_teleop/lib'
[4.267s] Level 1:colcon.colcon_core.environment:checking '/project_ws/install/cg_teleop/bin'
[4.267s] Level 1:colcon.colcon_core.environment:checking '/project_ws/install/cg_teleop/lib/pkgconfig/cg_teleop.pc'
[4.267s] Level 1:colcon.colcon_core.environment:checking '/project_ws/install/cg_teleop/lib/python3.10/site-packages'
[4.267s] Level 1:colcon.colcon_core.shell:create_environment_hook('cg_teleop', 'pythonpath')
[4.267s] INFO:colcon.colcon_core.shell:Creating environment hook '/project_ws/install/cg_teleop/share/cg_teleop/hook/pythonpath.ps1'
[4.268s] INFO:colcon.colcon_core.shell:Creating environment descriptor '/project_ws/install/cg_teleop/share/cg_teleop/hook/pythonpath.dsv'
[4.268s] INFO:colcon.colcon_core.shell:Creating environment hook '/project_ws/install/cg_teleop/share/cg_teleop/hook/pythonpath.sh'
[4.268s] Level 1:colcon.colcon_core.environment:checking '/project_ws/install/cg_teleop/bin'
[4.268s] Level 1:colcon.colcon_core.environment:create_environment_scripts_only(cg_teleop)
[4.268s] INFO:colcon.colcon_core.shell:Creating package script '/project_ws/install/cg_teleop/share/cg_teleop/package.ps1'
[4.269s] INFO:colcon.colcon_core.shell:Creating package descriptor '/project_ws/install/cg_teleop/share/cg_teleop/package.dsv'
[4.269s] INFO:colcon.colcon_core.shell:Creating package script '/project_ws/install/cg_teleop/share/cg_teleop/package.sh'
[4.269s] INFO:colcon.colcon_core.shell:Creating package script '/project_ws/install/cg_teleop/share/cg_teleop/package.bash'
[4.270s] INFO:colcon.colcon_core.shell:Creating package script '/project_ws/install/cg_teleop/share/cg_teleop/package.zsh'
[4.270s] Level 1:colcon.colcon_core.environment:create_file_with_runtime_dependencies(/project_ws/install/cg_teleop/share/colcon-core/packages/cg_teleop)
[4.275s] Level 1:colcon.colcon_core.environment:checking '/project_ws/install/cg' for CMake module files
[4.275s] DEBUG:colcon.colcon_core.event_handler.log_command:Invoked command in '/project_ws/src/cg' returned '0': AMENT_PREFIX_PATH=/project_ws/install/cg_interfaces:${AMENT_PREFIX_PATH} CMAKE_PREFIX_PATH=/project_ws/install/cg_interfaces LD_LIBRARY_PATH=/project_ws/install/cg_interfaces/lib:${LD_LIBRARY_PATH} PYTHONPATH=/project_ws/build/cg/prefix_override:/usr/lib/python3/dist-packages/colcon_core/task/python/colcon_distutils_commands:/project_ws/install/cg/lib/python3.10/site-packages:/project_ws/install/cg_interfaces/local/lib/python3.10/dist-packages:${PYTHONPATH} /usr/bin/python3 -W ignore:setup.py install is deprecated -W ignore:easy_install command is deprecated setup.py egg_info --egg-base ../../build/cg build --build-base /project_ws/build/cg/build install --record /project_ws/build/cg/install.log --single-version-externally-managed install_data
[4.276s] Level 1:colcon.colcon_core.environment:checking '/project_ws/install/cg' for CMake config files
[4.276s] Level 1:colcon.colcon_core.environment:checking '/project_ws/install/cg/lib'
[4.276s] Level 1:colcon.colcon_core.environment:checking '/project_ws/install/cg/bin'
[4.276s] Level 1:colcon.colcon_core.environment:checking '/project_ws/install/cg/lib/pkgconfig/cg.pc'
[4.276s] Level 1:colcon.colcon_core.environment:checking '/project_ws/install/cg/lib/python3.10/site-packages'
[4.276s] Level 1:colcon.colcon_core.shell:create_environment_hook('cg', 'pythonpath')
[4.276s] INFO:colcon.colcon_core.shell:Creating environment hook '/project_ws/install/cg/share/cg/hook/pythonpath.ps1'
[4.277s] INFO:colcon.colcon_core.shell:Creating environment descriptor '/project_ws/install/cg/share/cg/hook/pythonpath.dsv'
[4.277s] INFO:colcon.colcon_core.shell:Creating environment hook '/project_ws/install/cg/share/cg/hook/pythonpath.sh'
[4.277s] Level 1:colcon.colcon_core.environment:checking '/project_ws/install/cg/bin'
[4.278s] Level 1:colcon.colcon_core.environment:create_environment_scripts_only(cg)
[4.278s] INFO:colcon.colcon_core.shell:Creating package script '/project_ws/install/cg/share/cg/package.ps1'
[4.278s] INFO:colcon.colcon_core.shell:Creating package descriptor '/project_ws/install/cg/share/cg/package.dsv'
[4.278s] INFO:colcon.colcon_core.shell:Creating package script '/project_ws/install/cg/share/cg/package.sh'
[4.279s] INFO:colcon.colcon_core.shell:Creating package script '/project_ws/install/cg/share/cg/package.bash'
[4.279s] INFO:colcon.colcon_core.shell:Creating package script '/project_ws/install/cg/share/cg/package.zsh'
[4.279s] Level 1:colcon.colcon_core.environment:create_file_with_runtime_dependencies(/project_ws/install/cg/share/colcon-core/packages/cg)
[4.279s] DEBUG:colcon.colcon_parallel_executor.executor.parallel:closing loop
[4.279s] DEBUG:colcon.colcon_parallel_executor.executor.parallel:loop closed
[4.279s] DEBUG:colcon.colcon_parallel_executor.executor.parallel:run_until_complete finished with '0'
[4.279s] DEBUG:colcon.colcon_core.event_reactor:joining thread
[4.283s] INFO:colcon.colcon_core.plugin_system:Skipping extension 'colcon_notification.desktop_notification.notify_send': Could not find 'notify-send'
[4.283s] INFO:colcon.colcon_core.plugin_system:Skipping extension 'colcon_notification.desktop_notification.terminal_notifier': Not used on non-Darwin systems
[4.283s] INFO:colcon.colcon_core.plugin_system:Skipping extension 'colcon_notification.desktop_notification.win32': Not used on non-Windows systems
[4.283s] INFO:colcon.colcon_notification.desktop_notification:Sending desktop notification using 'notify2'
[4.283s] DEBUG:colcon.colcon_notification.desktop_notification.notify2:Failed to initialize notify2: org.freedesktop.DBus.Error.NotSupported: Unable to autolaunch a dbus-daemon without a $DISPLAY for X11
[4.283s] DEBUG:colcon.colcon_core.event_reactor:joined thread
[4.283s] INFO:colcon.colcon_core.shell:Creating prefix script '/project_ws/install/local_setup.ps1'
[4.284s] INFO:colcon.colcon_core.shell:Creating prefix util module '/project_ws/install/_local_setup_util_ps1.py'
[4.285s] INFO:colcon.colcon_core.shell:Creating prefix chain script '/project_ws/install/setup.ps1'
[4.286s] INFO:colcon.colcon_core.shell:Creating prefix script '/project_ws/install/local_setup.sh'
[4.286s] INFO:colcon.colcon_core.shell:Creating prefix util module '/project_ws/install/_local_setup_util_sh.py'
[4.286s] INFO:colcon.colcon_core.shell:Creating prefix chain script '/project_ws/install/setup.sh'
[4.287s] INFO:colcon.colcon_core.shell:Creating prefix script '/project_ws/install/local_setup.bash'
[4.287s] INFO:colcon.colcon_core.shell:Creating prefix chain script '/project_ws/install/setup.bash'
[4.288s] INFO:colcon.colcon_core.shell:Creating prefix script '/project_ws/install/local_setup.zsh'
[4.288s] INFO:colcon.colcon_core.shell:Creating prefix chain script '/project_ws/install/setup.zsh'
