[0.093s] DEBUG:colcon:Command line arguments: ['/usr/bin/colcon', 'build']
[0.093s] DEBUG:colcon:Parsed command line arguments: Namespace(log_base=None, log_level=None, verb_name='build', build_base='build', install_base='install', merge_install=False, symlink_install=False, test_result_base=None, continue_on_error=False, executor='parallel', parallel_workers=8, event_handlers=None, ignore_user_meta=False, metas=['./colcon.meta'], base_paths=['.'], packages_ignore=None, packages_ignore_regex=None, paths=None, packages_up_to=None, packages_up_to_regex=None, packages_above=None, packages_above_and_dependencies=None, packages_above_depth=None, packages_select_by_dep=None, packages_skip_by_dep=None, packages_skip_up_to=None, packages_select_build_failed=False, packages_skip_build_finished=False, packages_select_test_failures=False, packages_skip_test_passed=False, packages_select=None, packages_skip=None, packages_select_regex=None, packages_skip_regex=None, packages_start=None, packages_end=None, cmake_args=None, cmake_target=None, cmake_target_skip_unavailable=False, cmake_clean_cache=False, cmake_clean_first=False, cmake_force_configure=False, ament_cmake_args=None, catkin_cmake_args=None, catkin_skip_building_tests=False, mixin_files=None, mixin=None, verb_parser=<colcon_mixin.mixin.mixin_argument.MixinArgumentDecorator object at 0x7fdf490964d0>, verb_extension=<colcon_core.verb.build.BuildVerb object at 0x7fdf49197370>, main=<bound method BuildVerb.main of <colcon_core.verb.build.BuildVerb object at 0x7fdf49197370>>, mixin_verb=('build',))
[0.192s] Level 1:colcon.colcon_core.package_discovery:discover_packages(colcon_meta) check parameters
[0.192s] Level 1:colcon.colcon_core.package_discovery:discover_packages(recursive) check parameters
[0.193s] Level 1:colcon.colcon_core.package_discovery:discover_packages(ignore) check parameters
[0.193s] Level 1:colcon.colcon_core.package_discovery:discover_packages(path) check parameters
[0.193s] Level 1:colcon.colcon_core.package_discovery:discover_packages(colcon_meta) discover
[0.193s] Level 1:colcon.colcon_core.package_discovery:discover_packages(recursive) discover
[0.193s] INFO:colcon.colcon_core.package_discovery:Crawling recursively for packages in '/project_ws'
[0.193s] Level 1:colcon.colcon_core.package_identification:_identify(.) by extensions ['ignore', 'ignore_ament_install']
[0.193s] Level 1:colcon.colcon_core.package_identification:_identify(.) by extension 'ignore'
[0.193s] Level 1:colcon.colcon_core.package_identification:_identify(.) by extension 'ignore_ament_install'
[0.193s] Level 1:colcon.colcon_core.package_identification:_identify(.) by extensions ['colcon_pkg']
[0.193s] Level 1:colcon.colcon_core.package_identification:_identify(.) by extension 'colcon_pkg'
[0.193s] Level 1:colcon.colcon_core.package_identification:_identify(.) by extensions ['colcon_meta']
[0.193s] Level 1:colcon.colcon_core.package_identification:_identify(.) by extension 'colcon_meta'
[0.193s] Level 1:colcon.colcon_core.package_identification:_identify(.) by extensions ['ros']
[0.193s] Level 1:colcon.colcon_core.package_identification:_identify(.) by extension 'ros'
[0.204s] Level 1:colcon.colcon_core.package_identification:_identify(.) by extensions ['cmake', 'python']
[0.204s] Level 1:colcon.colcon_core.package_identification:_identify(.) by extension 'cmake'
[0.204s] Level 1:colcon.colcon_core.package_identification:_identify(.) by extension 'python'
[0.204s] Level 1:colcon.colcon_core.package_identification:_identify(.) by extensions ['python_setup_py']
[0.204s] Level 1:colcon.colcon_core.package_identification:_identify(.) by extension 'python_setup_py'
[0.204s] Level 1:colcon.colcon_core.package_identification:_identify(build) by extensions ['ignore', 'ignore_ament_install']
[0.204s] Level 1:colcon.colcon_core.package_identification:_identify(build) by extension 'ignore'
[0.204s] Level 1:colcon.colcon_core.package_identification:_identify(build) ignored
[0.204s] Level 1:colcon.colcon_core.package_identification:_identify(install) by extensions ['ignore', 'ignore_ament_install']
[0.204s] Level 1:colcon.colcon_core.package_identification:_identify(install) by extension 'ignore'
[0.205s] Level 1:colcon.colcon_core.package_identification:_identify(install) ignored
[0.205s] Level 1:colcon.colcon_core.package_identification:_identify(lobotomy_kaisen) by extensions ['ignore', 'ignore_ament_install']
[0.205s] Level 1:colcon.colcon_core.package_identification:_identify(lobotomy_kaisen) by extension 'ignore'
[0.205s] Level 1:colcon.colcon_core.package_identification:_identify(lobotomy_kaisen) by extension 'ignore_ament_install'
[0.205s] Level 1:colcon.colcon_core.package_identification:_identify(lobotomy_kaisen) by extensions ['colcon_pkg']
[0.205s] Level 1:colcon.colcon_core.package_identification:_identify(lobotomy_kaisen) by extension 'colcon_pkg'
[0.205s] Level 1:colcon.colcon_core.package_identification:_identify(lobotomy_kaisen) by extensions ['colcon_meta']
[0.205s] Level 1:colcon.colcon_core.package_identification:_identify(lobotomy_kaisen) by extension 'colcon_meta'
[0.205s] Level 1:colcon.colcon_core.package_identification:_identify(lobotomy_kaisen) by extensions ['ros']
[0.205s] Level 1:colcon.colcon_core.package_identification:_identify(lobotomy_kaisen) by extension 'ros'
[0.205s] Level 1:colcon.colcon_core.package_identification:_identify(lobotomy_kaisen) by extensions ['cmake', 'python']
[0.205s] Level 1:colcon.colcon_core.package_identification:_identify(lobotomy_kaisen) by extension 'cmake'
[0.205s] Level 1:colcon.colcon_core.package_identification:_identify(lobotomy_kaisen) by extension 'python'
[0.205s] Level 1:colcon.colcon_core.package_identification:_identify(lobotomy_kaisen) by extensions ['python_setup_py']
[0.205s] Level 1:colcon.colcon_core.package_identification:_identify(lobotomy_kaisen) by extension 'python_setup_py'
[0.206s] Level 1:colcon.colcon_core.package_identification:_identify(log) by extensions ['ignore', 'ignore_ament_install']
[0.206s] Level 1:colcon.colcon_core.package_identification:_identify(log) by extension 'ignore'
[0.206s] Level 1:colcon.colcon_core.package_identification:_identify(log) ignored
[0.206s] Level 1:colcon.colcon_core.package_identification:_identify(src) by extensions ['ignore', 'ignore_ament_install']
[0.206s] Level 1:colcon.colcon_core.package_identification:_identify(src) by extension 'ignore'
[0.206s] Level 1:colcon.colcon_core.package_identification:_identify(src) by extension 'ignore_ament_install'
[0.206s] Level 1:colcon.colcon_core.package_identification:_identify(src) by extensions ['colcon_pkg']
[0.206s] Level 1:colcon.colcon_core.package_identification:_identify(src) by extension 'colcon_pkg'
[0.206s] Level 1:colcon.colcon_core.package_identification:_identify(src) by extensions ['colcon_meta']
[0.206s] Level 1:colcon.colcon_core.package_identification:_identify(src) by extension 'colcon_meta'
[0.206s] Level 1:colcon.colcon_core.package_identification:_identify(src) by extensions ['ros']
[0.206s] Level 1:colcon.colcon_core.package_identification:_identify(src) by extension 'ros'
[0.207s] Level 1:colcon.colcon_core.package_identification:_identify(src) by extensions ['cmake', 'python']
[0.207s] Level 1:colcon.colcon_core.package_identification:_identify(src) by extension 'cmake'
[0.207s] Level 1:colcon.colcon_core.package_identification:_identify(src) by extension 'python'
[0.207s] Level 1:colcon.colcon_core.package_identification:_identify(src) by extensions ['python_setup_py']
[0.207s] Level 1:colcon.colcon_core.package_identification:_identify(src) by extension 'python_setup_py'
[0.207s] Level 1:colcon.colcon_core.package_identification:_identify(src/cg) by extensions ['ignore', 'ignore_ament_install']
[0.207s] Level 1:colcon.colcon_core.package_identification:_identify(src/cg) by extension 'ignore'
[0.207s] Level 1:colcon.colcon_core.package_identification:_identify(src/cg) by extension 'ignore_ament_install'
[0.207s] Level 1:colcon.colcon_core.package_identification:_identify(src/cg) by extensions ['colcon_pkg']
[0.207s] Level 1:colcon.colcon_core.package_identification:_identify(src/cg) by extension 'colcon_pkg'
[0.207s] Level 1:colcon.colcon_core.package_identification:_identify(src/cg) by extensions ['colcon_meta']
[0.207s] Level 1:colcon.colcon_core.package_identification:_identify(src/cg) by extension 'colcon_meta'
[0.207s] Level 1:colcon.colcon_core.package_identification:_identify(src/cg) by extensions ['ros']
[0.207s] Level 1:colcon.colcon_core.package_identification:_identify(src/cg) by extension 'ros'
[0.210s] DEBUG:colcon.colcon_core.package_identification:Package 'src/cg' with type 'ros.ament_python' and name 'cg'
[0.210s] Level 1:colcon.colcon_core.package_identification:_identify(src/cg_interfaces) by extensions ['ignore', 'ignore_ament_install']
[0.210s] Level 1:colcon.colcon_core.package_identification:_identify(src/cg_interfaces) by extension 'ignore'
[0.210s] Level 1:colcon.colcon_core.package_identification:_identify(src/cg_interfaces) by extension 'ignore_ament_install'
[0.210s] Level 1:colcon.colcon_core.package_identification:_identify(src/cg_interfaces) by extensions ['colcon_pkg']
[0.210s] Level 1:colcon.colcon_core.package_identification:_identify(src/cg_interfaces) by extension 'colcon_pkg'
[0.210s] Level 1:colcon.colcon_core.package_identification:_identify(src/cg_interfaces) by extensions ['colcon_meta']
[0.210s] Level 1:colcon.colcon_core.package_identification:_identify(src/cg_interfaces) by extension 'colcon_meta'
[0.210s] Level 1:colcon.colcon_core.package_identification:_identify(src/cg_interfaces) by extensions ['ros']
[0.210s] Level 1:colcon.colcon_core.package_identification:_identify(src/cg_interfaces) by extension 'ros'
[0.211s] DEBUG:colcon.colcon_core.package_identification:Package 'src/cg_interfaces' with type 'ros.ament_cmake' and name 'cg_interfaces'
[0.211s] Level 1:colcon.colcon_core.package_identification:_identify(src/cg_solver) by extensions ['ignore', 'ignore_ament_install']
[0.211s] Level 1:colcon.colcon_core.package_identification:_identify(src/cg_solver) by extension 'ignore'
[0.211s] Level 1:colcon.colcon_core.package_identification:_identify(src/cg_solver) by extension 'ignore_ament_install'
[0.211s] Level 1:colcon.colcon_core.package_identification:_identify(src/cg_solver) by extensions ['colcon_pkg']
[0.211s] Level 1:colcon.colcon_core.package_identification:_identify(src/cg_solver) by extension 'colcon_pkg'
[0.211s] Level 1:colcon.colcon_core.package_identification:_identify(src/cg_solver) by extensions ['colcon_meta']
[0.211s] Level 1:colcon.colcon_core.package_identification:_identify(src/cg_solver) by extension 'colcon_meta'
[0.211s] Level 1:colcon.colcon_core.package_identification:_identify(src/cg_solver) by extensions ['ros']
[0.211s] Level 1:colcon.colcon_core.package_identification:_identify(src/cg_solver) by extension 'ros'
[0.212s] DEBUG:colcon.colcon_core.package_identification:Package 'src/cg_solver' with type 'ros.ament_cmake' and name 'cg_solver'
[0.212s] Level 1:colcon.colcon_core.package_identification:_identify(src/cg_teleop) by extensions ['ignore', 'ignore_ament_install']
[0.212s] Level 1:colcon.colcon_core.package_identification:_identify(src/cg_teleop) by extension 'ignore'
[0.212s] Level 1:colcon.colcon_core.package_identification:_identify(src/cg_teleop) by extension 'ignore_ament_install'
[0.212s] Level 1:colcon.colcon_core.package_identification:_identify(src/cg_teleop) by extensions ['colcon_pkg']
[0.212s] Level 1:colcon.colcon_core.package_identification:_identify(src/cg_teleop) by extension 'colcon_pkg'
[0.212s] Level 1:colcon.colcon_core.package_identification:_identify(src/cg_teleop) by extensions ['colcon_meta']
[0.212s] Level 1:colcon.colcon_core.package_identification:_identify(src/cg_teleop) by extension 'colcon_meta'
[0.213s] Level 1:colcon.colcon_core.package_identification:_identify(src/cg_teleop) by extensions ['ros']
[0.213s] Level 1:colcon.colcon_core.package_identification:_identify(src/cg_teleop) by extension 'ros'
[0.213s] DEBUG:colcon.colcon_core.package_identification:Package 'src/cg_teleop' with type 'ros.ament_python' and name 'cg_teleop'
[0.213s] Level 1:colcon.colcon_core.package_discovery:discover_packages(recursive) using defaults
[0.213s] Level 1:colcon.colcon_core.package_discovery:discover_packages(ignore) discover
[0.213s] Level 1:colcon.colcon_core.package_discovery:discover_packages(ignore) using defaults
[0.213s] Level 1:colcon.colcon_core.package_discovery:discover_packages(path) discover
[0.213s] Level 1:colcon.colcon_core.package_discovery:discover_packages(path) using defaults
[0.233s] Level 5:colcon.colcon_core.verb:set package 'cg_interfaces' build argument 'cmake_args' from command line to 'None'
[0.233s] Level 5:colcon.colcon_core.verb:set package 'cg_interfaces' build argument 'cmake_target' from command line to 'None'
[0.233s] Level 5:colcon.colcon_core.verb:set package 'cg_interfaces' build argument 'cmake_target_skip_unavailable' from command line to 'False'
[0.233s] Level 5:colcon.colcon_core.verb:set package 'cg_interfaces' build argument 'cmake_clean_cache' from command line to 'False'
[0.233s] Level 5:colcon.colcon_core.verb:set package 'cg_interfaces' build argument 'cmake_clean_first' from command line to 'False'
[0.233s] Level 5:colcon.colcon_core.verb:set package 'cg_interfaces' build argument 'cmake_force_configure' from command line to 'False'
[0.233s] Level 5:colcon.colcon_core.verb:set package 'cg_interfaces' build argument 'ament_cmake_args' from command line to 'None'
[0.233s] Level 5:colcon.colcon_core.verb:set package 'cg_interfaces' build argument 'catkin_cmake_args' from command line to 'None'
[0.233s] Level 5:colcon.colcon_core.verb:set package 'cg_interfaces' build argument 'catkin_skip_building_tests' from command line to 'False'
[0.233s] DEBUG:colcon.colcon_core.verb:Building package 'cg_interfaces' with the following arguments: {'ament_cmake_args': None, 'build_base': '/project_ws/build/cg_interfaces', 'catkin_cmake_args': None, 'catkin_skip_building_tests': False, 'cmake_args': None, 'cmake_clean_cache': False, 'cmake_clean_first': False, 'cmake_force_configure': False, 'cmake_target': None, 'cmake_target_skip_unavailable': False, 'install_base': '/project_ws/install/cg_interfaces', 'merge_install': False, 'path': '/project_ws/src/cg_interfaces', 'symlink_install': False, 'test_result_base': None}
[0.234s] Level 5:colcon.colcon_core.verb:set package 'cg' build argument 'cmake_args' from command line to 'None'
[0.234s] Level 5:colcon.colcon_core.verb:set package 'cg' build argument 'cmake_target' from command line to 'None'
[0.234s] Level 5:colcon.colcon_core.verb:set package 'cg' build argument 'cmake_target_skip_unavailable' from command line to 'False'
[0.234s] Level 5:colcon.colcon_core.verb:set package 'cg' build argument 'cmake_clean_cache' from command line to 'False'
[0.234s] Level 5:colcon.colcon_core.verb:set package 'cg' build argument 'cmake_clean_first' from command line to 'False'
[0.234s] Level 5:colcon.colcon_core.verb:set package 'cg' build argument 'cmake_force_configure' from command line to 'False'
[0.234s] Level 5:colcon.colcon_core.verb:set package 'cg' build argument 'ament_cmake_args' from command line to 'None'
[0.234s] Level 5:colcon.colcon_core.verb:set package 'cg' build argument 'catkin_cmake_args' from command line to 'None'
[0.234s] Level 5:colcon.colcon_core.verb:set package 'cg' build argument 'catkin_skip_building_tests' from command line to 'False'
[0.234s] DEBUG:colcon.colcon_core.verb:Building package 'cg' with the following arguments: {'ament_cmake_args': None, 'build_base': '/project_ws/build/cg', 'catkin_cmake_args': None, 'catkin_skip_building_tests': False, 'cmake_args': None, 'cmake_clean_cache': False, 'cmake_clean_first': False, 'cmake_force_configure': False, 'cmake_target': None, 'cmake_target_skip_unavailable': False, 'install_base': '/project_ws/install/cg', 'merge_install': False, 'path': '/project_ws/src/cg', 'symlink_install': False, 'test_result_base': None}
[0.234s] Level 5:colcon.colcon_core.verb:set package 'cg_solver' build argument 'cmake_args' from command line to 'None'
[0.234s] Level 5:colcon.colcon_core.verb:set package 'cg_solver' build argument 'cmake_target' from command line to 'None'
[0.234s] Level 5:colcon.colcon_core.verb:set package 'cg_solver' build argument 'cmake_target_skip_unavailable' from command line to 'False'
[0.234s] Level 5:colcon.colcon_core.verb:set package 'cg_solver' build argument 'cmake_clean_cache' from command line to 'False'
[0.234s] Level 5:colcon.colcon_core.verb:set package 'cg_solver' build argument 'cmake_clean_first' from command line to 'False'
[0.234s] Level 5:colcon.colcon_core.verb:set package 'cg_solver' build argument 'cmake_force_configure' from command line to 'False'
[0.234s] Level 5:colcon.colcon_core.verb:set package 'cg_solver' build argument 'ament_cmake_args' from command line to 'None'
[0.235s] Level 5:colcon.colcon_core.verb:set package 'cg_solver' build argument 'catkin_cmake_args' from command line to 'None'
[0.235s] Level 5:colcon.colcon_core.verb:set package 'cg_solver' build argument 'catkin_skip_building_tests' from command line to 'False'
[0.235s] DEBUG:colcon.colcon_core.verb:Building package 'cg_solver' with the following arguments: {'ament_cmake_args': None, 'build_base': '/project_ws/build/cg_solver', 'catkin_cmake_args': None, 'catkin_skip_building_tests': False, 'cmake_args': None, 'cmake_clean_cache': False, 'cmake_clean_first': False, 'cmake_force_configure': False, 'cmake_target': None, 'cmake_target_skip_unavailable': False, 'install_base': '/project_ws/install/cg_solver', 'merge_install': False, 'path': '/project_ws/src/cg_solver', 'symlink_install': False, 'test_result_base': None}
[0.235s] Level 5:colcon.colcon_core.verb:set package 'cg_teleop' build argument 'cmake_args' from command line to 'None'
[0.235s] Level 5:colcon.colcon_core.verb:set package 'cg_teleop' build argument 'cmake_target' from command line to 'None'
[0.235s] Level 5:colcon.colcon_core.verb:set package 'cg_teleop' build argument 'cmake_target_skip_unavailable' from command line to 'False'
[0.235s] Level 5:colcon.colcon_core.verb:set package 'cg_teleop' build argument 'cmake_clean_cache' from command line to 'False'
[0.235s] Level 5:colcon.colcon_core.verb:set package 'cg_teleop' build argument 'cmake_clean_first' from command line to 'False'
[0.235s] Level 5:colcon.colcon_core.verb:set package 'cg_teleop' build argument 'cmake_force_configure' from command line to 'False'
[0.235s] Level 5:colcon.colcon_core.verb:set package 'cg_teleop' build argument 'ament_cmake_args' from command line to 'None'
[0.235s] Level 5:colcon.colcon_core.verb:set package 'cg_teleop' build argument 'catkin_cmake_args' from command line to 'None'
[0.235s] Level 5:colcon.colcon_core.verb:set package 'cg_teleop' build argument 'catkin_skip_building_tests' from command line to 'False'
[0.235s] DEBUG:colcon.colcon_core.verb:Building package 'cg_teleop' with the following arguments: {'ament_cmake_args': None, 'build_base': '/project_ws/build/cg_teleop', 'catkin_cmake_args': None, 'catkin_skip_building_tests': False, 'cmake_args': None, 'cmake_clean_cache': False, 'cmake_clean_first': False, 'cmake_force_configure': False, 'cmake_target': None, 'cmake_target_skip_unavailable': False, 'install_base': '/project_ws/install/cg_teleop', 'merge_install': False, 'path': '/project_ws/src/cg_teleop', 'symlink_install': False, 'test_result_base': None}
[0.235s] INFO:colcon.colcon_core.executor:Executing jobs using 'parallel' executor
[0.236s] DEBUG:colcon.colcon_parallel_executor.executor.parallel:run_until_complete
[0.237s] INFO:colcon.colcon_ros.task.ament_cmake.build:Building ROS package in '/project_ws/src/cg_interfaces' with build type 'ament_cmake'
[0.237s] INFO:colcon.colcon_cmake.task.cmake.build:Building CMake package in '/project_ws/src/cg_interfaces'
[0.239s] INFO:colcon.colcon_core.plugin_system:Skipping extension 'colcon_core.shell.bat': Not used on non-Windows systems
[0.239s] INFO:colcon.colcon_core.shell:Skip shell extension 'powershell' for command environment: Not usable outside of PowerShell
[0.239s] DEBUG:colcon.colcon_core.shell:Skip shell extension 'dsv' for command environment
[0.247s] DEBUG:colcon.colcon_core.event_handler.log_command:Invoking command in '/project_ws/build/cg_interfaces': CMAKE_PREFIX_PATH=${CMAKE_PREFIX_PATH}:/project_ws/install/cg_teleop:/project_ws/install/cg:/opt/ros/humble /usr/bin/cmake --build /project_ws/build/cg_interfaces -- -j8 -l8
[0.520s] DEBUG:colcon.colcon_core.event_handler.log_command:Invoked command in '/project_ws/build/cg_interfaces' returned '0': CMAKE_PREFIX_PATH=${CMAKE_PREFIX_PATH}:/project_ws/install/cg_teleop:/project_ws/install/cg:/opt/ros/humble /usr/bin/cmake --build /project_ws/build/cg_interfaces -- -j8 -l8
[0.528s] DEBUG:colcon.colcon_core.event_handler.log_command:Invoking command in '/project_ws/build/cg_interfaces': CMAKE_PREFIX_PATH=${CMAKE_PREFIX_PATH}:/project_ws/install/cg_teleop:/project_ws/install/cg:/opt/ros/humble /usr/bin/cmake --install /project_ws/build/cg_interfaces
[0.577s] Level 1:colcon.colcon_core.environment:create_environment_scripts_only(cg_interfaces)
[0.577s] DEBUG:colcon.colcon_core.event_handler.log_command:Invoked command in '/project_ws/build/cg_interfaces' returned '0': CMAKE_PREFIX_PATH=${CMAKE_PREFIX_PATH}:/project_ws/install/cg_teleop:/project_ws/install/cg:/opt/ros/humble /usr/bin/cmake --install /project_ws/build/cg_interfaces
[0.580s] Level 1:colcon.colcon_core.environment:checking '/project_ws/install/cg_interfaces' for CMake module files
[0.581s] Level 1:colcon.colcon_core.environment:checking '/project_ws/install/cg_interfaces' for CMake config files
[0.581s] Level 1:colcon.colcon_core.shell:create_environment_hook('cg_interfaces', 'cmake_prefix_path')
[0.581s] INFO:colcon.colcon_core.shell:Creating environment hook '/project_ws/install/cg_interfaces/share/cg_interfaces/hook/cmake_prefix_path.ps1'
[0.582s] INFO:colcon.colcon_core.shell:Creating environment descriptor '/project_ws/install/cg_interfaces/share/cg_interfaces/hook/cmake_prefix_path.dsv'
[0.583s] INFO:colcon.colcon_core.shell:Creating environment hook '/project_ws/install/cg_interfaces/share/cg_interfaces/hook/cmake_prefix_path.sh'
[0.584s] Level 1:colcon.colcon_core.environment:checking '/project_ws/install/cg_interfaces/lib'
[0.585s] Level 1:colcon.colcon_core.shell:create_environment_hook('cg_interfaces', 'ld_library_path_lib')
[0.585s] INFO:colcon.colcon_core.shell:Creating environment hook '/project_ws/install/cg_interfaces/share/cg_interfaces/hook/ld_library_path_lib.ps1'
[0.586s] INFO:colcon.colcon_core.shell:Creating environment descriptor '/project_ws/install/cg_interfaces/share/cg_interfaces/hook/ld_library_path_lib.dsv'
[0.586s] INFO:colcon.colcon_core.shell:Creating environment hook '/project_ws/install/cg_interfaces/share/cg_interfaces/hook/ld_library_path_lib.sh'
[0.587s] Level 1:colcon.colcon_core.environment:checking '/project_ws/install/cg_interfaces/bin'
[0.587s] Level 1:colcon.colcon_core.environment:checking '/project_ws/install/cg_interfaces/lib/pkgconfig/cg_interfaces.pc'
[0.590s] Level 1:colcon.colcon_core.environment:checking '/project_ws/install/cg_interfaces/lib/python3.10/site-packages'
[0.590s] Level 1:colcon.colcon_core.environment:checking '/project_ws/install/cg_interfaces/bin'
[0.591s] INFO:colcon.colcon_core.shell:Creating package script '/project_ws/install/cg_interfaces/share/cg_interfaces/package.ps1'
[0.592s] INFO:colcon.colcon_core.shell:Creating package descriptor '/project_ws/install/cg_interfaces/share/cg_interfaces/package.dsv'
[0.593s] INFO:colcon.colcon_core.shell:Creating package script '/project_ws/install/cg_interfaces/share/cg_interfaces/package.sh'
[0.594s] INFO:colcon.colcon_core.shell:Creating package script '/project_ws/install/cg_interfaces/share/cg_interfaces/package.bash'
[0.595s] INFO:colcon.colcon_core.shell:Creating package script '/project_ws/install/cg_interfaces/share/cg_interfaces/package.zsh'
[0.596s] Level 1:colcon.colcon_core.environment:create_file_with_runtime_dependencies(/project_ws/install/cg_interfaces/share/colcon-core/packages/cg_interfaces)
[0.597s] Level 1:colcon.colcon_core.environment:create_environment_scripts_only(cg_interfaces)
[0.597s] Level 1:colcon.colcon_core.environment:checking '/project_ws/install/cg_interfaces' for CMake module files
[0.597s] Level 1:colcon.colcon_core.environment:checking '/project_ws/install/cg_interfaces' for CMake config files
[0.598s] Level 1:colcon.colcon_core.shell:create_environment_hook('cg_interfaces', 'cmake_prefix_path')
[0.598s] INFO:colcon.colcon_core.shell:Creating environment hook '/project_ws/install/cg_interfaces/share/cg_interfaces/hook/cmake_prefix_path.ps1'
[0.598s] INFO:colcon.colcon_core.shell:Creating environment descriptor '/project_ws/install/cg_interfaces/share/cg_interfaces/hook/cmake_prefix_path.dsv'
[0.599s] INFO:colcon.colcon_core.shell:Creating environment hook '/project_ws/install/cg_interfaces/share/cg_interfaces/hook/cmake_prefix_path.sh'
[0.599s] Level 1:colcon.colcon_core.environment:checking '/project_ws/install/cg_interfaces/lib'
[0.599s] Level 1:colcon.colcon_core.shell:create_environment_hook('cg_interfaces', 'ld_library_path_lib')
[0.599s] INFO:colcon.colcon_core.shell:Creating environment hook '/project_ws/install/cg_interfaces/share/cg_interfaces/hook/ld_library_path_lib.ps1'
[0.600s] INFO:colcon.colcon_core.shell:Creating environment descriptor '/project_ws/install/cg_interfaces/share/cg_interfaces/hook/ld_library_path_lib.dsv'
[0.600s] INFO:colcon.colcon_core.shell:Creating environment hook '/project_ws/install/cg_interfaces/share/cg_interfaces/hook/ld_library_path_lib.sh'
[0.600s] Level 1:colcon.colcon_core.environment:checking '/project_ws/install/cg_interfaces/bin'
[0.600s] Level 1:colcon.colcon_core.environment:checking '/project_ws/install/cg_interfaces/lib/pkgconfig/cg_interfaces.pc'
[0.601s] Level 1:colcon.colcon_core.environment:checking '/project_ws/install/cg_interfaces/lib/python3.10/site-packages'
[0.601s] Level 1:colcon.colcon_core.environment:checking '/project_ws/install/cg_interfaces/bin'
[0.601s] INFO:colcon.colcon_core.shell:Creating package script '/project_ws/install/cg_interfaces/share/cg_interfaces/package.ps1'
[0.602s] INFO:colcon.colcon_core.shell:Creating package descriptor '/project_ws/install/cg_interfaces/share/cg_interfaces/package.dsv'
[0.602s] INFO:colcon.colcon_core.shell:Creating package script '/project_ws/install/cg_interfaces/share/cg_interfaces/package.sh'
[0.602s] INFO:colcon.colcon_core.shell:Creating package script '/project_ws/install/cg_interfaces/share/cg_interfaces/package.bash'
[0.603s] INFO:colcon.colcon_core.shell:Creating package script '/project_ws/install/cg_interfaces/share/cg_interfaces/package.zsh'
[0.603s] Level 1:colcon.colcon_core.environment:create_file_with_runtime_dependencies(/project_ws/install/cg_interfaces/share/colcon-core/packages/cg_interfaces)
[0.603s] INFO:colcon.colcon_ros.task.ament_python.build:Building ROS package in '/project_ws/src/cg' with build type 'ament_python'
[0.604s] Level 1:colcon.colcon_core.shell:create_environment_hook('cg', 'ament_prefix_path')
[0.604s] INFO:colcon.colcon_core.shell:Creating environment hook '/project_ws/install/cg/share/cg/hook/ament_prefix_path.ps1'
[0.605s] INFO:colcon.colcon_core.shell:Creating environment descriptor '/project_ws/install/cg/share/cg/hook/ament_prefix_path.dsv'
[0.605s] INFO:colcon.colcon_core.shell:Creating environment hook '/project_ws/install/cg/share/cg/hook/ament_prefix_path.sh'
[0.606s] INFO:colcon.colcon_core.shell:Skip shell extension 'powershell' for command environment: Not usable outside of PowerShell
[0.606s] DEBUG:colcon.colcon_core.shell:Skip shell extension 'dsv' for command environment
[0.608s] INFO:colcon.colcon_ros.task.ament_cmake.build:Building ROS package in '/project_ws/src/cg_solver' with build type 'ament_cmake'
[0.608s] INFO:colcon.colcon_cmake.task.cmake.build:Building CMake package in '/project_ws/src/cg_solver'
[0.609s] INFO:colcon.colcon_core.shell:Skip shell extension 'powershell' for command environment: Not usable outside of PowerShell
[0.609s] DEBUG:colcon.colcon_core.shell:Skip shell extension 'dsv' for command environment
[0.611s] INFO:colcon.colcon_ros.task.ament_python.build:Building ROS package in '/project_ws/src/cg_teleop' with build type 'ament_python'
[0.612s] Level 1:colcon.colcon_core.shell:create_environment_hook('cg_teleop', 'ament_prefix_path')
[0.612s] INFO:colcon.colcon_core.shell:Creating environment hook '/project_ws/install/cg_teleop/share/cg_teleop/hook/ament_prefix_path.ps1'
[0.612s] INFO:colcon.colcon_core.shell:Creating environment descriptor '/project_ws/install/cg_teleop/share/cg_teleop/hook/ament_prefix_path.dsv'
[0.613s] INFO:colcon.colcon_core.shell:Creating environment hook '/project_ws/install/cg_teleop/share/cg_teleop/hook/ament_prefix_path.sh'
[0.613s] INFO:colcon.colcon_core.shell:Skip shell extension 'powershell' for command environment: Not usable outside of PowerShell
[0.613s] DEBUG:colcon.colcon_core.shell:Skip shell extension 'dsv' for command environment
[0.795s] INFO:colcon.colcon_core.task.python.build:Building Python package in '/project_ws/src/cg'
[0.795s] INFO:colcon.colcon_core.shell:Skip shell extension 'powershell' for command environment: Not usable outside of PowerShell
[0.795s] DEBUG:colcon.colcon_core.shell:Skip shell extension 'dsv' for command environment
[0.801s] DEBUG:colcon.colcon_core.event_handler.log_command:Invoking command in '/project_ws/build/cg_solver': CMAKE_PREFIX_PATH=/project_ws/install/cg_interfaces:/project_ws/install/cg_solver:/project_ws/install/cg_teleop:/project_ws/install/cg:/opt/ros/humble /usr/bin/cmake --build /project_ws/build/cg_solver -- -j8 -l8
[0.981s] INFO:colcon.colcon_core.task.python.build:Building Python package in '/project_ws/src/cg_teleop'
[0.981s] INFO:colcon.colcon_core.shell:Skip shell extension 'powershell' for command environment: Not usable outside of PowerShell
[0.981s] DEBUG:colcon.colcon_core.shell:Skip shell extension 'dsv' for command environment
[1.234s] DEBUG:colcon.colcon_core.event_handler.log_command:Invoking command in '/project_ws/src/cg': CMAKE_PREFIX_PATH=/project_ws/install/cg_interfaces:/project_ws/install/cg_solver PYTHONPATH=/project_ws/build/cg/prefix_override:/usr/lib/python3/dist-packages/colcon_core/task/python/colcon_distutils_commands:/project_ws/install/cg/lib/python3.10/site-packages:${PYTHONPATH} /usr/bin/python3 -W ignore:setup.py install is deprecated -W ignore:easy_install command is deprecated setup.py egg_info --egg-base ../../build/cg build --build-base /project_ws/build/cg/build install --record /project_ws/build/cg/install.log --single-version-externally-managed install_data
[1.235s] DEBUG:colcon.colcon_core.event_handler.log_command:Invoking command in '/project_ws/src/cg_teleop': CMAKE_PREFIX_PATH=/project_ws/install/cg_interfaces:/project_ws/install/cg_solver PYTHONPATH=/project_ws/build/cg_teleop/prefix_override:/usr/lib/python3/dist-packages/colcon_core/task/python/colcon_distutils_commands:/project_ws/install/cg_teleop/lib/python3.10/site-packages:${PYTHONPATH} /usr/bin/python3 -W ignore:setup.py install is deprecated -W ignore:easy_install command is deprecated setup.py egg_info --egg-base ../../build/cg_teleop build --build-base /project_ws/build/cg_teleop/build install --record /project_ws/build/cg_teleop/install.log --single-version-externally-managed install_data
[1.452s] Level 1:colcon.colcon_core.environment:checking '/project_ws/install/cg' for CMake module files
[1.453s] DEBUG:colcon.colcon_core.event_handler.log_command:Invoked command in '/project_ws/src/cg' returned '0': CMAKE_PREFIX_PATH=/project_ws/install/cg_interfaces:/project_ws/install/cg_solver PYTHONPATH=/project_ws/build/cg/prefix_override:/usr/lib/python3/dist-packages/colcon_core/task/python/colcon_distutils_commands:/project_ws/install/cg/lib/python3.10/site-packages:${PYTHONPATH} /usr/bin/python3 -W ignore:setup.py install is deprecated -W ignore:easy_install command is deprecated setup.py egg_info --egg-base ../../build/cg build --build-base /project_ws/build/cg/build install --record /project_ws/build/cg/install.log --single-version-externally-managed install_data
[1.453s] Level 1:colcon.colcon_core.environment:checking '/project_ws/install/cg' for CMake config files
[1.454s] Level 1:colcon.colcon_core.environment:checking '/project_ws/install/cg/lib'
[1.454s] Level 1:colcon.colcon_core.environment:checking '/project_ws/install/cg/bin'
[1.454s] Level 1:colcon.colcon_core.environment:checking '/project_ws/install/cg/lib/pkgconfig/cg.pc'
[1.454s] Level 1:colcon.colcon_core.environment:checking '/project_ws/install/cg/lib/python3.10/site-packages'
[1.454s] Level 1:colcon.colcon_core.shell:create_environment_hook('cg', 'pythonpath')
[1.454s] INFO:colcon.colcon_core.shell:Creating environment hook '/project_ws/install/cg/share/cg/hook/pythonpath.ps1'
[1.455s] INFO:colcon.colcon_core.shell:Creating environment descriptor '/project_ws/install/cg/share/cg/hook/pythonpath.dsv'
[1.455s] INFO:colcon.colcon_core.shell:Creating environment hook '/project_ws/install/cg/share/cg/hook/pythonpath.sh'
[1.456s] Level 1:colcon.colcon_core.environment:checking '/project_ws/install/cg/bin'
[1.456s] Level 1:colcon.colcon_core.environment:create_environment_scripts_only(cg)
[1.456s] INFO:colcon.colcon_core.shell:Creating package script '/project_ws/install/cg/share/cg/package.ps1'
[1.456s] INFO:colcon.colcon_core.shell:Creating package descriptor '/project_ws/install/cg/share/cg/package.dsv'
[1.457s] INFO:colcon.colcon_core.shell:Creating package script '/project_ws/install/cg/share/cg/package.sh'
[1.457s] INFO:colcon.colcon_core.shell:Creating package script '/project_ws/install/cg/share/cg/package.bash'
[1.457s] INFO:colcon.colcon_core.shell:Creating package script '/project_ws/install/cg/share/cg/package.zsh'
[1.458s] Level 1:colcon.colcon_core.environment:create_file_with_runtime_dependencies(/project_ws/install/cg/share/colcon-core/packages/cg)
[1.459s] Level 1:colcon.colcon_core.environment:checking '/project_ws/install/cg_teleop' for CMake module files
[1.459s] DEBUG:colcon.colcon_core.event_handler.log_command:Invoked command in '/project_ws/src/cg_teleop' returned '0': CMAKE_PREFIX_PATH=/project_ws/install/cg_interfaces:/project_ws/install/cg_solver PYTHONPATH=/project_ws/build/cg_teleop/prefix_override:/usr/lib/python3/dist-packages/colcon_core/task/python/colcon_distutils_commands:/project_ws/install/cg_teleop/lib/python3.10/site-packages:${PYTHONPATH} /usr/bin/python3 -W ignore:setup.py install is deprecated -W ignore:easy_install command is deprecated setup.py egg_info --egg-base ../../build/cg_teleop build --build-base /project_ws/build/cg_teleop/build install --record /project_ws/build/cg_teleop/install.log --single-version-externally-managed install_data
[1.459s] Level 1:colcon.colcon_core.environment:checking '/project_ws/install/cg_teleop' for CMake config files
[1.460s] Level 1:colcon.colcon_core.environment:checking '/project_ws/install/cg_teleop/lib'
[1.460s] Level 1:colcon.colcon_core.environment:checking '/project_ws/install/cg_teleop/bin'
[1.460s] Level 1:colcon.colcon_core.environment:checking '/project_ws/install/cg_teleop/lib/pkgconfig/cg_teleop.pc'
[1.460s] Level 1:colcon.colcon_core.environment:checking '/project_ws/install/cg_teleop/lib/python3.10/site-packages'
[1.460s] Level 1:colcon.colcon_core.shell:create_environment_hook('cg_teleop', 'pythonpath')
[1.460s] INFO:colcon.colcon_core.shell:Creating environment hook '/project_ws/install/cg_teleop/share/cg_teleop/hook/pythonpath.ps1'
[1.461s] INFO:colcon.colcon_core.shell:Creating environment descriptor '/project_ws/install/cg_teleop/share/cg_teleop/hook/pythonpath.dsv'
[1.461s] INFO:colcon.colcon_core.shell:Creating environment hook '/project_ws/install/cg_teleop/share/cg_teleop/hook/pythonpath.sh'
[1.462s] Level 1:colcon.colcon_core.environment:checking '/project_ws/install/cg_teleop/bin'
[1.462s] Level 1:colcon.colcon_core.environment:create_environment_scripts_only(cg_teleop)
[1.462s] INFO:colcon.colcon_core.shell:Creating package script '/project_ws/install/cg_teleop/share/cg_teleop/package.ps1'
[1.462s] INFO:colcon.colcon_core.shell:Creating package descriptor '/project_ws/install/cg_teleop/share/cg_teleop/package.dsv'
[1.463s] INFO:colcon.colcon_core.shell:Creating package script '/project_ws/install/cg_teleop/share/cg_teleop/package.sh'
[1.463s] INFO:colcon.colcon_core.shell:Creating package script '/project_ws/install/cg_teleop/share/cg_teleop/package.bash'
[1.464s] INFO:colcon.colcon_core.shell:Creating package script '/project_ws/install/cg_teleop/share/cg_teleop/package.zsh'
[1.464s] Level 1:colcon.colcon_core.environment:create_file_with_runtime_dependencies(/project_ws/install/cg_teleop/share/colcon-core/packages/cg_teleop)
[10.420s] DEBUG:colcon.colcon_core.event_handler.log_command:Invoked command in '/project_ws/build/cg_solver' returned '0': CMAKE_PREFIX_PATH=/project_ws/install/cg_interfaces:/project_ws/install/cg_solver:/project_ws/install/cg_teleop:/project_ws/install/cg:/opt/ros/humble /usr/bin/cmake --build /project_ws/build/cg_solver -- -j8 -l8
[10.422s] DEBUG:colcon.colcon_core.event_handler.log_command:Invoking command in '/project_ws/build/cg_solver': CMAKE_PREFIX_PATH=/project_ws/install/cg_interfaces:/project_ws/install/cg_solver:/project_ws/install/cg_teleop:/project_ws/install/cg:/opt/ros/humble /usr/bin/cmake --install /project_ws/build/cg_solver
[10.438s] Level 1:colcon.colcon_core.environment:create_environment_scripts_only(cg_solver)
[10.439s] Level 1:colcon.colcon_core.environment:checking '/project_ws/install/cg_solver' for CMake module files
[10.439s] DEBUG:colcon.colcon_core.event_handler.log_command:Invoked command in '/project_ws/build/cg_solver' returned '0': CMAKE_PREFIX_PATH=/project_ws/install/cg_interfaces:/project_ws/install/cg_solver:/project_ws/install/cg_teleop:/project_ws/install/cg:/opt/ros/humble /usr/bin/cmake --install /project_ws/build/cg_solver
[10.439s] Level 1:colcon.colcon_core.environment:checking '/project_ws/install/cg_solver' for CMake config files
[10.440s] Level 1:colcon.colcon_core.shell:create_environment_hook('cg_solver', 'cmake_prefix_path')
[10.440s] INFO:colcon.colcon_core.shell:Creating environment hook '/project_ws/install/cg_solver/share/cg_solver/hook/cmake_prefix_path.ps1'
[10.440s] INFO:colcon.colcon_core.shell:Creating environment descriptor '/project_ws/install/cg_solver/share/cg_solver/hook/cmake_prefix_path.dsv'
[10.441s] INFO:colcon.colcon_core.shell:Creating environment hook '/project_ws/install/cg_solver/share/cg_solver/hook/cmake_prefix_path.sh'
[10.441s] Level 1:colcon.colcon_core.environment:checking '/project_ws/install/cg_solver/lib'
[10.441s] Level 1:colcon.colcon_core.environment:checking '/project_ws/install/cg_solver/bin'
[10.441s] Level 1:colcon.colcon_core.environment:checking '/project_ws/install/cg_solver/lib/pkgconfig/cg_solver.pc'
[10.441s] Level 1:colcon.colcon_core.environment:checking '/project_ws/install/cg_solver/lib/python3.10/site-packages'
[10.442s] Level 1:colcon.colcon_core.environment:checking '/project_ws/install/cg_solver/bin'
[10.442s] INFO:colcon.colcon_core.shell:Creating package script '/project_ws/install/cg_solver/share/cg_solver/package.ps1'
[10.442s] INFO:colcon.colcon_core.shell:Creating package descriptor '/project_ws/install/cg_solver/share/cg_solver/package.dsv'
[10.443s] INFO:colcon.colcon_core.shell:Creating package script '/project_ws/install/cg_solver/share/cg_solver/package.sh'
[10.443s] INFO:colcon.colcon_core.shell:Creating package script '/project_ws/install/cg_solver/share/cg_solver/package.bash'
[10.443s] INFO:colcon.colcon_core.shell:Creating package script '/project_ws/install/cg_solver/share/cg_solver/package.zsh'
[10.443s] Level 1:colcon.colcon_core.environment:create_file_with_runtime_dependencies(/project_ws/install/cg_solver/share/colcon-core/packages/cg_solver)
[10.444s] Level 1:colcon.colcon_core.environment:create_environment_scripts_only(cg_solver)
[10.444s] Level 1:colcon.colcon_core.environment:checking '/project_ws/install/cg_solver' for CMake module files
[10.444s] Level 1:colcon.colcon_core.environment:checking '/project_ws/install/cg_solver' for CMake config files
[10.445s] Level 1:colcon.colcon_core.shell:create_environment_hook('cg_solver', 'cmake_prefix_path')
[10.445s] INFO:colcon.colcon_core.shell:Creating environment hook '/project_ws/install/cg_solver/share/cg_solver/hook/cmake_prefix_path.ps1'
[10.445s] INFO:colcon.colcon_core.shell:Creating environment descriptor '/project_ws/install/cg_solver/share/cg_solver/hook/cmake_prefix_path.dsv'
[10.445s] INFO:colcon.colcon_core.shell:Creating environment hook '/project_ws/install/cg_solver/share/cg_solver/hook/cmake_prefix_path.sh'
[10.446s] Level 1:colcon.colcon_core.environment:checking '/project_ws/install/cg_solver/lib'
[10.446s] Level 1:colcon.colcon_core.environment:checking '/project_ws/install/cg_solver/bin'
[10.446s] Level 1:colcon.colcon_core.environment:checking '/project_ws/install/cg_solver/lib/pkgconfig/cg_solver.pc'
[10.446s] Level 1:colcon.colcon_core.environment:checking '/project_ws/install/cg_solver/lib/python3.10/site-packages'
[10.446s] Level 1:colcon.colcon_core.environment:checking '/project_ws/install/cg_solver/bin'
[10.447s] INFO:colcon.colcon_core.shell:Creating package script '/project_ws/install/cg_solver/share/cg_solver/package.ps1'
[10.447s] INFO:colcon.colcon_core.shell:Creating package descriptor '/project_ws/install/cg_solver/share/cg_solver/package.dsv'
[10.447s] INFO:colcon.colcon_core.shell:Creating package script '/project_ws/install/cg_solver/share/cg_solver/package.sh'
[10.448s] INFO:colcon.colcon_core.shell:Creating package script '/project_ws/install/cg_solver/share/cg_solver/package.bash'
[10.448s] INFO:colcon.colcon_core.shell:Creating package script '/project_ws/install/cg_solver/share/cg_solver/package.zsh'
[10.448s] Level 1:colcon.colcon_core.environment:create_file_with_runtime_dependencies(/project_ws/install/cg_solver/share/colcon-core/packages/cg_solver)
[10.449s] DEBUG:colcon.colcon_parallel_executor.executor.parallel:closing loop
[10.449s] DEBUG:colcon.colcon_parallel_executor.executor.parallel:loop closed
[10.449s] DEBUG:colcon.colcon_parallel_executor.executor.parallel:run_until_complete finished with '0'
[10.449s] DEBUG:colcon.colcon_core.event_reactor:joining thread
[10.454s] INFO:colcon.colcon_core.plugin_system:Skipping extension 'colcon_notification.desktop_notification.notify_send': Could not find 'notify-send'
[10.454s] INFO:colcon.colcon_core.plugin_system:Skipping extension 'colcon_notification.desktop_notification.terminal_notifier': Not used on non-Darwin systems
[10.454s] INFO:colcon.colcon_core.plugin_system:Skipping extension 'colcon_notification.desktop_notification.win32': Not used on non-Windows systems
[10.454s] INFO:colcon.colcon_notification.desktop_notification:Sending desktop notification using 'notify2'
[10.454s] DEBUG:colcon.colcon_notification.desktop_notification.notify2:Failed to initialize notify2: org.freedesktop.DBus.Error.InvalidFileContent: D-Bus library appears to be incorrectly set up: see the manual page for dbus-uuidgen to correct this issue. (Failed to open "/var/lib/dbus/machine-id": No such file or directory; UUID file '/etc/machine-id' should contain a hex string of length 32, not length 0, with no other text)
[10.454s] DEBUG:colcon.colcon_core.event_reactor:joined thread
[10.454s] INFO:colcon.colcon_core.shell:Creating prefix script '/project_ws/install/local_setup.ps1'
[10.455s] INFO:colcon.colcon_core.shell:Creating prefix util module '/project_ws/install/_local_setup_util_ps1.py'
[10.457s] INFO:colcon.colcon_core.shell:Creating prefix chain script '/project_ws/install/setup.ps1'
[10.457s] INFO:colcon.colcon_core.shell:Creating prefix script '/project_ws/install/local_setup.sh'
[10.458s] INFO:colcon.colcon_core.shell:Creating prefix util module '/project_ws/install/_local_setup_util_sh.py'
[10.459s] INFO:colcon.colcon_core.shell:Creating prefix chain script '/project_ws/install/setup.sh'
[10.459s] INFO:colcon.colcon_core.shell:Creating prefix script '/project_ws/install/local_setup.bash'
[10.460s] INFO:colcon.colcon_core.shell:Creating prefix chain script '/project_ws/install/setup.bash'
[10.461s] INFO:colcon.colcon_core.shell:Creating prefix script '/project_ws/install/local_setup.zsh'
[10.461s] INFO:colcon.colcon_core.shell:Creating prefix chain script '/project_ws/install/setup.zsh'
