[0.439s] Invoking command in '/project_ws/src/cg_teleop': PYTHONPATH=/project_ws/build/cg_teleop/prefix_override:/usr/lib/python3/dist-packages/colcon_core/task/python/colcon_distutils_commands:/project_ws/install/cg_teleop/lib/python3.10/site-packages:${PYTHONPATH} /usr/bin/python3 -W ignore:setup.py install is deprecated -W ignore:easy_install command is deprecated setup.py egg_info --egg-base ../../build/cg_teleop build --build-base /project_ws/build/cg_teleop/build install --record /project_ws/build/cg_teleop/install.log --single-version-externally-managed install_data
[0.548s] running egg_info
[0.549s] writing ../../build/cg_teleop/cg_teleop.egg-info/PKG-INFO
[0.549s] writing dependency_links to ../../build/cg_teleop/cg_teleop.egg-info/dependency_links.txt
[0.549s] writing entry points to ../../build/cg_teleop/cg_teleop.egg-info/entry_points.txt
[0.549s] writing requirements to ../../build/cg_teleop/cg_teleop.egg-info/requires.txt
[0.549s] writing top-level names to ../../build/cg_teleop/cg_teleop.egg-info/top_level.txt
[0.550s] reading manifest file '../../build/cg_teleop/cg_teleop.egg-info/SOURCES.txt'
[0.550s] writing manifest file '../../build/cg_teleop/cg_teleop.egg-info/SOURCES.txt'
[0.551s] running build
[0.551s] running build_py
[0.551s] running install
[0.551s] running install_lib
[0.552s] running install_data
[0.552s] running install_egg_info
[0.553s] removing '/project_ws/install/cg_teleop/lib/python3.10/site-packages/cg_teleop-0.0.0-py3.10.egg-info' (and everything under it)
[0.554s] Copying ../../build/cg_teleop/cg_teleop.egg-info to /project_ws/install/cg_teleop/lib/python3.10/site-packages/cg_teleop-0.0.0-py3.10.egg-info
[0.554s] running install_scripts
[0.570s] Installing teleop_keyboard script to /project_ws/install/cg_teleop/lib/cg_teleop
[0.570s] writing list of installed files to '/project_ws/build/cg_teleop/install.log'
[0.592s] Invoked command in '/project_ws/src/cg_teleop' returned '0': PYTHONPATH=/project_ws/build/cg_teleop/prefix_override:/usr/lib/python3/dist-packages/colcon_core/task/python/colcon_distutils_commands:/project_ws/install/cg_teleop/lib/python3.10/site-packages:${PYTHONPATH} /usr/bin/python3 -W ignore:setup.py install is deprecated -W ignore:easy_install command is deprecated setup.py egg_info --egg-base ../../build/cg_teleop build --build-base /project_ws/build/cg_teleop/build install --record /project_ws/build/cg_teleop/install.log --single-version-externally-managed install_data
