-- The C compiler identification is GNU 15.2.1
-- The CXX compiler identification is GNU 15.2.1
-- Detecting C compiler ABI info
-- Detecting C compiler ABI info - done
-- Check for working C compiler: /usr/bin/cc - skipped
-- Detecting C compile features
-- Detecting C compile features - done
-- Detecting CXX compiler ABI info
-- Detecting CXX compiler ABI info - done
-- Check for working CXX compiler: /usr/bin/c++ - skipped
-- Detecting CXX compile features
-- Detecting CXX compile features - done
-- Found ament_cmake: 2.5.4 (/usr/lib64/ros-jazzy/share/ament_cmake/cmake)
-- Found Python3: /usr/bin/python3 (found version "3.13.9") found components: Interpreter
-- Found rclcpp: 28.1.12 (/usr/lib64/ros-jazzy/share/rclcpp/cmake)
-- Found rosidl_generator_c: 4.6.6 (/usr/lib64/ros-jazzy/share/rosidl_generator_c/cmake)
-- Found rosidl_generator_cpp: 4.6.6 (/usr/lib64/ros-jazzy/share/rosidl_generator_cpp/cmake)
-- Using all available rosidl_typesupport_c: rosidl_typesupport_fastrtps_c;rosidl_typesupport_introspection_c
-- Using all available rosidl_typesupport_cpp: rosidl_typesupport_fastrtps_cpp;rosidl_typesupport_introspection_cpp
-- Found rmw_implementation_cmake: 7.3.2 (/usr/lib64/ros-jazzy/share/rmw_implementation_cmake/cmake)
-- Found rmw_fastrtps_cpp: 8.4.3 (/usr/lib64/ros-jazzy/share/rmw_fastrtps_cpp/cmake)
-- Found OpenSSL: /usr/lib64/libcrypto.so (found version "3.2.6")
-- Found FastRTPS: /usr/lib64/ros-jazzy/include (Required is at least version "2.13")
-- Using RMW implementation 'rmw_fastrtps_cpp' as default
-- Found cg_interfaces: 0.0.0 (/home/gabrielmartins/Documents/github/ponderada_ros/install/cg_interfaces/share/cg_interfaces/cmake)
-- Configuring done (1.1s)
-- Generating done (0.0s)
-- Build files have been written to: /home/gabrielmartins/Documents/github/ponderada_ros/cg/build/cg
[ 50%] [32mBuilding CXX object CMakeFiles/cg_autonomous_navigator.dir/cg_autonomous_navigator.cpp.o[0m
[100%] [32m[1mLinking CXX executable cg_autonomous_navigator[0m
[100%] Built target cg_autonomous_navigator
-- Install configuration: ""
-- Installing: /home/gabrielmartins/Documents/github/ponderada_ros/cg/install/cg/lib/cg/cg_autonomous_navigator
-- Set non-toolchain portion of runtime path of "/home/gabrielmartins/Documents/github/ponderada_ros/cg/install/cg/lib/cg/cg_autonomous_navigator" to ""
-- Installing: /home/gabrielmartins/Documents/github/ponderada_ros/cg/install/cg/lib/cg/maze.py
-- Installing: /home/gabrielmartins/Documents/github/ponderada_ros/cg/install/cg/share/ament_index/resource_index/package_run_dependencies/cg
-- Installing: /home/gabrielmartins/Documents/github/ponderada_ros/cg/install/cg/share/ament_index/resource_index/parent_prefix_path/cg
-- Installing: /home/gabrielmartins/Documents/github/ponderada_ros/cg/install/cg/share/cg/environment/ament_prefix_path.sh
-- Installing: /home/gabrielmartins/Documents/github/ponderada_ros/cg/install/cg/share/cg/environment/ament_prefix_path.dsv
-- Installing: /home/gabrielmartins/Documents/github/ponderada_ros/cg/install/cg/share/cg/environment/path.sh
-- Installing: /home/gabrielmartins/Documents/github/ponderada_ros/cg/install/cg/share/cg/environment/path.dsv
-- Installing: /home/gabrielmartins/Documents/github/ponderada_ros/cg/install/cg/share/cg/local_setup.bash
-- Installing: /home/gabrielmartins/Documents/github/ponderada_ros/cg/install/cg/share/cg/local_setup.sh
-- Installing: /home/gabrielmartins/Documents/github/ponderada_ros/cg/install/cg/share/cg/local_setup.zsh
-- Installing: /home/gabrielmartins/Documents/github/ponderada_ros/cg/install/cg/share/cg/local_setup.dsv
-- Installing: /home/gabrielmartins/Documents/github/ponderada_ros/cg/install/cg/share/cg/package.dsv
-- Installing: /home/gabrielmartins/Documents/github/ponderada_ros/cg/install/cg/share/ament_index/resource_index/packages/cg
-- Installing: /home/gabrielmartins/Documents/github/ponderada_ros/cg/install/cg/share/cg/cmake/cgConfig.cmake
-- Installing: /home/gabrielmartins/Documents/github/ponderada_ros/cg/install/cg/share/cg/cmake/cgConfig-version.cmake
-- Installing: /home/gabrielmartins/Documents/github/ponderada_ros/cg/install/cg/share/cg/package.xml
