[INFO] [1764531841.250352234] [cg_autonomous_navigator]: Tentando conectar ao serviço /get_map...
[INFO] [1764531841.250544008] [cg_autonomous_navigator]: Serviço /get_map disponível, enviando request...
[INFO] [1764531841.253484015] [cg_autonomous_navigator]: Dimensões do mapa recebidas: 29x29. O robô começa em (1, 1).
[INFO] [1764531841.253527374] [cg_autonomous_navigator]: O robô agora está 'cego' e deve mapear o labirinto.
[INFO] [1764531841.300433025] [cg_autonomous_navigator]: Novo alvo de exploração: (2, 1)
[INFO] [1764531841.300560201] [cg_autonomous_navigator]: Tentando mover de (1, 1) para (2, 1)
[INFO] [1764531841.350433892] [cg_autonomous_navigator]: Novo alvo de exploração: (3, 1)
[INFO] [1764531841.350575311] [cg_autonomous_navigator]: Tentando mover de (2, 1) para (3, 1)
[INFO] [1764531841.400330981] [cg_autonomous_navigator]: Novo alvo de exploração: (4, 1)
[INFO] [1764531841.400421386] [cg_autonomous_navigator]: Tentando mover de (3, 1) para (4, 1)
[INFO] [1764531841.450254203] [cg_autonomous_navigator]: Novo alvo de exploração: (5, 1)
[INFO] [1764531841.450352161] [cg_autonomous_navigator]: Tentando mover de (4, 1) para (5, 1)
[INFO] [1764531841.500334963] [cg_autonomous_navigator]: Novo alvo de exploração: (6, 1)
[INFO] [1764531841.500457101] [cg_autonomous_navigator]: Tentando mover de (5, 1) para (6, 1)
[INFO] [1764531841.550321644] [cg_autonomous_navigator]: Novo alvo de exploração: (7, 1)
[INFO] [1764531841.550419848] [cg_autonomous_navigator]: Tentando mover de (6, 1) para (7, 1)
[INFO] [1764531841.600307652] [cg_autonomous_navigator]: Novo alvo de exploração: (8, 1)
[INFO] [1764531841.600382238] [cg_autonomous_navigator]: Tentando mover de (7, 1) para (8, 1)
[INFO] [1764531841.650310893] [cg_autonomous_navigator]: Novo alvo de exploração: (9, 1)
[INFO] [1764531841.650388635] [cg_autonomous_navigator]: Tentando mover de (8, 1) para (9, 1)
[INFO] [1764531841.700314717] [cg_autonomous_navigator]: Novo alvo de exploração: (10, 1)
[INFO] [1764531841.700395587] [cg_autonomous_navigator]: Tentando mover de (9, 1) para (10, 1)
[INFO] [1764531841.750361031] [cg_autonomous_navigator]: Novo alvo de exploração: (11, 1)
[INFO] [1764531841.750479062] [cg_autonomous_navigator]: Tentando mover de (10, 1) para (11, 1)
[INFO] [1764531841.800290055] [cg_autonomous_navigator]: Novo alvo de exploração: (11, 2)
[INFO] [1764531841.800375096] [cg_autonomous_navigator]: Tentando mover de (11, 1) para (11, 2)
[INFO] [1764531841.850324938] [cg_autonomous_navigator]: Novo alvo de exploração: (11, 3)
[INFO] [1764531841.850389010] [cg_autonomous_navigator]: Tentando mover de (11, 2) para (11, 3)
[INFO] [1764531841.900338906] [cg_autonomous_navigator]: Novo alvo de exploração: (11, 4)
[INFO] [1764531841.900414030] [cg_autonomous_navigator]: Tentando mover de (11, 3) para (11, 4)
[INFO] [1764531841.950310754] [cg_autonomous_navigator]: Novo alvo de exploração: (11, 5)
[INFO] [1764531841.950374214] [cg_autonomous_navigator]: Tentando mover de (11, 4) para (11, 5)
[INFO] [1764531842.000344363] [cg_autonomous_navigator]: Novo alvo de exploração: (12, 5)
[INFO] [1764531842.000410773] [cg_autonomous_navigator]: Tentando mover de (11, 5) para (12, 5)
[INFO] [1764531842.050443958] [cg_autonomous_navigator]: Novo alvo de exploração: (13, 5)
[INFO] [1764531842.050542790] [cg_autonomous_navigator]: Tentando mover de (12, 5) para (13, 5)
[INFO] [1764531842.100378087] [cg_autonomous_navigator]: Novo alvo de exploração: (14, 5)
[INFO] [1764531842.100508566] [cg_autonomous_navigator]: Tentando mover de (13, 5) para (14, 5)
[INFO] [1764531842.150378060] [cg_autonomous_navigator]: Novo alvo de exploração: (15, 5)
[INFO] [1764531842.150492124] [cg_autonomous_navigator]: Tentando mover de (14, 5) para (15, 5)
[INFO] [1764531842.200334429] [cg_autonomous_navigator]: Novo alvo de exploração: (15, 6)
[INFO] [1764531842.200406809] [cg_autonomous_navigator]: Tentando mover de (15, 5) para (15, 6)
[INFO] [1764531842.250328294] [cg_autonomous_navigator]: Novo alvo de exploração: (15, 7)
[INFO] [1764531842.250390660] [cg_autonomous_navigator]: Tentando mover de (15, 6) para (15, 7)
[INFO] [1764531842.300314097] [cg_autonomous_navigator]: Novo alvo de exploração: (15, 8)
[INFO] [1764531842.300386770] [cg_autonomous_navigator]: Tentando mover de (15, 7) para (15, 8)
[INFO] [1764531842.350364071] [cg_autonomous_navigator]: Novo alvo de exploração: (15, 9)
[INFO] [1764531842.350454925] [cg_autonomous_navigator]: Tentando mover de (15, 8) para (15, 9)
[INFO] [1764531842.400315103] [cg_autonomous_navigator]: Novo alvo de exploração: (16, 9)
[INFO] [1764531842.400386910] [cg_autonomous_navigator]: Tentando mover de (15, 9) para (16, 9)
[INFO] [1764531842.450333507] [cg_autonomous_navigator]: Novo alvo de exploração: (17, 9)
[INFO] [1764531842.450403541] [cg_autonomous_navigator]: Tentando mover de (16, 9) para (17, 9)
[INFO] [1764531842.500335178] [cg_autonomous_navigator]: Novo alvo de exploração: (17, 10)
[INFO] [1764531842.500401339] [cg_autonomous_navigator]: Tentando mover de (17, 9) para (17, 10)
[INFO] [1764531842.550360336] [cg_autonomous_navigator]: Novo alvo de exploração: (16, 11)
[INFO] [1764531842.550438815] [cg_autonomous_navigator]: Tentando mover de (17, 10) para (17, 11)
[INFO] [1764531842.600304679] [cg_autonomous_navigator]: Tentando mover de (17, 11) para (16, 11)
[INFO] [1764531842.650336574] [cg_autonomous_navigator]: Novo alvo de exploração: (15, 11)
[INFO] [1764531842.650401784] [cg_autonomous_navigator]: Tentando mover de (16, 11) para (15, 11)
[INFO] [1764531842.700444394] [cg_autonomous_navigator]: Novo alvo de exploração: (14, 11)
[INFO] [1764531842.700528044] [cg_autonomous_navigator]: Tentando mover de (15, 11) para (14, 11)
[INFO] [1764531842.750346514] [cg_autonomous_navigator]: Novo alvo de exploração: (13, 10)
[INFO] [1764531842.750418867] [cg_autonomous_navigator]: Tentando mover de (14, 11) para (13, 11)
[INFO] [1764531842.800326230] [cg_autonomous_navigator]: Tentando mover de (13, 11) para (13, 10)
[INFO] [1764531842.850368886] [cg_autonomous_navigator]: Novo alvo de exploração: (13, 9)
[INFO] [1764531842.850468473] [cg_autonomous_navigator]: Tentando mover de (13, 10) para (13, 9)
[INFO] [1764531842.900337157] [cg_autonomous_navigator]: Novo alvo de exploração: (13, 8)
[INFO] [1764531842.900401712] [cg_autonomous_navigator]: Tentando mover de (13, 9) para (13, 8)
[INFO] [1764531842.950320629] [cg_autonomous_navigator]: Novo alvo de exploração: (12, 7)
[INFO] [1764531842.950389954] [cg_autonomous_navigator]: Tentando mover de (13, 8) para (13, 7)
[INFO] [1764531843.000308150] [cg_autonomous_navigator]: Tentando mover de (13, 7) para (12, 7)
[INFO] [1764531843.050346595] [cg_autonomous_navigator]: Novo alvo de exploração: (11, 7)
[INFO] [1764531843.050438302] [cg_autonomous_navigator]: Tentando mover de (12, 7) para (11, 7)
[INFO] [1764531843.100399412] [cg_autonomous_navigator]: Novo alvo de exploração: (10, 7)
[INFO] [1764531843.100512470] [cg_autonomous_navigator]: Tentando mover de (11, 7) para (10, 7)
[INFO] [1764531843.150355874] [cg_autonomous_navigator]: Novo alvo de exploração: (9, 7)
[INFO] [1764531843.150461011] [cg_autonomous_navigator]: Tentando mover de (10, 7) para (9, 7)
[INFO] [1764531843.200461433] [cg_autonomous_navigator]: Novo alvo de exploração: (9, 8)
[INFO] [1764531843.200543150] [cg_autonomous_navigator]: Tentando mover de (9, 7) para (9, 8)
[INFO] [1764531843.250439814] [cg_autonomous_navigator]: Novo alvo de exploração: (8, 9)
[INFO] [1764531843.250516808] [cg_autonomous_navigator]: Tentando mover de (9, 8) para (9, 9)
[INFO] [1764531843.300339211] [cg_autonomous_navigator]: Tentando mover de (9, 9) para (8, 9)
[INFO] [1764531843.350315591] [cg_autonomous_navigator]: Novo alvo de exploração: (7, 8)
[INFO] [1764531843.350417088] [cg_autonomous_navigator]: Tentando mover de (8, 9) para (7, 9)
[INFO] [1764531843.400356149] [cg_autonomous_navigator]: Tentando mover de (7, 9) para (7, 8)
[INFO] [1764531843.450369812] [cg_autonomous_navigator]: Novo alvo de exploração: (6, 7)
[INFO] [1764531843.450470486] [cg_autonomous_navigator]: Tentando mover de (7, 8) para (7, 7)
[INFO] [1764531843.500358555] [cg_autonomous_navigator]: Tentando mover de (7, 7) para (6, 7)
[INFO] [1764531843.550320477] [cg_autonomous_navigator]: Novo alvo de exploração: (5, 7)
[INFO] [1764531843.550387387] [cg_autonomous_navigator]: Tentando mover de (6, 7) para (5, 7)
[INFO] [1764531843.600340890] [cg_autonomous_navigator]: Novo alvo de exploração: (4, 7)
[INFO] [1764531843.600405504] [cg_autonomous_navigator]: Tentando mover de (5, 7) para (4, 7)
[INFO] [1764531843.650353056] [cg_autonomous_navigator]: Novo alvo de exploração: (3, 6)
[INFO] [1764531843.650431952] [cg_autonomous_navigator]: Tentando mover de (4, 7) para (3, 7)
[INFO] [1764531843.700331193] [cg_autonomous_navigator]: Tentando mover de (3, 7) para (3, 6)
[INFO] [1764531843.750379748] [cg_autonomous_navigator]: Novo alvo de exploração: (3, 5)
[INFO] [1764531843.750455091] [cg_autonomous_navigator]: Tentando mover de (3, 6) para (3, 5)
[INFO] [1764531843.800384750] [cg_autonomous_navigator]: Novo alvo de exploração: (3, 4)
[INFO] [1764531843.800513796] [cg_autonomous_navigator]: Tentando mover de (3, 5) para (3, 4)
[INFO] [1764531843.850371646] [cg_autonomous_navigator]: Novo alvo de exploração: (2, 3)
[INFO] [1764531843.850473697] [cg_autonomous_navigator]: Tentando mover de (3, 4) para (3, 3)
[INFO] [1764531843.900318107] [cg_autonomous_navigator]: Tentando mover de (3, 3) para (2, 3)
[INFO] [1764531843.950467774] [cg_autonomous_navigator]: Novo alvo de exploração: (1, 3)
[INFO] [1764531843.950544829] [cg_autonomous_navigator]: Tentando mover de (2, 3) para (1, 3)
[INFO] [1764531844.000325082] [cg_autonomous_navigator]: Novo alvo de exploração: (4, 3)
[INFO] [1764531844.000407171] [cg_autonomous_navigator]: Tentando mover de (1, 3) para (2, 3)
[INFO] [1764531844.050318993] [cg_autonomous_navigator]: Tentando mover de (2, 3) para (3, 3)
[INFO] [1764531844.100442557] [cg_autonomous_navigator]: Tentando mover de (3, 3) para (4, 3)
[INFO] [1764531844.150381338] [cg_autonomous_navigator]: Novo alvo de exploração: (5, 3)
[INFO] [1764531844.150487820] [cg_autonomous_navigator]: Tentando mover de (4, 3) para (5, 3)
[INFO] [1764531844.200364358] [cg_autonomous_navigator]: Novo alvo de exploração: (6, 3)
[INFO] [1764531844.200465044] [cg_autonomous_navigator]: Tentando mover de (5, 3) para (6, 3)
[INFO] [1764531844.250408318] [cg_autonomous_navigator]: Novo alvo de exploração: (7, 3)
[INFO] [1764531844.250531860] [cg_autonomous_navigator]: Tentando mover de (6, 3) para (7, 3)
[INFO] [1764531844.300400608] [cg_autonomous_navigator]: Novo alvo de exploração: (1, 4)
[INFO] [1764531844.300560330] [cg_autonomous_navigator]: Tentando mover de (7, 3) para (6, 3)
[INFO] [1764531844.350427166] [cg_autonomous_navigator]: Tentando mover de (6, 3) para (5, 3)
[INFO] [1764531844.400319954] [cg_autonomous_navigator]: Tentando mover de (5, 3) para (4, 3)
[INFO] [1764531844.450353117] [cg_autonomous_navigator]: Tentando mover de (4, 3) para (3, 3)
[INFO] [1764531844.500320541] [cg_autonomous_navigator]: Tentando mover de (3, 3) para (2, 3)
[INFO] [1764531844.550320556] [cg_autonomous_navigator]: Tentando mover de (2, 3) para (1, 3)
[INFO] [1764531844.600374352] [cg_autonomous_navigator]: Tentando mover de (1, 3) para (1, 4)
[INFO] [1764531844.650388534] [cg_autonomous_navigator]: Novo alvo de exploração: (7, 4)
[INFO] [1764531844.650532446] [cg_autonomous_navigator]: Tentando mover de (1, 4) para (1, 3)
[INFO] [1764531844.700348650] [cg_autonomous_navigator]: Tentando mover de (1, 3) para (2, 3)
[INFO] [1764531844.750383490] [cg_autonomous_navigator]: Tentando mover de (2, 3) para (3, 3)
[INFO] [1764531844.800324541] [cg_autonomous_navigator]: Tentando mover de (3, 3) para (4, 3)
[INFO] [1764531844.850364411] [cg_autonomous_navigator]: Tentando mover de (4, 3) para (5, 3)
[INFO] [1764531844.900325445] [cg_autonomous_navigator]: Tentando mover de (5, 3) para (6, 3)
[INFO] [1764531844.950323861] [cg_autonomous_navigator]: Tentando mover de (6, 3) para (7, 3)
[INFO] [1764531845.000374784] [cg_autonomous_navigator]: Tentando mover de (7, 3) para (7, 4)
[INFO] [1764531845.050389577] [cg_autonomous_navigator]: Novo alvo de exploração: (1, 5)
[INFO] [1764531845.050574969] [cg_autonomous_navigator]: Tentando mover de (7, 4) para (7, 3)
[INFO] [1764531845.100373222] [cg_autonomous_navigator]: Tentando mover de (7, 3) para (6, 3)
[INFO] [1764531845.150350964] [cg_autonomous_navigator]: Tentando mover de (6, 3) para (5, 3)
[INFO] [1764531845.200352700] [cg_autonomous_navigator]: Tentando mover de (5, 3) para (4, 3)
[INFO] [1764531845.250342244] [cg_autonomous_navigator]: Tentando mover de (4, 3) para (3, 3)
[INFO] [1764531845.300344414] [cg_autonomous_navigator]: Tentando mover de (3, 3) para (2, 3)
[INFO] [1764531845.350358084] [cg_autonomous_navigator]: Tentando mover de (2, 3) para (1, 3)
[INFO] [1764531845.400331447] [cg_autonomous_navigator]: Tentando mover de (1, 3) para (1, 4)
[INFO] [1764531845.450371277] [cg_autonomous_navigator]: Tentando mover de (1, 4) para (1, 5)
[INFO] [1764531845.500359733] [cg_autonomous_navigator]: Novo alvo de exploração: (6, 5)
[INFO] [1764531845.500528091] [cg_autonomous_navigator]: Tentando mover de (1, 5) para (1, 4)
[INFO] [1764531845.550454971] [cg_autonomous_navigator]: Tentando mover de (1, 4) para (1, 3)
[INFO] [1764531845.600329753] [cg_autonomous_navigator]: Tentando mover de (1, 3) para (2, 3)
[INFO] [1764531845.650470398] [cg_autonomous_navigator]: Tentando mover de (2, 3) para (3, 3)
[INFO] [1764531845.700357741] [cg_autonomous_navigator]: Tentando mover de (3, 3) para (4, 3)
[INFO] [1764531845.750376659] [cg_autonomous_navigator]: Tentando mover de (4, 3) para (5, 3)
[INFO] [1764531845.800363294] [cg_autonomous_navigator]: Tentando mover de (5, 3) para (6, 3)
[INFO] [1764531845.850349030] [cg_autonomous_navigator]: Tentando mover de (6, 3) para (7, 3)
[INFO] [1764531845.900376155] [cg_autonomous_navigator]: Tentando mover de (7, 3) para (7, 4)
[INFO] [1764531845.950333393] [cg_autonomous_navigator]: Tentando mover de (7, 4) para (7, 5)
[INFO] [1764531846.000346613] [cg_autonomous_navigator]: Tentando mover de (7, 5) para (6, 5)
[INFO] [1764531846.050481137] [cg_autonomous_navigator]: Novo alvo de exploração: (8, 5)
[INFO] [1764531846.050586328] [cg_autonomous_navigator]: Tentando mover de (6, 5) para (7, 5)
[INFO] [1764531846.100435026] [cg_autonomous_navigator]: Tentando mover de (7, 5) para (8, 5)
[INFO] [1764531846.150369820] [cg_autonomous_navigator]: Novo alvo de exploração: (9, 4)
[INFO] [1764531846.150470861] [cg_autonomous_navigator]: Tentando mover de (8, 5) para (9, 5)
[INFO] [1764531846.200337216] [cg_autonomous_navigator]: Tentando mover de (9, 5) para (9, 4)
[INFO] [1764531846.250346084] [cg_autonomous_navigator]: Novo alvo de exploração: (1, 6)
[INFO] [1764531846.250472864] [cg_autonomous_navigator]: Tentando mover de (9, 4) para (9, 5)
[INFO] [1764531846.300329551] [cg_autonomous_navigator]: Tentando mover de (9, 5) para (8, 5)
[INFO] [1764531846.350361726] [cg_autonomous_navigator]: Tentando mover de (8, 5) para (7, 5)
[INFO] [1764531846.400332574] [cg_autonomous_navigator]: Tentando mover de (7, 5) para (7, 4)
[INFO] [1764531846.450365772] [cg_autonomous_navigator]: Tentando mover de (7, 4) para (7, 3)
[INFO] [1764531846.500364687] [cg_autonomous_navigator]: Tentando mover de (7, 3) para (6, 3)
[INFO] [1764531846.550344896] [cg_autonomous_navigator]: Tentando mover de (6, 3) para (5, 3)
[INFO] [1764531846.600359519] [cg_autonomous_navigator]: Tentando mover de (5, 3) para (4, 3)
[INFO] [1764531846.650363582] [cg_autonomous_navigator]: Tentando mover de (4, 3) para (3, 3)
[INFO] [1764531846.700365319] [cg_autonomous_navigator]: Tentando mover de (3, 3) para (2, 3)
[INFO] [1764531846.750372743] [cg_autonomous_navigator]: Tentando mover de (2, 3) para (1, 3)
[INFO] [1764531846.800357805] [cg_autonomous_navigator]: Tentando mover de (1, 3) para (1, 4)
[INFO] [1764531846.850376359] [cg_autonomous_navigator]: Tentando mover de (1, 4) para (1, 5)
[INFO] [1764531846.900344433] [cg_autonomous_navigator]: Tentando mover de (1, 5) para (1, 6)
[INFO] [1764531846.950371054] [cg_autonomous_navigator]: Novo alvo de exploração: (1, 7)
[INFO] [1764531846.950465391] [cg_autonomous_navigator]: Tentando mover de (1, 6) para (1, 7)
[INFO] [1764531847.000382498] [cg_autonomous_navigator]: Novo alvo de exploração: (1, 8)
[INFO] [1764531847.000445233] [cg_autonomous_navigator]: Tentando mover de (1, 7) para (1, 8)
[INFO] [1764531847.050415268] [cg_autonomous_navigator]: Novo alvo de exploração: (1, 9)
[INFO] [1764531847.050499990] [cg_autonomous_navigator]: Tentando mover de (1, 8) para (1, 9)
[INFO] [1764531847.100317855] [cg_autonomous_navigator]: Novo alvo de exploração: (1, 10)
[INFO] [1764531847.100390713] [cg_autonomous_navigator]: Tentando mover de (1, 9) para (1, 10)
[INFO] [1764531847.150409366] [cg_autonomous_navigator]: Novo alvo de exploração: (1, 11)
[INFO] [1764531847.150504058] [cg_autonomous_navigator]: Tentando mover de (1, 10) para (1, 11)
[INFO] [1764531847.200366624] [cg_autonomous_navigator]: Novo alvo de exploração: (2, 11)
[INFO] [1764531847.200443539] [cg_autonomous_navigator]: Tentando mover de (1, 11) para (2, 11)
[INFO] [1764531847.250425642] [cg_autonomous_navigator]: Novo alvo de exploração: (3, 11)
[INFO] [1764531847.250502912] [cg_autonomous_navigator]: Tentando mover de (2, 11) para (3, 11)
[INFO] [1764531847.300324640] [cg_autonomous_navigator]: Novo alvo de exploração: (3, 12)
[INFO] [1764531847.300385653] [cg_autonomous_navigator]: Tentando mover de (3, 11) para (3, 12)
[INFO] [1764531847.350398182] [cg_autonomous_navigator]: Novo alvo de exploração: (3, 13)
[INFO] [1764531847.350483526] [cg_autonomous_navigator]: Tentando mover de (3, 12) para (3, 13)
[INFO] [1764531847.400391559] [cg_autonomous_navigator]: Novo alvo de exploração: (3, 14)
[INFO] [1764531847.400466951] [cg_autonomous_navigator]: Tentando mover de (3, 13) para (3, 14)
[INFO] [1764531847.450366610] [cg_autonomous_navigator]: Novo alvo de exploração: (3, 15)
[INFO] [1764531847.450436630] [cg_autonomous_navigator]: Tentando mover de (3, 14) para (3, 15)
[INFO] [1764531847.500448062] [cg_autonomous_navigator]: Novo alvo de exploração: (4, 15)
[INFO] [1764531847.500559500] [cg_autonomous_navigator]: Tentando mover de (3, 15) para (4, 15)
[INFO] [1764531847.550372877] [cg_autonomous_navigator]: Novo alvo de exploração: (5, 15)
[INFO] [1764531847.550437297] [cg_autonomous_navigator]: Tentando mover de (4, 15) para (5, 15)
[INFO] [1764531847.600373361] [cg_autonomous_navigator]: Novo alvo de exploração: (6, 15)
[INFO] [1764531847.600451308] [cg_autonomous_navigator]: Tentando mover de (5, 15) para (6, 15)
[INFO] [1764531847.650481001] [cg_autonomous_navigator]: Novo alvo de exploração: (7, 14)
[INFO] [1764531847.650634535] [cg_autonomous_navigator]: Tentando mover de (6, 15) para (7, 15)
[INFO] [1764531847.700344997] [cg_autonomous_navigator]: Tentando mover de (7, 15) para (7, 14)
[INFO] [1764531847.750427361] [cg_autonomous_navigator]: Novo alvo de exploração: (7, 13)
[INFO] [1764531847.750524736] [cg_autonomous_navigator]: Tentando mover de (7, 14) para (7, 13)
[INFO] [1764531847.800407074] [cg_autonomous_navigator]: Novo alvo de exploração: (7, 12)
[INFO] [1764531847.800498790] [cg_autonomous_navigator]: Tentando mover de (7, 13) para (7, 12)
[INFO] [1764531847.850438504] [cg_autonomous_navigator]: Novo alvo de exploração: (6, 11)
[INFO] [1764531847.850558119] [cg_autonomous_navigator]: Tentando mover de (7, 12) para (7, 11)
[INFO] [1764531847.900472193] [cg_autonomous_navigator]: Tentando mover de (7, 11) para (6, 11)
[INFO] [1764531847.950426181] [cg_autonomous_navigator]: Novo alvo de exploração: (5, 10)
[INFO] [1764531847.950546175] [cg_autonomous_navigator]: Tentando mover de (6, 11) para (5, 11)
[INFO] [1764531848.000415480] [cg_autonomous_navigator]: Tentando mover de (5, 11) para (5, 10)
[INFO] [1764531848.050412720] [cg_autonomous_navigator]: Novo alvo de exploração: (4, 9)
[INFO] [1764531848.050541547] [cg_autonomous_navigator]: Tentando mover de (5, 10) para (5, 9)
[INFO] [1764531848.100342456] [cg_autonomous_navigator]: Tentando mover de (5, 9) para (4, 9)
[INFO] [1764531848.150403107] [cg_autonomous_navigator]: Novo alvo de exploração: (8, 11)
[INFO] [1764531848.150519031] [cg_autonomous_navigator]: Tentando mover de (4, 9) para (5, 9)
[INFO] [1764531848.200398654] [cg_autonomous_navigator]: Tentando mover de (5, 9) para (5, 10)
[INFO] [1764531848.250405538] [cg_autonomous_navigator]: Tentando mover de (5, 10) para (5, 11)
[INFO] [1764531848.300374353] [cg_autonomous_navigator]: Tentando mover de (5, 11) para (6, 11)
[INFO] [1764531848.350366607] [cg_autonomous_navigator]: Tentando mover de (6, 11) para (7, 11)
[INFO] [1764531848.400475545] [cg_autonomous_navigator]: Tentando mover de (7, 11) para (8, 11)
[INFO] [1764531848.450450382] [cg_autonomous_navigator]: Novo alvo de exploração: (9, 11)
[INFO] [1764531848.450567750] [cg_autonomous_navigator]: Tentando mover de (8, 11) para (9, 11)
[INFO] [1764531848.500396579] [cg_autonomous_navigator]: Novo alvo de exploração: (5, 12)
[INFO] [1764531848.500515236] [cg_autonomous_navigator]: Tentando mover de (9, 11) para (8, 11)
[INFO] [1764531848.550382326] [cg_autonomous_navigator]: Tentando mover de (8, 11) para (7, 11)
[INFO] [1764531848.600357753] [cg_autonomous_navigator]: Tentando mover de (7, 11) para (6, 11)
[INFO] [1764531848.650351013] [cg_autonomous_navigator]: Tentando mover de (6, 11) para (5, 11)
[INFO] [1764531848.700349746] [cg_autonomous_navigator]: Tentando mover de (5, 11) para (5, 12)
[INFO] [1764531848.750381428] [cg_autonomous_navigator]: Novo alvo de exploração: (9, 12)
[INFO] [1764531848.750475170] [cg_autonomous_navigator]: Tentando mover de (5, 12) para (5, 11)
[INFO] [1764531848.800380686] [cg_autonomous_navigator]: Tentando mover de (5, 11) para (6, 11)
[INFO] [1764531848.850380014] [cg_autonomous_navigator]: Tentando mover de (6, 11) para (7, 11)
[INFO] [1764531848.900379851] [cg_autonomous_navigator]: Tentando mover de (7, 11) para (8, 11)
[INFO] [1764531848.950484829] [cg_autonomous_navigator]: Tentando mover de (8, 11) para (9, 11)
[INFO] [1764531849.000372208] [cg_autonomous_navigator]: Tentando mover de (9, 11) para (9, 12)
[INFO] [1764531849.050417774] [cg_autonomous_navigator]: Novo alvo de exploração: (9, 13)
[INFO] [1764531849.050490195] [cg_autonomous_navigator]: Tentando mover de (9, 12) para (9, 13)
[INFO] [1764531849.100498459] [cg_autonomous_navigator]: Novo alvo de exploração: (10, 13)
[INFO] [1764531849.100589262] [cg_autonomous_navigator]: Tentando mover de (9, 13) para (10, 13)
[INFO] [1764531849.150515260] [cg_autonomous_navigator]: Novo alvo de exploração: (11, 12)
[INFO] [1764531849.150617610] [cg_autonomous_navigator]: Tentando mover de (10, 13) para (11, 13)
[INFO] [1764531849.200426502] [cg_autonomous_navigator]: Tentando mover de (11, 13) para (11, 12)
[INFO] [1764531849.250470444] [cg_autonomous_navigator]: Novo alvo de exploração: (11, 11)
[INFO] [1764531849.250585078] [cg_autonomous_navigator]: Tentando mover de (11, 12) para (11, 11)
[INFO] [1764531849.300449596] [cg_autonomous_navigator]: Novo alvo de exploração: (11, 10)
[INFO] [1764531849.300560372] [cg_autonomous_navigator]: Tentando mover de (11, 11) para (11, 10)
[INFO] [1764531849.350520048] [cg_autonomous_navigator]: Novo alvo de exploração: (11, 14)
[INFO] [1764531849.350684142] [cg_autonomous_navigator]: Tentando mover de (11, 10) para (11, 11)
[INFO] [1764531849.400402606] [cg_autonomous_navigator]: Tentando mover de (11, 11) para (11, 12)
[INFO] [1764531849.450454205] [cg_autonomous_navigator]: Tentando mover de (11, 12) para (11, 13)
[INFO] [1764531849.500373157] [cg_autonomous_navigator]: Tentando mover de (11, 13) para (11, 14)
[INFO] [1764531849.550535060] [cg_autonomous_navigator]: Novo alvo de exploração: (11, 15)
[INFO] [1764531849.550669247] [cg_autonomous_navigator]: Tentando mover de (11, 14) para (11, 15)
[INFO] [1764531849.600372905] [cg_autonomous_navigator]: Novo alvo de exploração: (12, 15)
[INFO] [1764531849.600449894] [cg_autonomous_navigator]: Tentando mover de (11, 15) para (12, 15)
[INFO] [1764531849.650630328] [cg_autonomous_navigator]: Novo alvo de exploração: (13, 15)
[INFO] [1764531849.650843087] [cg_autonomous_navigator]: Tentando mover de (12, 15) para (13, 15)
[INFO] [1764531849.700410561] [cg_autonomous_navigator]: Novo alvo de exploração: (13, 16)
[INFO] [1764531849.700473684] [cg_autonomous_navigator]: Tentando mover de (13, 15) para (13, 16)
[INFO] [1764531849.750554826] [cg_autonomous_navigator]: Novo alvo de exploração: (13, 17)
[INFO] [1764531849.750638138] [cg_autonomous_navigator]: Tentando mover de (13, 16) para (13, 17)
[INFO] [1764531849.800544860] [cg_autonomous_navigator]: Novo alvo de exploração: (13, 18)
[INFO] [1764531849.800665386] [cg_autonomous_navigator]: Tentando mover de (13, 17) para (13, 18)
[INFO] [1764531849.850419848] [cg_autonomous_navigator]: Novo alvo de exploração: (13, 19)
[INFO] [1764531849.850489938] [cg_autonomous_navigator]: Tentando mover de (13, 18) para (13, 19)
[INFO] [1764531849.900479244] [cg_autonomous_navigator]: Novo alvo de exploração: (14, 19)
[INFO] [1764531849.900615820] [cg_autonomous_navigator]: Tentando mover de (13, 19) para (14, 19)
[INFO] [1764531849.950468203] [cg_autonomous_navigator]: Novo alvo de exploração: (15, 19)
[INFO] [1764531849.950617226] [cg_autonomous_navigator]: Tentando mover de (14, 19) para (15, 19)
[INFO] [1764531850.000452397] [cg_autonomous_navigator]: Novo alvo de exploração: (15, 20)
[INFO] [1764531850.000557958] [cg_autonomous_navigator]: Tentando mover de (15, 19) para (15, 20)
[INFO] [1764531850.050437736] [cg_autonomous_navigator]: Novo alvo de exploração: (15, 21)
[INFO] [1764531850.050524684] [cg_autonomous_navigator]: Tentando mover de (15, 20) para (15, 21)
[INFO] [1764531850.100463606] [cg_autonomous_navigator]: Novo alvo de exploração: (15, 22)
[INFO] [1764531850.100548988] [cg_autonomous_navigator]: Tentando mover de (15, 21) para (15, 22)
[INFO] [1764531850.150455110] [cg_autonomous_navigator]: Novo alvo de exploração: (14, 23)
[INFO] [1764531850.150563247] [cg_autonomous_navigator]: Tentando mover de (15, 22) para (15, 23)
[INFO] [1764531850.200401723] [cg_autonomous_navigator]: Tentando mover de (15, 23) para (14, 23)
[INFO] [1764531850.250417892] [cg_autonomous_navigator]: Novo alvo de exploração: (13, 23)
[INFO] [1764531850.250487803] [cg_autonomous_navigator]: Tentando mover de (14, 23) para (13, 23)
[INFO] [1764531850.300570833] [cg_autonomous_navigator]: Novo alvo de exploração: (13, 24)
[INFO] [1764531850.300703845] [cg_autonomous_navigator]: Tentando mover de (13, 23) para (13, 24)
[INFO] [1764531850.350549578] [cg_autonomous_navigator]: Novo alvo de exploração: (13, 25)
[INFO] [1764531850.350701976] [cg_autonomous_navigator]: Tentando mover de (13, 24) para (13, 25)
[INFO] [1764531850.400454308] [cg_autonomous_navigator]: Novo alvo de exploração: (13, 26)
[INFO] [1764531850.400557054] [cg_autonomous_navigator]: Tentando mover de (13, 25) para (13, 26)
[INFO] [1764531850.450523668] [cg_autonomous_navigator]: Novo alvo de exploração: (12, 27)
[INFO] [1764531850.450618438] [cg_autonomous_navigator]: Tentando mover de (13, 26) para (13, 27)
[INFO] [1764531850.500387282] [cg_autonomous_navigator]: Tentando mover de (13, 27) para (12, 27)
[INFO] [1764531850.550498463] [cg_autonomous_navigator]: Novo alvo de exploração: (11, 26)
[INFO] [1764531850.550622616] [cg_autonomous_navigator]: Tentando mover de (12, 27) para (11, 27)
[INFO] [1764531850.600412243] [cg_autonomous_navigator]: Tentando mover de (11, 27) para (11, 26)
[INFO] [1764531850.650560952] [cg_autonomous_navigator]: Novo alvo de exploração: (10, 25)
[INFO] [1764531850.650652788] [cg_autonomous_navigator]: Tentando mover de (11, 26) para (11, 25)
[INFO] [1764531850.700360998] [cg_autonomous_navigator]: Tentando mover de (11, 25) para (10, 25)
[INFO] [1764531850.750402698] [cg_autonomous_navigator]: Novo alvo de exploração: (9, 25)
[INFO] [1764531850.750468061] [cg_autonomous_navigator]: Tentando mover de (10, 25) para (9, 25)
[INFO] [1764531850.800459891] [cg_autonomous_navigator]: Novo alvo de exploração: (8, 25)
[INFO] [1764531850.800538141] [cg_autonomous_navigator]: Tentando mover de (9, 25) para (8, 25)
[INFO] [1764531850.850450305] [cg_autonomous_navigator]: Novo alvo de exploração: (7, 24)
[INFO] [1764531850.850557405] [cg_autonomous_navigator]: Tentando mover de (8, 25) para (7, 25)
[INFO] [1764531850.900379799] [cg_autonomous_navigator]: Tentando mover de (7, 25) para (7, 24)
[INFO] [1764531850.950402191] [cg_autonomous_navigator]: Novo alvo de exploração: (7, 23)
[INFO] [1764531850.950465359] [cg_autonomous_navigator]: Tentando mover de (7, 24) para (7, 23)
[INFO] [1764531851.000429415] [cg_autonomous_navigator]: Novo alvo de exploração: (8, 23)
[INFO] [1764531851.000490025] [cg_autonomous_navigator]: Tentando mover de (7, 23) para (8, 23)
[INFO] [1764531851.050435929] [cg_autonomous_navigator]: Novo alvo de exploração: (9, 23)
[INFO] [1764531851.050520398] [cg_autonomous_navigator]: Tentando mover de (8, 23) para (9, 23)
[INFO] [1764531851.100434288] [cg_autonomous_navigator]: Novo alvo de exploração: (10, 23)
[INFO] [1764531851.100519945] [cg_autonomous_navigator]: Tentando mover de (9, 23) para (10, 23)
[INFO] [1764531851.150449531] [cg_autonomous_navigator]: Novo alvo de exploração: (11, 22)
[INFO] [1764531851.150539554] [cg_autonomous_navigator]: Tentando mover de (10, 23) para (11, 23)
[INFO] [1764531851.200418649] [cg_autonomous_navigator]: Tentando mover de (11, 23) para (11, 22)
[INFO] [1764531851.250431393] [cg_autonomous_navigator]: Novo alvo de exploração: (10, 21)
[INFO] [1764531851.250525816] [cg_autonomous_navigator]: Tentando mover de (11, 22) para (11, 21)
[INFO] [1764531851.300367970] [cg_autonomous_navigator]: Tentando mover de (11, 21) para (10, 21)
[INFO] [1764531851.350434748] [cg_autonomous_navigator]: Novo alvo de exploração: (9, 21)
[INFO] [1764531851.350508259] [cg_autonomous_navigator]: Tentando mover de (10, 21) para (9, 21)
[INFO] [1764531851.400437780] [cg_autonomous_navigator]: Novo alvo de exploração: (8, 21)
[INFO] [1764531851.400510500] [cg_autonomous_navigator]: Tentando mover de (9, 21) para (8, 21)
[INFO] [1764531851.450460323] [cg_autonomous_navigator]: Novo alvo de exploração: (7, 21)
[INFO] [1764531851.450535515] [cg_autonomous_navigator]: Tentando mover de (8, 21) para (7, 21)
[INFO] [1764531851.500449272] [cg_autonomous_navigator]: Novo alvo de exploração: (6, 21)
[INFO] [1764531851.500531751] [cg_autonomous_navigator]: Tentando mover de (7, 21) para (6, 21)
[INFO] [1764531851.550452512] [cg_autonomous_navigator]: Novo alvo de exploração: (5, 21)
[INFO] [1764531851.550522339] [cg_autonomous_navigator]: Tentando mover de (6, 21) para (5, 21)
[INFO] [1764531851.600532525] [cg_autonomous_navigator]: Novo alvo de exploração: (4, 21)
[INFO] [1764531851.600672754] [cg_autonomous_navigator]: Tentando mover de (5, 21) para (4, 21)
[INFO] [1764531851.650461548] [cg_autonomous_navigator]: Novo alvo de exploração: (3, 21)
[INFO] [1764531851.650561288] [cg_autonomous_navigator]: Tentando mover de (4, 21) para (3, 21)
[INFO] [1764531851.700430886] [cg_autonomous_navigator]: Novo alvo de exploração: (2, 21)
[INFO] [1764531851.700502023] [cg_autonomous_navigator]: Tentando mover de (3, 21) para (2, 21)
[INFO] [1764531851.750470035] [cg_autonomous_navigator]: Novo alvo de exploração: (1, 20)
[INFO] [1764531851.750553885] [cg_autonomous_navigator]: Tentando mover de (2, 21) para (1, 21)
[INFO] [1764531851.800372466] [cg_autonomous_navigator]: Tentando mover de (1, 21) para (1, 20)
[INFO] [1764531851.850437428] [cg_autonomous_navigator]: Novo alvo de exploração: (1, 19)
[INFO] [1764531851.850508851] [cg_autonomous_navigator]: Tentando mover de (1, 20) para (1, 19)
[INFO] [1764531851.900433883] [cg_autonomous_navigator]: Novo alvo de exploração: (1, 18)
[INFO] [1764531851.900506531] [cg_autonomous_navigator]: Tentando mover de (1, 19) para (1, 18)
[INFO] [1764531851.950444931] [cg_autonomous_navigator]: Novo alvo de exploração: (1, 17)
[INFO] [1764531851.950519864] [cg_autonomous_navigator]: Tentando mover de (1, 18) para (1, 17)
[INFO] [1764531852.000464565] [cg_autonomous_navigator]: Novo alvo de exploração: (1, 16)
[INFO] [1764531852.000555800] [cg_autonomous_navigator]: Tentando mover de (1, 17) para (1, 16)
[INFO] [1764531852.050440898] [cg_autonomous_navigator]: Novo alvo de exploração: (1, 15)
[INFO] [1764531852.050521993] [cg_autonomous_navigator]: Tentando mover de (1, 16) para (1, 15)
[INFO] [1764531852.100409538] [cg_autonomous_navigator]: Novo alvo de exploração: (1, 14)
[INFO] [1764531852.100477271] [cg_autonomous_navigator]: Tentando mover de (1, 15) para (1, 14)
[INFO] [1764531852.150486940] [cg_autonomous_navigator]: Novo alvo de exploração: (2, 17)
[INFO] [1764531852.150603099] [cg_autonomous_navigator]: Tentando mover de (1, 14) para (1, 15)
[INFO] [1764531852.200376945] [cg_autonomous_navigator]: Tentando mover de (1, 15) para (1, 16)
[INFO] [1764531852.250377154] [cg_autonomous_navigator]: Tentando mover de (1, 16) para (1, 17)
[INFO] [1764531852.300508514] [cg_autonomous_navigator]: Tentando mover de (1, 17) para (2, 17)
[INFO] [1764531852.350486725] [cg_autonomous_navigator]: Novo alvo de exploração: (3, 17)
[INFO] [1764531852.350604206] [cg_autonomous_navigator]: Tentando mover de (2, 17) para (3, 17)
[INFO] [1764531852.400418327] [cg_autonomous_navigator]: Novo alvo de exploração: (3, 18)
[INFO] [1764531852.400481777] [cg_autonomous_navigator]: Tentando mover de (3, 17) para (3, 18)
[INFO] [1764531852.450566351] [cg_autonomous_navigator]: Novo alvo de exploração: (4, 19)
[INFO] [1764531852.450702642] [cg_autonomous_navigator]: Tentando mover de (3, 18) para (3, 19)
[INFO] [1764531852.500398970] [cg_autonomous_navigator]: Tentando mover de (3, 19) para (4, 19)
[INFO] [1764531852.550531116] [cg_autonomous_navigator]: Novo alvo de exploração: (5, 18)
[INFO] [1764531852.550617395] [cg_autonomous_navigator]: Tentando mover de (4, 19) para (5, 19)
[INFO] [1764531852.600435292] [cg_autonomous_navigator]: Tentando mover de (5, 19) para (5, 18)
[INFO] [1764531852.650478397] [cg_autonomous_navigator]: Novo alvo de exploração: (6, 17)
[INFO] [1764531852.650550652] [cg_autonomous_navigator]: Tentando mover de (5, 18) para (5, 17)
[INFO] [1764531852.700405107] [cg_autonomous_navigator]: Tentando mover de (5, 17) para (6, 17)
[INFO] [1764531852.750427556] [cg_autonomous_navigator]: Novo alvo de exploração: (7, 17)
[INFO] [1764531852.750491538] [cg_autonomous_navigator]: Tentando mover de (6, 17) para (7, 17)
[INFO] [1764531852.800458839] [cg_autonomous_navigator]: Novo alvo de exploração: (8, 17)
[INFO] [1764531852.800534697] [cg_autonomous_navigator]: Tentando mover de (7, 17) para (8, 17)
[INFO] [1764531852.850474076] [cg_autonomous_navigator]: Novo alvo de exploração: (9, 16)
[INFO] [1764531852.850568884] [cg_autonomous_navigator]: Tentando mover de (8, 17) para (9, 17)
[INFO] [1764531852.900386521] [cg_autonomous_navigator]: Tentando mover de (9, 17) para (9, 16)
[INFO] [1764531852.950461585] [cg_autonomous_navigator]: Novo alvo de exploração: (9, 18)
[INFO] [1764531852.950551676] [cg_autonomous_navigator]: Tentando mover de (9, 16) para (9, 17)
[INFO] [1764531853.000390689] [cg_autonomous_navigator]: Tentando mover de (9, 17) para (9, 18)
[INFO] [1764531853.050457190] [cg_autonomous_navigator]: Novo alvo de exploração: (8, 19)
[INFO] [1764531853.050541825] [cg_autonomous_navigator]: Tentando mover de (9, 18) para (9, 19)
[INFO] [1764531853.100408778] [cg_autonomous_navigator]: Tentando mover de (9, 19) para (8, 19)
[INFO] [1764531853.150460430] [cg_autonomous_navigator]: Novo alvo de exploração: (10, 19)
[INFO] [1764531853.150532825] [cg_autonomous_navigator]: Tentando mover de (8, 19) para (9, 19)
[INFO] [1764531853.200434954] [cg_autonomous_navigator]: Tentando mover de (9, 19) para (10, 19)
[INFO] [1764531853.250517663] [cg_autonomous_navigator]: Novo alvo de exploração: (11, 18)
[INFO] [1764531853.250662037] [cg_autonomous_navigator]: Tentando mover de (10, 19) para (11, 19)
[INFO] [1764531853.300379680] [cg_autonomous_navigator]: Tentando mover de (11, 19) para (11, 18)
[INFO] [1764531853.350463432] [cg_autonomous_navigator]: Novo alvo de exploração: (12, 21)
[INFO] [1764531853.350718166] [cg_autonomous_navigator]: Tentando mover de (11, 18) para (11, 19)
[INFO] [1764531853.400425654] [cg_autonomous_navigator]: Tentando mover de (11, 19) para (10, 19)
[INFO] [1764531853.450510006] [cg_autonomous_navigator]: Tentando mover de (10, 19) para (9, 19)
[INFO] [1764531853.500543602] [cg_autonomous_navigator]: Tentando mover de (9, 19) para (9, 18)
[INFO] [1764531853.550507429] [cg_autonomous_navigator]: Tentando mover de (9, 18) para (9, 17)
[INFO] [1764531853.600436419] [cg_autonomous_navigator]: Tentando mover de (9, 17) para (8, 17)
[INFO] [1764531853.650403260] [cg_autonomous_navigator]: Tentando mover de (8, 17) para (7, 17)
[INFO] [1764531853.700434598] [cg_autonomous_navigator]: Tentando mover de (7, 17) para (6, 17)
[INFO] [1764531853.750402064] [cg_autonomous_navigator]: Tentando mover de (6, 17) para (5, 17)
[INFO] [1764531853.800368737] [cg_autonomous_navigator]: Tentando mover de (5, 17) para (5, 18)
[INFO] [1764531853.850432597] [cg_autonomous_navigator]: Tentando mover de (5, 18) para (5, 19)
[INFO] [1764531853.900429458] [cg_autonomous_navigator]: Tentando mover de (5, 19) para (4, 19)
[INFO] [1764531853.950418316] [cg_autonomous_navigator]: Tentando mover de (4, 19) para (3, 19)
[INFO] [1764531854.000421127] [cg_autonomous_navigator]: Tentando mover de (3, 19) para (3, 18)
[INFO] [1764531854.050400461] [cg_autonomous_navigator]: Tentando mover de (3, 18) para (3, 17)
[INFO] [1764531854.100400572] [cg_autonomous_navigator]: Tentando mover de (3, 17) para (2, 17)
[INFO] [1764531854.150431560] [cg_autonomous_navigator]: Tentando mover de (2, 17) para (1, 17)
[INFO] [1764531854.200388119] [cg_autonomous_navigator]: Tentando mover de (1, 17) para (1, 18)
[INFO] [1764531854.250394905] [cg_autonomous_navigator]: Tentando mover de (1, 18) para (1, 19)
[INFO] [1764531854.300446333] [cg_autonomous_navigator]: Tentando mover de (1, 19) para (1, 20)
[INFO] [1764531854.350434494] [cg_autonomous_navigator]: Tentando mover de (1, 20) para (1, 21)
[INFO] [1764531854.400428015] [cg_autonomous_navigator]: Tentando mover de (1, 21) para (2, 21)
[INFO] [1764531854.450414014] [cg_autonomous_navigator]: Tentando mover de (2, 21) para (3, 21)
[INFO] [1764531854.500413567] [cg_autonomous_navigator]: Tentando mover de (3, 21) para (4, 21)
[INFO] [1764531854.550445185] [cg_autonomous_navigator]: Tentando mover de (4, 21) para (5, 21)
[INFO] [1764531854.600416636] [cg_autonomous_navigator]: Tentando mover de (5, 21) para (6, 21)
[INFO] [1764531854.650418113] [cg_autonomous_navigator]: Tentando mover de (6, 21) para (7, 21)
[INFO] [1764531854.700441882] [cg_autonomous_navigator]: Tentando mover de (7, 21) para (8, 21)
[INFO] [1764531854.750456724] [cg_autonomous_navigator]: Tentando mover de (8, 21) para (9, 21)
[INFO] [1764531854.800432201] [cg_autonomous_navigator]: Tentando mover de (9, 21) para (10, 21)
[INFO] [1764531854.850437417] [cg_autonomous_navigator]: Tentando mover de (10, 21) para (11, 21)
[INFO] [1764531854.900437867] [cg_autonomous_navigator]: Tentando mover de (11, 21) para (12, 21)
[INFO] [1764531854.950574299] [cg_autonomous_navigator]: Novo alvo de exploração: (1, 22)
[INFO] [1764531854.950690010] [cg_autonomous_navigator]: Tentando mover de (12, 21) para (11, 21)
[INFO] [1764531855.000483102] [cg_autonomous_navigator]: Tentando mover de (11, 21) para (10, 21)
[INFO] [1764531855.050426996] [cg_autonomous_navigator]: Tentando mover de (10, 21) para (9, 21)
[INFO] [1764531855.100420469] [cg_autonomous_navigator]: Tentando mover de (9, 21) para (8, 21)
[INFO] [1764531855.150420256] [cg_autonomous_navigator]: Tentando mover de (8, 21) para (7, 21)
[INFO] [1764531855.200451543] [cg_autonomous_navigator]: Tentando mover de (7, 21) para (6, 21)
[INFO] [1764531855.250414992] [cg_autonomous_navigator]: Tentando mover de (6, 21) para (5, 21)
[INFO] [1764531855.300415719] [cg_autonomous_navigator]: Tentando mover de (5, 21) para (4, 21)
[INFO] [1764531855.350452383] [cg_autonomous_navigator]: Tentando mover de (4, 21) para (3, 21)
[INFO] [1764531855.400437843] [cg_autonomous_navigator]: Tentando mover de (3, 21) para (2, 21)
[INFO] [1764531855.450463758] [cg_autonomous_navigator]: Tentando mover de (2, 21) para (1, 21)
[INFO] [1764531855.500411228] [cg_autonomous_navigator]: Tentando mover de (1, 21) para (1, 22)
[INFO] [1764531855.550519944] [cg_autonomous_navigator]: Novo alvo de exploração: (1, 23)
[INFO] [1764531855.550604491] [cg_autonomous_navigator]: Tentando mover de (1, 22) para (1, 23)
[INFO] [1764531855.600541895] [cg_autonomous_navigator]: Novo alvo de exploração: (1, 24)
[INFO] [1764531855.600637743] [cg_autonomous_navigator]: Tentando mover de (1, 23) para (1, 24)
[INFO] [1764531855.650522682] [cg_autonomous_navigator]: Novo alvo de exploração: (1, 25)
[INFO] [1764531855.650606442] [cg_autonomous_navigator]: Tentando mover de (1, 24) para (1, 25)
[INFO] [1764531855.700576456] [cg_autonomous_navigator]: Novo alvo de exploração: (1, 26)
[INFO] [1764531855.700682840] [cg_autonomous_navigator]: Tentando mover de (1, 25) para (1, 26)
[INFO] [1764531855.750520063] [cg_autonomous_navigator]: Novo alvo de exploração: (1, 27)
[INFO] [1764531855.750600995] [cg_autonomous_navigator]: Tentando mover de (1, 26) para (1, 27)
[INFO] [1764531855.800500696] [cg_autonomous_navigator]: Novo alvo de exploração: (2, 27)
[INFO] [1764531855.800566449] [cg_autonomous_navigator]: Tentando mover de (1, 27) para (2, 27)
[INFO] [1764531855.850482970] [cg_autonomous_navigator]: Novo alvo de exploração: (3, 27)
[INFO] [1764531855.850543273] [cg_autonomous_navigator]: Tentando mover de (2, 27) para (3, 27)
[INFO] [1764531855.900537827] [cg_autonomous_navigator]: Novo alvo de exploração: (4, 27)
[INFO] [1764531855.900654775] [cg_autonomous_navigator]: Tentando mover de (3, 27) para (4, 27)
[INFO] [1764531855.950557553] [cg_autonomous_navigator]: Novo alvo de exploração: (5, 26)
[INFO] [1764531855.950658238] [cg_autonomous_navigator]: Tentando mover de (4, 27) para (5, 27)
[INFO] [1764531856.000462688] [cg_autonomous_navigator]: Tentando mover de (5, 27) para (5, 26)
[INFO] [1764531856.050528275] [cg_autonomous_navigator]: Novo alvo de exploração: (5, 25)
[INFO] [1764531856.050607234] [cg_autonomous_navigator]: Tentando mover de (5, 26) para (5, 25)
[INFO] [1764531856.100540480] [cg_autonomous_navigator]: Novo alvo de exploração: (5, 24)
[INFO] [1764531856.100632840] [cg_autonomous_navigator]: Tentando mover de (5, 25) para (5, 24)
[INFO] [1764531856.150507729] [cg_autonomous_navigator]: Novo alvo de exploração: (4, 23)
[INFO] [1764531856.150586523] [cg_autonomous_navigator]: Tentando mover de (5, 24) para (5, 23)
[INFO] [1764531856.200445199] [cg_autonomous_navigator]: Tentando mover de (5, 23) para (4, 23)
[INFO] [1764531856.250528823] [cg_autonomous_navigator]: Novo alvo de exploração: (3, 24)
[INFO] [1764531856.250613664] [cg_autonomous_navigator]: Tentando mover de (4, 23) para (3, 23)
[INFO] [1764531856.300433444] [cg_autonomous_navigator]: Tentando mover de (3, 23) para (3, 24)
[INFO] [1764531856.350521716] [cg_autonomous_navigator]: Novo alvo de exploração: (6, 27)
[INFO] [1764531856.350610609] [cg_autonomous_navigator]: Tentando mover de (3, 24) para (3, 23)
[INFO] [1764531856.400473524] [cg_autonomous_navigator]: Tentando mover de (3, 23) para (4, 23)
[INFO] [1764531856.450430839] [cg_autonomous_navigator]: Tentando mover de (4, 23) para (5, 23)
[INFO] [1764531856.500431265] [cg_autonomous_navigator]: Tentando mover de (5, 23) para (5, 24)
[INFO] [1764531856.550457138] [cg_autonomous_navigator]: Tentando mover de (5, 24) para (5, 25)
[INFO] [1764531856.600437610] [cg_autonomous_navigator]: Tentando mover de (5, 25) para (5, 26)
[INFO] [1764531856.650459015] [cg_autonomous_navigator]: Tentando mover de (5, 26) para (5, 27)
[INFO] [1764531856.700441932] [cg_autonomous_navigator]: Tentando mover de (5, 27) para (6, 27)
[INFO] [1764531856.750535421] [cg_autonomous_navigator]: Novo alvo de exploração: (7, 27)
[INFO] [1764531856.750607713] [cg_autonomous_navigator]: Tentando mover de (6, 27) para (7, 27)
[INFO] [1764531856.800497667] [cg_autonomous_navigator]: Novo alvo de exploração: (8, 27)
[INFO] [1764531856.800562194] [cg_autonomous_navigator]: Tentando mover de (7, 27) para (8, 27)
[INFO] [1764531856.850499804] [cg_autonomous_navigator]: Novo alvo de exploração: (14, 27)
[INFO] [1764531856.850753110] [cg_autonomous_navigator]: Tentando mover de (8, 27) para (7, 27)
[INFO] [1764531856.900467447] [cg_autonomous_navigator]: Tentando mover de (7, 27) para (6, 27)
[INFO] [1764531856.950437136] [cg_autonomous_navigator]: Tentando mover de (6, 27) para (5, 27)
[INFO] [1764531857.000440294] [cg_autonomous_navigator]: Tentando mover de (5, 27) para (4, 27)
[INFO] [1764531857.050497842] [cg_autonomous_navigator]: Tentando mover de (4, 27) para (3, 27)
[INFO] [1764531857.100488278] [cg_autonomous_navigator]: Tentando mover de (3, 27) para (2, 27)
[INFO] [1764531857.150496005] [cg_autonomous_navigator]: Tentando mover de (2, 27) para (1, 27)
[INFO] [1764531857.200443983] [cg_autonomous_navigator]: Tentando mover de (1, 27) para (1, 26)
[INFO] [1764531857.250572971] [cg_autonomous_navigator]: Tentando mover de (1, 26) para (1, 25)
[INFO] [1764531857.300474460] [cg_autonomous_navigator]: Tentando mover de (1, 25) para (1, 24)
[INFO] [1764531857.350586658] [cg_autonomous_navigator]: Tentando mover de (1, 24) para (1, 23)
[INFO] [1764531857.400494279] [cg_autonomous_navigator]: Tentando mover de (1, 23) para (1, 22)
[INFO] [1764531857.450473778] [cg_autonomous_navigator]: Tentando mover de (1, 22) para (1, 21)
[INFO] [1764531857.500447740] [cg_autonomous_navigator]: Tentando mover de (1, 21) para (2, 21)
[INFO] [1764531857.550486927] [cg_autonomous_navigator]: Tentando mover de (2, 21) para (3, 21)
[INFO] [1764531857.600511495] [cg_autonomous_navigator]: Tentando mover de (3, 21) para (4, 21)
[INFO] [1764531857.650513642] [cg_autonomous_navigator]: Tentando mover de (4, 21) para (5, 21)
[INFO] [1764531857.700448132] [cg_autonomous_navigator]: Tentando mover de (5, 21) para (6, 21)
[INFO] [1764531857.750475712] [cg_autonomous_navigator]: Tentando mover de (6, 21) para (7, 21)
[INFO] [1764531857.800449383] [cg_autonomous_navigator]: Tentando mover de (7, 21) para (8, 21)
[INFO] [1764531857.850469675] [cg_autonomous_navigator]: Tentando mover de (8, 21) para (9, 21)
[INFO] [1764531857.900475524] [cg_autonomous_navigator]: Tentando mover de (9, 21) para (10, 21)
[INFO] [1764531857.950485713] [cg_autonomous_navigator]: Tentando mover de (10, 21) para (11, 21)
[INFO] [1764531858.000497861] [cg_autonomous_navigator]: Tentando mover de (11, 21) para (11, 22)
[INFO] [1764531858.050527123] [cg_autonomous_navigator]: Tentando mover de (11, 22) para (11, 23)
[INFO] [1764531858.100454688] [cg_autonomous_navigator]: Tentando mover de (11, 23) para (10, 23)
[INFO] [1764531858.150492769] [cg_autonomous_navigator]: Tentando mover de (10, 23) para (9, 23)
[INFO] [1764531858.200455640] [cg_autonomous_navigator]: Tentando mover de (9, 23) para (8, 23)
[INFO] [1764531858.250427494] [cg_autonomous_navigator]: Tentando mover de (8, 23) para (7, 23)
[INFO] [1764531858.300582043] [cg_autonomous_navigator]: Tentando mover de (7, 23) para (7, 24)
[INFO] [1764531858.350503674] [cg_autonomous_navigator]: Tentando mover de (7, 24) para (7, 25)
[INFO] [1764531858.400510097] [cg_autonomous_navigator]: Tentando mover de (7, 25) para (8, 25)
[INFO] [1764531858.450458640] [cg_autonomous_navigator]: Tentando mover de (8, 25) para (9, 25)
[INFO] [1764531858.500475987] [cg_autonomous_navigator]: Tentando mover de (9, 25) para (10, 25)
[INFO] [1764531858.550496545] [cg_autonomous_navigator]: Tentando mover de (10, 25) para (11, 25)
[INFO] [1764531858.600491083] [cg_autonomous_navigator]: Tentando mover de (11, 25) para (11, 26)
[INFO] [1764531858.650501821] [cg_autonomous_navigator]: Tentando mover de (11, 26) para (11, 27)
[INFO] [1764531858.700520350] [cg_autonomous_navigator]: Tentando mover de (11, 27) para (12, 27)
[INFO] [1764531858.750520848] [cg_autonomous_navigator]: Tentando mover de (12, 27) para (13, 27)
[INFO] [1764531858.800481629] [cg_autonomous_navigator]: Tentando mover de (13, 27) para (14, 27)
[INFO] [1764531858.850571905] [cg_autonomous_navigator]: Novo alvo de exploração: (15, 26)
[INFO] [1764531858.850689875] [cg_autonomous_navigator]: Tentando mover de (14, 27) para (15, 27)
[INFO] [1764531858.900482777] [cg_autonomous_navigator]: Tentando mover de (15, 27) para (15, 26)
[INFO] [1764531858.950655305] [cg_autonomous_navigator]: Novo alvo de exploração: (16, 25)
[INFO] [1764531858.950799317] [cg_autonomous_navigator]: Tentando mover de (15, 26) para (15, 25)
[INFO] [1764531859.000465208] [cg_autonomous_navigator]: Tentando mover de (15, 25) para (16, 25)
[INFO] [1764531859.050554569] [cg_autonomous_navigator]: Novo alvo de exploração: (17, 25)
[INFO] [1764531859.050630813] [cg_autonomous_navigator]: Tentando mover de (16, 25) para (17, 25)
[INFO] [1764531859.100573208] [cg_autonomous_navigator]: Novo alvo de exploração: (18, 25)
[INFO] [1764531859.100668612] [cg_autonomous_navigator]: Tentando mover de (17, 25) para (18, 25)
[INFO] [1764531859.150547198] [cg_autonomous_navigator]: Novo alvo de exploração: (19, 25)
[INFO] [1764531859.150621478] [cg_autonomous_navigator]: Tentando mover de (18, 25) para (19, 25)
[INFO] [1764531859.200583761] [cg_autonomous_navigator]: Novo alvo de exploração: (20, 25)
[INFO] [1764531859.200675608] [cg_autonomous_navigator]: Tentando mover de (19, 25) para (20, 25)
[INFO] [1764531859.250533839] [cg_autonomous_navigator]: Novo alvo de exploração: (21, 25)
[INFO] [1764531859.250608633] [cg_autonomous_navigator]: Tentando mover de (20, 25) para (21, 25)
[INFO] [1764531859.300545643] [cg_autonomous_navigator]: Novo alvo de exploração: (21, 26)
[INFO] [1764531859.300624855] [cg_autonomous_navigator]: Tentando mover de (21, 25) para (21, 26)
[INFO] [1764531859.350599351] [cg_autonomous_navigator]: Novo alvo de exploração: (20, 27)
[INFO] [1764531859.350677615] [cg_autonomous_navigator]: Tentando mover de (21, 26) para (21, 27)
[INFO] [1764531859.400470789] [cg_autonomous_navigator]: Tentando mover de (21, 27) para (20, 27)
[INFO] [1764531859.450546485] [cg_autonomous_navigator]: Novo alvo de exploração: (19, 27)
[INFO] [1764531859.450626985] [cg_autonomous_navigator]: Tentando mover de (20, 27) para (19, 27)
[INFO] [1764531859.500589608] [cg_autonomous_navigator]: Novo alvo de exploração: (18, 27)
[INFO] [1764531859.500666313] [cg_autonomous_navigator]: Tentando mover de (19, 27) para (18, 27)
[INFO] [1764531859.550789542] [cg_autonomous_navigator]: Novo alvo de exploração: (22, 27)
[INFO] [1764531859.550950344] [cg_autonomous_navigator]: Tentando mover de (18, 27) para (19, 27)
[INFO] [1764531859.600492664] [cg_autonomous_navigator]: Tentando mover de (19, 27) para (20, 27)
[INFO] [1764531859.650476934] [cg_autonomous_navigator]: Tentando mover de (20, 27) para (21, 27)
[INFO] [1764531859.700474323] [cg_autonomous_navigator]: Tentando mover de (21, 27) para (22, 27)
[INFO] [1764531859.750581634] [cg_autonomous_navigator]: Novo alvo de exploração: (23, 27)
[INFO] [1764531859.750668411] [cg_autonomous_navigator]: Tentando mover de (22, 27) para (23, 27)
[INFO] [1764531859.800539263] [cg_autonomous_navigator]: Novo alvo de exploração: (24, 27)
[INFO] [1764531859.800616334] [cg_autonomous_navigator]: Tentando mover de (23, 27) para (24, 27)
[INFO] [1764531859.850553820] [cg_autonomous_navigator]: Novo alvo de exploração: (25, 27)
[INFO] [1764531859.850622078] [cg_autonomous_navigator]: Tentando mover de (24, 27) para (25, 27)
[INFO] [1764531859.900634117] [cg_autonomous_navigator]: Novo alvo de exploração: (26, 27)
[INFO] [1764531859.900710461] [cg_autonomous_navigator]: Tentando mover de (25, 27) para (26, 27)
[INFO] [1764531859.950554397] [cg_autonomous_navigator]: Novo alvo de exploração: (27, 26)
[INFO] [1764531859.950628631] [cg_autonomous_navigator]: Tentando mover de (26, 27) para (27, 27)
[INFO] [1764531860.000515806] [cg_autonomous_navigator]: Tentando mover de (27, 27) para (27, 26)
[INFO] [1764531860.050561550] [cg_autonomous_navigator]: Novo alvo de exploração: (26, 25)
[INFO] [1764531860.050644333] [cg_autonomous_navigator]: Tentando mover de (27, 26) para (27, 25)
[INFO] [1764531860.100524315] [cg_autonomous_navigator]: Tentando mover de (27, 25) para (26, 25)
[INFO] [1764531860.150652991] [cg_autonomous_navigator]: Novo alvo de exploração: (25, 25)
[INFO] [1764531860.150751547] [cg_autonomous_navigator]: Tentando mover de (26, 25) para (25, 25)
[INFO] [1764531860.200539732] [cg_autonomous_navigator]: Novo alvo de exploração: (24, 25)
[INFO] [1764531860.200608204] [cg_autonomous_navigator]: Tentando mover de (25, 25) para (24, 25)
[INFO] [1764531860.250659312] [cg_autonomous_navigator]: Novo alvo de exploração: (23, 24)
[INFO] [1764531860.250738208] [cg_autonomous_navigator]: Tentando mover de (24, 25) para (23, 25)
[INFO] [1764531860.300493233] [cg_autonomous_navigator]: Tentando mover de (23, 25) para (23, 24)
[INFO] [1764531860.350642154] [cg_autonomous_navigator]: Novo alvo de exploração: (23, 23)
[INFO] [1764531860.350706093] [cg_autonomous_navigator]: Tentando mover de (23, 24) para (23, 23)
[INFO] [1764531860.400585142] [cg_autonomous_navigator]: Novo alvo de exploração: (24, 23)
[INFO] [1764531860.400678424] [cg_autonomous_navigator]: Tentando mover de (23, 23) para (24, 23)
[INFO] [1764531860.450565436] [cg_autonomous_navigator]: Novo alvo de exploração: (25, 23)
[INFO] [1764531860.450638549] [cg_autonomous_navigator]: Tentando mover de (24, 23) para (25, 23)
[INFO] [1764531860.500649159] [cg_autonomous_navigator]: Novo alvo de exploração: (26, 23)
[INFO] [1764531860.500760964] [cg_autonomous_navigator]: Tentando mover de (25, 23) para (26, 23)
[INFO] [1764531860.550543497] [cg_autonomous_navigator]: Novo alvo de exploração: (27, 22)
[INFO] [1764531860.550621626] [cg_autonomous_navigator]: Tentando mover de (26, 23) para (27, 23)
[INFO] [1764531860.600521606] [cg_autonomous_navigator]: Tentando mover de (27, 23) para (27, 22)
[INFO] [1764531860.650575578] [cg_autonomous_navigator]: Novo alvo de exploração: (27, 21)
[INFO] [1764531860.650661204] [cg_autonomous_navigator]: Tentando mover de (27, 22) para (27, 21)
[INFO] [1764531860.700546178] [cg_autonomous_navigator]: Novo alvo de exploração: (27, 20)
[INFO] [1764531860.700620417] [cg_autonomous_navigator]: Tentando mover de (27, 21) para (27, 20)
[INFO] [1764531860.750531254] [cg_autonomous_navigator]: Novo alvo de exploração: (26, 19)
[INFO] [1764531860.750603846] [cg_autonomous_navigator]: Tentando mover de (27, 20) para (27, 19)
[INFO] [1764531860.800487712] [cg_autonomous_navigator]: Tentando mover de (27, 19) para (26, 19)
[INFO] [1764531860.850546431] [cg_autonomous_navigator]: Novo alvo de exploração: (25, 18)
[INFO] [1764531860.850618478] [cg_autonomous_navigator]: Tentando mover de (26, 19) para (25, 19)
[INFO] [1764531860.900532793] [cg_autonomous_navigator]: Tentando mover de (25, 19) para (25, 18)
[INFO] [1764531860.950683822] [cg_autonomous_navigator]: Novo alvo de exploração: (24, 17)
[INFO] [1764531860.950812204] [cg_autonomous_navigator]: Tentando mover de (25, 18) para (25, 17)
[INFO] [1764531861.000495648] [cg_autonomous_navigator]: Tentando mover de (25, 17) para (24, 17)
[INFO] [1764531861.050571137] [cg_autonomous_navigator]: Novo alvo de exploração: (23, 16)
[INFO] [1764531861.050654289] [cg_autonomous_navigator]: Tentando mover de (24, 17) para (23, 17)
[INFO] [1764531861.100496313] [cg_autonomous_navigator]: Tentando mover de (23, 17) para (23, 16)
[INFO] [1764531861.150565745] [cg_autonomous_navigator]: Novo alvo de exploração: (23, 15)
[INFO] [1764531861.150651649] [cg_autonomous_navigator]: Tentando mover de (23, 16) para (23, 15)
[INFO] [1764531861.200555680] [cg_autonomous_navigator]: Novo alvo de exploração: (23, 14)
[INFO] [1764531861.200637139] [cg_autonomous_navigator]: Tentando mover de (23, 15) para (23, 14)
[INFO] [1764531861.250545146] [cg_autonomous_navigator]: Novo alvo de exploração: (22, 13)
[INFO] [1764531861.250614934] [cg_autonomous_navigator]: Tentando mover de (23, 14) para (23, 13)
[INFO] [1764531861.300542396] [cg_autonomous_navigator]: Tentando mover de (23, 13) para (22, 13)
[INFO] [1764531861.350529431] [cg_autonomous_navigator]: Novo alvo de exploração: (21, 12)
[INFO] [1764531861.350609802] [cg_autonomous_navigator]: Tentando mover de (22, 13) para (21, 13)
[INFO] [1764531861.400520819] [cg_autonomous_navigator]: Tentando mover de (21, 13) para (21, 12)
[INFO] [1764531861.450575235] [cg_autonomous_navigator]: Novo alvo de exploração: (21, 11)
[INFO] [1764531861.450666602] [cg_autonomous_navigator]: Tentando mover de (21, 12) para (21, 11)
[INFO] [1764531861.500525218] [cg_autonomous_navigator]: Novo alvo de exploração: (22, 11)
[INFO] [1764531861.500608029] [cg_autonomous_navigator]: Tentando mover de (21, 11) para (22, 11)
[INFO] [1764531861.550584650] [cg_autonomous_navigator]: Novo alvo de exploração: (23, 11)
[INFO] [1764531861.550672360] [cg_autonomous_navigator]: Tentando mover de (22, 11) para (23, 11)
[INFO] [1764531861.600558913] [cg_autonomous_navigator]: Novo alvo de exploração: (24, 11)
[INFO] [1764531861.600645602] [cg_autonomous_navigator]: Tentando mover de (23, 11) para (24, 11)
[INFO] [1764531861.650586659] [cg_autonomous_navigator]: Novo alvo de exploração: (25, 11)
[INFO] [1764531861.650668518] [cg_autonomous_navigator]: Tentando mover de (24, 11) para (25, 11)
[INFO] [1764531861.700631758] [cg_autonomous_navigator]: Novo alvo de exploração: (25, 12)
[INFO] [1764531861.700744529] [cg_autonomous_navigator]: Tentando mover de (25, 11) para (25, 12)
[INFO] [1764531861.750600100] [cg_autonomous_navigator]: Novo alvo de exploração: (25, 13)
[INFO] [1764531861.750706545] [cg_autonomous_navigator]: Tentando mover de (25, 12) para (25, 13)
[INFO] [1764531861.800672374] [cg_autonomous_navigator]: Novo alvo de exploração: (25, 14)
[INFO] [1764531861.800758415] [cg_autonomous_navigator]: Tentando mover de (25, 13) para (25, 14)
[INFO] [1764531861.850585908] [cg_autonomous_navigator]: Novo alvo de exploração: (26, 15)
[INFO] [1764531861.850662086] [cg_autonomous_navigator]: Tentando mover de (25, 14) para (25, 15)
[INFO] [1764531861.900547826] [cg_autonomous_navigator]: Tentando mover de (25, 15) para (26, 15)
[INFO] [1764531861.950589685] [cg_autonomous_navigator]: Novo alvo de exploração: (27, 14)
[INFO] [1764531861.950670368] [cg_autonomous_navigator]: Tentando mover de (26, 15) para (27, 15)
[INFO] [1764531862.000555457] [cg_autonomous_navigator]: Tentando mover de (27, 15) para (27, 14)
[INFO] [1764531862.050610664] [cg_autonomous_navigator]: Novo alvo de exploração: (27, 13)
[INFO] [1764531862.050703348] [cg_autonomous_navigator]: Tentando mover de (27, 14) para (27, 13)
[INFO] [1764531862.100633750] [cg_autonomous_navigator]: Novo alvo de exploração: (27, 12)
[INFO] [1764531862.100745310] [cg_autonomous_navigator]: Tentando mover de (27, 13) para (27, 12)
[INFO] [1764531862.150598035] [cg_autonomous_navigator]: Novo alvo de exploração: (27, 11)
[INFO] [1764531862.150672396] [cg_autonomous_navigator]: Tentando mover de (27, 12) para (27, 11)
[INFO] [1764531862.200555332] [cg_autonomous_navigator]: Novo alvo de exploração: (27, 10)
[INFO] [1764531862.200634577] [cg_autonomous_navigator]: Tentando mover de (27, 11) para (27, 10)
[INFO] [1764531862.250621052] [cg_autonomous_navigator]: Novo alvo de exploração: (27, 9)
[INFO] [1764531862.250728182] [cg_autonomous_navigator]: Tentando mover de (27, 10) para (27, 9)
[INFO] [1764531862.300653473] [cg_autonomous_navigator]: Novo alvo de exploração: (27, 8)
[INFO] [1764531862.300758356] [cg_autonomous_navigator]: Tentando mover de (27, 9) para (27, 8)
[INFO] [1764531862.350550441] [cg_autonomous_navigator]: Novo alvo de exploração: (26, 7)
[INFO] [1764531862.350633691] [cg_autonomous_navigator]: Tentando mover de (27, 8) para (27, 7)
[INFO] [1764531862.400535029] [cg_autonomous_navigator]: Tentando mover de (27, 7) para (26, 7)
[INFO] [1764531862.450621912] [cg_autonomous_navigator]: Novo alvo de exploração: (25, 7)
[INFO] [1764531862.450723934] [cg_autonomous_navigator]: Tentando mover de (26, 7) para (25, 7)
[INFO] [1764531862.500634472] [cg_autonomous_navigator]: Novo alvo de exploração: (25, 8)
[INFO] [1764531862.500756894] [cg_autonomous_navigator]: Tentando mover de (25, 7) para (25, 8)
[INFO] [1764531862.550568060] [cg_autonomous_navigator]: Novo alvo de exploração: (24, 9)
[INFO] [1764531862.550673022] [cg_autonomous_navigator]: Tentando mover de (25, 8) para (25, 9)
[INFO] [1764531862.600603435] [cg_autonomous_navigator]: Tentando mover de (25, 9) para (24, 9)
[INFO] [1764531862.650557373] [cg_autonomous_navigator]: Novo alvo de exploração: (23, 9)
[INFO] [1764531862.650628508] [cg_autonomous_navigator]: Tentando mover de (24, 9) para (23, 9)
[INFO] [1764531862.700638438] [cg_autonomous_navigator]: Novo alvo de exploração: (22, 9)
[INFO] [1764531862.700740383] [cg_autonomous_navigator]: Tentando mover de (23, 9) para (22, 9)
[INFO] [1764531862.750556329] [cg_autonomous_navigator]: Novo alvo de exploração: (21, 9)
[INFO] [1764531862.750623264] [cg_autonomous_navigator]: Tentando mover de (22, 9) para (21, 9)
[INFO] [1764531862.800536858] [cg_autonomous_navigator]: Novo alvo de exploração: (20, 9)
[INFO] [1764531862.800599585] [cg_autonomous_navigator]: Tentando mover de (21, 9) para (20, 9)
[INFO] [1764531862.850589148] [cg_autonomous_navigator]: Novo alvo de exploração: (19, 8)
[INFO] [1764531862.850680915] [cg_autonomous_navigator]: Tentando mover de (20, 9) para (19, 9)
[INFO] [1764531862.900572711] [cg_autonomous_navigator]: Tentando mover de (19, 9) para (19, 8)
[INFO] [1764531862.950606066] [cg_autonomous_navigator]: Novo alvo de exploração: (19, 7)
[INFO] [1764531862.950676337] [cg_autonomous_navigator]: Tentando mover de (19, 8) para (19, 7)
[INFO] [1764531863.000556008] [cg_autonomous_navigator]: Novo alvo de exploração: (20, 7)
[INFO] [1764531863.000641669] [cg_autonomous_navigator]: Tentando mover de (19, 7) para (20, 7)
[INFO] [1764531863.050560085] [cg_autonomous_navigator]: Novo alvo de exploração: (21, 7)
[INFO] [1764531863.050641388] [cg_autonomous_navigator]: Tentando mover de (20, 7) para (21, 7)
[INFO] [1764531863.100535511] [cg_autonomous_navigator]: Novo alvo de exploração: (22, 7)
[INFO] [1764531863.100606058] [cg_autonomous_navigator]: Tentando mover de (21, 7) para (22, 7)
[INFO] [1764531863.150604533] [cg_autonomous_navigator]: Novo alvo de exploração: (23, 6)
[INFO] [1764531863.150696660] [cg_autonomous_navigator]: Tentando mover de (22, 7) para (23, 7)
[INFO] [1764531863.200540684] [cg_autonomous_navigator]: Tentando mover de (23, 7) para (23, 6)
[INFO] [1764531863.250616268] [cg_autonomous_navigator]: Novo alvo de exploração: (22, 5)
[INFO] [1764531863.250734168] [cg_autonomous_navigator]: Tentando mover de (23, 6) para (23, 5)
[INFO] [1764531863.300557494] [cg_autonomous_navigator]: Tentando mover de (23, 5) para (22, 5)
[INFO] [1764531863.350584600] [cg_autonomous_navigator]: Novo alvo de exploração: (21, 5)
[INFO] [1764531863.350678501] [cg_autonomous_navigator]: Tentando mover de (22, 5) para (21, 5)
[INFO] [1764531863.400542702] [cg_autonomous_navigator]: Novo alvo de exploração: (20, 5)
[INFO] [1764531863.400612016] [cg_autonomous_navigator]: Tentando mover de (21, 5) para (20, 5)
[INFO] [1764531863.450589088] [cg_autonomous_navigator]: Novo alvo de exploração: (19, 5)
[INFO] [1764531863.450668106] [cg_autonomous_navigator]: Tentando mover de (20, 5) para (19, 5)
[INFO] [1764531863.500620811] [cg_autonomous_navigator]: Novo alvo de exploração: (18, 5)
[INFO] [1764531863.500704534] [cg_autonomous_navigator]: Tentando mover de (19, 5) para (18, 5)
[INFO] [1764531863.550554722] [cg_autonomous_navigator]: Novo alvo de exploração: (17, 4)
[INFO] [1764531863.550631272] [cg_autonomous_navigator]: Tentando mover de (18, 5) para (17, 5)
[INFO] [1764531863.600553847] [cg_autonomous_navigator]: Tentando mover de (17, 5) para (17, 4)
[INFO] [1764531863.650590456] [cg_autonomous_navigator]: Novo alvo de exploração: (17, 3)
[INFO] [1764531863.650704251] [cg_autonomous_navigator]: Tentando mover de (17, 4) para (17, 3)
[INFO] [1764531863.700569071] [cg_autonomous_navigator]: Novo alvo de exploração: (18, 3)
[INFO] [1764531863.700637694] [cg_autonomous_navigator]: Tentando mover de (17, 3) para (18, 3)
[INFO] [1764531863.750574020] [cg_autonomous_navigator]: Novo alvo de exploração: (19, 3)
[INFO] [1764531863.750712427] [cg_autonomous_navigator]: Tentando mover de (18, 3) para (19, 3)
[INFO] [1764531863.800606961] [cg_autonomous_navigator]: Novo alvo de exploração: (20, 3)
[INFO] [1764531863.800682336] [cg_autonomous_navigator]: Tentando mover de (19, 3) para (20, 3)
[INFO] [1764531863.850537593] [cg_autonomous_navigator]: Novo alvo de exploração: (21, 2)
[INFO] [1764531863.850613768] [cg_autonomous_navigator]: Tentando mover de (20, 3) para (21, 3)
[INFO] [1764531863.900510110] [cg_autonomous_navigator]: Tentando mover de (21, 3) para (21, 2)
[INFO] [1764531863.950655229] [cg_autonomous_navigator]: Novo alvo de exploração: (20, 1)
[INFO] [1764531863.950768063] [cg_autonomous_navigator]: Tentando mover de (21, 2) para (21, 1)
[INFO] [1764531864.000548566] [cg_autonomous_navigator]: Tentando mover de (21, 1) para (20, 1)
[INFO] [1764531864.050603470] [cg_autonomous_navigator]: Novo alvo de exploração: (19, 1)
[INFO] [1764531864.050708623] [cg_autonomous_navigator]: Tentando mover de (20, 1) para (19, 1)
[INFO] [1764531864.100546975] [cg_autonomous_navigator]: Novo alvo de exploração: (18, 1)
[INFO] [1764531864.100624845] [cg_autonomous_navigator]: Tentando mover de (19, 1) para (18, 1)
[INFO] [1764531864.150584952] [cg_autonomous_navigator]: Novo alvo de exploração: (17, 1)
[INFO] [1764531864.150699643] [cg_autonomous_navigator]: Tentando mover de (18, 1) para (17, 1)
[INFO] [1764531864.200587372] [cg_autonomous_navigator]: Novo alvo de exploração: (16, 1)
[INFO] [1764531864.200687377] [cg_autonomous_navigator]: Tentando mover de (17, 1) para (16, 1)
[INFO] [1764531864.250522482] [cg_autonomous_navigator]: Novo alvo de exploração: (15, 1)
[INFO] [1764531864.250620317] [cg_autonomous_navigator]: Tentando mover de (16, 1) para (15, 1)
[INFO] [1764531864.300683303] [cg_autonomous_navigator]: Novo alvo de exploração: (14, 1)
[INFO] [1764531864.300789504] [cg_autonomous_navigator]: Tentando mover de (15, 1) para (14, 1)
[INFO] [1764531864.350622935] [cg_autonomous_navigator]: Novo alvo de exploração: (22, 1)
[INFO] [1764531864.350781319] [cg_autonomous_navigator]: Tentando mover de (14, 1) para (15, 1)
[INFO] [1764531864.400608005] [cg_autonomous_navigator]: Tentando mover de (15, 1) para (16, 1)
[INFO] [1764531864.450571266] [cg_autonomous_navigator]: Tentando mover de (16, 1) para (17, 1)
[INFO] [1764531864.500538267] [cg_autonomous_navigator]: Tentando mover de (17, 1) para (18, 1)
[INFO] [1764531864.550658051] [cg_autonomous_navigator]: Tentando mover de (18, 1) para (19, 1)
[INFO] [1764531864.600547295] [cg_autonomous_navigator]: Tentando mover de (19, 1) para (20, 1)
[INFO] [1764531864.650554490] [cg_autonomous_navigator]: Tentando mover de (20, 1) para (21, 1)
[INFO] [1764531864.700584178] [cg_autonomous_navigator]: Tentando mover de (21, 1) para (22, 1)
[INFO] [1764531864.750549339] [cg_autonomous_navigator]: Novo alvo de exploração: (23, 1)
[INFO] [1764531864.750637265] [cg_autonomous_navigator]: Tentando mover de (22, 1) para (23, 1)
[INFO] [1764531864.800576365] [cg_autonomous_navigator]: Novo alvo de exploração: (24, 1)
[INFO] [1764531864.800652651] [cg_autonomous_navigator]: Tentando mover de (23, 1) para (24, 1)
[INFO] [1764531864.850697711] [cg_autonomous_navigator]: Novo alvo de exploração: (25, 1)
[INFO] [1764531864.850780978] [cg_autonomous_navigator]: Tentando mover de (24, 1) para (25, 1)
[INFO] [1764531864.900692852] [cg_autonomous_navigator]: Novo alvo de exploração: (13, 2)
[INFO] [1764531864.900806083] [cg_autonomous_navigator]: Tentando mover de (25, 1) para (24, 1)
[INFO] [1764531864.950562948] [cg_autonomous_navigator]: Tentando mover de (24, 1) para (23, 1)
[INFO] [1764531865.000548190] [cg_autonomous_navigator]: Tentando mover de (23, 1) para (22, 1)
[INFO] [1764531865.050566371] [cg_autonomous_navigator]: Tentando mover de (22, 1) para (21, 1)
[INFO] [1764531865.100584680] [cg_autonomous_navigator]: Tentando mover de (21, 1) para (20, 1)
[INFO] [1764531865.150569867] [cg_autonomous_navigator]: Tentando mover de (20, 1) para (19, 1)
[INFO] [1764531865.200575738] [cg_autonomous_navigator]: Tentando mover de (19, 1) para (18, 1)
[INFO] [1764531865.250534700] [cg_autonomous_navigator]: Tentando mover de (18, 1) para (17, 1)
[INFO] [1764531865.300549778] [cg_autonomous_navigator]: Tentando mover de (17, 1) para (16, 1)
[INFO] [1764531865.350676788] [cg_autonomous_navigator]: Tentando mover de (16, 1) para (15, 1)
[INFO] [1764531865.400570624] [cg_autonomous_navigator]: Tentando mover de (15, 1) para (14, 1)
[INFO] [1764531865.450574024] [cg_autonomous_navigator]: Tentando mover de (14, 1) para (13, 1)
[INFO] [1764531865.500576231] [cg_autonomous_navigator]: Tentando mover de (13, 1) para (13, 2)
[INFO] [1764531865.550551609] [cg_autonomous_navigator]: Novo alvo de exploração: (25, 2)
[INFO] [1764531865.550662881] [cg_autonomous_navigator]: Tentando mover de (13, 2) para (13, 1)
[INFO] [1764531865.600526313] [cg_autonomous_navigator]: Tentando mover de (13, 1) para (14, 1)
[INFO] [1764531865.650554860] [cg_autonomous_navigator]: Tentando mover de (14, 1) para (15, 1)
[INFO] [1764531865.700587548] [cg_autonomous_navigator]: Tentando mover de (15, 1) para (16, 1)
[INFO] [1764531865.750574388] [cg_autonomous_navigator]: Tentando mover de (16, 1) para (17, 1)
[INFO] [1764531865.800554696] [cg_autonomous_navigator]: Tentando mover de (17, 1) para (18, 1)
[INFO] [1764531865.850569068] [cg_autonomous_navigator]: Tentando mover de (18, 1) para (19, 1)
[INFO] [1764531865.900617452] [cg_autonomous_navigator]: Tentando mover de (19, 1) para (20, 1)
[INFO] [1764531865.950607497] [cg_autonomous_navigator]: Tentando mover de (20, 1) para (21, 1)
[INFO] [1764531866.000601138] [cg_autonomous_navigator]: Tentando mover de (21, 1) para (22, 1)
[INFO] [1764531866.050584163] [cg_autonomous_navigator]: Tentando mover de (22, 1) para (23, 1)
[INFO] [1764531866.100607442] [cg_autonomous_navigator]: Tentando mover de (23, 1) para (24, 1)
[INFO] [1764531866.150562153] [cg_autonomous_navigator]: Tentando mover de (24, 1) para (25, 1)
[INFO] [1764531866.200602791] [cg_autonomous_navigator]: Tentando mover de (25, 1) para (25, 2)
[INFO] [1764531866.250620403] [cg_autonomous_navigator]: Novo alvo de exploração: (14, 3)
[INFO] [1764531866.250757864] [cg_autonomous_navigator]: Tentando mover de (25, 2) para (25, 1)
[INFO] [1764531866.300632581] [cg_autonomous_navigator]: Tentando mover de (25, 1) para (24, 1)
[INFO] [1764531866.350702671] [cg_autonomous_navigator]: Tentando mover de (24, 1) para (23, 1)
[INFO] [1764531866.400640167] [cg_autonomous_navigator]: Tentando mover de (23, 1) para (22, 1)
[INFO] [1764531866.450682779] [cg_autonomous_navigator]: Tentando mover de (22, 1) para (21, 1)
[INFO] [1764531866.500567869] [cg_autonomous_navigator]: Tentando mover de (21, 1) para (20, 1)
[INFO] [1764531866.550604844] [cg_autonomous_navigator]: Tentando mover de (20, 1) para (19, 1)
[INFO] [1764531866.600691500] [cg_autonomous_navigator]: Tentando mover de (19, 1) para (18, 1)
[INFO] [1764531866.650585962] [cg_autonomous_navigator]: Tentando mover de (18, 1) para (17, 1)
[INFO] [1764531866.700701184] [cg_autonomous_navigator]: Tentando mover de (17, 1) para (16, 1)
[INFO] [1764531866.750613477] [cg_autonomous_navigator]: Tentando mover de (16, 1) para (15, 1)
[INFO] [1764531866.800576121] [cg_autonomous_navigator]: Tentando mover de (15, 1) para (14, 1)
[INFO] [1764531866.850642130] [cg_autonomous_navigator]: Tentando mover de (14, 1) para (13, 1)
[INFO] [1764531866.900599758] [cg_autonomous_navigator]: Tentando mover de (13, 1) para (13, 2)
[INFO] [1764531866.950604872] [cg_autonomous_navigator]: Tentando mover de (13, 2) para (13, 3)
[INFO] [1764531867.000579456] [cg_autonomous_navigator]: Tentando mover de (13, 3) para (14, 3)
[INFO] [1764531867.050700695] [cg_autonomous_navigator]: Novo alvo de exploração: (24, 3)
[INFO] [1764531867.050849884] [cg_autonomous_navigator]: Tentando mover de (14, 3) para (13, 3)
[INFO] [1764531867.100611452] [cg_autonomous_navigator]: Tentando mover de (13, 3) para (13, 2)
[INFO] [1764531867.150577966] [cg_autonomous_navigator]: Tentando mover de (13, 2) para (13, 1)
[INFO] [1764531867.200701829] [cg_autonomous_navigator]: Tentando mover de (13, 1) para (14, 1)
[INFO] [1764531867.250709265] [cg_autonomous_navigator]: Tentando mover de (14, 1) para (15, 1)
[INFO] [1764531867.300706101] [cg_autonomous_navigator]: Tentando mover de (15, 1) para (16, 1)
[INFO] [1764531867.350578613] [cg_autonomous_navigator]: Tentando mover de (16, 1) para (17, 1)
[INFO] [1764531867.400612839] [cg_autonomous_navigator]: Tentando mover de (17, 1) para (18, 1)
[INFO] [1764531867.450718299] [cg_autonomous_navigator]: Tentando mover de (18, 1) para (19, 1)
[INFO] [1764531867.500680550] [cg_autonomous_navigator]: Tentando mover de (19, 1) para (20, 1)
[INFO] [1764531867.550714893] [cg_autonomous_navigator]: Tentando mover de (20, 1) para (21, 1)
[INFO] [1764531867.600625499] [cg_autonomous_navigator]: Tentando mover de (21, 1) para (22, 1)
[INFO] [1764531867.650613453] [cg_autonomous_navigator]: Tentando mover de (22, 1) para (23, 1)
[INFO] [1764531867.700677729] [cg_autonomous_navigator]: Tentando mover de (23, 1) para (24, 1)
[INFO] [1764531867.750626121] [cg_autonomous_navigator]: Tentando mover de (24, 1) para (25, 1)
[INFO] [1764531867.800703804] [cg_autonomous_navigator]: Tentando mover de (25, 1) para (25, 2)
[INFO] [1764531867.850647811] [cg_autonomous_navigator]: Tentando mover de (25, 2) para (25, 3)
[INFO] [1764531867.900624689] [cg_autonomous_navigator]: Tentando mover de (25, 3) para (24, 3)
[INFO] [1764531867.950692605] [cg_autonomous_navigator]: Novo alvo de exploração: (25, 4)
[INFO] [1764531867.950796594] [cg_autonomous_navigator]: Tentando mover de (24, 3) para (25, 3)
[INFO] [1764531868.000635130] [cg_autonomous_navigator]: Tentando mover de (25, 3) para (25, 4)
[INFO] [1764531868.050692686] [cg_autonomous_navigator]: Novo alvo de exploração: (26, 5)
[INFO] [1764531868.050757841] [cg_autonomous_navigator]: Tentando mover de (25, 4) para (25, 5)
[INFO] [1764531868.100624589] [cg_autonomous_navigator]: Tentando mover de (25, 5) para (26, 5)
[INFO] [1764531868.150742881] [cg_autonomous_navigator]: Novo alvo de exploração: (27, 4)
[INFO] [1764531868.150851583] [cg_autonomous_navigator]: Tentando mover de (26, 5) para (27, 5)
[INFO] [1764531868.200589822] [cg_autonomous_navigator]: Tentando mover de (27, 5) para (27, 4)
[INFO] [1764531868.250627304] [cg_autonomous_navigator]: Novo alvo de exploração: (27, 3)
[INFO] [1764531868.250700132] [cg_autonomous_navigator]: Tentando mover de (27, 4) para (27, 3)
[INFO] [1764531868.300625415] [cg_autonomous_navigator]: Novo alvo de exploração: (27, 2)
[INFO] [1764531868.300698861] [cg_autonomous_navigator]: Tentando mover de (27, 3) para (27, 2)
[INFO] [1764531868.350719791] [cg_autonomous_navigator]: Novo alvo de exploração: (27, 1)
[INFO] [1764531868.350799929] [cg_autonomous_navigator]: Tentando mover de (27, 2) para (27, 1)
[INFO] [1764531868.400642329] [cg_autonomous_navigator]: Novo alvo de exploração: (17, 6)
[INFO] [1764531868.400805349] [cg_autonomous_navigator]: Tentando mover de (27, 1) para (27, 2)
[INFO] [1764531868.450589755] [cg_autonomous_navigator]: Tentando mover de (27, 2) para (27, 3)
[INFO] [1764531868.500686580] [cg_autonomous_navigator]: Tentando mover de (27, 3) para (27, 4)
[INFO] [1764531868.550601577] [cg_autonomous_navigator]: Tentando mover de (27, 4) para (27, 5)
[INFO] [1764531868.600638718] [cg_autonomous_navigator]: Tentando mover de (27, 5) para (26, 5)
[INFO] [1764531868.650660792] [cg_autonomous_navigator]: Tentando mover de (26, 5) para (25, 5)
[INFO] [1764531868.700630720] [cg_autonomous_navigator]: Tentando mover de (25, 5) para (25, 4)
[INFO] [1764531868.750711902] [cg_autonomous_navigator]: Tentando mover de (25, 4) para (25, 3)
[INFO] [1764531868.800660594] [cg_autonomous_navigator]: Tentando mover de (25, 3) para (25, 2)
[INFO] [1764531868.850606124] [cg_autonomous_navigator]: Tentando mover de (25, 2) para (25, 1)
[INFO] [1764531868.900618090] [cg_autonomous_navigator]: Tentando mover de (25, 1) para (24, 1)
[INFO] [1764531868.950727073] [cg_autonomous_navigator]: Tentando mover de (24, 1) para (23, 1)
[INFO] [1764531869.000603341] [cg_autonomous_navigator]: Tentando mover de (23, 1) para (22, 1)
[INFO] [1764531869.050693876] [cg_autonomous_navigator]: Tentando mover de (22, 1) para (21, 1)
[INFO] [1764531869.100606898] [cg_autonomous_navigator]: Tentando mover de (21, 1) para (21, 2)
[INFO] [1764531869.150609013] [cg_autonomous_navigator]: Tentando mover de (21, 2) para (21, 3)
[INFO] [1764531869.200635657] [cg_autonomous_navigator]: Tentando mover de (21, 3) para (20, 3)
[INFO] [1764531869.250639228] [cg_autonomous_navigator]: Tentando mover de (20, 3) para (19, 3)
[INFO] [1764531869.300626535] [cg_autonomous_navigator]: Tentando mover de (19, 3) para (18, 3)
[INFO] [1764531869.350723179] [cg_autonomous_navigator]: Tentando mover de (18, 3) para (17, 3)
[INFO] [1764531869.400700422] [cg_autonomous_navigator]: Tentando mover de (17, 3) para (17, 4)
[INFO] [1764531869.450611498] [cg_autonomous_navigator]: Tentando mover de (17, 4) para (17, 5)
[INFO] [1764531869.500737048] [cg_autonomous_navigator]: Tentando mover de (17, 5) para (17, 6)
[INFO] [1764531869.550732023] [cg_autonomous_navigator]: Novo alvo de exploração: (19, 10)
[INFO] [1764531869.551001918] [cg_autonomous_navigator]: Tentando mover de (17, 6) para (17, 5)
[INFO] [1764531869.600641253] [cg_autonomous_navigator]: Tentando mover de (17, 5) para (18, 5)
[INFO] [1764531869.650773166] [cg_autonomous_navigator]: Tentando mover de (18, 5) para (19, 5)
[INFO] [1764531869.700636615] [cg_autonomous_navigator]: Tentando mover de (19, 5) para (20, 5)
[INFO] [1764531869.750658765] [cg_autonomous_navigator]: Tentando mover de (20, 5) para (21, 5)
[INFO] [1764531869.800673739] [cg_autonomous_navigator]: Tentando mover de (21, 5) para (22, 5)
[INFO] [1764531869.850635847] [cg_autonomous_navigator]: Tentando mover de (22, 5) para (23, 5)
[INFO] [1764531869.900626367] [cg_autonomous_navigator]: Tentando mover de (23, 5) para (23, 6)
[INFO] [1764531869.950669215] [cg_autonomous_navigator]: Tentando mover de (23, 6) para (23, 7)
[INFO] [1764531870.000619320] [cg_autonomous_navigator]: Tentando mover de (23, 7) para (22, 7)
[INFO] [1764531870.050687812] [cg_autonomous_navigator]: Tentando mover de (22, 7) para (21, 7)
[INFO] [1764531870.100640660] [cg_autonomous_navigator]: Tentando mover de (21, 7) para (20, 7)
[INFO] [1764531870.150642441] [cg_autonomous_navigator]: Tentando mover de (20, 7) para (19, 7)
[INFO] [1764531870.200667639] [cg_autonomous_navigator]: Tentando mover de (19, 7) para (19, 8)
[INFO] [1764531870.250608415] [cg_autonomous_navigator]: Tentando mover de (19, 8) para (19, 9)
[INFO] [1764531870.300666964] [cg_autonomous_navigator]: Tentando mover de (19, 9) para (19, 10)
[INFO] [1764531870.350675623] [cg_autonomous_navigator]: Novo alvo de exploração: (19, 11)
[INFO] [1764531870.350748306] [cg_autonomous_navigator]: Tentando mover de (19, 10) para (19, 11)
[INFO] [1764531870.400628340] [cg_autonomous_navigator]: Novo alvo de exploração: (19, 12)
[INFO] [1764531870.400716103] [cg_autonomous_navigator]: Tentando mover de (19, 11) para (19, 12)
[INFO] [1764531870.450704297] [cg_autonomous_navigator]: Novo alvo de exploração: (19, 13)
[INFO] [1764531870.450775310] [cg_autonomous_navigator]: Tentando mover de (19, 12) para (19, 13)
[INFO] [1764531870.500696287] [cg_autonomous_navigator]: Novo alvo de exploração: (19, 14)
[INFO] [1764531870.500768870] [cg_autonomous_navigator]: Tentando mover de (19, 13) para (19, 14)
[INFO] [1764531870.550750145] [cg_autonomous_navigator]: Novo alvo de exploração: (18, 15)
[INFO] [1764531870.550857134] [cg_autonomous_navigator]: Tentando mover de (19, 14) para (19, 15)
[INFO] [1764531870.600670532] [cg_autonomous_navigator]: Tentando mover de (19, 15) para (18, 15)
[INFO] [1764531870.650760218] [cg_autonomous_navigator]: Novo alvo de exploração: (17, 14)
[INFO] [1764531870.650874320] [cg_autonomous_navigator]: Tentando mover de (18, 15) para (17, 15)
[INFO] [1764531870.700737672] [cg_autonomous_navigator]: Tentando mover de (17, 15) para (17, 14)
[INFO] [1764531870.750701496] [cg_autonomous_navigator]: Novo alvo de exploração: (16, 13)
[INFO] [1764531870.750817734] [cg_autonomous_navigator]: Tentando mover de (17, 14) para (17, 13)
[INFO] [1764531870.800669483] [cg_autonomous_navigator]: Tentando mover de (17, 13) para (16, 13)
[INFO] [1764531870.850705191] [cg_autonomous_navigator]: Novo alvo de exploração: (15, 13)
[INFO] [1764531870.850776097] [cg_autonomous_navigator]: Tentando mover de (16, 13) para (15, 13)
[INFO] [1764531870.900718259] [cg_autonomous_navigator]: Novo alvo de exploração: (14, 13)
[INFO] [1764531870.900795620] [cg_autonomous_navigator]: Tentando mover de (15, 13) para (14, 13)
[INFO] [1764531870.950726797] [cg_autonomous_navigator]: Novo alvo de exploração: (15, 14)
[INFO] [1764531870.950810351] [cg_autonomous_navigator]: Tentando mover de (14, 13) para (15, 13)
[INFO] [1764531871.000644594] [cg_autonomous_navigator]: Tentando mover de (15, 13) para (15, 14)
[INFO] [1764531871.050697230] [cg_autonomous_navigator]: Novo alvo de exploração: (15, 15)
[INFO] [1764531871.050763731] [cg_autonomous_navigator]: Tentando mover de (15, 14) para (15, 15)
[INFO] [1764531871.100723273] [cg_autonomous_navigator]: Novo alvo de exploração: (15, 16)
[INFO] [1764531871.100794181] [cg_autonomous_navigator]: Tentando mover de (15, 15) para (15, 16)
[INFO] [1764531871.150701229] [cg_autonomous_navigator]: Novo alvo de exploração: (27, 16)
[INFO] [1764531871.150877676] [cg_autonomous_navigator]: Tentando mover de (15, 16) para (15, 15)
[INFO] [1764531871.200634561] [cg_autonomous_navigator]: Tentando mover de (15, 15) para (15, 14)
[INFO] [1764531871.250639788] [cg_autonomous_navigator]: Tentando mover de (15, 14) para (15, 13)
[INFO] [1764531871.300672965] [cg_autonomous_navigator]: Tentando mover de (15, 13) para (16, 13)
[INFO] [1764531871.350653976] [cg_autonomous_navigator]: Tentando mover de (16, 13) para (17, 13)
[INFO] [1764531871.400656983] [cg_autonomous_navigator]: Tentando mover de (17, 13) para (17, 14)
[INFO] [1764531871.450775174] [cg_autonomous_navigator]: Tentando mover de (17, 14) para (17, 15)
[INFO] [1764531871.500627769] [cg_autonomous_navigator]: Tentando mover de (17, 15) para (18, 15)
[INFO] [1764531871.550765814] [cg_autonomous_navigator]: Tentando mover de (18, 15) para (19, 15)
[INFO] [1764531871.600678262] [cg_autonomous_navigator]: Tentando mover de (19, 15) para (19, 14)
[INFO] [1764531871.650619856] [cg_autonomous_navigator]: Tentando mover de (19, 14) para (19, 13)
[INFO] [1764531871.700671517] [cg_autonomous_navigator]: Tentando mover de (19, 13) para (19, 12)
[INFO] [1764531871.750607093] [cg_autonomous_navigator]: Tentando mover de (19, 12) para (19, 11)
[INFO] [1764531871.800673328] [cg_autonomous_navigator]: Tentando mover de (19, 11) para (19, 10)
[INFO] [1764531871.850695661] [cg_autonomous_navigator]: Tentando mover de (19, 10) para (19, 9)
[INFO] [1764531871.900680888] [cg_autonomous_navigator]: Tentando mover de (19, 9) para (20, 9)
[INFO] [1764531871.950769545] [cg_autonomous_navigator]: Tentando mover de (20, 9) para (21, 9)
[INFO] [1764531872.000772035] [cg_autonomous_navigator]: Tentando mover de (21, 9) para (22, 9)
[INFO] [1764531872.050615365] [cg_autonomous_navigator]: Tentando mover de (22, 9) para (23, 9)
[INFO] [1764531872.100607394] [cg_autonomous_navigator]: Tentando mover de (23, 9) para (24, 9)
[INFO] [1764531872.150616881] [cg_autonomous_navigator]: Tentando mover de (24, 9) para (25, 9)
[INFO] [1764531872.200634685] [cg_autonomous_navigator]: Tentando mover de (25, 9) para (25, 8)
[INFO] [1764531872.250642217] [cg_autonomous_navigator]: Tentando mover de (25, 8) para (25, 7)
[INFO] [1764531872.300612467] [cg_autonomous_navigator]: Tentando mover de (25, 7) para (26, 7)
[INFO] [1764531872.350695144] [cg_autonomous_navigator]: Tentando mover de (26, 7) para (27, 7)
[INFO] [1764531872.400736929] [cg_autonomous_navigator]: Tentando mover de (27, 7) para (27, 8)
[INFO] [1764531872.450648042] [cg_autonomous_navigator]: Tentando mover de (27, 8) para (27, 9)
[INFO] [1764531872.500642797] [cg_autonomous_navigator]: Tentando mover de (27, 9) para (27, 10)
[INFO] [1764531872.550659548] [cg_autonomous_navigator]: Tentando mover de (27, 10) para (27, 11)
[INFO] [1764531872.600632869] [cg_autonomous_navigator]: Tentando mover de (27, 11) para (27, 12)
[INFO] [1764531872.650633142] [cg_autonomous_navigator]: Tentando mover de (27, 12) para (27, 13)
[INFO] [1764531872.700610136] [cg_autonomous_navigator]: Tentando mover de (27, 13) para (27, 14)
[INFO] [1764531872.750632492] [cg_autonomous_navigator]: Tentando mover de (27, 14) para (27, 15)
[INFO] [1764531872.800658942] [cg_autonomous_navigator]: Tentando mover de (27, 15) para (27, 16)
[INFO] [1764531872.850891737] [cg_autonomous_navigator]: Novo alvo de exploração: (16, 17)
[INFO] [1764531872.851381405] [cg_autonomous_navigator]: Tentando mover de (27, 16) para (27, 15)
[INFO] [1764531872.900651855] [cg_autonomous_navigator]: Tentando mover de (27, 15) para (27, 14)
[INFO] [1764531872.950639218] [cg_autonomous_navigator]: Tentando mover de (27, 14) para (27, 13)
[INFO] [1764531873.000633639] [cg_autonomous_navigator]: Tentando mover de (27, 13) para (27, 12)
[INFO] [1764531873.050620225] [cg_autonomous_navigator]: Tentando mover de (27, 12) para (27, 11)
[INFO] [1764531873.100612835] [cg_autonomous_navigator]: Tentando mover de (27, 11) para (27, 10)
[INFO] [1764531873.150614906] [cg_autonomous_navigator]: Tentando mover de (27, 10) para (27, 9)
[INFO] [1764531873.200638012] [cg_autonomous_navigator]: Tentando mover de (27, 9) para (27, 8)
[INFO] [1764531873.250647974] [cg_autonomous_navigator]: Tentando mover de (27, 8) para (27, 7)
[INFO] [1764531873.300634639] [cg_autonomous_navigator]: Tentando mover de (27, 7) para (26, 7)
[INFO] [1764531873.350692152] [cg_autonomous_navigator]: Tentando mover de (26, 7) para (25, 7)
[INFO] [1764531873.400634674] [cg_autonomous_navigator]: Tentando mover de (25, 7) para (25, 8)
[INFO] [1764531873.450749303] [cg_autonomous_navigator]: Tentando mover de (25, 8) para (25, 9)
[INFO] [1764531873.500638675] [cg_autonomous_navigator]: Tentando mover de (25, 9) para (24, 9)
[INFO] [1764531873.550796041] [cg_autonomous_navigator]: Tentando mover de (24, 9) para (23, 9)
[INFO] [1764531873.600692132] [cg_autonomous_navigator]: Tentando mover de (23, 9) para (22, 9)
[INFO] [1764531873.650647854] [cg_autonomous_navigator]: Tentando mover de (22, 9) para (21, 9)
[INFO] [1764531873.700630249] [cg_autonomous_navigator]: Tentando mover de (21, 9) para (20, 9)
[INFO] [1764531873.750631315] [cg_autonomous_navigator]: Tentando mover de (20, 9) para (19, 9)
[INFO] [1764531873.800635993] [cg_autonomous_navigator]: Tentando mover de (19, 9) para (19, 10)
[INFO] [1764531873.850661227] [cg_autonomous_navigator]: Tentando mover de (19, 10) para (19, 11)
[INFO] [1764531873.900666120] [cg_autonomous_navigator]: Tentando mover de (19, 11) para (19, 12)
[INFO] [1764531873.950678681] [cg_autonomous_navigator]: Tentando mover de (19, 12) para (19, 13)
[INFO] [1764531874.000698655] [cg_autonomous_navigator]: Tentando mover de (19, 13) para (19, 14)
[INFO] [1764531874.050666602] [cg_autonomous_navigator]: Tentando mover de (19, 14) para (19, 15)
[INFO] [1764531874.100630205] [cg_autonomous_navigator]: Tentando mover de (19, 15) para (18, 15)
[INFO] [1764531874.150666141] [cg_autonomous_navigator]: Tentando mover de (18, 15) para (17, 15)
[INFO] [1764531874.200669771] [cg_autonomous_navigator]: Tentando mover de (17, 15) para (17, 14)
[INFO] [1764531874.250678709] [cg_autonomous_navigator]: Tentando mover de (17, 14) para (17, 13)
[INFO] [1764531874.300786383] [cg_autonomous_navigator]: Tentando mover de (17, 13) para (16, 13)
[INFO] [1764531874.350709376] [cg_autonomous_navigator]: Tentando mover de (16, 13) para (15, 13)
[INFO] [1764531874.400675356] [cg_autonomous_navigator]: Tentando mover de (15, 13) para (15, 14)
[INFO] [1764531874.450686244] [cg_autonomous_navigator]: Tentando mover de (15, 14) para (15, 15)
[INFO] [1764531874.500669536] [cg_autonomous_navigator]: Tentando mover de (15, 15) para (15, 16)
[INFO] [1764531874.550703674] [cg_autonomous_navigator]: Tentando mover de (15, 16) para (15, 17)
[INFO] [1764531874.600678807] [cg_autonomous_navigator]: Tentando mover de (15, 17) para (16, 17)
[INFO] [1764531874.650962955] [cg_autonomous_navigator]: Novo alvo de exploração: (17, 17)
[INFO] [1764531874.651070859] [cg_autonomous_navigator]: Tentando mover de (16, 17) para (17, 17)
[INFO] [1764531874.700747022] [cg_autonomous_navigator]: Novo alvo de exploração: (18, 17)
[INFO] [1764531874.700809879] [cg_autonomous_navigator]: Tentando mover de (17, 17) para (18, 17)
[INFO] [1764531874.750785531] [cg_autonomous_navigator]: Novo alvo de exploração: (19, 17)
[INFO] [1764531874.750849163] [cg_autonomous_navigator]: Tentando mover de (18, 17) para (19, 17)
[INFO] [1764531874.800882886] [cg_autonomous_navigator]: Novo alvo de exploração: (19, 18)
[INFO] [1764531874.800967017] [cg_autonomous_navigator]: Tentando mover de (19, 17) para (19, 18)
[INFO] [1764531874.850757754] [cg_autonomous_navigator]: Novo alvo de exploração: (19, 19)
[INFO] [1764531874.850826888] [cg_autonomous_navigator]: Tentando mover de (19, 18) para (19, 19)
[INFO] [1764531874.900757435] [cg_autonomous_navigator]: Novo alvo de exploração: (20, 19)
[INFO] [1764531874.900837938] [cg_autonomous_navigator]: Tentando mover de (19, 19) para (20, 19)
[INFO] [1764531874.950744790] [cg_autonomous_navigator]: Novo alvo de exploração: (21, 18)
[INFO] [1764531874.950816307] [cg_autonomous_navigator]: Tentando mover de (20, 19) para (21, 19)
[INFO] [1764531875.000717748] [cg_autonomous_navigator]: Tentando mover de (21, 19) para (21, 18)
[INFO] [1764531875.050752683] [cg_autonomous_navigator]: Novo alvo de exploração: (21, 17)
[INFO] [1764531875.050813401] [cg_autonomous_navigator]: Tentando mover de (21, 18) para (21, 17)
[INFO] [1764531875.100733880] [cg_autonomous_navigator]: Novo alvo de exploração: (21, 16)
[INFO] [1764531875.100807585] [cg_autonomous_navigator]: Tentando mover de (21, 17) para (21, 16)
[INFO] [1764531875.150877192] [cg_autonomous_navigator]: Novo alvo de exploração: (21, 20)
[INFO] [1764531875.151009011] [cg_autonomous_navigator]: Tentando mover de (21, 16) para (21, 17)
[INFO] [1764531875.200688889] [cg_autonomous_navigator]: Tentando mover de (21, 17) para (21, 18)
[INFO] [1764531875.250703040] [cg_autonomous_navigator]: Tentando mover de (21, 18) para (21, 19)
[INFO] [1764531875.300690715] [cg_autonomous_navigator]: Tentando mover de (21, 19) para (21, 20)
[INFO] [1764531875.350765810] [cg_autonomous_navigator]: Novo alvo de exploração: (21, 21)
[INFO] [1764531875.350831040] [cg_autonomous_navigator]: Tentando mover de (21, 20) para (21, 21)
[INFO] [1764531875.400873882] [cg_autonomous_navigator]: Novo alvo de exploração: (22, 21)
[INFO] [1764531875.400976045] [cg_autonomous_navigator]: Tentando mover de (21, 21) para (22, 21)
[INFO] [1764531875.450776020] [cg_autonomous_navigator]: Novo alvo de exploração: (23, 20)
[INFO] [1764531875.450847285] [cg_autonomous_navigator]: Tentando mover de (22, 21) para (23, 21)
[INFO] [1764531875.500681411] [cg_autonomous_navigator]: Tentando mover de (23, 21) para (23, 20)
[INFO] [1764531875.550781709] [cg_autonomous_navigator]: Novo alvo de exploração: (24, 21)
[INFO] [1764531875.550856531] [cg_autonomous_navigator]: Tentando mover de (23, 20) para (23, 21)
[INFO] [1764531875.600683280] [cg_autonomous_navigator]: Tentando mover de (23, 21) para (24, 21)
[INFO] [1764531875.650796552] [cg_autonomous_navigator]: Novo alvo de exploração: (21, 22)
[INFO] [1764531875.650897248] [cg_autonomous_navigator]: Tentando mover de (24, 21) para (23, 21)
[INFO] [1764531875.700689595] [cg_autonomous_navigator]: Tentando mover de (23, 21) para (22, 21)
[INFO] [1764531875.750684920] [cg_autonomous_navigator]: Tentando mover de (22, 21) para (21, 21)
[INFO] [1764531875.800729040] [cg_autonomous_navigator]: Tentando mover de (21, 21) para (21, 22)
[INFO] [1764531875.850906657] [cg_autonomous_navigator]: Novo alvo de exploração: (20, 23)
[INFO] [1764531875.851019412] [cg_autonomous_navigator]: Tentando mover de (21, 22) para (21, 23)
[INFO] [1764531875.900692495] [cg_autonomous_navigator]: Tentando mover de (21, 23) para (20, 23)
[INFO] [1764531875.950786710] [cg_autonomous_navigator]: Novo alvo de exploração: (19, 23)
[INFO] [1764531875.950848568] [cg_autonomous_navigator]: Tentando mover de (20, 23) para (19, 23)
[INFO] [1764531876.000997035] [cg_autonomous_navigator]: Novo alvo de exploração: (18, 23)
[INFO] [1764531876.001101629] [cg_autonomous_navigator]: Tentando mover de (19, 23) para (18, 23)
[INFO] [1764531876.050939764] [cg_autonomous_navigator]: Novo alvo de exploração: (17, 22)
[INFO] [1764531876.051032701] [cg_autonomous_navigator]: Tentando mover de (18, 23) para (17, 23)
[INFO] [1764531876.100689015] [cg_autonomous_navigator]: Tentando mover de (17, 23) para (17, 22)
[INFO] [1764531876.150901452] [cg_autonomous_navigator]: Novo alvo de exploração: (17, 21)
[INFO] [1764531876.151026466] [cg_autonomous_navigator]: Tentando mover de (17, 22) para (17, 21)
[INFO] [1764531876.200821954] [cg_autonomous_navigator]: Novo alvo de exploração: (17, 20)
[INFO] [1764531876.200909178] [cg_autonomous_navigator]: Tentando mover de (17, 21) para (17, 20)
[INFO] [1764531876.250903209] [cg_autonomous_navigator]: Novo alvo de exploração: (18, 21)
[INFO] [1764531876.250990763] [cg_autonomous_navigator]: Tentando mover de (17, 20) para (17, 21)
[INFO] [1764531876.300694479] [cg_autonomous_navigator]: Tentando mover de (17, 21) para (18, 21)
[INFO] [1764531876.350847724] [cg_autonomous_navigator]: Mapeamento completo! Calculando caminho final para o alvo.
[INFO] [1764531876.351025870] [cg_autonomous_navigator]: Caminho final para o alvo calculado com 24 passos.
[INFO] [1764531876.351046915] [cg_autonomous_navigator]: Tentando mover de (18, 21) para (17, 21)
[INFO] [1764531876.400765669] [cg_autonomous_navigator]: Tentando mover de (17, 21) para (17, 22)
[INFO] [1764531876.450726026] [cg_autonomous_navigator]: Tentando mover de (17, 22) para (17, 23)
[INFO] [1764531876.500683652] [cg_autonomous_navigator]: Tentando mover de (17, 23) para (18, 23)
[INFO] [1764531876.550731278] [cg_autonomous_navigator]: Tentando mover de (18, 23) para (19, 23)
[INFO] [1764531876.600696488] [cg_autonomous_navigator]: Tentando mover de (19, 23) para (20, 23)
[INFO] [1764531876.650698725] [cg_autonomous_navigator]: Tentando mover de (20, 23) para (21, 23)
[INFO] [1764531876.700744060] [cg_autonomous_navigator]: Tentando mover de (21, 23) para (21, 22)
[INFO] [1764531876.750701126] [cg_autonomous_navigator]: Tentando mover de (21, 22) para (21, 21)
[INFO] [1764531876.800699995] [cg_autonomous_navigator]: Tentando mover de (21, 21) para (21, 20)
[INFO] [1764531876.850652837] [cg_autonomous_navigator]: Tentando mover de (21, 20) para (21, 19)
[INFO] [1764531876.900699056] [cg_autonomous_navigator]: Tentando mover de (21, 19) para (20, 19)
[INFO] [1764531876.950711657] [cg_autonomous_navigator]: Tentando mover de (20, 19) para (19, 19)
[INFO] [1764531877.000706379] [cg_autonomous_navigator]: Tentando mover de (19, 19) para (19, 18)
[INFO] [1764531877.050702386] [cg_autonomous_navigator]: Tentando mover de (19, 18) para (19, 17)
[INFO] [1764531877.100722795] [cg_autonomous_navigator]: Tentando mover de (19, 17) para (18, 17)
[INFO] [1764531877.150749731] [cg_autonomous_navigator]: Tentando mover de (18, 17) para (17, 17)
[INFO] [1764531877.200709086] [cg_autonomous_navigator]: Tentando mover de (17, 17) para (16, 17)
[INFO] [1764531877.250709684] [cg_autonomous_navigator]: Tentando mover de (16, 17) para (15, 17)
[INFO] [1764531877.300719757] [cg_autonomous_navigator]: Tentando mover de (15, 17) para (15, 16)
[INFO] [1764531877.350656380] [cg_autonomous_navigator]: Tentando mover de (15, 16) para (15, 15)
[INFO] [1764531877.400772038] [cg_autonomous_navigator]: Tentando mover de (15, 15) para (15, 14)
[INFO] [1764531877.450695519] [cg_autonomous_navigator]: Tentando mover de (15, 14) para (14, 14)
[INFO] [1764531877.500714497] [cg_autonomous_navigator]: Robô chegou ao alvo!
