[INFO] [1764531562.543710810] [cg_autonomous_navigator]: Tentando conectar ao serviço /get_map...
[INFO] [1764531566.449618439] [cg_autonomous_navigator]: Serviço /get_map disponível, enviando request...
[INFO] [1764531566.662863249] [cg_autonomous_navigator]: Dimensões do mapa recebidas: 29x29. O robô começa em (1, 1).
[INFO] [1764531566.662908915] [cg_autonomous_navigator]: O robô agora está 'cego' e deve mapear o labirinto.
[INFO] [1764531566.693527906] [cg_autonomous_navigator]: Novo alvo de exploração: (2, 1)
[INFO] [1764531566.693626084] [cg_autonomous_navigator]: Tentando mover de (1, 1) para (2, 1)
[INFO] [1764531566.743496150] [cg_autonomous_navigator]: Novo alvo de exploração: (3, 1)
[INFO] [1764531566.743573546] [cg_autonomous_navigator]: Tentando mover de (2, 1) para (3, 1)
[INFO] [1764531566.793496761] [cg_autonomous_navigator]: Novo alvo de exploração: (4, 1)
[INFO] [1764531566.793553820] [cg_autonomous_navigator]: Tentando mover de (3, 1) para (4, 1)
[INFO] [1764531566.843500440] [cg_autonomous_navigator]: Novo alvo de exploração: (5, 1)
[INFO] [1764531566.843558143] [cg_autonomous_navigator]: Tentando mover de (4, 1) para (5, 1)
[INFO] [1764531566.893514029] [cg_autonomous_navigator]: Novo alvo de exploração: (6, 1)
[INFO] [1764531566.893585312] [cg_autonomous_navigator]: Tentando mover de (5, 1) para (6, 1)
[INFO] [1764531566.943520172] [cg_autonomous_navigator]: Novo alvo de exploração: (7, 1)
[INFO] [1764531566.943602817] [cg_autonomous_navigator]: Tentando mover de (6, 1) para (7, 1)
[INFO] [1764531566.993529846] [cg_autonomous_navigator]: Novo alvo de exploração: (8, 1)
[INFO] [1764531566.993606282] [cg_autonomous_navigator]: Tentando mover de (7, 1) para (8, 1)
[INFO] [1764531567.043529479] [cg_autonomous_navigator]: Novo alvo de exploração: (9, 1)
[INFO] [1764531567.043610256] [cg_autonomous_navigator]: Tentando mover de (8, 1) para (9, 1)
[INFO] [1764531567.093550033] [cg_autonomous_navigator]: Novo alvo de exploração: (9, 2)
[INFO] [1764531567.093628855] [cg_autonomous_navigator]: Tentando mover de (9, 1) para (9, 2)
[INFO] [1764531567.143511197] [cg_autonomous_navigator]: Novo alvo de exploração: (9, 3)
[INFO] [1764531567.143582524] [cg_autonomous_navigator]: Tentando mover de (9, 2) para (9, 3)
[INFO] [1764531567.193525519] [cg_autonomous_navigator]: Novo alvo de exploração: (10, 3)
[INFO] [1764531567.193615015] [cg_autonomous_navigator]: Tentando mover de (9, 3) para (10, 3)
[INFO] [1764531567.243543268] [cg_autonomous_navigator]: Novo alvo de exploração: (11, 3)
[INFO] [1764531567.243630204] [cg_autonomous_navigator]: Tentando mover de (10, 3) para (11, 3)
[INFO] [1764531567.293588868] [cg_autonomous_navigator]: Novo alvo de exploração: (11, 4)
[INFO] [1764531567.293727373] [cg_autonomous_navigator]: Tentando mover de (11, 3) para (11, 4)
[INFO] [1764531567.343539004] [cg_autonomous_navigator]: Novo alvo de exploração: (10, 5)
[INFO] [1764531567.343657062] [cg_autonomous_navigator]: Tentando mover de (11, 4) para (11, 5)
[INFO] [1764531567.393538809] [cg_autonomous_navigator]: Tentando mover de (11, 5) para (10, 5)
[INFO] [1764531567.443529544] [cg_autonomous_navigator]: Novo alvo de exploração: (9, 5)
[INFO] [1764531567.443603226] [cg_autonomous_navigator]: Tentando mover de (10, 5) para (9, 5)
[INFO] [1764531567.493539315] [cg_autonomous_navigator]: Novo alvo de exploração: (9, 6)
[INFO] [1764531567.493616517] [cg_autonomous_navigator]: Tentando mover de (9, 5) para (9, 6)
[INFO] [1764531567.543550243] [cg_autonomous_navigator]: Novo alvo de exploração: (9, 7)
[INFO] [1764531567.543623089] [cg_autonomous_navigator]: Tentando mover de (9, 6) para (9, 7)
[INFO] [1764531567.593544913] [cg_autonomous_navigator]: Novo alvo de exploração: (9, 8)
[INFO] [1764531567.593619433] [cg_autonomous_navigator]: Tentando mover de (9, 7) para (9, 8)
[INFO] [1764531567.643552209] [cg_autonomous_navigator]: Novo alvo de exploração: (9, 9)
[INFO] [1764531567.643623004] [cg_autonomous_navigator]: Tentando mover de (9, 8) para (9, 9)
[INFO] [1764531567.693557952] [cg_autonomous_navigator]: Novo alvo de exploração: (9, 10)
[INFO] [1764531567.693663267] [cg_autonomous_navigator]: Tentando mover de (9, 9) para (9, 10)
[INFO] [1764531567.743548536] [cg_autonomous_navigator]: Novo alvo de exploração: (9, 11)
[INFO] [1764531567.743612063] [cg_autonomous_navigator]: Tentando mover de (9, 10) para (9, 11)
[INFO] [1764531567.793519953] [cg_autonomous_navigator]: Novo alvo de exploração: (9, 12)
[INFO] [1764531567.793585981] [cg_autonomous_navigator]: Tentando mover de (9, 11) para (9, 12)
[INFO] [1764531567.843530780] [cg_autonomous_navigator]: Novo alvo de exploração: (9, 13)
[INFO] [1764531567.843598628] [cg_autonomous_navigator]: Tentando mover de (9, 12) para (9, 13)
[INFO] [1764531567.893565191] [cg_autonomous_navigator]: Novo alvo de exploração: (10, 13)
[INFO] [1764531567.893679887] [cg_autonomous_navigator]: Tentando mover de (9, 13) para (10, 13)
[INFO] [1764531567.943536600] [cg_autonomous_navigator]: Novo alvo de exploração: (11, 12)
[INFO] [1764531567.943615929] [cg_autonomous_navigator]: Tentando mover de (10, 13) para (11, 13)
[INFO] [1764531567.993524136] [cg_autonomous_navigator]: Tentando mover de (11, 13) para (11, 12)
[INFO] [1764531568.043536973] [cg_autonomous_navigator]: Novo alvo de exploração: (11, 11)
[INFO] [1764531568.043614035] [cg_autonomous_navigator]: Tentando mover de (11, 12) para (11, 11)
[INFO] [1764531568.093554747] [cg_autonomous_navigator]: Novo alvo de exploração: (11, 10)
[INFO] [1764531568.093653423] [cg_autonomous_navigator]: Tentando mover de (11, 11) para (11, 10)
[INFO] [1764531568.143568155] [cg_autonomous_navigator]: Novo alvo de exploração: (11, 9)
[INFO] [1764531568.143669710] [cg_autonomous_navigator]: Tentando mover de (11, 10) para (11, 9)
[INFO] [1764531568.193554566] [cg_autonomous_navigator]: Novo alvo de exploração: (11, 8)
[INFO] [1764531568.193640469] [cg_autonomous_navigator]: Tentando mover de (11, 9) para (11, 8)
[INFO] [1764531568.243534581] [cg_autonomous_navigator]: Novo alvo de exploração: (12, 7)
[INFO] [1764531568.243611578] [cg_autonomous_navigator]: Tentando mover de (11, 8) para (11, 7)
[INFO] [1764531568.293550042] [cg_autonomous_navigator]: Tentando mover de (11, 7) para (12, 7)
[INFO] [1764531568.343557403] [cg_autonomous_navigator]: Novo alvo de exploração: (13, 7)
[INFO] [1764531568.343635689] [cg_autonomous_navigator]: Tentando mover de (12, 7) para (13, 7)
[INFO] [1764531568.393563106] [cg_autonomous_navigator]: Novo alvo de exploração: (14, 7)
[INFO] [1764531568.393641563] [cg_autonomous_navigator]: Tentando mover de (13, 7) para (14, 7)
[INFO] [1764531568.443622704] [cg_autonomous_navigator]: Novo alvo de exploração: (15, 6)
[INFO] [1764531568.443691009] [cg_autonomous_navigator]: Tentando mover de (14, 7) para (15, 7)
[INFO] [1764531568.493643505] [cg_autonomous_navigator]: Tentando mover de (15, 7) para (15, 6)
[INFO] [1764531568.543559745] [cg_autonomous_navigator]: Novo alvo de exploração: (15, 5)
[INFO] [1764531568.543635903] [cg_autonomous_navigator]: Tentando mover de (15, 6) para (15, 5)
[INFO] [1764531568.593544798] [cg_autonomous_navigator]: Novo alvo de exploração: (16, 5)
[INFO] [1764531568.593609380] [cg_autonomous_navigator]: Tentando mover de (15, 5) para (16, 5)
[INFO] [1764531568.643547011] [cg_autonomous_navigator]: Novo alvo de exploração: (17, 4)
[INFO] [1764531568.643625171] [cg_autonomous_navigator]: Tentando mover de (16, 5) para (17, 5)
[INFO] [1764531568.693555187] [cg_autonomous_navigator]: Tentando mover de (17, 5) para (17, 4)
[INFO] [1764531568.743582919] [cg_autonomous_navigator]: Novo alvo de exploração: (16, 3)
[INFO] [1764531568.743699761] [cg_autonomous_navigator]: Tentando mover de (17, 4) para (17, 3)
[INFO] [1764531568.793541342] [cg_autonomous_navigator]: Tentando mover de (17, 3) para (16, 3)
[INFO] [1764531568.843563635] [cg_autonomous_navigator]: Novo alvo de exploração: (15, 3)
[INFO] [1764531568.843641542] [cg_autonomous_navigator]: Tentando mover de (16, 3) para (15, 3)
[INFO] [1764531568.893590479] [cg_autonomous_navigator]: Novo alvo de exploração: (14, 3)
[INFO] [1764531568.893687701] [cg_autonomous_navigator]: Tentando mover de (15, 3) para (14, 3)
[INFO] [1764531568.943564351] [cg_autonomous_navigator]: Novo alvo de exploração: (13, 2)
[INFO] [1764531568.943655139] [cg_autonomous_navigator]: Tentando mover de (14, 3) para (13, 3)
[INFO] [1764531568.993565684] [cg_autonomous_navigator]: Tentando mover de (13, 3) para (13, 2)
[INFO] [1764531569.043578819] [cg_autonomous_navigator]: Novo alvo de exploração: (12, 1)
[INFO] [1764531569.043668792] [cg_autonomous_navigator]: Tentando mover de (13, 2) para (13, 1)
[INFO] [1764531569.093563730] [cg_autonomous_navigator]: Tentando mover de (13, 1) para (12, 1)
[INFO] [1764531569.143555022] [cg_autonomous_navigator]: Novo alvo de exploração: (14, 1)
[INFO] [1764531569.143658219] [cg_autonomous_navigator]: Tentando mover de (12, 1) para (13, 1)
[INFO] [1764531569.193552364] [cg_autonomous_navigator]: Tentando mover de (13, 1) para (14, 1)
[INFO] [1764531569.243568037] [cg_autonomous_navigator]: Novo alvo de exploração: (15, 1)
[INFO] [1764531569.243655303] [cg_autonomous_navigator]: Tentando mover de (14, 1) para (15, 1)
[INFO] [1764531569.293563007] [cg_autonomous_navigator]: Novo alvo de exploração: (16, 1)
[INFO] [1764531569.293652951] [cg_autonomous_navigator]: Tentando mover de (15, 1) para (16, 1)
[INFO] [1764531569.343697238] [cg_autonomous_navigator]: Novo alvo de exploração: (17, 1)
[INFO] [1764531569.343809960] [cg_autonomous_navigator]: Tentando mover de (16, 1) para (17, 1)
[INFO] [1764531569.393641684] [cg_autonomous_navigator]: Novo alvo de exploração: (18, 1)
[INFO] [1764531569.393764039] [cg_autonomous_navigator]: Tentando mover de (17, 1) para (18, 1)
[INFO] [1764531569.443556833] [cg_autonomous_navigator]: Novo alvo de exploração: (19, 1)
[INFO] [1764531569.443684276] [cg_autonomous_navigator]: Tentando mover de (18, 1) para (19, 1)
[INFO] [1764531569.493560993] [cg_autonomous_navigator]: Novo alvo de exploração: (19, 2)
[INFO] [1764531569.493648007] [cg_autonomous_navigator]: Tentando mover de (19, 1) para (19, 2)
[INFO] [1764531569.543647753] [cg_autonomous_navigator]: Novo alvo de exploração: (19, 3)
[INFO] [1764531569.543716531] [cg_autonomous_navigator]: Tentando mover de (19, 2) para (19, 3)
[INFO] [1764531569.593569825] [cg_autonomous_navigator]: Novo alvo de exploração: (13, 4)
[INFO] [1764531569.593672617] [cg_autonomous_navigator]: Tentando mover de (19, 3) para (19, 2)
[INFO] [1764531569.643615023] [cg_autonomous_navigator]: Tentando mover de (19, 2) para (19, 1)
[INFO] [1764531569.693572010] [cg_autonomous_navigator]: Tentando mover de (19, 1) para (18, 1)
[INFO] [1764531569.743606912] [cg_autonomous_navigator]: Tentando mover de (18, 1) para (17, 1)
[INFO] [1764531569.793574494] [cg_autonomous_navigator]: Tentando mover de (17, 1) para (16, 1)
[INFO] [1764531569.843644232] [cg_autonomous_navigator]: Tentando mover de (16, 1) para (15, 1)
[INFO] [1764531569.893567142] [cg_autonomous_navigator]: Tentando mover de (15, 1) para (14, 1)
[INFO] [1764531569.943556392] [cg_autonomous_navigator]: Tentando mover de (14, 1) para (13, 1)
[INFO] [1764531569.993550686] [cg_autonomous_navigator]: Tentando mover de (13, 1) para (13, 2)
[INFO] [1764531570.043557502] [cg_autonomous_navigator]: Tentando mover de (13, 2) para (13, 3)
[INFO] [1764531570.093570829] [cg_autonomous_navigator]: Tentando mover de (13, 3) para (13, 4)
[INFO] [1764531570.143608555] [cg_autonomous_navigator]: Novo alvo de exploração: (19, 4)
[INFO] [1764531570.143720427] [cg_autonomous_navigator]: Tentando mover de (13, 4) para (13, 3)
[INFO] [1764531570.193578365] [cg_autonomous_navigator]: Tentando mover de (13, 3) para (13, 2)
[INFO] [1764531570.243579850] [cg_autonomous_navigator]: Tentando mover de (13, 2) para (13, 1)
[INFO] [1764531570.293571750] [cg_autonomous_navigator]: Tentando mover de (13, 1) para (14, 1)
[INFO] [1764531570.343560509] [cg_autonomous_navigator]: Tentando mover de (14, 1) para (15, 1)
[INFO] [1764531570.393661247] [cg_autonomous_navigator]: Tentando mover de (15, 1) para (16, 1)
[INFO] [1764531570.443566422] [cg_autonomous_navigator]: Tentando mover de (16, 1) para (17, 1)
[INFO] [1764531570.493689944] [cg_autonomous_navigator]: Tentando mover de (17, 1) para (18, 1)
[INFO] [1764531570.543693060] [cg_autonomous_navigator]: Tentando mover de (18, 1) para (19, 1)
[INFO] [1764531570.593572045] [cg_autonomous_navigator]: Tentando mover de (19, 1) para (19, 2)
[INFO] [1764531570.643578823] [cg_autonomous_navigator]: Tentando mover de (19, 2) para (19, 3)
[INFO] [1764531570.693580632] [cg_autonomous_navigator]: Tentando mover de (19, 3) para (19, 4)
[INFO] [1764531570.743633843] [cg_autonomous_navigator]: Novo alvo de exploração: (19, 5)
[INFO] [1764531570.743740881] [cg_autonomous_navigator]: Tentando mover de (19, 4) para (19, 5)
[INFO] [1764531570.793571814] [cg_autonomous_navigator]: Novo alvo de exploração: (20, 5)
[INFO] [1764531570.793658554] [cg_autonomous_navigator]: Tentando mover de (19, 5) para (20, 5)
[INFO] [1764531570.843582105] [cg_autonomous_navigator]: Novo alvo de exploração: (21, 4)
[INFO] [1764531570.843655440] [cg_autonomous_navigator]: Tentando mover de (20, 5) para (21, 5)
[INFO] [1764531570.893573022] [cg_autonomous_navigator]: Tentando mover de (21, 5) para (21, 4)
[INFO] [1764531570.943602249] [cg_autonomous_navigator]: Novo alvo de exploração: (21, 3)
[INFO] [1764531570.943703052] [cg_autonomous_navigator]: Tentando mover de (21, 4) para (21, 3)
[INFO] [1764531570.993614513] [cg_autonomous_navigator]: Novo alvo de exploração: (22, 3)
[INFO] [1764531570.993766837] [cg_autonomous_navigator]: Tentando mover de (21, 3) para (22, 3)
[INFO] [1764531571.043583186] [cg_autonomous_navigator]: Novo alvo de exploração: (23, 3)
[INFO] [1764531571.043661282] [cg_autonomous_navigator]: Tentando mover de (22, 3) para (23, 3)
[INFO] [1764531571.093600787] [cg_autonomous_navigator]: Novo alvo de exploração: (24, 3)
[INFO] [1764531571.093682170] [cg_autonomous_navigator]: Tentando mover de (23, 3) para (24, 3)
[INFO] [1764531571.143635026] [cg_autonomous_navigator]: Novo alvo de exploração: (25, 3)
[INFO] [1764531571.143747652] [cg_autonomous_navigator]: Tentando mover de (24, 3) para (25, 3)
[INFO] [1764531571.193711734] [cg_autonomous_navigator]: Novo alvo de exploração: (26, 3)
[INFO] [1764531571.193873863] [cg_autonomous_navigator]: Tentando mover de (25, 3) para (26, 3)
[INFO] [1764531571.243632816] [cg_autonomous_navigator]: Novo alvo de exploração: (27, 2)
[INFO] [1764531571.243740106] [cg_autonomous_navigator]: Tentando mover de (26, 3) para (27, 3)
[INFO] [1764531571.293587138] [cg_autonomous_navigator]: Tentando mover de (27, 3) para (27, 2)
[INFO] [1764531571.343643942] [cg_autonomous_navigator]: Novo alvo de exploração: (26, 1)
[INFO] [1764531571.343718061] [cg_autonomous_navigator]: Tentando mover de (27, 2) para (27, 1)
[INFO] [1764531571.393700681] [cg_autonomous_navigator]: Tentando mover de (27, 1) para (26, 1)
[INFO] [1764531571.443678498] [cg_autonomous_navigator]: Novo alvo de exploração: (25, 1)
[INFO] [1764531571.443744849] [cg_autonomous_navigator]: Tentando mover de (26, 1) para (25, 1)
[INFO] [1764531571.493589219] [cg_autonomous_navigator]: Novo alvo de exploração: (24, 1)
[INFO] [1764531571.493687779] [cg_autonomous_navigator]: Tentando mover de (25, 1) para (24, 1)
[INFO] [1764531571.543622753] [cg_autonomous_navigator]: Novo alvo de exploração: (23, 1)
[INFO] [1764531571.543683651] [cg_autonomous_navigator]: Tentando mover de (24, 1) para (23, 1)
[INFO] [1764531571.593712375] [cg_autonomous_navigator]: Novo alvo de exploração: (22, 1)
[INFO] [1764531571.593779844] [cg_autonomous_navigator]: Tentando mover de (23, 1) para (22, 1)
[INFO] [1764531571.643728310] [cg_autonomous_navigator]: Novo alvo de exploração: (27, 4)
[INFO] [1764531571.643870880] [cg_autonomous_navigator]: Tentando mover de (22, 1) para (23, 1)
[INFO] [1764531571.693588523] [cg_autonomous_navigator]: Tentando mover de (23, 1) para (24, 1)
[INFO] [1764531571.743577565] [cg_autonomous_navigator]: Tentando mover de (24, 1) para (25, 1)
[INFO] [1764531571.793615012] [cg_autonomous_navigator]: Tentando mover de (25, 1) para (26, 1)
[INFO] [1764531571.843582861] [cg_autonomous_navigator]: Tentando mover de (26, 1) para (27, 1)
[INFO] [1764531571.893674650] [cg_autonomous_navigator]: Tentando mover de (27, 1) para (27, 2)
[INFO] [1764531571.943600596] [cg_autonomous_navigator]: Tentando mover de (27, 2) para (27, 3)
[INFO] [1764531571.993693843] [cg_autonomous_navigator]: Tentando mover de (27, 3) para (27, 4)
[INFO] [1764531572.043621191] [cg_autonomous_navigator]: Novo alvo de exploração: (27, 5)
[INFO] [1764531572.043687380] [cg_autonomous_navigator]: Tentando mover de (27, 4) para (27, 5)
[INFO] [1764531572.093565057] [cg_autonomous_navigator]: Novo alvo de exploração: (27, 6)
[INFO] [1764531572.093676066] [cg_autonomous_navigator]: Tentando mover de (27, 5) para (27, 6)
[INFO] [1764531572.143634162] [cg_autonomous_navigator]: Novo alvo de exploração: (27, 7)
[INFO] [1764531572.143707064] [cg_autonomous_navigator]: Tentando mover de (27, 6) para (27, 7)
[INFO] [1764531572.193673122] [cg_autonomous_navigator]: Novo alvo de exploração: (27, 8)
[INFO] [1764531572.193770059] [cg_autonomous_navigator]: Tentando mover de (27, 7) para (27, 8)
[INFO] [1764531572.243698571] [cg_autonomous_navigator]: Novo alvo de exploração: (26, 9)
[INFO] [1764531572.243767732] [cg_autonomous_navigator]: Tentando mover de (27, 8) para (27, 9)
[INFO] [1764531572.293607845] [cg_autonomous_navigator]: Tentando mover de (27, 9) para (26, 9)
[INFO] [1764531572.343637002] [cg_autonomous_navigator]: Novo alvo de exploração: (25, 9)
[INFO] [1764531572.343703690] [cg_autonomous_navigator]: Tentando mover de (26, 9) para (25, 9)
[INFO] [1764531572.393700245] [cg_autonomous_navigator]: Novo alvo de exploração: (24, 9)
[INFO] [1764531572.393769046] [cg_autonomous_navigator]: Tentando mover de (25, 9) para (24, 9)
[INFO] [1764531572.443631787] [cg_autonomous_navigator]: Novo alvo de exploração: (23, 8)
[INFO] [1764531572.443703851] [cg_autonomous_navigator]: Tentando mover de (24, 9) para (23, 9)
[INFO] [1764531572.493608442] [cg_autonomous_navigator]: Tentando mover de (23, 9) para (23, 8)
[INFO] [1764531572.543637205] [cg_autonomous_navigator]: Novo alvo de exploração: (22, 7)
[INFO] [1764531572.543706837] [cg_autonomous_navigator]: Tentando mover de (23, 8) para (23, 7)
[INFO] [1764531572.593612797] [cg_autonomous_navigator]: Tentando mover de (23, 7) para (22, 7)
[INFO] [1764531572.643633484] [cg_autonomous_navigator]: Novo alvo de exploração: (23, 6)
[INFO] [1764531572.643701306] [cg_autonomous_navigator]: Tentando mover de (22, 7) para (23, 7)
[INFO] [1764531572.693628350] [cg_autonomous_navigator]: Tentando mover de (23, 7) para (23, 6)
[INFO] [1764531572.743773928] [cg_autonomous_navigator]: Novo alvo de exploração: (24, 5)
[INFO] [1764531572.743863489] [cg_autonomous_navigator]: Tentando mover de (23, 6) para (23, 5)
[INFO] [1764531572.793604510] [cg_autonomous_navigator]: Tentando mover de (23, 5) para (24, 5)
[INFO] [1764531572.843734930] [cg_autonomous_navigator]: Novo alvo de exploração: (25, 6)
[INFO] [1764531572.843840437] [cg_autonomous_navigator]: Tentando mover de (24, 5) para (25, 5)
[INFO] [1764531572.893616116] [cg_autonomous_navigator]: Tentando mover de (25, 5) para (25, 6)
[INFO] [1764531572.943682073] [cg_autonomous_navigator]: Novo alvo de exploração: (21, 7)
[INFO] [1764531572.943824211] [cg_autonomous_navigator]: Tentando mover de (25, 6) para (25, 5)
[INFO] [1764531572.993621699] [cg_autonomous_navigator]: Tentando mover de (25, 5) para (24, 5)
[INFO] [1764531573.043603124] [cg_autonomous_navigator]: Tentando mover de (24, 5) para (23, 5)
[INFO] [1764531573.093590417] [cg_autonomous_navigator]: Tentando mover de (23, 5) para (23, 6)
[INFO] [1764531573.143598768] [cg_autonomous_navigator]: Tentando mover de (23, 6) para (23, 7)
[INFO] [1764531573.193597198] [cg_autonomous_navigator]: Tentando mover de (23, 7) para (22, 7)
[INFO] [1764531573.243599846] [cg_autonomous_navigator]: Tentando mover de (22, 7) para (21, 7)
[INFO] [1764531573.293650449] [cg_autonomous_navigator]: Novo alvo de exploração: (20, 7)
[INFO] [1764531573.293763069] [cg_autonomous_navigator]: Tentando mover de (21, 7) para (20, 7)
[INFO] [1764531573.343645832] [cg_autonomous_navigator]: Novo alvo de exploração: (19, 7)
[INFO] [1764531573.343726708] [cg_autonomous_navigator]: Tentando mover de (20, 7) para (19, 7)
[INFO] [1764531573.393631455] [cg_autonomous_navigator]: Novo alvo de exploração: (19, 8)
[INFO] [1764531573.393698460] [cg_autonomous_navigator]: Tentando mover de (19, 7) para (19, 8)
[INFO] [1764531573.443634205] [cg_autonomous_navigator]: Novo alvo de exploração: (19, 9)
[INFO] [1764531573.443699148] [cg_autonomous_navigator]: Tentando mover de (19, 8) para (19, 9)
[INFO] [1764531573.493651556] [cg_autonomous_navigator]: Novo alvo de exploração: (20, 9)
[INFO] [1764531573.493714068] [cg_autonomous_navigator]: Tentando mover de (19, 9) para (20, 9)
[INFO] [1764531573.543661422] [cg_autonomous_navigator]: Novo alvo de exploração: (21, 10)
[INFO] [1764531573.543732263] [cg_autonomous_navigator]: Tentando mover de (20, 9) para (21, 9)
[INFO] [1764531573.593631639] [cg_autonomous_navigator]: Tentando mover de (21, 9) para (21, 10)
[INFO] [1764531573.643658239] [cg_autonomous_navigator]: Novo alvo de exploração: (21, 11)
[INFO] [1764531573.643726613] [cg_autonomous_navigator]: Tentando mover de (21, 10) para (21, 11)
[INFO] [1764531573.693665011] [cg_autonomous_navigator]: Novo alvo de exploração: (21, 12)
[INFO] [1764531573.693736742] [cg_autonomous_navigator]: Tentando mover de (21, 11) para (21, 12)
[INFO] [1764531573.743742261] [cg_autonomous_navigator]: Novo alvo de exploração: (21, 13)
[INFO] [1764531573.743849026] [cg_autonomous_navigator]: Tentando mover de (21, 12) para (21, 13)
[INFO] [1764531573.793693669] [cg_autonomous_navigator]: Novo alvo de exploração: (22, 13)
[INFO] [1764531573.793784935] [cg_autonomous_navigator]: Tentando mover de (21, 13) para (22, 13)
[INFO] [1764531573.843636276] [cg_autonomous_navigator]: Novo alvo de exploração: (23, 13)
[INFO] [1764531573.843694485] [cg_autonomous_navigator]: Tentando mover de (22, 13) para (23, 13)
[INFO] [1764531573.893704010] [cg_autonomous_navigator]: Novo alvo de exploração: (24, 13)
[INFO] [1764531573.893806572] [cg_autonomous_navigator]: Tentando mover de (23, 13) para (24, 13)
[INFO] [1764531573.943670878] [cg_autonomous_navigator]: Novo alvo de exploração: (25, 13)
[INFO] [1764531573.943739815] [cg_autonomous_navigator]: Tentando mover de (24, 13) para (25, 13)
[INFO] [1764531573.993756285] [cg_autonomous_navigator]: Novo alvo de exploração: (25, 14)
[INFO] [1764531573.993826971] [cg_autonomous_navigator]: Tentando mover de (25, 13) para (25, 14)
[INFO] [1764531574.043666729] [cg_autonomous_navigator]: Novo alvo de exploração: (24, 15)
[INFO] [1764531574.043744973] [cg_autonomous_navigator]: Tentando mover de (25, 14) para (25, 15)
[INFO] [1764531574.093619308] [cg_autonomous_navigator]: Tentando mover de (25, 15) para (24, 15)
[INFO] [1764531574.143665541] [cg_autonomous_navigator]: Novo alvo de exploração: (23, 15)
[INFO] [1764531574.143730886] [cg_autonomous_navigator]: Tentando mover de (24, 15) para (23, 15)
[INFO] [1764531574.193769471] [cg_autonomous_navigator]: Novo alvo de exploração: (23, 16)
[INFO] [1764531574.193871525] [cg_autonomous_navigator]: Tentando mover de (23, 15) para (23, 16)
[INFO] [1764531574.243655027] [cg_autonomous_navigator]: Novo alvo de exploração: (22, 17)
[INFO] [1764531574.243726066] [cg_autonomous_navigator]: Tentando mover de (23, 16) para (23, 17)
[INFO] [1764531574.293709743] [cg_autonomous_navigator]: Tentando mover de (23, 17) para (22, 17)
[INFO] [1764531574.343730594] [cg_autonomous_navigator]: Novo alvo de exploração: (21, 17)
[INFO] [1764531574.343795876] [cg_autonomous_navigator]: Tentando mover de (22, 17) para (21, 17)
[INFO] [1764531574.393676302] [cg_autonomous_navigator]: Novo alvo de exploração: (20, 17)
[INFO] [1764531574.393774977] [cg_autonomous_navigator]: Tentando mover de (21, 17) para (20, 17)
[INFO] [1764531574.443679335] [cg_autonomous_navigator]: Novo alvo de exploração: (19, 17)
[INFO] [1764531574.443782320] [cg_autonomous_navigator]: Tentando mover de (20, 17) para (19, 17)
[INFO] [1764531574.493668478] [cg_autonomous_navigator]: Novo alvo de exploração: (18, 17)
[INFO] [1764531574.493748615] [cg_autonomous_navigator]: Tentando mover de (19, 17) para (18, 17)
[INFO] [1764531574.543729482] [cg_autonomous_navigator]: Novo alvo de exploração: (17, 17)
[INFO] [1764531574.543824969] [cg_autonomous_navigator]: Tentando mover de (18, 17) para (17, 17)
[INFO] [1764531574.593703655] [cg_autonomous_navigator]: Novo alvo de exploração: (16, 17)
[INFO] [1764531574.593802891] [cg_autonomous_navigator]: Tentando mover de (17, 17) para (16, 17)
[INFO] [1764531574.643681131] [cg_autonomous_navigator]: Novo alvo de exploração: (15, 16)
[INFO] [1764531574.643752601] [cg_autonomous_navigator]: Tentando mover de (16, 17) para (15, 17)
[INFO] [1764531574.693627142] [cg_autonomous_navigator]: Tentando mover de (15, 17) para (15, 16)
[INFO] [1764531574.743750827] [cg_autonomous_navigator]: Novo alvo de exploração: (15, 15)
[INFO] [1764531574.743814755] [cg_autonomous_navigator]: Tentando mover de (15, 16) para (15, 15)
[INFO] [1764531574.793721659] [cg_autonomous_navigator]: Novo alvo de exploração: (15, 14)
[INFO] [1764531574.793784504] [cg_autonomous_navigator]: Tentando mover de (15, 15) para (15, 14)
[INFO] [1764531574.843683388] [cg_autonomous_navigator]: Novo alvo de exploração: (14, 13)
[INFO] [1764531574.843745255] [cg_autonomous_navigator]: Tentando mover de (15, 14) para (15, 13)
[INFO] [1764531574.893711754] [cg_autonomous_navigator]: Tentando mover de (15, 13) para (14, 13)
[INFO] [1764531574.943662893] [cg_autonomous_navigator]: Novo alvo de exploração: (13, 12)
[INFO] [1764531574.943735529] [cg_autonomous_navigator]: Tentando mover de (14, 13) para (13, 13)
[INFO] [1764531574.993646441] [cg_autonomous_navigator]: Tentando mover de (13, 13) para (13, 12)
[INFO] [1764531575.043653098] [cg_autonomous_navigator]: Novo alvo de exploração: (13, 11)
[INFO] [1764531575.043723843] [cg_autonomous_navigator]: Tentando mover de (13, 12) para (13, 11)
[INFO] [1764531575.093668830] [cg_autonomous_navigator]: Novo alvo de exploração: (14, 11)
[INFO] [1764531575.093734723] [cg_autonomous_navigator]: Tentando mover de (13, 11) para (14, 11)
[INFO] [1764531575.143670201] [cg_autonomous_navigator]: Novo alvo de exploração: (15, 11)
[INFO] [1764531575.143732175] [cg_autonomous_navigator]: Tentando mover de (14, 11) para (15, 11)
[INFO] [1764531575.193682784] [cg_autonomous_navigator]: Novo alvo de exploração: (16, 11)
[INFO] [1764531575.193749857] [cg_autonomous_navigator]: Tentando mover de (15, 11) para (16, 11)
[INFO] [1764531575.243671340] [cg_autonomous_navigator]: Novo alvo de exploração: (17, 10)
[INFO] [1764531575.243740128] [cg_autonomous_navigator]: Tentando mover de (16, 11) para (17, 11)
[INFO] [1764531575.293643798] [cg_autonomous_navigator]: Tentando mover de (17, 11) para (17, 10)
[INFO] [1764531575.343676808] [cg_autonomous_navigator]: Novo alvo de exploração: (16, 9)
[INFO] [1764531575.343746793] [cg_autonomous_navigator]: Tentando mover de (17, 10) para (17, 9)
[INFO] [1764531575.393615252] [cg_autonomous_navigator]: Tentando mover de (17, 9) para (16, 9)
[INFO] [1764531575.443668582] [cg_autonomous_navigator]: Novo alvo de exploração: (17, 8)
[INFO] [1764531575.443736908] [cg_autonomous_navigator]: Tentando mover de (16, 9) para (17, 9)
[INFO] [1764531575.493631564] [cg_autonomous_navigator]: Tentando mover de (17, 9) para (17, 8)
[INFO] [1764531575.543673855] [cg_autonomous_navigator]: Novo alvo de exploração: (15, 9)
[INFO] [1764531575.543770433] [cg_autonomous_navigator]: Tentando mover de (17, 8) para (17, 9)
[INFO] [1764531575.593616172] [cg_autonomous_navigator]: Tentando mover de (17, 9) para (16, 9)
[INFO] [1764531575.643631143] [cg_autonomous_navigator]: Tentando mover de (16, 9) para (15, 9)
[INFO] [1764531575.693658919] [cg_autonomous_navigator]: Novo alvo de exploração: (14, 9)
[INFO] [1764531575.693721739] [cg_autonomous_navigator]: Tentando mover de (15, 9) para (14, 9)
[INFO] [1764531575.743691027] [cg_autonomous_navigator]: Novo alvo de exploração: (18, 11)
[INFO] [1764531575.743790124] [cg_autonomous_navigator]: Tentando mover de (14, 9) para (15, 9)
[INFO] [1764531575.793628791] [cg_autonomous_navigator]: Tentando mover de (15, 9) para (16, 9)
[INFO] [1764531575.843622844] [cg_autonomous_navigator]: Tentando mover de (16, 9) para (17, 9)
[INFO] [1764531575.893627309] [cg_autonomous_navigator]: Tentando mover de (17, 9) para (17, 10)
[INFO] [1764531575.943634162] [cg_autonomous_navigator]: Tentando mover de (17, 10) para (17, 11)
[INFO] [1764531575.993644260] [cg_autonomous_navigator]: Tentando mover de (17, 11) para (18, 11)
[INFO] [1764531576.043678350] [cg_autonomous_navigator]: Novo alvo de exploração: (19, 12)
[INFO] [1764531576.043745279] [cg_autonomous_navigator]: Tentando mover de (18, 11) para (19, 11)
[INFO] [1764531576.093644490] [cg_autonomous_navigator]: Tentando mover de (19, 11) para (19, 12)
[INFO] [1764531576.143768266] [cg_autonomous_navigator]: Novo alvo de exploração: (18, 13)
[INFO] [1764531576.143842631] [cg_autonomous_navigator]: Tentando mover de (19, 12) para (19, 13)
[INFO] [1764531576.193647424] [cg_autonomous_navigator]: Tentando mover de (19, 13) para (18, 13)
[INFO] [1764531576.243764172] [cg_autonomous_navigator]: Novo alvo de exploração: (13, 14)
[INFO] [1764531576.243869015] [cg_autonomous_navigator]: Tentando mover de (18, 13) para (19, 13)
[INFO] [1764531576.293752852] [cg_autonomous_navigator]: Tentando mover de (19, 13) para (19, 12)
[INFO] [1764531576.343650501] [cg_autonomous_navigator]: Tentando mover de (19, 12) para (19, 11)
[INFO] [1764531576.393733775] [cg_autonomous_navigator]: Tentando mover de (19, 11) para (18, 11)
[INFO] [1764531576.443635922] [cg_autonomous_navigator]: Tentando mover de (18, 11) para (17, 11)
[INFO] [1764531576.493644067] [cg_autonomous_navigator]: Tentando mover de (17, 11) para (16, 11)
[INFO] [1764531576.543696916] [cg_autonomous_navigator]: Tentando mover de (16, 11) para (15, 11)
[INFO] [1764531576.593707108] [cg_autonomous_navigator]: Tentando mover de (15, 11) para (14, 11)
[INFO] [1764531576.643708766] [cg_autonomous_navigator]: Tentando mover de (14, 11) para (13, 11)
[INFO] [1764531576.693718188] [cg_autonomous_navigator]: Tentando mover de (13, 11) para (13, 12)
[INFO] [1764531576.743608502] [cg_autonomous_navigator]: Tentando mover de (13, 12) para (13, 13)
[INFO] [1764531576.793607637] [cg_autonomous_navigator]: Tentando mover de (13, 13) para (13, 14)
[INFO] [1764531576.843691926] [cg_autonomous_navigator]: Novo alvo de exploração: (17, 14)
[INFO] [1764531576.843839678] [cg_autonomous_navigator]: Tentando mover de (13, 14) para (13, 13)
[INFO] [1764531576.893621346] [cg_autonomous_navigator]: Tentando mover de (13, 13) para (13, 12)
[INFO] [1764531576.943715992] [cg_autonomous_navigator]: Tentando mover de (13, 12) para (13, 11)
[INFO] [1764531576.993645632] [cg_autonomous_navigator]: Tentando mover de (13, 11) para (14, 11)
[INFO] [1764531577.043623543] [cg_autonomous_navigator]: Tentando mover de (14, 11) para (15, 11)
[INFO] [1764531577.093635298] [cg_autonomous_navigator]: Tentando mover de (15, 11) para (16, 11)
[INFO] [1764531577.143639798] [cg_autonomous_navigator]: Tentando mover de (16, 11) para (17, 11)
[INFO] [1764531577.193607767] [cg_autonomous_navigator]: Tentando mover de (17, 11) para (18, 11)
[INFO] [1764531577.243721873] [cg_autonomous_navigator]: Tentando mover de (18, 11) para (19, 11)
[INFO] [1764531577.293643484] [cg_autonomous_navigator]: Tentando mover de (19, 11) para (19, 12)
[INFO] [1764531577.343626060] [cg_autonomous_navigator]: Tentando mover de (19, 12) para (19, 13)
[INFO] [1764531577.393711789] [cg_autonomous_navigator]: Tentando mover de (19, 13) para (18, 13)
[INFO] [1764531577.443631237] [cg_autonomous_navigator]: Tentando mover de (18, 13) para (17, 13)
[INFO] [1764531577.493632694] [cg_autonomous_navigator]: Tentando mover de (17, 13) para (17, 14)
[INFO] [1764531577.543679773] [cg_autonomous_navigator]: Novo alvo de exploração: (13, 15)
[INFO] [1764531577.543824851] [cg_autonomous_navigator]: Tentando mover de (17, 14) para (17, 13)
[INFO] [1764531577.593638051] [cg_autonomous_navigator]: Tentando mover de (17, 13) para (18, 13)
[INFO] [1764531577.643637398] [cg_autonomous_navigator]: Tentando mover de (18, 13) para (19, 13)
[INFO] [1764531577.693642922] [cg_autonomous_navigator]: Tentando mover de (19, 13) para (19, 12)
[INFO] [1764531577.743645328] [cg_autonomous_navigator]: Tentando mover de (19, 12) para (19, 11)
[INFO] [1764531577.793731512] [cg_autonomous_navigator]: Tentando mover de (19, 11) para (18, 11)
[INFO] [1764531577.843640780] [cg_autonomous_navigator]: Tentando mover de (18, 11) para (17, 11)
[INFO] [1764531577.893657367] [cg_autonomous_navigator]: Tentando mover de (17, 11) para (16, 11)
[INFO] [1764531577.943707931] [cg_autonomous_navigator]: Tentando mover de (16, 11) para (15, 11)
[INFO] [1764531577.993663324] [cg_autonomous_navigator]: Tentando mover de (15, 11) para (14, 11)
[INFO] [1764531578.043629305] [cg_autonomous_navigator]: Tentando mover de (14, 11) para (13, 11)
[INFO] [1764531578.093731487] [cg_autonomous_navigator]: Tentando mover de (13, 11) para (13, 12)
[INFO] [1764531578.143635822] [cg_autonomous_navigator]: Tentando mover de (13, 12) para (13, 13)
[INFO] [1764531578.193633801] [cg_autonomous_navigator]: Tentando mover de (13, 13) para (13, 14)
[INFO] [1764531578.243615836] [cg_autonomous_navigator]: Tentando mover de (13, 14) para (13, 15)
[INFO] [1764531578.293699850] [cg_autonomous_navigator]: Novo alvo de exploração: (18, 15)
[INFO] [1764531578.293910336] [cg_autonomous_navigator]: Tentando mover de (13, 15) para (13, 14)
[INFO] [1764531578.343617947] [cg_autonomous_navigator]: Tentando mover de (13, 14) para (13, 13)
[INFO] [1764531578.393658295] [cg_autonomous_navigator]: Tentando mover de (13, 13) para (13, 12)
[INFO] [1764531578.443690165] [cg_autonomous_navigator]: Tentando mover de (13, 12) para (13, 11)
[INFO] [1764531578.493708451] [cg_autonomous_navigator]: Tentando mover de (13, 11) para (14, 11)
[INFO] [1764531578.543637021] [cg_autonomous_navigator]: Tentando mover de (14, 11) para (15, 11)
[INFO] [1764531578.593638918] [cg_autonomous_navigator]: Tentando mover de (15, 11) para (16, 11)
[INFO] [1764531578.643615163] [cg_autonomous_navigator]: Tentando mover de (16, 11) para (17, 11)
[INFO] [1764531578.693647968] [cg_autonomous_navigator]: Tentando mover de (17, 11) para (18, 11)
[INFO] [1764531578.743715309] [cg_autonomous_navigator]: Tentando mover de (18, 11) para (19, 11)
[INFO] [1764531578.793653070] [cg_autonomous_navigator]: Tentando mover de (19, 11) para (19, 12)
[INFO] [1764531578.843628471] [cg_autonomous_navigator]: Tentando mover de (19, 12) para (19, 13)
[INFO] [1764531578.893640326] [cg_autonomous_navigator]: Tentando mover de (19, 13) para (18, 13)
[INFO] [1764531578.943643060] [cg_autonomous_navigator]: Tentando mover de (18, 13) para (17, 13)
[INFO] [1764531578.993654369] [cg_autonomous_navigator]: Tentando mover de (17, 13) para (17, 14)
[INFO] [1764531579.043712266] [cg_autonomous_navigator]: Tentando mover de (17, 14) para (17, 15)
[INFO] [1764531579.093714889] [cg_autonomous_navigator]: Tentando mover de (17, 15) para (18, 15)
[INFO] [1764531579.143726715] [cg_autonomous_navigator]: Novo alvo de exploração: (19, 15)
[INFO] [1764531579.143798513] [cg_autonomous_navigator]: Tentando mover de (18, 15) para (19, 15)
[INFO] [1764531579.193852066] [cg_autonomous_navigator]: Novo alvo de exploração: (20, 15)
[INFO] [1764531579.193972571] [cg_autonomous_navigator]: Tentando mover de (19, 15) para (20, 15)
[INFO] [1764531579.243802408] [cg_autonomous_navigator]: Novo alvo de exploração: (13, 16)
[INFO] [1764531579.244027853] [cg_autonomous_navigator]: Tentando mover de (20, 15) para (19, 15)
[INFO] [1764531579.293687857] [cg_autonomous_navigator]: Tentando mover de (19, 15) para (18, 15)
[INFO] [1764531579.343662490] [cg_autonomous_navigator]: Tentando mover de (18, 15) para (17, 15)
[INFO] [1764531579.393666020] [cg_autonomous_navigator]: Tentando mover de (17, 15) para (17, 14)
[INFO] [1764531579.443670457] [cg_autonomous_navigator]: Tentando mover de (17, 14) para (17, 13)
[INFO] [1764531579.493676081] [cg_autonomous_navigator]: Tentando mover de (17, 13) para (18, 13)
[INFO] [1764531579.543643625] [cg_autonomous_navigator]: Tentando mover de (18, 13) para (19, 13)
[INFO] [1764531579.593667629] [cg_autonomous_navigator]: Tentando mover de (19, 13) para (19, 12)
[INFO] [1764531579.643670900] [cg_autonomous_navigator]: Tentando mover de (19, 12) para (19, 11)
[INFO] [1764531579.693678820] [cg_autonomous_navigator]: Tentando mover de (19, 11) para (18, 11)
[INFO] [1764531579.743672394] [cg_autonomous_navigator]: Tentando mover de (18, 11) para (17, 11)
[INFO] [1764531579.793680779] [cg_autonomous_navigator]: Tentando mover de (17, 11) para (16, 11)
[INFO] [1764531579.843672287] [cg_autonomous_navigator]: Tentando mover de (16, 11) para (15, 11)
[INFO] [1764531579.893671172] [cg_autonomous_navigator]: Tentando mover de (15, 11) para (14, 11)
[INFO] [1764531579.943685451] [cg_autonomous_navigator]: Tentando mover de (14, 11) para (13, 11)
[INFO] [1764531579.993703411] [cg_autonomous_navigator]: Tentando mover de (13, 11) para (13, 12)
[INFO] [1764531580.043685334] [cg_autonomous_navigator]: Tentando mover de (13, 12) para (13, 13)
[INFO] [1764531580.093675929] [cg_autonomous_navigator]: Tentando mover de (13, 13) para (13, 14)
[INFO] [1764531580.143677275] [cg_autonomous_navigator]: Tentando mover de (13, 14) para (13, 15)
[INFO] [1764531580.193676346] [cg_autonomous_navigator]: Tentando mover de (13, 15) para (13, 16)
[INFO] [1764531580.243719721] [cg_autonomous_navigator]: Novo alvo de exploração: (12, 17)
[INFO] [1764531580.243785339] [cg_autonomous_navigator]: Tentando mover de (13, 16) para (13, 17)
[INFO] [1764531580.293704631] [cg_autonomous_navigator]: Tentando mover de (13, 17) para (12, 17)
[INFO] [1764531580.343763295] [cg_autonomous_navigator]: Novo alvo de exploração: (11, 17)
[INFO] [1764531580.343826521] [cg_autonomous_navigator]: Tentando mover de (12, 17) para (11, 17)
[INFO] [1764531580.393847914] [cg_autonomous_navigator]: Novo alvo de exploração: (11, 18)
[INFO] [1764531580.393955259] [cg_autonomous_navigator]: Tentando mover de (11, 17) para (11, 18)
[INFO] [1764531580.443734431] [cg_autonomous_navigator]: Novo alvo de exploração: (10, 19)
[INFO] [1764531580.443801529] [cg_autonomous_navigator]: Tentando mover de (11, 18) para (11, 19)
[INFO] [1764531580.493692873] [cg_autonomous_navigator]: Tentando mover de (11, 19) para (10, 19)
[INFO] [1764531580.543736098] [cg_autonomous_navigator]: Novo alvo de exploração: (9, 18)
[INFO] [1764531580.543796721] [cg_autonomous_navigator]: Tentando mover de (10, 19) para (9, 19)
[INFO] [1764531580.593690708] [cg_autonomous_navigator]: Tentando mover de (9, 19) para (9, 18)
[INFO] [1764531580.643737604] [cg_autonomous_navigator]: Novo alvo de exploração: (8, 17)
[INFO] [1764531580.643801296] [cg_autonomous_navigator]: Tentando mover de (9, 18) para (9, 17)
[INFO] [1764531580.693692543] [cg_autonomous_navigator]: Tentando mover de (9, 17) para (8, 17)
[INFO] [1764531580.743752587] [cg_autonomous_navigator]: Novo alvo de exploração: (7, 17)
[INFO] [1764531580.743819619] [cg_autonomous_navigator]: Tentando mover de (8, 17) para (7, 17)
[INFO] [1764531580.793733156] [cg_autonomous_navigator]: Novo alvo de exploração: (6, 17)
[INFO] [1764531580.793794551] [cg_autonomous_navigator]: Tentando mover de (7, 17) para (6, 17)
[INFO] [1764531580.843746221] [cg_autonomous_navigator]: Novo alvo de exploração: (5, 16)
[INFO] [1764531580.843816236] [cg_autonomous_navigator]: Tentando mover de (6, 17) para (5, 17)
[INFO] [1764531580.893688220] [cg_autonomous_navigator]: Tentando mover de (5, 17) para (5, 16)
[INFO] [1764531580.943729137] [cg_autonomous_navigator]: Novo alvo de exploração: (5, 15)
[INFO] [1764531580.943790278] [cg_autonomous_navigator]: Tentando mover de (5, 16) para (5, 15)
[INFO] [1764531580.993758659] [cg_autonomous_navigator]: Novo alvo de exploração: (6, 15)
[INFO] [1764531580.993835940] [cg_autonomous_navigator]: Tentando mover de (5, 15) para (6, 15)
[INFO] [1764531581.043735913] [cg_autonomous_navigator]: Novo alvo de exploração: (7, 14)
[INFO] [1764531581.043801696] [cg_autonomous_navigator]: Tentando mover de (6, 15) para (7, 15)
[INFO] [1764531581.093702358] [cg_autonomous_navigator]: Tentando mover de (7, 15) para (7, 14)
[INFO] [1764531581.143833723] [cg_autonomous_navigator]: Novo alvo de exploração: (7, 13)
[INFO] [1764531581.143943781] [cg_autonomous_navigator]: Tentando mover de (7, 14) para (7, 13)
[INFO] [1764531581.193783434] [cg_autonomous_navigator]: Novo alvo de exploração: (7, 12)
[INFO] [1764531581.193883965] [cg_autonomous_navigator]: Tentando mover de (7, 13) para (7, 12)
[INFO] [1764531581.243724539] [cg_autonomous_navigator]: Novo alvo de exploração: (6, 11)
[INFO] [1764531581.243794304] [cg_autonomous_navigator]: Tentando mover de (7, 12) para (7, 11)
[INFO] [1764531581.293691828] [cg_autonomous_navigator]: Tentando mover de (7, 11) para (6, 11)
[INFO] [1764531581.343740478] [cg_autonomous_navigator]: Novo alvo de exploração: (5, 11)
[INFO] [1764531581.343807293] [cg_autonomous_navigator]: Tentando mover de (6, 11) para (5, 11)
[INFO] [1764531581.393792038] [cg_autonomous_navigator]: Novo alvo de exploração: (5, 12)
[INFO] [1764531581.393892245] [cg_autonomous_navigator]: Tentando mover de (5, 11) para (5, 12)
[INFO] [1764531581.443758334] [cg_autonomous_navigator]: Novo alvo de exploração: (4, 13)
[INFO] [1764531581.443871179] [cg_autonomous_navigator]: Tentando mover de (5, 12) para (5, 13)
[INFO] [1764531581.493699443] [cg_autonomous_navigator]: Tentando mover de (5, 13) para (4, 13)
[INFO] [1764531581.543728861] [cg_autonomous_navigator]: Novo alvo de exploração: (3, 13)
[INFO] [1764531581.543785592] [cg_autonomous_navigator]: Tentando mover de (4, 13) para (3, 13)
[INFO] [1764531581.593738507] [cg_autonomous_navigator]: Novo alvo de exploração: (3, 14)
[INFO] [1764531581.593807135] [cg_autonomous_navigator]: Tentando mover de (3, 13) para (3, 14)
[INFO] [1764531581.643753984] [cg_autonomous_navigator]: Novo alvo de exploração: (3, 15)
[INFO] [1764531581.643818770] [cg_autonomous_navigator]: Tentando mover de (3, 14) para (3, 15)
[INFO] [1764531581.693760857] [cg_autonomous_navigator]: Novo alvo de exploração: (8, 15)
[INFO] [1764531581.693872280] [cg_autonomous_navigator]: Tentando mover de (3, 15) para (3, 14)
[INFO] [1764531581.743706857] [cg_autonomous_navigator]: Tentando mover de (3, 14) para (3, 13)
[INFO] [1764531581.793708521] [cg_autonomous_navigator]: Tentando mover de (3, 13) para (4, 13)
[INFO] [1764531581.843720328] [cg_autonomous_navigator]: Tentando mover de (4, 13) para (5, 13)
[INFO] [1764531581.893710178] [cg_autonomous_navigator]: Tentando mover de (5, 13) para (5, 12)
[INFO] [1764531581.943713935] [cg_autonomous_navigator]: Tentando mover de (5, 12) para (5, 11)
[INFO] [1764531581.993703014] [cg_autonomous_navigator]: Tentando mover de (5, 11) para (6, 11)
[INFO] [1764531582.043700343] [cg_autonomous_navigator]: Tentando mover de (6, 11) para (7, 11)
[INFO] [1764531582.093770625] [cg_autonomous_navigator]: Tentando mover de (7, 11) para (7, 12)
[INFO] [1764531582.143686717] [cg_autonomous_navigator]: Tentando mover de (7, 12) para (7, 13)
[INFO] [1764531582.193680383] [cg_autonomous_navigator]: Tentando mover de (7, 13) para (7, 14)
[INFO] [1764531582.243702883] [cg_autonomous_navigator]: Tentando mover de (7, 14) para (7, 15)
[INFO] [1764531582.293713117] [cg_autonomous_navigator]: Tentando mover de (7, 15) para (8, 15)
[INFO] [1764531582.343767006] [cg_autonomous_navigator]: Novo alvo de exploração: (9, 15)
[INFO] [1764531582.343832805] [cg_autonomous_navigator]: Tentando mover de (8, 15) para (9, 15)
[INFO] [1764531582.393896991] [cg_autonomous_navigator]: Novo alvo de exploração: (10, 15)
[INFO] [1764531582.394017637] [cg_autonomous_navigator]: Tentando mover de (9, 15) para (10, 15)
[INFO] [1764531582.443769521] [cg_autonomous_navigator]: Novo alvo de exploração: (3, 16)
[INFO] [1764531582.443893896] [cg_autonomous_navigator]: Tentando mover de (10, 15) para (9, 15)
[INFO] [1764531582.493723058] [cg_autonomous_navigator]: Tentando mover de (9, 15) para (8, 15)
[INFO] [1764531582.543847081] [cg_autonomous_navigator]: Tentando mover de (8, 15) para (7, 15)
[INFO] [1764531582.593719777] [cg_autonomous_navigator]: Tentando mover de (7, 15) para (7, 14)
[INFO] [1764531582.643709773] [cg_autonomous_navigator]: Tentando mover de (7, 14) para (7, 13)
[INFO] [1764531582.693719115] [cg_autonomous_navigator]: Tentando mover de (7, 13) para (7, 12)
[INFO] [1764531582.743738332] [cg_autonomous_navigator]: Tentando mover de (7, 12) para (7, 11)
[INFO] [1764531582.793723439] [cg_autonomous_navigator]: Tentando mover de (7, 11) para (6, 11)
[INFO] [1764531582.843711804] [cg_autonomous_navigator]: Tentando mover de (6, 11) para (5, 11)
[INFO] [1764531582.893724070] [cg_autonomous_navigator]: Tentando mover de (5, 11) para (5, 12)
[INFO] [1764531582.943738260] [cg_autonomous_navigator]: Tentando mover de (5, 12) para (5, 13)
[INFO] [1764531582.993764259] [cg_autonomous_navigator]: Tentando mover de (5, 13) para (4, 13)
[INFO] [1764531583.043726168] [cg_autonomous_navigator]: Tentando mover de (4, 13) para (3, 13)
[INFO] [1764531583.093714345] [cg_autonomous_navigator]: Tentando mover de (3, 13) para (3, 14)
[INFO] [1764531583.143725547] [cg_autonomous_navigator]: Tentando mover de (3, 14) para (3, 15)
[INFO] [1764531583.193725827] [cg_autonomous_navigator]: Tentando mover de (3, 15) para (3, 16)
[INFO] [1764531583.243826770] [cg_autonomous_navigator]: Novo alvo de exploração: (3, 17)
[INFO] [1764531583.243903864] [cg_autonomous_navigator]: Tentando mover de (3, 16) para (3, 17)
[INFO] [1764531583.293774841] [cg_autonomous_navigator]: Novo alvo de exploração: (3, 18)
[INFO] [1764531583.293834405] [cg_autonomous_navigator]: Tentando mover de (3, 17) para (3, 18)
[INFO] [1764531583.343815181] [cg_autonomous_navigator]: Novo alvo de exploração: (3, 19)
[INFO] [1764531583.343886215] [cg_autonomous_navigator]: Tentando mover de (3, 18) para (3, 19)
[INFO] [1764531583.393838315] [cg_autonomous_navigator]: Novo alvo de exploração: (4, 19)
[INFO] [1764531583.393917341] [cg_autonomous_navigator]: Tentando mover de (3, 19) para (4, 19)
[INFO] [1764531583.443845084] [cg_autonomous_navigator]: Novo alvo de exploração: (5, 19)
[INFO] [1764531583.443938040] [cg_autonomous_navigator]: Tentando mover de (4, 19) para (5, 19)
[INFO] [1764531583.493848877] [cg_autonomous_navigator]: Novo alvo de exploração: (5, 20)
[INFO] [1764531583.493940106] [cg_autonomous_navigator]: Tentando mover de (5, 19) para (5, 20)
[INFO] [1764531583.543845900] [cg_autonomous_navigator]: Novo alvo de exploração: (5, 21)
[INFO] [1764531583.543914938] [cg_autonomous_navigator]: Tentando mover de (5, 20) para (5, 21)
[INFO] [1764531583.593784290] [cg_autonomous_navigator]: Novo alvo de exploração: (6, 21)
[INFO] [1764531583.593843751] [cg_autonomous_navigator]: Tentando mover de (5, 21) para (6, 21)
[INFO] [1764531583.643786651] [cg_autonomous_navigator]: Novo alvo de exploração: (7, 20)
[INFO] [1764531583.643853854] [cg_autonomous_navigator]: Tentando mover de (6, 21) para (7, 21)
[INFO] [1764531583.693730203] [cg_autonomous_navigator]: Tentando mover de (7, 21) para (7, 20)
[INFO] [1764531583.743837575] [cg_autonomous_navigator]: Novo alvo de exploração: (8, 21)
[INFO] [1764531583.743934726] [cg_autonomous_navigator]: Tentando mover de (7, 20) para (7, 21)
[INFO] [1764531583.793723570] [cg_autonomous_navigator]: Tentando mover de (7, 21) para (8, 21)
[INFO] [1764531583.843812473] [cg_autonomous_navigator]: Novo alvo de exploração: (9, 21)
[INFO] [1764531583.843879532] [cg_autonomous_navigator]: Tentando mover de (8, 21) para (9, 21)
[INFO] [1764531583.893927265] [cg_autonomous_navigator]: Novo alvo de exploração: (10, 21)
[INFO] [1764531583.894034927] [cg_autonomous_navigator]: Tentando mover de (9, 21) para (10, 21)
[INFO] [1764531583.943785133] [cg_autonomous_navigator]: Novo alvo de exploração: (11, 21)
[INFO] [1764531583.943852413] [cg_autonomous_navigator]: Tentando mover de (10, 21) para (11, 21)
[INFO] [1764531583.993853824] [cg_autonomous_navigator]: Novo alvo de exploração: (12, 21)
[INFO] [1764531583.993927246] [cg_autonomous_navigator]: Tentando mover de (11, 21) para (12, 21)
[INFO] [1764531584.043853624] [cg_autonomous_navigator]: Novo alvo de exploração: (13, 21)
[INFO] [1764531584.043927354] [cg_autonomous_navigator]: Tentando mover de (12, 21) para (13, 21)
[INFO] [1764531584.093850497] [cg_autonomous_navigator]: Novo alvo de exploração: (14, 21)
[INFO] [1764531584.093946866] [cg_autonomous_navigator]: Tentando mover de (13, 21) para (14, 21)
[INFO] [1764531584.143860138] [cg_autonomous_navigator]: Novo alvo de exploração: (15, 21)
[INFO] [1764531584.143949799] [cg_autonomous_navigator]: Tentando mover de (14, 21) para (15, 21)
[INFO] [1764531584.193862671] [cg_autonomous_navigator]: Novo alvo de exploração: (15, 22)
[INFO] [1764531584.193963624] [cg_autonomous_navigator]: Tentando mover de (15, 21) para (15, 22)
[INFO] [1764531584.243934005] [cg_autonomous_navigator]: Novo alvo de exploração: (14, 23)
[INFO] [1764531584.244047890] [cg_autonomous_navigator]: Tentando mover de (15, 22) para (15, 23)
[INFO] [1764531584.293737209] [cg_autonomous_navigator]: Tentando mover de (15, 23) para (14, 23)
[INFO] [1764531584.343859768] [cg_autonomous_navigator]: Novo alvo de exploração: (13, 23)
[INFO] [1764531584.343935224] [cg_autonomous_navigator]: Tentando mover de (14, 23) para (13, 23)
[INFO] [1764531584.393864280] [cg_autonomous_navigator]: Novo alvo de exploração: (12, 23)
[INFO] [1764531584.393966947] [cg_autonomous_navigator]: Tentando mover de (13, 23) para (12, 23)
[INFO] [1764531584.443801370] [cg_autonomous_navigator]: Novo alvo de exploração: (11, 23)
[INFO] [1764531584.443862899] [cg_autonomous_navigator]: Tentando mover de (12, 23) para (11, 23)
[INFO] [1764531584.493785237] [cg_autonomous_navigator]: Novo alvo de exploração: (11, 24)
[INFO] [1764531584.493857825] [cg_autonomous_navigator]: Tentando mover de (11, 23) para (11, 24)
[INFO] [1764531584.543804927] [cg_autonomous_navigator]: Novo alvo de exploração: (10, 25)
[INFO] [1764531584.543879681] [cg_autonomous_navigator]: Tentando mover de (11, 24) para (11, 25)
[INFO] [1764531584.593737016] [cg_autonomous_navigator]: Tentando mover de (11, 25) para (10, 25)
[INFO] [1764531584.643816810] [cg_autonomous_navigator]: Novo alvo de exploração: (9, 25)
[INFO] [1764531584.643888777] [cg_autonomous_navigator]: Tentando mover de (10, 25) para (9, 25)
[INFO] [1764531584.693816695] [cg_autonomous_navigator]: Novo alvo de exploração: (9, 26)
[INFO] [1764531584.693888062] [cg_autonomous_navigator]: Tentando mover de (9, 25) para (9, 26)
[INFO] [1764531584.743821175] [cg_autonomous_navigator]: Novo alvo de exploração: (8, 27)
[INFO] [1764531584.743893950] [cg_autonomous_navigator]: Tentando mover de (9, 26) para (9, 27)
[INFO] [1764531584.793719957] [cg_autonomous_navigator]: Tentando mover de (9, 27) para (8, 27)
[INFO] [1764531584.843809740] [cg_autonomous_navigator]: Novo alvo de exploração: (7, 27)
[INFO] [1764531584.843875489] [cg_autonomous_navigator]: Tentando mover de (8, 27) para (7, 27)
[INFO] [1764531584.893788963] [cg_autonomous_navigator]: Novo alvo de exploração: (6, 27)
[INFO] [1764531584.893854862] [cg_autonomous_navigator]: Tentando mover de (7, 27) para (6, 27)
[INFO] [1764531584.943816223] [cg_autonomous_navigator]: Novo alvo de exploração: (5, 27)
[INFO] [1764531584.943878422] [cg_autonomous_navigator]: Tentando mover de (6, 27) para (5, 27)
[INFO] [1764531584.993816764] [cg_autonomous_navigator]: Novo alvo de exploração: (4, 27)
[INFO] [1764531584.993877358] [cg_autonomous_navigator]: Tentando mover de (5, 27) para (4, 27)
[INFO] [1764531585.043803865] [cg_autonomous_navigator]: Novo alvo de exploração: (3, 27)
[INFO] [1764531585.043866703] [cg_autonomous_navigator]: Tentando mover de (4, 27) para (3, 27)
[INFO] [1764531585.093812329] [cg_autonomous_navigator]: Novo alvo de exploração: (2, 27)
[INFO] [1764531585.093885987] [cg_autonomous_navigator]: Tentando mover de (3, 27) para (2, 27)
[INFO] [1764531585.143826938] [cg_autonomous_navigator]: Novo alvo de exploração: (1, 26)
[INFO] [1764531585.143896150] [cg_autonomous_navigator]: Tentando mover de (2, 27) para (1, 27)
[INFO] [1764531585.193745996] [cg_autonomous_navigator]: Tentando mover de (1, 27) para (1, 26)
[INFO] [1764531585.243827861] [cg_autonomous_navigator]: Novo alvo de exploração: (1, 25)
[INFO] [1764531585.243904117] [cg_autonomous_navigator]: Tentando mover de (1, 26) para (1, 25)
[INFO] [1764531585.293830282] [cg_autonomous_navigator]: Novo alvo de exploração: (2, 25)
[INFO] [1764531585.293905735] [cg_autonomous_navigator]: Tentando mover de (1, 25) para (2, 25)
[INFO] [1764531585.343829942] [cg_autonomous_navigator]: Novo alvo de exploração: (3, 25)
[INFO] [1764531585.343894309] [cg_autonomous_navigator]: Tentando mover de (2, 25) para (3, 25)
[INFO] [1764531585.393879019] [cg_autonomous_navigator]: Novo alvo de exploração: (4, 25)
[INFO] [1764531585.393976451] [cg_autonomous_navigator]: Tentando mover de (3, 25) para (4, 25)
[INFO] [1764531585.443803611] [cg_autonomous_navigator]: Novo alvo de exploração: (5, 24)
[INFO] [1764531585.443864107] [cg_autonomous_navigator]: Tentando mover de (4, 25) para (5, 25)
[INFO] [1764531585.493761025] [cg_autonomous_navigator]: Tentando mover de (5, 25) para (5, 24)
[INFO] [1764531585.543859080] [cg_autonomous_navigator]: Novo alvo de exploração: (4, 23)
[INFO] [1764531585.543952150] [cg_autonomous_navigator]: Tentando mover de (5, 24) para (5, 23)
[INFO] [1764531585.593763945] [cg_autonomous_navigator]: Tentando mover de (5, 23) para (4, 23)
[INFO] [1764531585.643815605] [cg_autonomous_navigator]: Novo alvo de exploração: (3, 23)
[INFO] [1764531585.643875207] [cg_autonomous_navigator]: Tentando mover de (4, 23) para (3, 23)
[INFO] [1764531585.693884868] [cg_autonomous_navigator]: Novo alvo de exploração: (2, 23)
[INFO] [1764531585.693948522] [cg_autonomous_navigator]: Tentando mover de (3, 23) para (2, 23)
[INFO] [1764531585.743998118] [cg_autonomous_navigator]: Novo alvo de exploração: (1, 22)
[INFO] [1764531585.744127105] [cg_autonomous_navigator]: Tentando mover de (2, 23) para (1, 23)
[INFO] [1764531585.793772939] [cg_autonomous_navigator]: Tentando mover de (1, 23) para (1, 22)
[INFO] [1764531585.843808227] [cg_autonomous_navigator]: Novo alvo de exploração: (1, 21)
[INFO] [1764531585.843873013] [cg_autonomous_navigator]: Tentando mover de (1, 22) para (1, 21)
[INFO] [1764531585.893876208] [cg_autonomous_navigator]: Novo alvo de exploração: (1, 20)
[INFO] [1764531585.893947227] [cg_autonomous_navigator]: Tentando mover de (1, 21) para (1, 20)
[INFO] [1764531585.943863612] [cg_autonomous_navigator]: Novo alvo de exploração: (1, 19)
[INFO] [1764531585.943963254] [cg_autonomous_navigator]: Tentando mover de (1, 20) para (1, 19)
[INFO] [1764531585.993915212] [cg_autonomous_navigator]: Novo alvo de exploração: (1, 18)
[INFO] [1764531585.994044055] [cg_autonomous_navigator]: Tentando mover de (1, 19) para (1, 18)
[INFO] [1764531586.043867408] [cg_autonomous_navigator]: Novo alvo de exploração: (1, 17)
[INFO] [1764531586.043960306] [cg_autonomous_navigator]: Tentando mover de (1, 18) para (1, 17)
[INFO] [1764531586.093829191] [cg_autonomous_navigator]: Novo alvo de exploração: (1, 16)
[INFO] [1764531586.093898324] [cg_autonomous_navigator]: Tentando mover de (1, 17) para (1, 16)
[INFO] [1764531586.143923278] [cg_autonomous_navigator]: Novo alvo de exploração: (1, 15)
[INFO] [1764531586.144029637] [cg_autonomous_navigator]: Tentando mover de (1, 16) para (1, 15)
[INFO] [1764531586.193832899] [cg_autonomous_navigator]: Novo alvo de exploração: (1, 14)
[INFO] [1764531586.193905548] [cg_autonomous_navigator]: Tentando mover de (1, 15) para (1, 14)
[INFO] [1764531586.243845571] [cg_autonomous_navigator]: Novo alvo de exploração: (1, 13)
[INFO] [1764531586.243955840] [cg_autonomous_navigator]: Tentando mover de (1, 14) para (1, 13)
[INFO] [1764531586.293797268] [cg_autonomous_navigator]: Novo alvo de exploração: (1, 12)
[INFO] [1764531586.293858413] [cg_autonomous_navigator]: Tentando mover de (1, 13) para (1, 12)
[INFO] [1764531586.343805131] [cg_autonomous_navigator]: Novo alvo de exploração: (1, 11)
[INFO] [1764531586.343870647] [cg_autonomous_navigator]: Tentando mover de (1, 12) para (1, 11)
[INFO] [1764531586.393803345] [cg_autonomous_navigator]: Novo alvo de exploração: (1, 10)
[INFO] [1764531586.393882287] [cg_autonomous_navigator]: Tentando mover de (1, 11) para (1, 10)
[INFO] [1764531586.443794265] [cg_autonomous_navigator]: Novo alvo de exploração: (1, 9)
[INFO] [1764531586.443852282] [cg_autonomous_navigator]: Tentando mover de (1, 10) para (1, 9)
[INFO] [1764531586.493802562] [cg_autonomous_navigator]: Novo alvo de exploração: (2, 9)
[INFO] [1764531586.493864872] [cg_autonomous_navigator]: Tentando mover de (1, 9) para (2, 9)
[INFO] [1764531586.543823898] [cg_autonomous_navigator]: Novo alvo de exploração: (3, 8)
[INFO] [1764531586.543939209] [cg_autonomous_navigator]: Tentando mover de (2, 9) para (3, 9)
[INFO] [1764531586.593785766] [cg_autonomous_navigator]: Tentando mover de (3, 9) para (3, 8)
[INFO] [1764531586.643855601] [cg_autonomous_navigator]: Novo alvo de exploração: (2, 7)
[INFO] [1764531586.643972662] [cg_autonomous_navigator]: Tentando mover de (3, 8) para (3, 7)
[INFO] [1764531586.693774395] [cg_autonomous_navigator]: Tentando mover de (3, 7) para (2, 7)
[INFO] [1764531586.743794603] [cg_autonomous_navigator]: Novo alvo de exploração: (1, 6)
[INFO] [1764531586.743856911] [cg_autonomous_navigator]: Tentando mover de (2, 7) para (1, 7)
[INFO] [1764531586.793793332] [cg_autonomous_navigator]: Tentando mover de (1, 7) para (1, 6)
[INFO] [1764531586.843807175] [cg_autonomous_navigator]: Novo alvo de exploração: (1, 5)
[INFO] [1764531586.843883287] [cg_autonomous_navigator]: Tentando mover de (1, 6) para (1, 5)
[INFO] [1764531586.893793271] [cg_autonomous_navigator]: Novo alvo de exploração: (2, 5)
[INFO] [1764531586.893854148] [cg_autonomous_navigator]: Tentando mover de (1, 5) para (2, 5)
[INFO] [1764531586.943792170] [cg_autonomous_navigator]: Novo alvo de exploração: (3, 5)
[INFO] [1764531586.943857297] [cg_autonomous_navigator]: Tentando mover de (2, 5) para (3, 5)
[INFO] [1764531586.993795813] [cg_autonomous_navigator]: Novo alvo de exploração: (4, 5)
[INFO] [1764531586.993857842] [cg_autonomous_navigator]: Tentando mover de (3, 5) para (4, 5)
[INFO] [1764531587.043789891] [cg_autonomous_navigator]: Novo alvo de exploração: (5, 4)
[INFO] [1764531587.043854297] [cg_autonomous_navigator]: Tentando mover de (4, 5) para (5, 5)
[INFO] [1764531587.093787752] [cg_autonomous_navigator]: Tentando mover de (5, 5) para (5, 4)
[INFO] [1764531587.143805260] [cg_autonomous_navigator]: Novo alvo de exploração: (4, 3)
[INFO] [1764531587.143893183] [cg_autonomous_navigator]: Tentando mover de (5, 4) para (5, 3)
[INFO] [1764531587.193799625] [cg_autonomous_navigator]: Tentando mover de (5, 3) para (4, 3)
[INFO] [1764531587.243851534] [cg_autonomous_navigator]: Novo alvo de exploração: (3, 3)
[INFO] [1764531587.243938135] [cg_autonomous_navigator]: Tentando mover de (4, 3) para (3, 3)
[INFO] [1764531587.293795917] [cg_autonomous_navigator]: Novo alvo de exploração: (2, 3)
[INFO] [1764531587.293863859] [cg_autonomous_navigator]: Tentando mover de (3, 3) para (2, 3)
[INFO] [1764531587.343794336] [cg_autonomous_navigator]: Novo alvo de exploração: (1, 3)
[INFO] [1764531587.343854887] [cg_autonomous_navigator]: Tentando mover de (2, 3) para (1, 3)
[INFO] [1764531587.393793018] [cg_autonomous_navigator]: Novo alvo de exploração: (6, 3)
[INFO] [1764531587.393877159] [cg_autonomous_navigator]: Tentando mover de (1, 3) para (2, 3)
[INFO] [1764531587.443784326] [cg_autonomous_navigator]: Tentando mover de (2, 3) para (3, 3)
[INFO] [1764531587.493791811] [cg_autonomous_navigator]: Tentando mover de (3, 3) para (4, 3)
[INFO] [1764531587.543787327] [cg_autonomous_navigator]: Tentando mover de (4, 3) para (5, 3)
[INFO] [1764531587.593783120] [cg_autonomous_navigator]: Tentando mover de (5, 3) para (6, 3)
[INFO] [1764531587.643795106] [cg_autonomous_navigator]: Novo alvo de exploração: (7, 4)
[INFO] [1764531587.643895647] [cg_autonomous_navigator]: Tentando mover de (6, 3) para (7, 3)
[INFO] [1764531587.693785045] [cg_autonomous_navigator]: Tentando mover de (7, 3) para (7, 4)
[INFO] [1764531587.743845155] [cg_autonomous_navigator]: Novo alvo de exploração: (7, 5)
[INFO] [1764531587.743950128] [cg_autonomous_navigator]: Tentando mover de (7, 4) para (7, 5)
[INFO] [1764531587.793835870] [cg_autonomous_navigator]: Novo alvo de exploração: (7, 6)
[INFO] [1764531587.793933909] [cg_autonomous_navigator]: Tentando mover de (7, 5) para (7, 6)
[INFO] [1764531587.843820865] [cg_autonomous_navigator]: Novo alvo de exploração: (6, 7)
[INFO] [1764531587.843895019] [cg_autonomous_navigator]: Tentando mover de (7, 6) para (7, 7)
[INFO] [1764531587.893795813] [cg_autonomous_navigator]: Tentando mover de (7, 7) para (6, 7)
[INFO] [1764531587.943882392] [cg_autonomous_navigator]: Novo alvo de exploração: (5, 8)
[INFO] [1764531587.943994209] [cg_autonomous_navigator]: Tentando mover de (6, 7) para (5, 7)
[INFO] [1764531587.993798623] [cg_autonomous_navigator]: Tentando mover de (5, 7) para (5, 8)
[INFO] [1764531588.043832972] [cg_autonomous_navigator]: Novo alvo de exploração: (6, 9)
[INFO] [1764531588.043908071] [cg_autonomous_navigator]: Tentando mover de (5, 8) para (5, 9)
[INFO] [1764531588.093807633] [cg_autonomous_navigator]: Tentando mover de (5, 9) para (6, 9)
[INFO] [1764531588.143939620] [cg_autonomous_navigator]: Novo alvo de exploração: (3, 10)
[INFO] [1764531588.144252509] [cg_autonomous_navigator]: Tentando mover de (6, 9) para (5, 9)
[INFO] [1764531588.193795235] [cg_autonomous_navigator]: Tentando mover de (5, 9) para (5, 8)
[INFO] [1764531588.243793122] [cg_autonomous_navigator]: Tentando mover de (5, 8) para (5, 7)
[INFO] [1764531588.293789648] [cg_autonomous_navigator]: Tentando mover de (5, 7) para (6, 7)
[INFO] [1764531588.343800771] [cg_autonomous_navigator]: Tentando mover de (6, 7) para (7, 7)
[INFO] [1764531588.393814795] [cg_autonomous_navigator]: Tentando mover de (7, 7) para (7, 6)
[INFO] [1764531588.443797631] [cg_autonomous_navigator]: Tentando mover de (7, 6) para (7, 5)
[INFO] [1764531588.493804135] [cg_autonomous_navigator]: Tentando mover de (7, 5) para (7, 4)
[INFO] [1764531588.543804156] [cg_autonomous_navigator]: Tentando mover de (7, 4) para (7, 3)
[INFO] [1764531588.593797943] [cg_autonomous_navigator]: Tentando mover de (7, 3) para (6, 3)
[INFO] [1764531588.643801309] [cg_autonomous_navigator]: Tentando mover de (6, 3) para (5, 3)
[INFO] [1764531588.693802947] [cg_autonomous_navigator]: Tentando mover de (5, 3) para (5, 4)
[INFO] [1764531588.743812254] [cg_autonomous_navigator]: Tentando mover de (5, 4) para (5, 5)
[INFO] [1764531588.793855101] [cg_autonomous_navigator]: Tentando mover de (5, 5) para (4, 5)
[INFO] [1764531588.843823203] [cg_autonomous_navigator]: Tentando mover de (4, 5) para (3, 5)
[INFO] [1764531588.893807799] [cg_autonomous_navigator]: Tentando mover de (3, 5) para (2, 5)
[INFO] [1764531588.943801883] [cg_autonomous_navigator]: Tentando mover de (2, 5) para (1, 5)
[INFO] [1764531588.993804213] [cg_autonomous_navigator]: Tentando mover de (1, 5) para (1, 6)
[INFO] [1764531589.043813943] [cg_autonomous_navigator]: Tentando mover de (1, 6) para (1, 7)
[INFO] [1764531589.093812055] [cg_autonomous_navigator]: Tentando mover de (1, 7) para (2, 7)
[INFO] [1764531589.143810452] [cg_autonomous_navigator]: Tentando mover de (2, 7) para (3, 7)
[INFO] [1764531589.193807184] [cg_autonomous_navigator]: Tentando mover de (3, 7) para (3, 8)
[INFO] [1764531589.243801180] [cg_autonomous_navigator]: Tentando mover de (3, 8) para (3, 9)
[INFO] [1764531589.293817222] [cg_autonomous_navigator]: Tentando mover de (3, 9) para (3, 10)
[INFO] [1764531589.343917720] [cg_autonomous_navigator]: Novo alvo de exploração: (2, 21)
[INFO] [1764531589.344034047] [cg_autonomous_navigator]: Tentando mover de (3, 10) para (3, 9)
[INFO] [1764531589.393811878] [cg_autonomous_navigator]: Tentando mover de (3, 9) para (2, 9)
[INFO] [1764531589.443810127] [cg_autonomous_navigator]: Tentando mover de (2, 9) para (1, 9)
[INFO] [1764531589.493811929] [cg_autonomous_navigator]: Tentando mover de (1, 9) para (1, 10)
[INFO] [1764531589.543812427] [cg_autonomous_navigator]: Tentando mover de (1, 10) para (1, 11)
[INFO] [1764531589.593820967] [cg_autonomous_navigator]: Tentando mover de (1, 11) para (1, 12)
[INFO] [1764531589.643825226] [cg_autonomous_navigator]: Tentando mover de (1, 12) para (1, 13)
[INFO] [1764531589.693822475] [cg_autonomous_navigator]: Tentando mover de (1, 13) para (1, 14)
[INFO] [1764531589.743813063] [cg_autonomous_navigator]: Tentando mover de (1, 14) para (1, 15)
[INFO] [1764531589.793840059] [cg_autonomous_navigator]: Tentando mover de (1, 15) para (1, 16)
[INFO] [1764531589.843810239] [cg_autonomous_navigator]: Tentando mover de (1, 16) para (1, 17)
[INFO] [1764531589.893841113] [cg_autonomous_navigator]: Tentando mover de (1, 17) para (1, 18)
[INFO] [1764531589.943838421] [cg_autonomous_navigator]: Tentando mover de (1, 18) para (1, 19)
[INFO] [1764531589.993820213] [cg_autonomous_navigator]: Tentando mover de (1, 19) para (1, 20)
[INFO] [1764531590.043828910] [cg_autonomous_navigator]: Tentando mover de (1, 20) para (1, 21)
[INFO] [1764531590.093822821] [cg_autonomous_navigator]: Tentando mover de (1, 21) para (2, 21)
[INFO] [1764531590.143896353] [cg_autonomous_navigator]: Novo alvo de exploração: (6, 23)
[INFO] [1764531590.143982206] [cg_autonomous_navigator]: Tentando mover de (2, 21) para (1, 21)
[INFO] [1764531590.193829340] [cg_autonomous_navigator]: Tentando mover de (1, 21) para (1, 22)
[INFO] [1764531590.243840591] [cg_autonomous_navigator]: Tentando mover de (1, 22) para (1, 23)
[INFO] [1764531590.293819745] [cg_autonomous_navigator]: Tentando mover de (1, 23) para (2, 23)
[INFO] [1764531590.343832910] [cg_autonomous_navigator]: Tentando mover de (2, 23) para (3, 23)
[INFO] [1764531590.393820946] [cg_autonomous_navigator]: Tentando mover de (3, 23) para (4, 23)
[INFO] [1764531590.443832600] [cg_autonomous_navigator]: Tentando mover de (4, 23) para (5, 23)
[INFO] [1764531590.493834607] [cg_autonomous_navigator]: Tentando mover de (5, 23) para (6, 23)
[INFO] [1764531590.543911633] [cg_autonomous_navigator]: Novo alvo de exploração: (7, 23)
[INFO] [1764531590.543981047] [cg_autonomous_navigator]: Tentando mover de (6, 23) para (7, 23)
[INFO] [1764531590.593917566] [cg_autonomous_navigator]: Novo alvo de exploração: (8, 23)
[INFO] [1764531590.594006060] [cg_autonomous_navigator]: Tentando mover de (7, 23) para (8, 23)
[INFO] [1764531590.643918379] [cg_autonomous_navigator]: Novo alvo de exploração: (7, 24)
[INFO] [1764531590.643987987] [cg_autonomous_navigator]: Tentando mover de (8, 23) para (7, 23)
[INFO] [1764531590.693834069] [cg_autonomous_navigator]: Tentando mover de (7, 23) para (7, 24)
[INFO] [1764531590.743917239] [cg_autonomous_navigator]: Novo alvo de exploração: (10, 27)
[INFO] [1764531590.744069045] [cg_autonomous_navigator]: Tentando mover de (7, 24) para (7, 23)
[INFO] [1764531590.793830779] [cg_autonomous_navigator]: Tentando mover de (7, 23) para (6, 23)
[INFO] [1764531590.843835397] [cg_autonomous_navigator]: Tentando mover de (6, 23) para (5, 23)
[INFO] [1764531590.893822801] [cg_autonomous_navigator]: Tentando mover de (5, 23) para (5, 24)
[INFO] [1764531590.943822579] [cg_autonomous_navigator]: Tentando mover de (5, 24) para (5, 25)
[INFO] [1764531590.993825031] [cg_autonomous_navigator]: Tentando mover de (5, 25) para (4, 25)
[INFO] [1764531591.043833933] [cg_autonomous_navigator]: Tentando mover de (4, 25) para (3, 25)
[INFO] [1764531591.093896076] [cg_autonomous_navigator]: Tentando mover de (3, 25) para (2, 25)
[INFO] [1764531591.143852663] [cg_autonomous_navigator]: Tentando mover de (2, 25) para (1, 25)
[INFO] [1764531591.193825127] [cg_autonomous_navigator]: Tentando mover de (1, 25) para (1, 26)
[INFO] [1764531591.243834183] [cg_autonomous_navigator]: Tentando mover de (1, 26) para (1, 27)
[INFO] [1764531591.293838177] [cg_autonomous_navigator]: Tentando mover de (1, 27) para (2, 27)
[INFO] [1764531591.343848620] [cg_autonomous_navigator]: Tentando mover de (2, 27) para (3, 27)
[INFO] [1764531591.393838426] [cg_autonomous_navigator]: Tentando mover de (3, 27) para (4, 27)
[INFO] [1764531591.443837062] [cg_autonomous_navigator]: Tentando mover de (4, 27) para (5, 27)
[INFO] [1764531591.493838574] [cg_autonomous_navigator]: Tentando mover de (5, 27) para (6, 27)
[INFO] [1764531591.543829113] [cg_autonomous_navigator]: Tentando mover de (6, 27) para (7, 27)
[INFO] [1764531591.593841955] [cg_autonomous_navigator]: Tentando mover de (7, 27) para (8, 27)
[INFO] [1764531591.643846581] [cg_autonomous_navigator]: Tentando mover de (8, 27) para (9, 27)
[INFO] [1764531591.693842812] [cg_autonomous_navigator]: Tentando mover de (9, 27) para (10, 27)
[INFO] [1764531591.743928145] [cg_autonomous_navigator]: Novo alvo de exploração: (11, 27)
[INFO] [1764531591.743999800] [cg_autonomous_navigator]: Tentando mover de (10, 27) para (11, 27)
[INFO] [1764531591.793933458] [cg_autonomous_navigator]: Novo alvo de exploração: (12, 27)
[INFO] [1764531591.794002448] [cg_autonomous_navigator]: Tentando mover de (11, 27) para (12, 27)
[INFO] [1764531591.843913364] [cg_autonomous_navigator]: Novo alvo de exploração: (13, 26)
[INFO] [1764531591.843985020] [cg_autonomous_navigator]: Tentando mover de (12, 27) para (13, 27)
[INFO] [1764531591.893831433] [cg_autonomous_navigator]: Tentando mover de (13, 27) para (13, 26)
[INFO] [1764531591.943927839] [cg_autonomous_navigator]: Novo alvo de exploração: (14, 25)
[INFO] [1764531591.943995756] [cg_autonomous_navigator]: Tentando mover de (13, 26) para (13, 25)
[INFO] [1764531591.993855298] [cg_autonomous_navigator]: Tentando mover de (13, 25) para (14, 25)
[INFO] [1764531592.043935363] [cg_autonomous_navigator]: Novo alvo de exploração: (15, 25)
[INFO] [1764531592.044002526] [cg_autonomous_navigator]: Tentando mover de (14, 25) para (15, 25)
[INFO] [1764531592.093937146] [cg_autonomous_navigator]: Novo alvo de exploração: (16, 25)
[INFO] [1764531592.094003809] [cg_autonomous_navigator]: Tentando mover de (15, 25) para (16, 25)
[INFO] [1764531592.143940581] [cg_autonomous_navigator]: Novo alvo de exploração: (17, 25)
[INFO] [1764531592.144009122] [cg_autonomous_navigator]: Tentando mover de (16, 25) para (17, 25)
[INFO] [1764531592.194018298] [cg_autonomous_navigator]: Novo alvo de exploração: (18, 25)
[INFO] [1764531592.194122222] [cg_autonomous_navigator]: Tentando mover de (17, 25) para (18, 25)
[INFO] [1764531592.243971347] [cg_autonomous_navigator]: Novo alvo de exploração: (19, 25)
[INFO] [1764531592.244045891] [cg_autonomous_navigator]: Tentando mover de (18, 25) para (19, 25)
[INFO] [1764531592.293986200] [cg_autonomous_navigator]: Novo alvo de exploração: (19, 26)
[INFO] [1764531592.294053651] [cg_autonomous_navigator]: Tentando mover de (19, 25) para (19, 26)
[INFO] [1764531592.343945484] [cg_autonomous_navigator]: Novo alvo de exploração: (18, 27)
[INFO] [1764531592.344021441] [cg_autonomous_navigator]: Tentando mover de (19, 26) para (19, 27)
[INFO] [1764531592.393864557] [cg_autonomous_navigator]: Tentando mover de (19, 27) para (18, 27)
[INFO] [1764531592.443982346] [cg_autonomous_navigator]: Novo alvo de exploração: (17, 27)
[INFO] [1764531592.444061746] [cg_autonomous_navigator]: Tentando mover de (18, 27) para (17, 27)
[INFO] [1764531592.494008803] [cg_autonomous_navigator]: Novo alvo de exploração: (16, 27)
[INFO] [1764531592.494111130] [cg_autonomous_navigator]: Tentando mover de (17, 27) para (16, 27)
[INFO] [1764531592.543967382] [cg_autonomous_navigator]: Novo alvo de exploração: (20, 27)
[INFO] [1764531592.544040976] [cg_autonomous_navigator]: Tentando mover de (16, 27) para (17, 27)
[INFO] [1764531592.593847938] [cg_autonomous_navigator]: Tentando mover de (17, 27) para (18, 27)
[INFO] [1764531592.643849882] [cg_autonomous_navigator]: Tentando mover de (18, 27) para (19, 27)
[INFO] [1764531592.693863821] [cg_autonomous_navigator]: Tentando mover de (19, 27) para (20, 27)
[INFO] [1764531592.743935657] [cg_autonomous_navigator]: Novo alvo de exploração: (21, 27)
[INFO] [1764531592.744027550] [cg_autonomous_navigator]: Tentando mover de (20, 27) para (21, 27)
[INFO] [1764531592.794221914] [cg_autonomous_navigator]: Novo alvo de exploração: (22, 27)
[INFO] [1764531592.794351727] [cg_autonomous_navigator]: Tentando mover de (21, 27) para (22, 27)
[INFO] [1764531592.844030988] [cg_autonomous_navigator]: Novo alvo de exploração: (23, 27)
[INFO] [1764531592.844129039] [cg_autonomous_navigator]: Tentando mover de (22, 27) para (23, 27)
[INFO] [1764531592.893946646] [cg_autonomous_navigator]: Novo alvo de exploração: (24, 27)
[INFO] [1764531592.894007845] [cg_autonomous_navigator]: Tentando mover de (23, 27) para (24, 27)
[INFO] [1764531592.943933936] [cg_autonomous_navigator]: Novo alvo de exploração: (25, 27)
[INFO] [1764531592.944005261] [cg_autonomous_navigator]: Tentando mover de (24, 27) para (25, 27)
[INFO] [1764531592.993941997] [cg_autonomous_navigator]: Novo alvo de exploração: (26, 27)
[INFO] [1764531592.994010238] [cg_autonomous_navigator]: Tentando mover de (25, 27) para (26, 27)
[INFO] [1764531593.043933686] [cg_autonomous_navigator]: Novo alvo de exploração: (27, 26)
[INFO] [1764531593.044010584] [cg_autonomous_navigator]: Tentando mover de (26, 27) para (27, 27)
[INFO] [1764531593.093853287] [cg_autonomous_navigator]: Tentando mover de (27, 27) para (27, 26)
[INFO] [1764531593.143993380] [cg_autonomous_navigator]: Novo alvo de exploração: (26, 25)
[INFO] [1764531593.144076205] [cg_autonomous_navigator]: Tentando mover de (27, 26) para (27, 25)
[INFO] [1764531593.193855643] [cg_autonomous_navigator]: Tentando mover de (27, 25) para (26, 25)
[INFO] [1764531593.244132856] [cg_autonomous_navigator]: Novo alvo de exploração: (25, 25)
[INFO] [1764531593.244227933] [cg_autonomous_navigator]: Tentando mover de (26, 25) para (25, 25)
[INFO] [1764531593.293946465] [cg_autonomous_navigator]: Novo alvo de exploração: (24, 25)
[INFO] [1764531593.294007845] [cg_autonomous_navigator]: Tentando mover de (25, 25) para (24, 25)
[INFO] [1764531593.343951094] [cg_autonomous_navigator]: Novo alvo de exploração: (23, 25)
[INFO] [1764531593.344015187] [cg_autonomous_navigator]: Tentando mover de (24, 25) para (23, 25)
[INFO] [1764531593.394002365] [cg_autonomous_navigator]: Novo alvo de exploração: (22, 25)
[INFO] [1764531593.394073075] [cg_autonomous_navigator]: Tentando mover de (23, 25) para (22, 25)
[INFO] [1764531593.443939840] [cg_autonomous_navigator]: Novo alvo de exploração: (21, 24)
[INFO] [1764531593.444005973] [cg_autonomous_navigator]: Tentando mover de (22, 25) para (21, 25)
[INFO] [1764531593.493856170] [cg_autonomous_navigator]: Tentando mover de (21, 25) para (21, 24)
[INFO] [1764531593.543947418] [cg_autonomous_navigator]: Novo alvo de exploração: (20, 23)
[INFO] [1764531593.544014821] [cg_autonomous_navigator]: Tentando mover de (21, 24) para (21, 23)
[INFO] [1764531593.593860431] [cg_autonomous_navigator]: Tentando mover de (21, 23) para (20, 23)
[INFO] [1764531593.643936433] [cg_autonomous_navigator]: Novo alvo de exploração: (19, 23)
[INFO] [1764531593.643993409] [cg_autonomous_navigator]: Tentando mover de (20, 23) para (19, 23)
[INFO] [1764531593.693948290] [cg_autonomous_navigator]: Novo alvo de exploração: (18, 23)
[INFO] [1764531593.694009266] [cg_autonomous_navigator]: Tentando mover de (19, 23) para (18, 23)
[INFO] [1764531593.743948417] [cg_autonomous_navigator]: Novo alvo de exploração: (17, 22)
[INFO] [1764531593.744011873] [cg_autonomous_navigator]: Tentando mover de (18, 23) para (17, 23)
[INFO] [1764531593.793887530] [cg_autonomous_navigator]: Tentando mover de (17, 23) para (17, 22)
[INFO] [1764531593.843943172] [cg_autonomous_navigator]: Novo alvo de exploração: (17, 21)
[INFO] [1764531593.844018107] [cg_autonomous_navigator]: Tentando mover de (17, 22) para (17, 21)
[INFO] [1764531593.893944475] [cg_autonomous_navigator]: Novo alvo de exploração: (18, 21)
[INFO] [1764531593.894016452] [cg_autonomous_navigator]: Tentando mover de (17, 21) para (18, 21)
[INFO] [1764531593.943943416] [cg_autonomous_navigator]: Novo alvo de exploração: (19, 21)
[INFO] [1764531593.944046401] [cg_autonomous_navigator]: Tentando mover de (18, 21) para (19, 21)
[INFO] [1764531593.993945912] [cg_autonomous_navigator]: Novo alvo de exploração: (20, 21)
[INFO] [1764531593.994026033] [cg_autonomous_navigator]: Tentando mover de (19, 21) para (20, 21)
[INFO] [1764531594.043947088] [cg_autonomous_navigator]: Novo alvo de exploração: (21, 21)
[INFO] [1764531594.044012338] [cg_autonomous_navigator]: Tentando mover de (20, 21) para (21, 21)
[INFO] [1764531594.093960574] [cg_autonomous_navigator]: Novo alvo de exploração: (22, 21)
[INFO] [1764531594.094022619] [cg_autonomous_navigator]: Tentando mover de (21, 21) para (22, 21)
[INFO] [1764531594.143948634] [cg_autonomous_navigator]: Novo alvo de exploração: (23, 21)
[INFO] [1764531594.144012281] [cg_autonomous_navigator]: Tentando mover de (22, 21) para (23, 21)
[INFO] [1764531594.193945558] [cg_autonomous_navigator]: Novo alvo de exploração: (23, 22)
[INFO] [1764531594.194011046] [cg_autonomous_navigator]: Tentando mover de (23, 21) para (23, 22)
[INFO] [1764531594.244028314] [cg_autonomous_navigator]: Novo alvo de exploração: (24, 23)
[INFO] [1764531594.244108798] [cg_autonomous_navigator]: Tentando mover de (23, 22) para (23, 23)
[INFO] [1764531594.293889029] [cg_autonomous_navigator]: Tentando mover de (23, 23) para (24, 23)
[INFO] [1764531594.344017697] [cg_autonomous_navigator]: Novo alvo de exploração: (25, 22)
[INFO] [1764531594.344125519] [cg_autonomous_navigator]: Tentando mover de (24, 23) para (25, 23)
[INFO] [1764531594.393873741] [cg_autonomous_navigator]: Tentando mover de (25, 23) para (25, 22)
[INFO] [1764531594.444001213] [cg_autonomous_navigator]: Novo alvo de exploração: (25, 21)
[INFO] [1764531594.444074668] [cg_autonomous_navigator]: Tentando mover de (25, 22) para (25, 21)
[INFO] [1764531594.493998187] [cg_autonomous_navigator]: Novo alvo de exploração: (26, 21)
[INFO] [1764531594.494070028] [cg_autonomous_navigator]: Tentando mover de (25, 21) para (26, 21)
[INFO] [1764531594.544022474] [cg_autonomous_navigator]: Novo alvo de exploração: (27, 20)
[INFO] [1764531594.544094187] [cg_autonomous_navigator]: Tentando mover de (26, 21) para (27, 21)
[INFO] [1764531594.593883484] [cg_autonomous_navigator]: Tentando mover de (27, 21) para (27, 20)
[INFO] [1764531594.644027577] [cg_autonomous_navigator]: Novo alvo de exploração: (26, 19)
[INFO] [1764531594.644135276] [cg_autonomous_navigator]: Tentando mover de (27, 20) para (27, 19)
[INFO] [1764531594.693905586] [cg_autonomous_navigator]: Tentando mover de (27, 19) para (26, 19)
[INFO] [1764531594.744002488] [cg_autonomous_navigator]: Novo alvo de exploração: (25, 18)
[INFO] [1764531594.744086579] [cg_autonomous_navigator]: Tentando mover de (26, 19) para (25, 19)
[INFO] [1764531594.793908190] [cg_autonomous_navigator]: Tentando mover de (25, 19) para (25, 18)
[INFO] [1764531594.843941768] [cg_autonomous_navigator]: Novo alvo de exploração: (26, 17)
[INFO] [1764531594.844004607] [cg_autonomous_navigator]: Tentando mover de (25, 18) para (25, 17)
[INFO] [1764531594.893883228] [cg_autonomous_navigator]: Tentando mover de (25, 17) para (26, 17)
[INFO] [1764531594.943939029] [cg_autonomous_navigator]: Novo alvo de exploração: (27, 16)
[INFO] [1764531594.944009236] [cg_autonomous_navigator]: Tentando mover de (26, 17) para (27, 17)
[INFO] [1764531594.993886924] [cg_autonomous_navigator]: Tentando mover de (27, 17) para (27, 16)
[INFO] [1764531595.043997180] [cg_autonomous_navigator]: Novo alvo de exploração: (27, 15)
[INFO] [1764531595.044071753] [cg_autonomous_navigator]: Tentando mover de (27, 16) para (27, 15)
[INFO] [1764531595.093988766] [cg_autonomous_navigator]: Novo alvo de exploração: (27, 14)
[INFO] [1764531595.094066919] [cg_autonomous_navigator]: Tentando mover de (27, 15) para (27, 14)
[INFO] [1764531595.143991162] [cg_autonomous_navigator]: Novo alvo de exploração: (27, 13)
[INFO] [1764531595.144074242] [cg_autonomous_navigator]: Tentando mover de (27, 14) para (27, 13)
[INFO] [1764531595.193974660] [cg_autonomous_navigator]: Novo alvo de exploração: (27, 12)
[INFO] [1764531595.194050492] [cg_autonomous_navigator]: Tentando mover de (27, 13) para (27, 12)
[INFO] [1764531595.243996442] [cg_autonomous_navigator]: Novo alvo de exploração: (26, 11)
[INFO] [1764531595.244089780] [cg_autonomous_navigator]: Tentando mover de (27, 12) para (27, 11)
[INFO] [1764531595.293850974] [cg_autonomous_navigator]: Tentando mover de (27, 11) para (26, 11)
[INFO] [1764531595.343981209] [cg_autonomous_navigator]: Novo alvo de exploração: (25, 11)
[INFO] [1764531595.344081006] [cg_autonomous_navigator]: Tentando mover de (26, 11) para (25, 11)
[INFO] [1764531595.393933113] [cg_autonomous_navigator]: Novo alvo de exploração: (24, 11)
[INFO] [1764531595.393996109] [cg_autonomous_navigator]: Tentando mover de (25, 11) para (24, 11)
[INFO] [1764531595.443949268] [cg_autonomous_navigator]: Novo alvo de exploração: (24, 19)
[INFO] [1764531595.444063614] [cg_autonomous_navigator]: Tentando mover de (24, 11) para (25, 11)
[INFO] [1764531595.493912206] [cg_autonomous_navigator]: Tentando mover de (25, 11) para (26, 11)
[INFO] [1764531595.543895433] [cg_autonomous_navigator]: Tentando mover de (26, 11) para (27, 11)
[INFO] [1764531595.593886790] [cg_autonomous_navigator]: Tentando mover de (27, 11) para (27, 12)
[INFO] [1764531595.643897001] [cg_autonomous_navigator]: Tentando mover de (27, 12) para (27, 13)
[INFO] [1764531595.693896238] [cg_autonomous_navigator]: Tentando mover de (27, 13) para (27, 14)
[INFO] [1764531595.743897880] [cg_autonomous_navigator]: Tentando mover de (27, 14) para (27, 15)
[INFO] [1764531595.793896982] [cg_autonomous_navigator]: Tentando mover de (27, 15) para (27, 16)
[INFO] [1764531595.843898295] [cg_autonomous_navigator]: Tentando mover de (27, 16) para (27, 17)
[INFO] [1764531595.893886448] [cg_autonomous_navigator]: Tentando mover de (27, 17) para (26, 17)
[INFO] [1764531595.943885411] [cg_autonomous_navigator]: Tentando mover de (26, 17) para (25, 17)
[INFO] [1764531595.993892376] [cg_autonomous_navigator]: Tentando mover de (25, 17) para (25, 18)
[INFO] [1764531596.043900832] [cg_autonomous_navigator]: Tentando mover de (25, 18) para (25, 19)
[INFO] [1764531596.093902197] [cg_autonomous_navigator]: Tentando mover de (25, 19) para (24, 19)
[INFO] [1764531596.143967601] [cg_autonomous_navigator]: Novo alvo de exploração: (23, 19)
[INFO] [1764531596.144034376] [cg_autonomous_navigator]: Tentando mover de (24, 19) para (23, 19)
[INFO] [1764531596.193962614] [cg_autonomous_navigator]: Novo alvo de exploração: (22, 19)
[INFO] [1764531596.194022431] [cg_autonomous_navigator]: Tentando mover de (23, 19) para (22, 19)
[INFO] [1764531596.243972888] [cg_autonomous_navigator]: Novo alvo de exploração: (21, 19)
[INFO] [1764531596.244037917] [cg_autonomous_navigator]: Tentando mover de (22, 19) para (21, 19)
[INFO] [1764531596.293965622] [cg_autonomous_navigator]: Novo alvo de exploração: (20, 19)
[INFO] [1764531596.294025286] [cg_autonomous_navigator]: Tentando mover de (21, 19) para (20, 19)
[INFO] [1764531596.343984958] [cg_autonomous_navigator]: Novo alvo de exploração: (19, 19)
[INFO] [1764531596.344054145] [cg_autonomous_navigator]: Tentando mover de (20, 19) para (19, 19)
[INFO] [1764531596.393974582] [cg_autonomous_navigator]: Novo alvo de exploração: (18, 19)
[INFO] [1764531596.394033382] [cg_autonomous_navigator]: Tentando mover de (19, 19) para (18, 19)
[INFO] [1764531596.443976804] [cg_autonomous_navigator]: Novo alvo de exploração: (17, 19)
[INFO] [1764531596.444041456] [cg_autonomous_navigator]: Tentando mover de (18, 19) para (17, 19)
[INFO] [1764531596.493977458] [cg_autonomous_navigator]: Novo alvo de exploração: (16, 19)
[INFO] [1764531596.494039704] [cg_autonomous_navigator]: Tentando mover de (17, 19) para (16, 19)
[INFO] [1764531596.543978081] [cg_autonomous_navigator]: Novo alvo de exploração: (15, 19)
[INFO] [1764531596.544043547] [cg_autonomous_navigator]: Tentando mover de (16, 19) para (15, 19)
[INFO] [1764531596.593983418] [cg_autonomous_navigator]: Novo alvo de exploração: (14, 19)
[INFO] [1764531596.594071082] [cg_autonomous_navigator]: Tentando mover de (15, 19) para (14, 19)
[INFO] [1764531596.644000235] [cg_autonomous_navigator]: Novo alvo de exploração: (27, 22)
[INFO] [1764531596.644104276] [cg_autonomous_navigator]: Tentando mover de (14, 19) para (15, 19)
[INFO] [1764531596.693918900] [cg_autonomous_navigator]: Tentando mover de (15, 19) para (16, 19)
[INFO] [1764531596.743913128] [cg_autonomous_navigator]: Tentando mover de (16, 19) para (17, 19)
[INFO] [1764531596.793905957] [cg_autonomous_navigator]: Tentando mover de (17, 19) para (18, 19)
[INFO] [1764531596.843913384] [cg_autonomous_navigator]: Tentando mover de (18, 19) para (19, 19)
[INFO] [1764531596.893917478] [cg_autonomous_navigator]: Tentando mover de (19, 19) para (20, 19)
[INFO] [1764531596.943933252] [cg_autonomous_navigator]: Tentando mover de (20, 19) para (21, 19)
[INFO] [1764531596.993937488] [cg_autonomous_navigator]: Tentando mover de (21, 19) para (22, 19)
[INFO] [1764531597.043928498] [cg_autonomous_navigator]: Tentando mover de (22, 19) para (23, 19)
[INFO] [1764531597.093928095] [cg_autonomous_navigator]: Tentando mover de (23, 19) para (24, 19)
[INFO] [1764531597.143918923] [cg_autonomous_navigator]: Tentando mover de (24, 19) para (25, 19)
[INFO] [1764531597.193918551] [cg_autonomous_navigator]: Tentando mover de (25, 19) para (26, 19)
[INFO] [1764531597.243919825] [cg_autonomous_navigator]: Tentando mover de (26, 19) para (27, 19)
[INFO] [1764531597.293941471] [cg_autonomous_navigator]: Tentando mover de (27, 19) para (27, 20)
[INFO] [1764531597.343921376] [cg_autonomous_navigator]: Tentando mover de (27, 20) para (27, 21)
[INFO] [1764531597.393917882] [cg_autonomous_navigator]: Tentando mover de (27, 21) para (27, 22)
[INFO] [1764531597.444020398] [cg_autonomous_navigator]: Mapeamento completo! Calculando caminho final para o alvo.
[INFO] [1764531597.444722058] [cg_autonomous_navigator]: Caminho final para o alvo calculado com 116 passos.
[INFO] [1764531597.444748470] [cg_autonomous_navigator]: Tentando mover de (27, 22) para (27, 21)
[INFO] [1764531597.493918741] [cg_autonomous_navigator]: Tentando mover de (27, 21) para (26, 21)
[INFO] [1764531597.543937949] [cg_autonomous_navigator]: Tentando mover de (26, 21) para (25, 21)
[INFO] [1764531597.593919199] [cg_autonomous_navigator]: Tentando mover de (25, 21) para (25, 22)
[INFO] [1764531597.643924277] [cg_autonomous_navigator]: Tentando mover de (25, 22) para (25, 23)
[INFO] [1764531597.693932680] [cg_autonomous_navigator]: Tentando mover de (25, 23) para (24, 23)
[INFO] [1764531597.743923221] [cg_autonomous_navigator]: Tentando mover de (24, 23) para (23, 23)
[INFO] [1764531597.793923873] [cg_autonomous_navigator]: Tentando mover de (23, 23) para (23, 22)
[INFO] [1764531597.843925300] [cg_autonomous_navigator]: Tentando mover de (23, 22) para (23, 21)
[INFO] [1764531597.893924483] [cg_autonomous_navigator]: Tentando mover de (23, 21) para (22, 21)
[INFO] [1764531597.943927708] [cg_autonomous_navigator]: Tentando mover de (22, 21) para (21, 21)
[INFO] [1764531597.993929341] [cg_autonomous_navigator]: Tentando mover de (21, 21) para (20, 21)
[INFO] [1764531598.043947019] [cg_autonomous_navigator]: Tentando mover de (20, 21) para (19, 21)
[INFO] [1764531598.093929334] [cg_autonomous_navigator]: Tentando mover de (19, 21) para (18, 21)
[INFO] [1764531598.143929855] [cg_autonomous_navigator]: Tentando mover de (18, 21) para (17, 21)
[INFO] [1764531598.193925159] [cg_autonomous_navigator]: Tentando mover de (17, 21) para (17, 22)
[INFO] [1764531598.243948634] [cg_autonomous_navigator]: Tentando mover de (17, 22) para (17, 23)
[INFO] [1764531598.293946094] [cg_autonomous_navigator]: Tentando mover de (17, 23) para (18, 23)
[INFO] [1764531598.343933413] [cg_autonomous_navigator]: Tentando mover de (18, 23) para (19, 23)
[INFO] [1764531598.393928249] [cg_autonomous_navigator]: Tentando mover de (19, 23) para (20, 23)
[INFO] [1764531598.443938039] [cg_autonomous_navigator]: Tentando mover de (20, 23) para (21, 23)
[INFO] [1764531598.493930862] [cg_autonomous_navigator]: Tentando mover de (21, 23) para (21, 24)
[INFO] [1764531598.543934646] [cg_autonomous_navigator]: Tentando mover de (21, 24) para (21, 25)
[INFO] [1764531598.593939674] [cg_autonomous_navigator]: Tentando mover de (21, 25) para (22, 25)
[INFO] [1764531598.643936250] [cg_autonomous_navigator]: Tentando mover de (22, 25) para (23, 25)
[INFO] [1764531598.693941613] [cg_autonomous_navigator]: Tentando mover de (23, 25) para (24, 25)
[INFO] [1764531598.743939826] [cg_autonomous_navigator]: Tentando mover de (24, 25) para (25, 25)
[INFO] [1764531598.793941513] [cg_autonomous_navigator]: Tentando mover de (25, 25) para (26, 25)
[INFO] [1764531598.843961456] [cg_autonomous_navigator]: Tentando mover de (26, 25) para (27, 25)
[INFO] [1764531598.893937202] [cg_autonomous_navigator]: Tentando mover de (27, 25) para (27, 26)
[INFO] [1764531598.943956658] [cg_autonomous_navigator]: Tentando mover de (27, 26) para (27, 27)
[INFO] [1764531598.993931026] [cg_autonomous_navigator]: Tentando mover de (27, 27) para (26, 27)
[INFO] [1764531599.043961569] [cg_autonomous_navigator]: Tentando mover de (26, 27) para (25, 27)
[INFO] [1764531599.093938924] [cg_autonomous_navigator]: Tentando mover de (25, 27) para (24, 27)
[INFO] [1764531599.143940032] [cg_autonomous_navigator]: Tentando mover de (24, 27) para (23, 27)
[INFO] [1764531599.193963423] [cg_autonomous_navigator]: Tentando mover de (23, 27) para (22, 27)
[INFO] [1764531599.243976030] [cg_autonomous_navigator]: Tentando mover de (22, 27) para (21, 27)
[INFO] [1764531599.294027635] [cg_autonomous_navigator]: Tentando mover de (21, 27) para (20, 27)
[INFO] [1764531599.343946703] [cg_autonomous_navigator]: Tentando mover de (20, 27) para (19, 27)
[INFO] [1764531599.393948965] [cg_autonomous_navigator]: Tentando mover de (19, 27) para (19, 26)
[INFO] [1764531599.443947591] [cg_autonomous_navigator]: Tentando mover de (19, 26) para (19, 25)
[INFO] [1764531599.493933960] [cg_autonomous_navigator]: Tentando mover de (19, 25) para (18, 25)
[INFO] [1764531599.543948651] [cg_autonomous_navigator]: Tentando mover de (18, 25) para (17, 25)
[INFO] [1764531599.593948338] [cg_autonomous_navigator]: Tentando mover de (17, 25) para (16, 25)
[INFO] [1764531599.643950227] [cg_autonomous_navigator]: Tentando mover de (16, 25) para (15, 25)
[INFO] [1764531599.693971154] [cg_autonomous_navigator]: Tentando mover de (15, 25) para (14, 25)
[INFO] [1764531599.743951041] [cg_autonomous_navigator]: Tentando mover de (14, 25) para (13, 25)
[INFO] [1764531599.793949972] [cg_autonomous_navigator]: Tentando mover de (13, 25) para (13, 26)
[INFO] [1764531599.843979265] [cg_autonomous_navigator]: Tentando mover de (13, 26) para (13, 27)
[INFO] [1764531599.893948509] [cg_autonomous_navigator]: Tentando mover de (13, 27) para (12, 27)
[INFO] [1764531599.943951735] [cg_autonomous_navigator]: Tentando mover de (12, 27) para (11, 27)
[INFO] [1764531599.993958291] [cg_autonomous_navigator]: Tentando mover de (11, 27) para (10, 27)
[INFO] [1764531600.043956958] [cg_autonomous_navigator]: Tentando mover de (10, 27) para (9, 27)
[INFO] [1764531600.093955468] [cg_autonomous_navigator]: Tentando mover de (9, 27) para (9, 26)
[INFO] [1764531600.143955357] [cg_autonomous_navigator]: Tentando mover de (9, 26) para (9, 25)
[INFO] [1764531600.193958041] [cg_autonomous_navigator]: Tentando mover de (9, 25) para (10, 25)
[INFO] [1764531600.243979857] [cg_autonomous_navigator]: Tentando mover de (10, 25) para (11, 25)
[INFO] [1764531600.293961235] [cg_autonomous_navigator]: Tentando mover de (11, 25) para (11, 24)
[INFO] [1764531600.343959235] [cg_autonomous_navigator]: Tentando mover de (11, 24) para (11, 23)
[INFO] [1764531600.393977400] [cg_autonomous_navigator]: Tentando mover de (11, 23) para (12, 23)
[INFO] [1764531600.443960976] [cg_autonomous_navigator]: Tentando mover de (12, 23) para (13, 23)
[INFO] [1764531600.493958844] [cg_autonomous_navigator]: Tentando mover de (13, 23) para (14, 23)
[INFO] [1764531600.543969191] [cg_autonomous_navigator]: Tentando mover de (14, 23) para (15, 23)
[INFO] [1764531600.593963081] [cg_autonomous_navigator]: Tentando mover de (15, 23) para (15, 22)
[INFO] [1764531600.643977516] [cg_autonomous_navigator]: Tentando mover de (15, 22) para (15, 21)
[INFO] [1764531600.693986193] [cg_autonomous_navigator]: Tentando mover de (15, 21) para (14, 21)
[INFO] [1764531600.743988592] [cg_autonomous_navigator]: Tentando mover de (14, 21) para (13, 21)
[INFO] [1764531600.794008604] [cg_autonomous_navigator]: Tentando mover de (13, 21) para (12, 21)
[INFO] [1764531600.843972684] [cg_autonomous_navigator]: Tentando mover de (12, 21) para (11, 21)
[INFO] [1764531600.893982469] [cg_autonomous_navigator]: Tentando mover de (11, 21) para (10, 21)
[INFO] [1764531600.943974588] [cg_autonomous_navigator]: Tentando mover de (10, 21) para (9, 21)
[INFO] [1764531600.993993182] [cg_autonomous_navigator]: Tentando mover de (9, 21) para (8, 21)
[INFO] [1764531601.043979920] [cg_autonomous_navigator]: Tentando mover de (8, 21) para (7, 21)
[INFO] [1764531601.093991213] [cg_autonomous_navigator]: Tentando mover de (7, 21) para (6, 21)
[INFO] [1764531601.143968711] [cg_autonomous_navigator]: Tentando mover de (6, 21) para (5, 21)
[INFO] [1764531601.193994141] [cg_autonomous_navigator]: Tentando mover de (5, 21) para (5, 20)
[INFO] [1764531601.243993976] [cg_autonomous_navigator]: Tentando mover de (5, 20) para (5, 19)
[INFO] [1764531601.293974456] [cg_autonomous_navigator]: Tentando mover de (5, 19) para (4, 19)
[INFO] [1764531601.343988013] [cg_autonomous_navigator]: Tentando mover de (4, 19) para (3, 19)
[INFO] [1764531601.393971872] [cg_autonomous_navigator]: Tentando mover de (3, 19) para (3, 18)
[INFO] [1764531601.443996828] [cg_autonomous_navigator]: Tentando mover de (3, 18) para (3, 17)
[INFO] [1764531601.493982214] [cg_autonomous_navigator]: Tentando mover de (3, 17) para (3, 16)
[INFO] [1764531601.543975527] [cg_autonomous_navigator]: Tentando mover de (3, 16) para (3, 15)
[INFO] [1764531601.593967384] [cg_autonomous_navigator]: Tentando mover de (3, 15) para (3, 14)
[INFO] [1764531601.643978277] [cg_autonomous_navigator]: Tentando mover de (3, 14) para (3, 13)
[INFO] [1764531601.693989854] [cg_autonomous_navigator]: Tentando mover de (3, 13) para (4, 13)
[INFO] [1764531601.743992817] [cg_autonomous_navigator]: Tentando mover de (4, 13) para (5, 13)
[INFO] [1764531601.793977840] [cg_autonomous_navigator]: Tentando mover de (5, 13) para (5, 12)
[INFO] [1764531601.843979479] [cg_autonomous_navigator]: Tentando mover de (5, 12) para (5, 11)
[INFO] [1764531601.894061366] [cg_autonomous_navigator]: Tentando mover de (5, 11) para (6, 11)
[INFO] [1764531601.944003050] [cg_autonomous_navigator]: Tentando mover de (6, 11) para (7, 11)
[INFO] [1764531601.993996664] [cg_autonomous_navigator]: Tentando mover de (7, 11) para (7, 12)
[INFO] [1764531602.043980502] [cg_autonomous_navigator]: Tentando mover de (7, 12) para (7, 13)
[INFO] [1764531602.094009236] [cg_autonomous_navigator]: Tentando mover de (7, 13) para (7, 14)
[INFO] [1764531602.144007266] [cg_autonomous_navigator]: Tentando mover de (7, 14) para (7, 15)
[INFO] [1764531602.194004475] [cg_autonomous_navigator]: Tentando mover de (7, 15) para (6, 15)
[INFO] [1764531602.243984395] [cg_autonomous_navigator]: Tentando mover de (6, 15) para (5, 15)
[INFO] [1764531602.294011195] [cg_autonomous_navigator]: Tentando mover de (5, 15) para (5, 16)
[INFO] [1764531602.344007448] [cg_autonomous_navigator]: Tentando mover de (5, 16) para (5, 17)
[INFO] [1764531602.393990004] [cg_autonomous_navigator]: Tentando mover de (5, 17) para (6, 17)
[INFO] [1764531602.444013535] [cg_autonomous_navigator]: Tentando mover de (6, 17) para (7, 17)
[INFO] [1764531602.494008790] [cg_autonomous_navigator]: Tentando mover de (7, 17) para (8, 17)
[INFO] [1764531602.543987042] [cg_autonomous_navigator]: Tentando mover de (8, 17) para (9, 17)
[INFO] [1764531602.593983374] [cg_autonomous_navigator]: Tentando mover de (9, 17) para (9, 18)
[INFO] [1764531602.643987003] [cg_autonomous_navigator]: Tentando mover de (9, 18) para (9, 19)
[INFO] [1764531602.693978586] [cg_autonomous_navigator]: Tentando mover de (9, 19) para (10, 19)
[INFO] [1764531602.744004114] [cg_autonomous_navigator]: Tentando mover de (10, 19) para (11, 19)
[INFO] [1764531602.793997747] [cg_autonomous_navigator]: Tentando mover de (11, 19) para (11, 18)
[INFO] [1764531602.844003681] [cg_autonomous_navigator]: Tentando mover de (11, 18) para (11, 17)
[INFO] [1764531602.894000483] [cg_autonomous_navigator]: Tentando mover de (11, 17) para (12, 17)
[INFO] [1764531602.943999662] [cg_autonomous_navigator]: Tentando mover de (12, 17) para (13, 17)
[INFO] [1764531602.993999956] [cg_autonomous_navigator]: Tentando mover de (13, 17) para (13, 16)
[INFO] [1764531603.044001032] [cg_autonomous_navigator]: Tentando mover de (13, 16) para (13, 15)
[INFO] [1764531603.093988403] [cg_autonomous_navigator]: Tentando mover de (13, 15) para (13, 14)
[INFO] [1764531603.144016060] [cg_autonomous_navigator]: Tentando mover de (13, 14) para (14, 14)
[INFO] [1764531603.193991434] [cg_autonomous_navigator]: Robô chegou ao alvo!
