[INFO] [1764520020.185032558] [cg_autonomous_navigator]: Tentando conectar ao serviço /get_map...
[INFO] [1764520020.185198034] [cg_autonomous_navigator]: Serviço /get_map disponível, enviando request...
[INFO] [1764520020.186694480] [cg_autonomous_navigator]: Dimensões do mapa recebidas: 29x29. O robô começa em (1, 1).
[INFO] [1764520020.186715739] [cg_autonomous_navigator]: O robô agora está 'cego' e deve mapear o labirinto.
[INFO] [1764520020.235032204] [cg_autonomous_navigator]: Novo alvo de exploração: (2, 1)
[INFO] [1764520020.235123438] [cg_autonomous_navigator]: Tentando mover de (1, 1) para (2, 1)
[INFO] [1764520020.285028550] [cg_autonomous_navigator]: Novo alvo de exploração: (3, 1)
[INFO] [1764520020.285095479] [cg_autonomous_navigator]: Tentando mover de (2, 1) para (3, 1)
[INFO] [1764520020.335015342] [cg_autonomous_navigator]: Novo alvo de exploração: (4, 1)
[INFO] [1764520020.335082309] [cg_autonomous_navigator]: Tentando mover de (3, 1) para (4, 1)
[INFO] [1764520020.385035768] [cg_autonomous_navigator]: Novo alvo de exploração: (5, 1)
[INFO] [1764520020.385103255] [cg_autonomous_navigator]: Tentando mover de (4, 1) para (5, 1)
[INFO] [1764520020.435029764] [cg_autonomous_navigator]: Novo alvo de exploração: (6, 1)
[INFO] [1764520020.435098921] [cg_autonomous_navigator]: Tentando mover de (5, 1) para (6, 1)
[INFO] [1764520020.485035110] [cg_autonomous_navigator]: Novo alvo de exploração: (7, 1)
[INFO] [1764520020.485105883] [cg_autonomous_navigator]: Tentando mover de (6, 1) para (7, 1)
[INFO] [1764520020.535041191] [cg_autonomous_navigator]: Novo alvo de exploração: (8, 1)
[INFO] [1764520020.535110224] [cg_autonomous_navigator]: Tentando mover de (7, 1) para (8, 1)
[INFO] [1764520020.585046877] [cg_autonomous_navigator]: Novo alvo de exploração: (9, 1)
[INFO] [1764520020.585130029] [cg_autonomous_navigator]: Tentando mover de (8, 1) para (9, 1)
[INFO] [1764520020.635055075] [cg_autonomous_navigator]: Novo alvo de exploração: (10, 1)
[INFO] [1764520020.635147947] [cg_autonomous_navigator]: Tentando mover de (9, 1) para (10, 1)
[INFO] [1764520020.685037321] [cg_autonomous_navigator]: Novo alvo de exploração: (11, 1)
[INFO] [1764520020.685117334] [cg_autonomous_navigator]: Tentando mover de (10, 1) para (11, 1)
[INFO] [1764520020.735043614] [cg_autonomous_navigator]: Novo alvo de exploração: (11, 2)
[INFO] [1764520020.735117991] [cg_autonomous_navigator]: Tentando mover de (11, 1) para (11, 2)
[INFO] [1764520020.785044717] [cg_autonomous_navigator]: Novo alvo de exploração: (11, 3)
[INFO] [1764520020.785124806] [cg_autonomous_navigator]: Tentando mover de (11, 2) para (11, 3)
[INFO] [1764520020.835119190] [cg_autonomous_navigator]: Novo alvo de exploração: (11, 4)
[INFO] [1764520020.835199371] [cg_autonomous_navigator]: Tentando mover de (11, 3) para (11, 4)
[INFO] [1764520020.885117158] [cg_autonomous_navigator]: Novo alvo de exploração: (11, 5)
[INFO] [1764520020.885185286] [cg_autonomous_navigator]: Tentando mover de (11, 4) para (11, 5)
[INFO] [1764520020.935139026] [cg_autonomous_navigator]: Novo alvo de exploração: (12, 5)
[INFO] [1764520020.935213463] [cg_autonomous_navigator]: Tentando mover de (11, 5) para (12, 5)
[INFO] [1764520020.985132860] [cg_autonomous_navigator]: Novo alvo de exploração: (13, 5)
[INFO] [1764520020.985203073] [cg_autonomous_navigator]: Tentando mover de (12, 5) para (13, 5)
[INFO] [1764520021.035043713] [cg_autonomous_navigator]: Novo alvo de exploração: (14, 5)
[INFO] [1764520021.035125612] [cg_autonomous_navigator]: Tentando mover de (13, 5) para (14, 5)
[INFO] [1764520021.085037555] [cg_autonomous_navigator]: Novo alvo de exploração: (15, 5)
[INFO] [1764520021.085111908] [cg_autonomous_navigator]: Tentando mover de (14, 5) para (15, 5)
[INFO] [1764520021.135027571] [cg_autonomous_navigator]: Novo alvo de exploração: (15, 6)
[INFO] [1764520021.135090596] [cg_autonomous_navigator]: Tentando mover de (15, 5) para (15, 6)
[INFO] [1764520021.185043516] [cg_autonomous_navigator]: Novo alvo de exploração: (15, 7)
[INFO] [1764520021.185118094] [cg_autonomous_navigator]: Tentando mover de (15, 6) para (15, 7)
[INFO] [1764520021.235047421] [cg_autonomous_navigator]: Novo alvo de exploração: (15, 8)
[INFO] [1764520021.235115870] [cg_autonomous_navigator]: Tentando mover de (15, 7) para (15, 8)
[INFO] [1764520021.285045187] [cg_autonomous_navigator]: Novo alvo de exploração: (15, 9)
[INFO] [1764520021.285109192] [cg_autonomous_navigator]: Tentando mover de (15, 8) para (15, 9)
[INFO] [1764520021.335050187] [cg_autonomous_navigator]: Novo alvo de exploração: (16, 9)
[INFO] [1764520021.335131638] [cg_autonomous_navigator]: Tentando mover de (15, 9) para (16, 9)
[INFO] [1764520021.385043813] [cg_autonomous_navigator]: Novo alvo de exploração: (17, 9)
[INFO] [1764520021.385124746] [cg_autonomous_navigator]: Tentando mover de (16, 9) para (17, 9)
[INFO] [1764520021.435059857] [cg_autonomous_navigator]: Novo alvo de exploração: (17, 10)
[INFO] [1764520021.435142454] [cg_autonomous_navigator]: Tentando mover de (17, 9) para (17, 10)
[INFO] [1764520021.485056179] [cg_autonomous_navigator]: Novo alvo de exploração: (16, 11)
[INFO] [1764520021.485141665] [cg_autonomous_navigator]: Tentando mover de (17, 10) para (17, 11)
[INFO] [1764520021.535037978] [cg_autonomous_navigator]: Tentando mover de (17, 11) para (16, 11)
[INFO] [1764520021.585124655] [cg_autonomous_navigator]: Novo alvo de exploração: (15, 11)
[INFO] [1764520021.585197547] [cg_autonomous_navigator]: Tentando mover de (16, 11) para (15, 11)
[INFO] [1764520021.635054581] [cg_autonomous_navigator]: Novo alvo de exploração: (14, 11)
[INFO] [1764520021.635135693] [cg_autonomous_navigator]: Tentando mover de (15, 11) para (14, 11)
[INFO] [1764520021.685056568] [cg_autonomous_navigator]: Novo alvo de exploração: (13, 10)
[INFO] [1764520021.685142841] [cg_autonomous_navigator]: Tentando mover de (14, 11) para (13, 11)
[INFO] [1764520021.735112711] [cg_autonomous_navigator]: Tentando mover de (13, 11) para (13, 10)
[INFO] [1764520021.785124411] [cg_autonomous_navigator]: Novo alvo de exploração: (13, 9)
[INFO] [1764520021.785194709] [cg_autonomous_navigator]: Tentando mover de (13, 10) para (13, 9)
[INFO] [1764520021.835053643] [cg_autonomous_navigator]: Novo alvo de exploração: (13, 8)
[INFO] [1764520021.835116233] [cg_autonomous_navigator]: Tentando mover de (13, 9) para (13, 8)
[INFO] [1764520021.885146006] [cg_autonomous_navigator]: Novo alvo de exploração: (12, 7)
[INFO] [1764520021.885220034] [cg_autonomous_navigator]: Tentando mover de (13, 8) para (13, 7)
[INFO] [1764520021.935136659] [cg_autonomous_navigator]: Tentando mover de (13, 7) para (12, 7)
[INFO] [1764520021.985125028] [cg_autonomous_navigator]: Novo alvo de exploração: (11, 7)
[INFO] [1764520021.985193172] [cg_autonomous_navigator]: Tentando mover de (12, 7) para (11, 7)
[INFO] [1764520022.035054381] [cg_autonomous_navigator]: Novo alvo de exploração: (10, 7)
[INFO] [1764520022.035136292] [cg_autonomous_navigator]: Tentando mover de (11, 7) para (10, 7)
[INFO] [1764520022.085127391] [cg_autonomous_navigator]: Novo alvo de exploração: (9, 7)
[INFO] [1764520022.085203446] [cg_autonomous_navigator]: Tentando mover de (10, 7) para (9, 7)
[INFO] [1764520022.135058857] [cg_autonomous_navigator]: Novo alvo de exploração: (9, 8)
[INFO] [1764520022.135129632] [cg_autonomous_navigator]: Tentando mover de (9, 7) para (9, 8)
[INFO] [1764520022.185088759] [cg_autonomous_navigator]: Novo alvo de exploração: (8, 9)
[INFO] [1764520022.185217826] [cg_autonomous_navigator]: Tentando mover de (9, 8) para (9, 9)
[INFO] [1764520022.235035119] [cg_autonomous_navigator]: Tentando mover de (9, 9) para (8, 9)
[INFO] [1764520022.285043601] [cg_autonomous_navigator]: Novo alvo de exploração: (7, 8)
[INFO] [1764520022.285108922] [cg_autonomous_navigator]: Tentando mover de (8, 9) para (7, 9)
[INFO] [1764520022.335030797] [cg_autonomous_navigator]: Tentando mover de (7, 9) para (7, 8)
[INFO] [1764520022.385056909] [cg_autonomous_navigator]: Novo alvo de exploração: (6, 7)
[INFO] [1764520022.385126061] [cg_autonomous_navigator]: Tentando mover de (7, 8) para (7, 7)
[INFO] [1764520022.435044178] [cg_autonomous_navigator]: Tentando mover de (7, 7) para (6, 7)
[INFO] [1764520022.485063308] [cg_autonomous_navigator]: Novo alvo de exploração: (5, 7)
[INFO] [1764520022.485145304] [cg_autonomous_navigator]: Tentando mover de (6, 7) para (5, 7)
[INFO] [1764520022.535090068] [cg_autonomous_navigator]: Novo alvo de exploração: (4, 7)
[INFO] [1764520022.535208353] [cg_autonomous_navigator]: Tentando mover de (5, 7) para (4, 7)
[INFO] [1764520022.585077900] [cg_autonomous_navigator]: Novo alvo de exploração: (3, 6)
[INFO] [1764520022.585190547] [cg_autonomous_navigator]: Tentando mover de (4, 7) para (3, 7)
[INFO] [1764520022.635041765] [cg_autonomous_navigator]: Tentando mover de (3, 7) para (3, 6)
[INFO] [1764520022.685077293] [cg_autonomous_navigator]: Novo alvo de exploração: (3, 5)
[INFO] [1764520022.685147076] [cg_autonomous_navigator]: Tentando mover de (3, 6) para (3, 5)
[INFO] [1764520022.735051940] [cg_autonomous_navigator]: Novo alvo de exploração: (3, 4)
[INFO] [1764520022.735123162] [cg_autonomous_navigator]: Tentando mover de (3, 5) para (3, 4)
[INFO] [1764520022.785053180] [cg_autonomous_navigator]: Novo alvo de exploração: (2, 3)
[INFO] [1764520022.785142747] [cg_autonomous_navigator]: Tentando mover de (3, 4) para (3, 3)
[INFO] [1764520022.835065276] [cg_autonomous_navigator]: Tentando mover de (3, 3) para (2, 3)
[INFO] [1764520022.885058564] [cg_autonomous_navigator]: Novo alvo de exploração: (1, 3)
[INFO] [1764520022.885148879] [cg_autonomous_navigator]: Tentando mover de (2, 3) para (1, 3)
[INFO] [1764520022.935080317] [cg_autonomous_navigator]: Novo alvo de exploração: (4, 3)
[INFO] [1764520022.935185546] [cg_autonomous_navigator]: Tentando mover de (1, 3) para (2, 3)
[INFO] [1764520022.985069854] [cg_autonomous_navigator]: Tentando mover de (2, 3) para (3, 3)
[INFO] [1764520023.035071969] [cg_autonomous_navigator]: Tentando mover de (3, 3) para (4, 3)
[INFO] [1764520023.085093190] [cg_autonomous_navigator]: Novo alvo de exploração: (5, 3)
[INFO] [1764520023.085210982] [cg_autonomous_navigator]: Tentando mover de (4, 3) para (5, 3)
[INFO] [1764520023.135074954] [cg_autonomous_navigator]: Novo alvo de exploração: (6, 3)
[INFO] [1764520023.135151411] [cg_autonomous_navigator]: Tentando mover de (5, 3) para (6, 3)
[INFO] [1764520023.185079404] [cg_autonomous_navigator]: Novo alvo de exploração: (7, 3)
[INFO] [1764520023.185163561] [cg_autonomous_navigator]: Tentando mover de (6, 3) para (7, 3)
[INFO] [1764520023.235071874] [cg_autonomous_navigator]: Novo alvo de exploração: (1, 4)
[INFO] [1764520023.235190976] [cg_autonomous_navigator]: Tentando mover de (7, 3) para (6, 3)
[INFO] [1764520023.285146700] [cg_autonomous_navigator]: Tentando mover de (6, 3) para (5, 3)
[INFO] [1764520023.335073577] [cg_autonomous_navigator]: Tentando mover de (5, 3) para (4, 3)
[INFO] [1764520023.385081636] [cg_autonomous_navigator]: Tentando mover de (4, 3) para (3, 3)
[INFO] [1764520023.435144067] [cg_autonomous_navigator]: Tentando mover de (3, 3) para (2, 3)
[INFO] [1764520023.485073158] [cg_autonomous_navigator]: Tentando mover de (2, 3) para (1, 3)
[INFO] [1764520023.535144564] [cg_autonomous_navigator]: Tentando mover de (1, 3) para (1, 4)
[INFO] [1764520023.585154900] [cg_autonomous_navigator]: Novo alvo de exploração: (7, 4)
[INFO] [1764520023.585279625] [cg_autonomous_navigator]: Tentando mover de (1, 4) para (1, 3)
[INFO] [1764520023.635094226] [cg_autonomous_navigator]: Tentando mover de (1, 3) para (2, 3)
[INFO] [1764520023.685075901] [cg_autonomous_navigator]: Tentando mover de (2, 3) para (3, 3)
[INFO] [1764520023.735080470] [cg_autonomous_navigator]: Tentando mover de (3, 3) para (4, 3)
[INFO] [1764520023.785070970] [cg_autonomous_navigator]: Tentando mover de (4, 3) para (5, 3)
[INFO] [1764520023.835074333] [cg_autonomous_navigator]: Tentando mover de (5, 3) para (6, 3)
[INFO] [1764520023.885072298] [cg_autonomous_navigator]: Tentando mover de (6, 3) para (7, 3)
[INFO] [1764520023.935085945] [cg_autonomous_navigator]: Tentando mover de (7, 3) para (7, 4)
[INFO] [1764520023.985105079] [cg_autonomous_navigator]: Novo alvo de exploração: (1, 5)
[INFO] [1764520023.985341930] [cg_autonomous_navigator]: Tentando mover de (7, 4) para (7, 3)
[INFO] [1764520024.035095392] [cg_autonomous_navigator]: Tentando mover de (7, 3) para (6, 3)
[INFO] [1764520024.085077726] [cg_autonomous_navigator]: Tentando mover de (6, 3) para (5, 3)
[INFO] [1764520024.135073021] [cg_autonomous_navigator]: Tentando mover de (5, 3) para (4, 3)
[INFO] [1764520024.185091916] [cg_autonomous_navigator]: Tentando mover de (4, 3) para (3, 3)
[INFO] [1764520024.235074593] [cg_autonomous_navigator]: Tentando mover de (3, 3) para (2, 3)
[INFO] [1764520024.285081562] [cg_autonomous_navigator]: Tentando mover de (2, 3) para (1, 3)
[INFO] [1764520024.335083050] [cg_autonomous_navigator]: Tentando mover de (1, 3) para (1, 4)
[INFO] [1764520024.385083976] [cg_autonomous_navigator]: Tentando mover de (1, 4) para (1, 5)
[INFO] [1764520024.435150471] [cg_autonomous_navigator]: Novo alvo de exploração: (6, 5)
[INFO] [1764520024.435311758] [cg_autonomous_navigator]: Tentando mover de (1, 5) para (1, 4)
[INFO] [1764520024.485087856] [cg_autonomous_navigator]: Tentando mover de (1, 4) para (1, 3)
[INFO] [1764520024.535076916] [cg_autonomous_navigator]: Tentando mover de (1, 3) para (2, 3)
[INFO] [1764520024.585070806] [cg_autonomous_navigator]: Tentando mover de (2, 3) para (3, 3)
[INFO] [1764520024.635071752] [cg_autonomous_navigator]: Tentando mover de (3, 3) para (4, 3)
[INFO] [1764520024.685161761] [cg_autonomous_navigator]: Tentando mover de (4, 3) para (5, 3)
[INFO] [1764520024.735082998] [cg_autonomous_navigator]: Tentando mover de (5, 3) para (6, 3)
[INFO] [1764520024.785062696] [cg_autonomous_navigator]: Tentando mover de (6, 3) para (7, 3)
[INFO] [1764520024.835088833] [cg_autonomous_navigator]: Tentando mover de (7, 3) para (7, 4)
[INFO] [1764520024.885099647] [cg_autonomous_navigator]: Tentando mover de (7, 4) para (7, 5)
[INFO] [1764520024.935082408] [cg_autonomous_navigator]: Tentando mover de (7, 5) para (6, 5)
[INFO] [1764520024.985105364] [cg_autonomous_navigator]: Novo alvo de exploração: (8, 5)
[INFO] [1764520024.985177788] [cg_autonomous_navigator]: Tentando mover de (6, 5) para (7, 5)
[INFO] [1764520025.035090736] [cg_autonomous_navigator]: Tentando mover de (7, 5) para (8, 5)
[INFO] [1764520025.085169413] [cg_autonomous_navigator]: Novo alvo de exploração: (9, 4)
[INFO] [1764520025.085261889] [cg_autonomous_navigator]: Tentando mover de (8, 5) para (9, 5)
[INFO] [1764520025.135077981] [cg_autonomous_navigator]: Tentando mover de (9, 5) para (9, 4)
[INFO] [1764520025.185109075] [cg_autonomous_navigator]: Novo alvo de exploração: (1, 6)
[INFO] [1764520025.185265757] [cg_autonomous_navigator]: Tentando mover de (9, 4) para (9, 5)
[INFO] [1764520025.235163462] [cg_autonomous_navigator]: Tentando mover de (9, 5) para (8, 5)
[INFO] [1764520025.285103130] [cg_autonomous_navigator]: Tentando mover de (8, 5) para (7, 5)
[INFO] [1764520025.335084870] [cg_autonomous_navigator]: Tentando mover de (7, 5) para (7, 4)
[INFO] [1764520025.385090526] [cg_autonomous_navigator]: Tentando mover de (7, 4) para (7, 3)
[INFO] [1764520025.435086286] [cg_autonomous_navigator]: Tentando mover de (7, 3) para (6, 3)
[INFO] [1764520025.485081299] [cg_autonomous_navigator]: Tentando mover de (6, 3) para (5, 3)
[INFO] [1764520025.535075796] [cg_autonomous_navigator]: Tentando mover de (5, 3) para (4, 3)
[INFO] [1764520025.585103443] [cg_autonomous_navigator]: Tentando mover de (4, 3) para (3, 3)
[INFO] [1764520025.635082320] [cg_autonomous_navigator]: Tentando mover de (3, 3) para (2, 3)
[INFO] [1764520025.685104855] [cg_autonomous_navigator]: Tentando mover de (2, 3) para (1, 3)
[INFO] [1764520025.735106661] [cg_autonomous_navigator]: Tentando mover de (1, 3) para (1, 4)
[INFO] [1764520025.785105557] [cg_autonomous_navigator]: Tentando mover de (1, 4) para (1, 5)
[INFO] [1764520025.835094495] [cg_autonomous_navigator]: Tentando mover de (1, 5) para (1, 6)
[INFO] [1764520025.885111652] [cg_autonomous_navigator]: Novo alvo de exploração: (1, 7)
[INFO] [1764520025.885232948] [cg_autonomous_navigator]: Tentando mover de (1, 6) para (1, 7)
[INFO] [1764520025.935114133] [cg_autonomous_navigator]: Novo alvo de exploração: (1, 8)
[INFO] [1764520025.935192053] [cg_autonomous_navigator]: Tentando mover de (1, 7) para (1, 8)
[INFO] [1764520025.985103566] [cg_autonomous_navigator]: Novo alvo de exploração: (1, 9)
[INFO] [1764520025.985182392] [cg_autonomous_navigator]: Tentando mover de (1, 8) para (1, 9)
[INFO] [1764520026.035140510] [cg_autonomous_navigator]: Novo alvo de exploração: (1, 10)
[INFO] [1764520026.035238288] [cg_autonomous_navigator]: Tentando mover de (1, 9) para (1, 10)
[INFO] [1764520026.085139530] [cg_autonomous_navigator]: Novo alvo de exploração: (1, 11)
[INFO] [1764520026.085236931] [cg_autonomous_navigator]: Tentando mover de (1, 10) para (1, 11)
[INFO] [1764520026.135140289] [cg_autonomous_navigator]: Novo alvo de exploração: (2, 11)
[INFO] [1764520026.135227825] [cg_autonomous_navigator]: Tentando mover de (1, 11) para (2, 11)
[INFO] [1764520026.185113697] [cg_autonomous_navigator]: Novo alvo de exploração: (3, 11)
[INFO] [1764520026.185185520] [cg_autonomous_navigator]: Tentando mover de (2, 11) para (3, 11)
[INFO] [1764520026.235144186] [cg_autonomous_navigator]: Novo alvo de exploração: (3, 12)
[INFO] [1764520026.235257139] [cg_autonomous_navigator]: Tentando mover de (3, 11) para (3, 12)
[INFO] [1764520026.285130977] [cg_autonomous_navigator]: Novo alvo de exploração: (3, 13)
[INFO] [1764520026.285209086] [cg_autonomous_navigator]: Tentando mover de (3, 12) para (3, 13)
[INFO] [1764520026.335137007] [cg_autonomous_navigator]: Novo alvo de exploração: (3, 14)
[INFO] [1764520026.335208414] [cg_autonomous_navigator]: Tentando mover de (3, 13) para (3, 14)
[INFO] [1764520026.385143015] [cg_autonomous_navigator]: Novo alvo de exploração: (3, 15)
[INFO] [1764520026.385229594] [cg_autonomous_navigator]: Tentando mover de (3, 14) para (3, 15)
[INFO] [1764520026.435148542] [cg_autonomous_navigator]: Novo alvo de exploração: (4, 15)
[INFO] [1764520026.435221344] [cg_autonomous_navigator]: Tentando mover de (3, 15) para (4, 15)
[INFO] [1764520026.485155487] [cg_autonomous_navigator]: Novo alvo de exploração: (5, 15)
[INFO] [1764520026.485297200] [cg_autonomous_navigator]: Tentando mover de (4, 15) para (5, 15)
[INFO] [1764520026.535139067] [cg_autonomous_navigator]: Novo alvo de exploração: (6, 15)
[INFO] [1764520026.535225838] [cg_autonomous_navigator]: Tentando mover de (5, 15) para (6, 15)
[INFO] [1764520026.585163195] [cg_autonomous_navigator]: Novo alvo de exploração: (7, 14)
[INFO] [1764520026.585298090] [cg_autonomous_navigator]: Tentando mover de (6, 15) para (7, 15)
[INFO] [1764520026.635104469] [cg_autonomous_navigator]: Tentando mover de (7, 15) para (7, 14)
[INFO] [1764520026.685310668] [cg_autonomous_navigator]: Novo alvo de exploração: (7, 13)
[INFO] [1764520026.685441231] [cg_autonomous_navigator]: Tentando mover de (7, 14) para (7, 13)
[INFO] [1764520026.735168628] [cg_autonomous_navigator]: Novo alvo de exploração: (7, 12)
[INFO] [1764520026.735300025] [cg_autonomous_navigator]: Tentando mover de (7, 13) para (7, 12)
[INFO] [1764520026.785142178] [cg_autonomous_navigator]: Novo alvo de exploração: (6, 11)
[INFO] [1764520026.785241526] [cg_autonomous_navigator]: Tentando mover de (7, 12) para (7, 11)
[INFO] [1764520026.835096247] [cg_autonomous_navigator]: Tentando mover de (7, 11) para (6, 11)
[INFO] [1764520026.885142684] [cg_autonomous_navigator]: Novo alvo de exploração: (5, 10)
[INFO] [1764520026.885234813] [cg_autonomous_navigator]: Tentando mover de (6, 11) para (5, 11)
[INFO] [1764520026.935108206] [cg_autonomous_navigator]: Tentando mover de (5, 11) para (5, 10)
[INFO] [1764520026.985196521] [cg_autonomous_navigator]: Novo alvo de exploração: (4, 9)
[INFO] [1764520026.985355780] [cg_autonomous_navigator]: Tentando mover de (5, 10) para (5, 9)
[INFO] [1764520027.035116301] [cg_autonomous_navigator]: Tentando mover de (5, 9) para (4, 9)
[INFO] [1764520027.085290630] [cg_autonomous_navigator]: Novo alvo de exploração: (8, 11)
[INFO] [1764520027.085386246] [cg_autonomous_navigator]: Tentando mover de (4, 9) para (5, 9)
[INFO] [1764520027.135120325] [cg_autonomous_navigator]: Tentando mover de (5, 9) para (5, 10)
[INFO] [1764520027.185128749] [cg_autonomous_navigator]: Tentando mover de (5, 10) para (5, 11)
[INFO] [1764520027.235111312] [cg_autonomous_navigator]: Tentando mover de (5, 11) para (6, 11)
[INFO] [1764520027.285112716] [cg_autonomous_navigator]: Tentando mover de (6, 11) para (7, 11)
[INFO] [1764520027.335128022] [cg_autonomous_navigator]: Tentando mover de (7, 11) para (8, 11)
[INFO] [1764520027.385151457] [cg_autonomous_navigator]: Novo alvo de exploração: (9, 11)
[INFO] [1764520027.385239552] [cg_autonomous_navigator]: Tentando mover de (8, 11) para (9, 11)
[INFO] [1764520027.435169923] [cg_autonomous_navigator]: Novo alvo de exploração: (5, 12)
[INFO] [1764520027.435311456] [cg_autonomous_navigator]: Tentando mover de (9, 11) para (8, 11)
[INFO] [1764520027.485121951] [cg_autonomous_navigator]: Tentando mover de (8, 11) para (7, 11)
[INFO] [1764520027.535111012] [cg_autonomous_navigator]: Tentando mover de (7, 11) para (6, 11)
[INFO] [1764520027.585107717] [cg_autonomous_navigator]: Tentando mover de (6, 11) para (5, 11)
[INFO] [1764520027.635124574] [cg_autonomous_navigator]: Tentando mover de (5, 11) para (5, 12)
[INFO] [1764520027.685174270] [cg_autonomous_navigator]: Novo alvo de exploração: (9, 12)
[INFO] [1764520027.685298288] [cg_autonomous_navigator]: Tentando mover de (5, 12) para (5, 11)
[INFO] [1764520027.735108597] [cg_autonomous_navigator]: Tentando mover de (5, 11) para (6, 11)
[INFO] [1764520027.785122760] [cg_autonomous_navigator]: Tentando mover de (6, 11) para (7, 11)
[INFO] [1764520027.835110633] [cg_autonomous_navigator]: Tentando mover de (7, 11) para (8, 11)
[INFO] [1764520027.885118524] [cg_autonomous_navigator]: Tentando mover de (8, 11) para (9, 11)
[INFO] [1764520027.935114979] [cg_autonomous_navigator]: Tentando mover de (9, 11) para (9, 12)
[INFO] [1764520027.985196168] [cg_autonomous_navigator]: Novo alvo de exploração: (9, 13)
[INFO] [1764520027.985304643] [cg_autonomous_navigator]: Tentando mover de (9, 12) para (9, 13)
[INFO] [1764520028.035153850] [cg_autonomous_navigator]: Novo alvo de exploração: (10, 13)
[INFO] [1764520028.035233556] [cg_autonomous_navigator]: Tentando mover de (9, 13) para (10, 13)
[INFO] [1764520028.085230532] [cg_autonomous_navigator]: Novo alvo de exploração: (11, 12)
[INFO] [1764520028.085396934] [cg_autonomous_navigator]: Tentando mover de (10, 13) para (11, 13)
[INFO] [1764520028.135134303] [cg_autonomous_navigator]: Tentando mover de (11, 13) para (11, 12)
[INFO] [1764520028.185175617] [cg_autonomous_navigator]: Novo alvo de exploração: (11, 11)
[INFO] [1764520028.185278441] [cg_autonomous_navigator]: Tentando mover de (11, 12) para (11, 11)
[INFO] [1764520028.235146331] [cg_autonomous_navigator]: Novo alvo de exploração: (11, 10)
[INFO] [1764520028.235228749] [cg_autonomous_navigator]: Tentando mover de (11, 11) para (11, 10)
[INFO] [1764520028.285179928] [cg_autonomous_navigator]: Novo alvo de exploração: (11, 14)
[INFO] [1764520028.285286655] [cg_autonomous_navigator]: Tentando mover de (11, 10) para (11, 11)
[INFO] [1764520028.335152443] [cg_autonomous_navigator]: Tentando mover de (11, 11) para (11, 12)
[INFO] [1764520028.385146175] [cg_autonomous_navigator]: Tentando mover de (11, 12) para (11, 13)
[INFO] [1764520028.435125934] [cg_autonomous_navigator]: Tentando mover de (11, 13) para (11, 14)
[INFO] [1764520028.485280840] [cg_autonomous_navigator]: Novo alvo de exploração: (11, 15)
[INFO] [1764520028.485449789] [cg_autonomous_navigator]: Tentando mover de (11, 14) para (11, 15)
[INFO] [1764520028.535204496] [cg_autonomous_navigator]: Novo alvo de exploração: (12, 15)
[INFO] [1764520028.535310034] [cg_autonomous_navigator]: Tentando mover de (11, 15) para (12, 15)
[INFO] [1764520028.585148931] [cg_autonomous_navigator]: Novo alvo de exploração: (13, 15)
[INFO] [1764520028.585263633] [cg_autonomous_navigator]: Tentando mover de (12, 15) para (13, 15)
[INFO] [1764520028.635198629] [cg_autonomous_navigator]: Novo alvo de exploração: (14, 14)
[INFO] [1764520028.685193652] [cg_autonomous_navigator]: Novo alvo de exploração: (14, 14)
[INFO] [1764520028.735162346] [cg_autonomous_navigator]: Novo alvo de exploração: (14, 14)
[INFO] [1764520028.785163675] [cg_autonomous_navigator]: Novo alvo de exploração: (14, 14)
[INFO] [1764520028.835162434] [cg_autonomous_navigator]: Novo alvo de exploração: (14, 14)
[INFO] [1764520028.885154187] [cg_autonomous_navigator]: Novo alvo de exploração: (14, 14)
[INFO] [1764520028.935320222] [cg_autonomous_navigator]: Novo alvo de exploração: (14, 14)
[INFO] [1764520028.985197159] [cg_autonomous_navigator]: Novo alvo de exploração: (14, 14)
[INFO] [1764520029.035274912] [cg_autonomous_navigator]: Novo alvo de exploração: (14, 14)
[INFO] [1764520029.085187821] [cg_autonomous_navigator]: Novo alvo de exploração: (14, 14)
[INFO] [1764520029.135194711] [cg_autonomous_navigator]: Novo alvo de exploração: (14, 14)
[INFO] [1764520029.185184017] [cg_autonomous_navigator]: Novo alvo de exploração: (14, 14)
[INFO] [1764520029.235265804] [cg_autonomous_navigator]: Novo alvo de exploração: (14, 14)
[INFO] [1764520029.285162833] [cg_autonomous_navigator]: Novo alvo de exploração: (14, 14)
[INFO] [1764520029.335185247] [cg_autonomous_navigator]: Novo alvo de exploração: (14, 14)
[INFO] [1764520029.385182114] [cg_autonomous_navigator]: Novo alvo de exploração: (14, 14)
[INFO] [1764520029.435268703] [cg_autonomous_navigator]: Novo alvo de exploração: (14, 14)
[INFO] [1764520029.485191402] [cg_autonomous_navigator]: Novo alvo de exploração: (14, 14)
[INFO] [1764520029.535180532] [cg_autonomous_navigator]: Novo alvo de exploração: (14, 14)
[INFO] [1764520029.585189362] [cg_autonomous_navigator]: Novo alvo de exploração: (14, 14)
[INFO] [1764520029.635187626] [cg_autonomous_navigator]: Novo alvo de exploração: (14, 14)
[INFO] [1764520029.685189068] [cg_autonomous_navigator]: Novo alvo de exploração: (14, 14)
[INFO] [1764520029.735183408] [cg_autonomous_navigator]: Novo alvo de exploração: (14, 14)
[INFO] [1764520029.785171272] [cg_autonomous_navigator]: Novo alvo de exploração: (14, 14)
[INFO] [1764520029.835190012] [cg_autonomous_navigator]: Novo alvo de exploração: (14, 14)
[INFO] [1764520029.885187712] [cg_autonomous_navigator]: Novo alvo de exploração: (14, 14)
[INFO] [1764520029.935166548] [cg_autonomous_navigator]: Novo alvo de exploração: (14, 14)
[INFO] [1764520029.985230956] [cg_autonomous_navigator]: Novo alvo de exploração: (14, 14)
[INFO] [1764520030.035278732] [cg_autonomous_navigator]: Novo alvo de exploração: (14, 14)
[INFO] [1764520030.085190548] [cg_autonomous_navigator]: Novo alvo de exploração: (14, 14)
[INFO] [1764520030.135268211] [cg_autonomous_navigator]: Novo alvo de exploração: (14, 14)
[INFO] [1764520030.185279014] [cg_autonomous_navigator]: Novo alvo de exploração: (14, 14)
[INFO] [1764520030.235174015] [cg_autonomous_navigator]: Novo alvo de exploração: (14, 14)
[INFO] [1764520030.285192663] [cg_autonomous_navigator]: Novo alvo de exploração: (14, 14)
[INFO] [1764520030.335201070] [cg_autonomous_navigator]: Novo alvo de exploração: (14, 14)
[INFO] [1764520030.385201518] [cg_autonomous_navigator]: Novo alvo de exploração: (14, 14)
[INFO] [1764520030.435195396] [cg_autonomous_navigator]: Novo alvo de exploração: (14, 14)
[INFO] [1764520030.485267310] [cg_autonomous_navigator]: Novo alvo de exploração: (14, 14)
[INFO] [1764520030.535193277] [cg_autonomous_navigator]: Novo alvo de exploração: (14, 14)
[INFO] [1764520030.585278113] [cg_autonomous_navigator]: Novo alvo de exploração: (14, 14)
[INFO] [1764520030.635287286] [cg_autonomous_navigator]: Novo alvo de exploração: (14, 14)
[INFO] [1764520030.685276151] [cg_autonomous_navigator]: Novo alvo de exploração: (14, 14)
[INFO] [1764520030.735288879] [cg_autonomous_navigator]: Novo alvo de exploração: (14, 14)
[INFO] [1764520030.785180828] [cg_autonomous_navigator]: Novo alvo de exploração: (14, 14)
[INFO] [1764520030.835316675] [cg_autonomous_navigator]: Novo alvo de exploração: (14, 14)
[INFO] [1764520030.885172952] [cg_autonomous_navigator]: Novo alvo de exploração: (14, 14)
[INFO] [1764520030.935228255] [cg_autonomous_navigator]: Novo alvo de exploração: (14, 14)
[INFO] [1764520030.985180047] [cg_autonomous_navigator]: Novo alvo de exploração: (14, 14)
[INFO] [1764520031.035191040] [cg_autonomous_navigator]: Novo alvo de exploração: (14, 14)
[INFO] [1764520031.085182793] [cg_autonomous_navigator]: Novo alvo de exploração: (14, 14)
[INFO] [1764520031.135185031] [cg_autonomous_navigator]: Novo alvo de exploração: (14, 14)
[INFO] [1764520031.185188347] [cg_autonomous_navigator]: Novo alvo de exploração: (14, 14)
[INFO] [1764520031.235197222] [cg_autonomous_navigator]: Novo alvo de exploração: (14, 14)
[INFO] [1764520031.285185517] [cg_autonomous_navigator]: Novo alvo de exploração: (14, 14)
[INFO] [1764520031.335189621] [cg_autonomous_navigator]: Novo alvo de exploração: (14, 14)
[INFO] [1764520031.385199996] [cg_autonomous_navigator]: Novo alvo de exploração: (14, 14)
[INFO] [1764520031.435221996] [cg_autonomous_navigator]: Novo alvo de exploração: (14, 14)
[INFO] [1764520031.485191841] [cg_autonomous_navigator]: Novo alvo de exploração: (14, 14)
[INFO] [1764520031.535197556] [cg_autonomous_navigator]: Novo alvo de exploração: (14, 14)
[INFO] [1764520031.585221399] [cg_autonomous_navigator]: Novo alvo de exploração: (14, 14)
[INFO] [1764520031.635184362] [cg_autonomous_navigator]: Novo alvo de exploração: (14, 14)
[INFO] [1764520031.685189616] [cg_autonomous_navigator]: Novo alvo de exploração: (14, 14)
[INFO] [1764520031.735206362] [cg_autonomous_navigator]: Novo alvo de exploração: (14, 14)
[INFO] [1764520031.785189135] [cg_autonomous_navigator]: Novo alvo de exploração: (14, 14)
[INFO] [1764520031.835196644] [cg_autonomous_navigator]: Novo alvo de exploração: (14, 14)
[INFO] [1764520031.885242698] [cg_autonomous_navigator]: Novo alvo de exploração: (14, 14)
[INFO] [1764520031.935196579] [cg_autonomous_navigator]: Novo alvo de exploração: (14, 14)
[INFO] [1764520031.985209868] [cg_autonomous_navigator]: Novo alvo de exploração: (14, 14)
[INFO] [1764520032.035202242] [cg_autonomous_navigator]: Novo alvo de exploração: (14, 14)
[INFO] [1764520032.085214212] [cg_autonomous_navigator]: Novo alvo de exploração: (14, 14)
[INFO] [1764520032.135196727] [cg_autonomous_navigator]: Novo alvo de exploração: (14, 14)
[INFO] [1764520032.185212312] [cg_autonomous_navigator]: Novo alvo de exploração: (14, 14)
[INFO] [1764520032.235241687] [cg_autonomous_navigator]: Novo alvo de exploração: (14, 14)
[INFO] [1764520032.285233416] [cg_autonomous_navigator]: Novo alvo de exploração: (14, 14)
[INFO] [1764520032.335229804] [cg_autonomous_navigator]: Novo alvo de exploração: (14, 14)
[INFO] [1764520032.385219029] [cg_autonomous_navigator]: Novo alvo de exploração: (14, 14)
[INFO] [1764520032.435233507] [cg_autonomous_navigator]: Novo alvo de exploração: (14, 14)
[INFO] [1764520032.485192854] [cg_autonomous_navigator]: Novo alvo de exploração: (14, 14)
[INFO] [1764520032.535203524] [cg_autonomous_navigator]: Novo alvo de exploração: (14, 14)
[INFO] [1764520032.585210566] [cg_autonomous_navigator]: Novo alvo de exploração: (14, 14)
[INFO] [1764520032.635208779] [cg_autonomous_navigator]: Novo alvo de exploração: (14, 14)
[INFO] [1764520032.685238908] [cg_autonomous_navigator]: Novo alvo de exploração: (14, 14)
[INFO] [1764520032.735234319] [cg_autonomous_navigator]: Novo alvo de exploração: (14, 14)
[INFO] [1764520032.785263971] [cg_autonomous_navigator]: Novo alvo de exploração: (14, 14)
[INFO] [1764520032.835200969] [cg_autonomous_navigator]: Novo alvo de exploração: (14, 14)
[INFO] [1764520032.885205467] [cg_autonomous_navigator]: Novo alvo de exploração: (14, 14)
[INFO] [1764520032.935203446] [cg_autonomous_navigator]: Novo alvo de exploração: (14, 14)
[INFO] [1764520032.985274119] [cg_autonomous_navigator]: Novo alvo de exploração: (14, 14)
[INFO] [1764520033.035218085] [cg_autonomous_navigator]: Novo alvo de exploração: (14, 14)
[INFO] [1764520033.085218284] [cg_autonomous_navigator]: Novo alvo de exploração: (14, 14)
[INFO] [1764520033.135218825] [cg_autonomous_navigator]: Novo alvo de exploração: (14, 14)
[INFO] [1764520033.185213247] [cg_autonomous_navigator]: Novo alvo de exploração: (14, 14)
[INFO] [1764520033.235219886] [cg_autonomous_navigator]: Novo alvo de exploração: (14, 14)
[INFO] [1764520033.285230894] [cg_autonomous_navigator]: Novo alvo de exploração: (14, 14)
[INFO] [1764520033.335208743] [cg_autonomous_navigator]: Novo alvo de exploração: (14, 14)
[INFO] [1764520033.385211348] [cg_autonomous_navigator]: Novo alvo de exploração: (14, 14)
[INFO] [1764520033.435267710] [cg_autonomous_navigator]: Novo alvo de exploração: (14, 14)
[INFO] [1764520033.485207960] [cg_autonomous_navigator]: Novo alvo de exploração: (14, 14)
[INFO] [1764520033.535256769] [cg_autonomous_navigator]: Novo alvo de exploração: (14, 14)
[INFO] [1764520033.585258270] [cg_autonomous_navigator]: Novo alvo de exploração: (14, 14)
[INFO] [1764520033.635237828] [cg_autonomous_navigator]: Novo alvo de exploração: (14, 14)
[INFO] [1764520033.685224664] [cg_autonomous_navigator]: Novo alvo de exploração: (14, 14)
[INFO] [1764520033.735247265] [cg_autonomous_navigator]: Novo alvo de exploração: (14, 14)
[INFO] [1764520033.785248398] [cg_autonomous_navigator]: Novo alvo de exploração: (14, 14)
[INFO] [1764520033.835231786] [cg_autonomous_navigator]: Novo alvo de exploração: (14, 14)
[INFO] [1764520033.885230302] [cg_autonomous_navigator]: Novo alvo de exploração: (14, 14)
[INFO] [1764520033.935240259] [cg_autonomous_navigator]: Novo alvo de exploração: (14, 14)
[INFO] [1764520033.985227302] [cg_autonomous_navigator]: Novo alvo de exploração: (14, 14)
[INFO] [1764520034.035218191] [cg_autonomous_navigator]: Novo alvo de exploração: (14, 14)
[INFO] [1764520034.085236609] [cg_autonomous_navigator]: Novo alvo de exploração: (14, 14)
[INFO] [1764520034.135294689] [cg_autonomous_navigator]: Novo alvo de exploração: (14, 14)
[INFO] [1764520034.185239695] [cg_autonomous_navigator]: Novo alvo de exploração: (14, 14)
[INFO] [1764520034.235268408] [cg_autonomous_navigator]: Novo alvo de exploração: (14, 14)
[INFO] [1764520034.285293060] [cg_autonomous_navigator]: Novo alvo de exploração: (14, 14)
[INFO] [1764520034.335292546] [cg_autonomous_navigator]: Novo alvo de exploração: (14, 14)
[INFO] [1764520034.385311144] [cg_autonomous_navigator]: Novo alvo de exploração: (14, 14)
[INFO] [1764520034.435320916] [cg_autonomous_navigator]: Novo alvo de exploração: (14, 14)
[INFO] [1764520034.485436507] [cg_autonomous_navigator]: Novo alvo de exploração: (14, 14)
[INFO] [1764520034.535325405] [cg_autonomous_navigator]: Novo alvo de exploração: (14, 14)
[INFO] [1764520034.585294374] [cg_autonomous_navigator]: Novo alvo de exploração: (14, 14)
[INFO] [1764520034.635259275] [cg_autonomous_navigator]: Novo alvo de exploração: (14, 14)
[INFO] [1764520034.685241175] [cg_autonomous_navigator]: Novo alvo de exploração: (14, 14)
[INFO] [1764520034.735256871] [cg_autonomous_navigator]: Novo alvo de exploração: (14, 14)
[INFO] [1764520034.785318947] [cg_autonomous_navigator]: Novo alvo de exploração: (14, 14)
[INFO] [1764520034.835269734] [cg_autonomous_navigator]: Novo alvo de exploração: (14, 14)
[INFO] [1764520034.885281500] [cg_autonomous_navigator]: Novo alvo de exploração: (14, 14)
[INFO] [1764520034.935288102] [cg_autonomous_navigator]: Novo alvo de exploração: (14, 14)
[INFO] [1764520034.985381142] [cg_autonomous_navigator]: Novo alvo de exploração: (14, 14)
[INFO] [1764520035.035360601] [cg_autonomous_navigator]: Novo alvo de exploração: (14, 14)
[INFO] [1764520035.085275639] [cg_autonomous_navigator]: Novo alvo de exploração: (14, 14)
[INFO] [1764520035.135237930] [cg_autonomous_navigator]: Novo alvo de exploração: (14, 14)
[INFO] [1764520035.185238421] [cg_autonomous_navigator]: Novo alvo de exploração: (14, 14)
[INFO] [1764520035.235232287] [cg_autonomous_navigator]: Novo alvo de exploração: (14, 14)
[INFO] [1764520035.285254177] [cg_autonomous_navigator]: Novo alvo de exploração: (14, 14)
[INFO] [1764520035.335256959] [cg_autonomous_navigator]: Novo alvo de exploração: (14, 14)
[INFO] [1764520035.385267961] [cg_autonomous_navigator]: Novo alvo de exploração: (14, 14)
[INFO] [1764520035.435332620] [cg_autonomous_navigator]: Novo alvo de exploração: (14, 14)
[INFO] [1764520035.485349927] [cg_autonomous_navigator]: Novo alvo de exploração: (14, 14)
[INFO] [1764520035.535270850] [cg_autonomous_navigator]: Novo alvo de exploração: (14, 14)
[INFO] [1764520035.585329569] [cg_autonomous_navigator]: Novo alvo de exploração: (14, 14)
[INFO] [1764520035.635281999] [cg_autonomous_navigator]: Novo alvo de exploração: (14, 14)
[INFO] [1764520035.685365500] [cg_autonomous_navigator]: Novo alvo de exploração: (14, 14)
[INFO] [1764520035.735274160] [cg_autonomous_navigator]: Novo alvo de exploração: (14, 14)
[INFO] [1764520035.785334556] [cg_autonomous_navigator]: Novo alvo de exploração: (14, 14)
[INFO] [1764520035.835358993] [cg_autonomous_navigator]: Novo alvo de exploração: (14, 14)
[INFO] [1764520035.885333629] [cg_autonomous_navigator]: Novo alvo de exploração: (14, 14)
[INFO] [1764520035.935346092] [cg_autonomous_navigator]: Novo alvo de exploração: (14, 14)
[INFO] [1764520035.985326442] [cg_autonomous_navigator]: Novo alvo de exploração: (14, 14)
[INFO] [1764520036.035337438] [cg_autonomous_navigator]: Novo alvo de exploração: (14, 14)
[INFO] [1764520036.085330549] [cg_autonomous_navigator]: Novo alvo de exploração: (14, 14)
[INFO] [1764520036.135331672] [cg_autonomous_navigator]: Novo alvo de exploração: (14, 14)
[INFO] [1764520036.185336727] [cg_autonomous_navigator]: Novo alvo de exploração: (14, 14)
[INFO] [1764520036.235358599] [cg_autonomous_navigator]: Novo alvo de exploração: (14, 14)
[INFO] [1764520036.285336828] [cg_autonomous_navigator]: Novo alvo de exploração: (14, 14)
[INFO] [1764520036.335288189] [cg_autonomous_navigator]: Novo alvo de exploração: (14, 14)
[INFO] [1764520036.385298885] [cg_autonomous_navigator]: Novo alvo de exploração: (14, 14)
[INFO] [1764520036.435299962] [cg_autonomous_navigator]: Novo alvo de exploração: (14, 14)
[INFO] [1764520036.485288110] [cg_autonomous_navigator]: Novo alvo de exploração: (14, 14)
[INFO] [1764520036.535346037] [cg_autonomous_navigator]: Novo alvo de exploração: (14, 14)
[INFO] [1764520036.585410993] [cg_autonomous_navigator]: Novo alvo de exploração: (14, 14)
[INFO] [1764520036.635284233] [cg_autonomous_navigator]: Novo alvo de exploração: (14, 14)
[INFO] [1764520036.685354946] [cg_autonomous_navigator]: Novo alvo de exploração: (14, 14)
[INFO] [1764520036.735301005] [cg_autonomous_navigator]: Novo alvo de exploração: (14, 14)
[INFO] [1764520036.785348474] [cg_autonomous_navigator]: Novo alvo de exploração: (14, 14)
[INFO] [1764520036.835287084] [cg_autonomous_navigator]: Novo alvo de exploração: (14, 14)
[INFO] [1764520036.885297657] [cg_autonomous_navigator]: Novo alvo de exploração: (14, 14)
[INFO] [1764520036.935273910] [cg_autonomous_navigator]: Novo alvo de exploração: (14, 14)
[INFO] [1764520036.985321262] [cg_autonomous_navigator]: Novo alvo de exploração: (14, 14)
[INFO] [1764520037.035280271] [cg_autonomous_navigator]: Novo alvo de exploração: (14, 14)
[INFO] [1764520037.085262654] [cg_autonomous_navigator]: Novo alvo de exploração: (14, 14)
[INFO] [1764520037.135371473] [cg_autonomous_navigator]: Novo alvo de exploração: (14, 14)
[INFO] [1764520037.185291576] [cg_autonomous_navigator]: Novo alvo de exploração: (14, 14)
[INFO] [1764520037.235279447] [cg_autonomous_navigator]: Novo alvo de exploração: (14, 14)
[INFO] [1764520037.285283983] [cg_autonomous_navigator]: Novo alvo de exploração: (14, 14)
[INFO] [1764520037.335273509] [cg_autonomous_navigator]: Novo alvo de exploração: (14, 14)
[INFO] [1764520037.385264788] [cg_autonomous_navigator]: Novo alvo de exploração: (14, 14)
[INFO] [1764520037.435348778] [cg_autonomous_navigator]: Novo alvo de exploração: (14, 14)
[INFO] [1764520037.485310560] [cg_autonomous_navigator]: Novo alvo de exploração: (14, 14)
[INFO] [1764520037.535288430] [cg_autonomous_navigator]: Novo alvo de exploração: (14, 14)
[INFO] [1764520037.585304171] [cg_autonomous_navigator]: Novo alvo de exploração: (14, 14)
[INFO] [1764520037.635285405] [cg_autonomous_navigator]: Novo alvo de exploração: (14, 14)
[INFO] [1764520037.685318897] [cg_autonomous_navigator]: Novo alvo de exploração: (14, 14)
[INFO] [1764520037.735320801] [cg_autonomous_navigator]: Novo alvo de exploração: (14, 14)
[INFO] [1764520037.785306038] [cg_autonomous_navigator]: Novo alvo de exploração: (14, 14)
[INFO] [1764520037.835261550] [cg_autonomous_navigator]: Novo alvo de exploração: (14, 14)
[INFO] [1764520037.885235838] [cg_autonomous_navigator]: Novo alvo de exploração: (14, 14)
[INFO] [1764520037.935235631] [cg_autonomous_navigator]: Novo alvo de exploração: (14, 14)
[INFO] [1764520037.985310889] [cg_autonomous_navigator]: Novo alvo de exploração: (14, 14)
[INFO] [1764520038.035282029] [cg_autonomous_navigator]: Novo alvo de exploração: (14, 14)
[INFO] [1764520038.085309333] [cg_autonomous_navigator]: Novo alvo de exploração: (14, 14)
[INFO] [1764520038.135354311] [cg_autonomous_navigator]: Novo alvo de exploração: (14, 14)
[INFO] [1764520038.185328708] [cg_autonomous_navigator]: Novo alvo de exploração: (14, 14)
[INFO] [1764520038.235362195] [cg_autonomous_navigator]: Novo alvo de exploração: (14, 14)
[INFO] [1764520038.285301882] [cg_autonomous_navigator]: Novo alvo de exploração: (14, 14)
[INFO] [1764520038.335307298] [cg_autonomous_navigator]: Novo alvo de exploração: (14, 14)
[INFO] [1764520038.385296359] [cg_autonomous_navigator]: Novo alvo de exploração: (14, 14)
[INFO] [1764520038.435294913] [cg_autonomous_navigator]: Novo alvo de exploração: (14, 14)
[INFO] [1764520038.485313704] [cg_autonomous_navigator]: Novo alvo de exploração: (14, 14)
[INFO] [1764520038.535349200] [cg_autonomous_navigator]: Novo alvo de exploração: (14, 14)
[INFO] [1764520038.585361923] [cg_autonomous_navigator]: Novo alvo de exploração: (14, 14)
[INFO] [1764520038.635303694] [cg_autonomous_navigator]: Novo alvo de exploração: (14, 14)
[INFO] [1764520038.685379213] [cg_autonomous_navigator]: Novo alvo de exploração: (14, 14)
[INFO] [1764520038.735380939] [cg_autonomous_navigator]: Novo alvo de exploração: (14, 14)
[INFO] [1764520038.785303798] [cg_autonomous_navigator]: Novo alvo de exploração: (14, 14)
[INFO] [1764520038.835314478] [cg_autonomous_navigator]: Novo alvo de exploração: (14, 14)
[INFO] [1764520038.885367327] [cg_autonomous_navigator]: Novo alvo de exploração: (14, 14)
[INFO] [1764520038.935324969] [cg_autonomous_navigator]: Novo alvo de exploração: (14, 14)
[INFO] [1764520038.985314677] [cg_autonomous_navigator]: Novo alvo de exploração: (14, 14)
[INFO] [1764520039.035371769] [cg_autonomous_navigator]: Novo alvo de exploração: (14, 14)
[INFO] [1764520039.085373571] [cg_autonomous_navigator]: Novo alvo de exploração: (14, 14)
[INFO] [1764520039.135303037] [cg_autonomous_navigator]: Novo alvo de exploração: (14, 14)
[INFO] [1764520039.185373181] [cg_autonomous_navigator]: Novo alvo de exploração: (14, 14)
[INFO] [1764520039.235303674] [cg_autonomous_navigator]: Novo alvo de exploração: (14, 14)
[INFO] [1764520039.285385555] [cg_autonomous_navigator]: Novo alvo de exploração: (14, 14)
[INFO] [1764520039.335335722] [cg_autonomous_navigator]: Novo alvo de exploração: (14, 14)
[INFO] [1764520039.385335247] [cg_autonomous_navigator]: Novo alvo de exploração: (14, 14)
[INFO] [1764520039.435377698] [cg_autonomous_navigator]: Novo alvo de exploração: (14, 14)
[INFO] [1764520039.485309275] [cg_autonomous_navigator]: Novo alvo de exploração: (14, 14)
[INFO] [1764520039.535376784] [cg_autonomous_navigator]: Novo alvo de exploração: (14, 14)
[INFO] [1764520039.585310696] [cg_autonomous_navigator]: Novo alvo de exploração: (14, 14)
[INFO] [1764520039.635348875] [cg_autonomous_navigator]: Novo alvo de exploração: (14, 14)
[INFO] [1764520039.685469898] [cg_autonomous_navigator]: Novo alvo de exploração: (14, 14)
[INFO] [1764520039.735399115] [cg_autonomous_navigator]: Novo alvo de exploração: (14, 14)
[INFO] [1764520039.785434108] [cg_autonomous_navigator]: Novo alvo de exploração: (14, 14)
[INFO] [1764520039.835320141] [cg_autonomous_navigator]: Novo alvo de exploração: (14, 14)
[INFO] [1764520039.885395683] [cg_autonomous_navigator]: Novo alvo de exploração: (14, 14)
[INFO] [1764520039.935404863] [cg_autonomous_navigator]: Novo alvo de exploração: (14, 14)
[INFO] [1764520039.985385417] [cg_autonomous_navigator]: Novo alvo de exploração: (14, 14)
[INFO] [1764520040.035400680] [cg_autonomous_navigator]: Novo alvo de exploração: (14, 14)
[INFO] [1764520040.085396655] [cg_autonomous_navigator]: Novo alvo de exploração: (14, 14)
[INFO] [1764520040.135318650] [cg_autonomous_navigator]: Novo alvo de exploração: (14, 14)
[INFO] [1764520040.185314320] [cg_autonomous_navigator]: Novo alvo de exploração: (14, 14)
[INFO] [1764520040.235383526] [cg_autonomous_navigator]: Novo alvo de exploração: (14, 14)
[INFO] [1764520040.285323143] [cg_autonomous_navigator]: Novo alvo de exploração: (14, 14)
[INFO] [1764520040.335381580] [cg_autonomous_navigator]: Novo alvo de exploração: (14, 14)
[INFO] [1764520040.385315286] [cg_autonomous_navigator]: Novo alvo de exploração: (14, 14)
[INFO] [1764520040.435388215] [cg_autonomous_navigator]: Novo alvo de exploração: (14, 14)
[INFO] [1764520040.485326606] [cg_autonomous_navigator]: Novo alvo de exploração: (14, 14)
[INFO] [1764520040.535391544] [cg_autonomous_navigator]: Novo alvo de exploração: (14, 14)
[INFO] [1764520040.585418668] [cg_autonomous_navigator]: Novo alvo de exploração: (14, 14)
[INFO] [1764520040.635417885] [cg_autonomous_navigator]: Novo alvo de exploração: (14, 14)
[INFO] [1764520040.685332962] [cg_autonomous_navigator]: Novo alvo de exploração: (14, 14)
[INFO] [1764520040.735299104] [cg_autonomous_navigator]: Novo alvo de exploração: (14, 14)
[INFO] [1764520040.785404967] [cg_autonomous_navigator]: Novo alvo de exploração: (14, 14)
[INFO] [1764520040.835331009] [cg_autonomous_navigator]: Novo alvo de exploração: (14, 14)
[INFO] [1764520040.885319624] [cg_autonomous_navigator]: Novo alvo de exploração: (14, 14)
[INFO] [1764520040.935396807] [cg_autonomous_navigator]: Novo alvo de exploração: (14, 14)
[INFO] [1764520040.985421666] [cg_autonomous_navigator]: Novo alvo de exploração: (14, 14)
[INFO] [1764520041.035329621] [cg_autonomous_navigator]: Novo alvo de exploração: (14, 14)
[INFO] [1764520041.085385475] [cg_autonomous_navigator]: Novo alvo de exploração: (14, 14)
[INFO] [1764520041.135416026] [cg_autonomous_navigator]: Novo alvo de exploração: (14, 14)
[INFO] [1764520041.185404303] [cg_autonomous_navigator]: Novo alvo de exploração: (14, 14)
[INFO] [1764520041.235419446] [cg_autonomous_navigator]: Novo alvo de exploração: (14, 14)
[INFO] [1764520041.285408668] [cg_autonomous_navigator]: Novo alvo de exploração: (14, 14)
[INFO] [1764520041.335411646] [cg_autonomous_navigator]: Novo alvo de exploração: (14, 14)
[INFO] [1764520041.385388373] [cg_autonomous_navigator]: Novo alvo de exploração: (14, 14)
[INFO] [1764520041.435412757] [cg_autonomous_navigator]: Novo alvo de exploração: (14, 14)
[INFO] [1764520041.485340815] [cg_autonomous_navigator]: Novo alvo de exploração: (14, 14)
[INFO] [1764520041.535396291] [cg_autonomous_navigator]: Novo alvo de exploração: (14, 14)
[INFO] [1764520041.585386654] [cg_autonomous_navigator]: Novo alvo de exploração: (14, 14)
[INFO] [1764520041.635332197] [cg_autonomous_navigator]: Novo alvo de exploração: (14, 14)
[INFO] [1764520041.685420082] [cg_autonomous_navigator]: Novo alvo de exploração: (14, 14)
[INFO] [1764520041.735397469] [cg_autonomous_navigator]: Novo alvo de exploração: (14, 14)
[INFO] [1764520041.785383250] [cg_autonomous_navigator]: Novo alvo de exploração: (14, 14)
[INFO] [1764520041.835328129] [cg_autonomous_navigator]: Novo alvo de exploração: (14, 14)
[INFO] [1764520041.885377167] [cg_autonomous_navigator]: Novo alvo de exploração: (14, 14)
[INFO] [1764520041.935394301] [cg_autonomous_navigator]: Novo alvo de exploração: (14, 14)
[INFO] [1764520041.985420510] [cg_autonomous_navigator]: Novo alvo de exploração: (14, 14)
[INFO] [1764520042.035418320] [cg_autonomous_navigator]: Novo alvo de exploração: (14, 14)
[INFO] [1764520042.085427099] [cg_autonomous_navigator]: Novo alvo de exploração: (14, 14)
[INFO] [1764520042.135417988] [cg_autonomous_navigator]: Novo alvo de exploração: (14, 14)
[INFO] [1764520042.185328917] [cg_autonomous_navigator]: Novo alvo de exploração: (14, 14)
[INFO] [1764520042.235407881] [cg_autonomous_navigator]: Novo alvo de exploração: (14, 14)
[INFO] [1764520042.285340570] [cg_autonomous_navigator]: Novo alvo de exploração: (14, 14)
[INFO] [1764520042.335335623] [cg_autonomous_navigator]: Novo alvo de exploração: (14, 14)
[INFO] [1764520042.385410929] [cg_autonomous_navigator]: Novo alvo de exploração: (14, 14)
[INFO] [1764520042.435429457] [cg_autonomous_navigator]: Novo alvo de exploração: (14, 14)
[INFO] [1764520042.485408222] [cg_autonomous_navigator]: Novo alvo de exploração: (14, 14)
[INFO] [1764520042.535394538] [cg_autonomous_navigator]: Novo alvo de exploração: (14, 14)
[INFO] [1764520042.585396032] [cg_autonomous_navigator]: Novo alvo de exploração: (14, 14)
[INFO] [1764520042.635437609] [cg_autonomous_navigator]: Novo alvo de exploração: (14, 14)
[INFO] [1764520042.685388337] [cg_autonomous_navigator]: Novo alvo de exploração: (14, 14)
[INFO] [1764520042.735331492] [cg_autonomous_navigator]: Novo alvo de exploração: (14, 14)
[INFO] [1764520042.785434341] [cg_autonomous_navigator]: Novo alvo de exploração: (14, 14)
[INFO] [1764520042.835350751] [cg_autonomous_navigator]: Novo alvo de exploração: (14, 14)
[INFO] [1764520042.885395952] [cg_autonomous_navigator]: Novo alvo de exploração: (14, 14)
[INFO] [1764520042.935418340] [cg_autonomous_navigator]: Novo alvo de exploração: (14, 14)
[INFO] [1764520042.985402937] [cg_autonomous_navigator]: Novo alvo de exploração: (14, 14)
[INFO] [1764520043.035395057] [cg_autonomous_navigator]: Novo alvo de exploração: (14, 14)
[INFO] [1764520043.085401130] [cg_autonomous_navigator]: Novo alvo de exploração: (14, 14)
[INFO] [1764520043.135449729] [cg_autonomous_navigator]: Novo alvo de exploração: (14, 14)
[INFO] [1764520043.185330717] [cg_autonomous_navigator]: Novo alvo de exploração: (14, 14)
[INFO] [1764520043.235324352] [cg_autonomous_navigator]: Novo alvo de exploração: (14, 14)
[INFO] [1764520043.285334662] [cg_autonomous_navigator]: Novo alvo de exploração: (14, 14)
[INFO] [1764520043.335428810] [cg_autonomous_navigator]: Novo alvo de exploração: (14, 14)
[INFO] [1764520043.385345659] [cg_autonomous_navigator]: Novo alvo de exploração: (14, 14)
[INFO] [1764520043.435405252] [cg_autonomous_navigator]: Novo alvo de exploração: (14, 14)
[INFO] [1764520043.485407671] [cg_autonomous_navigator]: Novo alvo de exploração: (14, 14)
[INFO] [1764520043.535335474] [cg_autonomous_navigator]: Novo alvo de exploração: (14, 14)
[INFO] [1764520043.585317574] [cg_autonomous_navigator]: Novo alvo de exploração: (14, 14)
[INFO] [1764520043.635312500] [cg_autonomous_navigator]: Novo alvo de exploração: (14, 14)
[INFO] [1764520043.685315927] [cg_autonomous_navigator]: Novo alvo de exploração: (14, 14)
[INFO] [1764520043.735313092] [cg_autonomous_navigator]: Novo alvo de exploração: (14, 14)
[INFO] [1764520043.785323845] [cg_autonomous_navigator]: Novo alvo de exploração: (14, 14)
[INFO] [1764520043.835312436] [cg_autonomous_navigator]: Novo alvo de exploração: (14, 14)
[INFO] [1764520043.885309227] [cg_autonomous_navigator]: Novo alvo de exploração: (14, 14)
[INFO] [1764520043.935345668] [cg_autonomous_navigator]: Novo alvo de exploração: (14, 14)
[INFO] [1764520043.985347959] [cg_autonomous_navigator]: Novo alvo de exploração: (14, 14)
[INFO] [1764520044.035329428] [cg_autonomous_navigator]: Novo alvo de exploração: (14, 14)
[INFO] [1764520044.085371068] [cg_autonomous_navigator]: Novo alvo de exploração: (14, 14)
[INFO] [1764520044.135360774] [cg_autonomous_navigator]: Novo alvo de exploração: (14, 14)
[INFO] [1764520044.185356600] [cg_autonomous_navigator]: Novo alvo de exploração: (14, 14)
[INFO] [1764520044.235354416] [cg_autonomous_navigator]: Novo alvo de exploração: (14, 14)
[INFO] [1764520044.285448355] [cg_autonomous_navigator]: Novo alvo de exploração: (14, 14)
[INFO] [1764520044.335409820] [cg_autonomous_navigator]: Novo alvo de exploração: (14, 14)
[INFO] [1764520044.385558199] [cg_autonomous_navigator]: Novo alvo de exploração: (14, 14)
[INFO] [1764520044.435527944] [cg_autonomous_navigator]: Novo alvo de exploração: (14, 14)
[INFO] [1764520044.485437071] [cg_autonomous_navigator]: Novo alvo de exploração: (14, 14)
[INFO] [1764520044.535434918] [cg_autonomous_navigator]: Novo alvo de exploração: (14, 14)
[INFO] [1764520044.585522958] [cg_autonomous_navigator]: Novo alvo de exploração: (14, 14)
[INFO] [1764520044.635435431] [cg_autonomous_navigator]: Novo alvo de exploração: (14, 14)
[INFO] [1764520044.685463458] [cg_autonomous_navigator]: Novo alvo de exploração: (14, 14)
[INFO] [1764520044.735523232] [cg_autonomous_navigator]: Novo alvo de exploração: (14, 14)
[INFO] [1764520044.785425709] [cg_autonomous_navigator]: Novo alvo de exploração: (14, 14)
[INFO] [1764520044.835559668] [cg_autonomous_navigator]: Novo alvo de exploração: (14, 14)
[INFO] [1764520044.885524140] [cg_autonomous_navigator]: Novo alvo de exploração: (14, 14)
[INFO] [1764520044.935527137] [cg_autonomous_navigator]: Novo alvo de exploração: (14, 14)
[INFO] [1764520044.985605210] [cg_autonomous_navigator]: Novo alvo de exploração: (14, 14)
[INFO] [1764520045.035563926] [cg_autonomous_navigator]: Novo alvo de exploração: (14, 14)
[INFO] [1764520045.085541640] [cg_autonomous_navigator]: Novo alvo de exploração: (14, 14)
[INFO] [1764520045.135449297] [cg_autonomous_navigator]: Novo alvo de exploração: (14, 14)
[INFO] [1764520045.185552620] [cg_autonomous_navigator]: Novo alvo de exploração: (14, 14)
[INFO] [1764520045.235498789] [cg_autonomous_navigator]: Novo alvo de exploração: (14, 14)
[INFO] [1764520045.285450782] [cg_autonomous_navigator]: Novo alvo de exploração: (14, 14)
[INFO] [1764520045.335520204] [cg_autonomous_navigator]: Novo alvo de exploração: (14, 14)
[INFO] [1764520045.385540797] [cg_autonomous_navigator]: Novo alvo de exploração: (14, 14)
[INFO] [1764520045.435616430] [cg_autonomous_navigator]: Novo alvo de exploração: (14, 14)
[INFO] [1764520045.485569581] [cg_autonomous_navigator]: Novo alvo de exploração: (14, 14)
[INFO] [1764520045.535554384] [cg_autonomous_navigator]: Novo alvo de exploração: (14, 14)
[INFO] [1764520045.585614593] [cg_autonomous_navigator]: Novo alvo de exploração: (14, 14)
[INFO] [1764520045.635555574] [cg_autonomous_navigator]: Novo alvo de exploração: (14, 14)
[INFO] [1764520045.685623887] [cg_autonomous_navigator]: Novo alvo de exploração: (14, 14)
[INFO] [1764520045.735556883] [cg_autonomous_navigator]: Novo alvo de exploração: (14, 14)
[INFO] [1764520045.785629109] [cg_autonomous_navigator]: Novo alvo de exploração: (14, 14)
[INFO] [1764520045.835568028] [cg_autonomous_navigator]: Novo alvo de exploração: (14, 14)
[INFO] [1764520045.885562359] [cg_autonomous_navigator]: Novo alvo de exploração: (14, 14)
[INFO] [1764520045.935563824] [cg_autonomous_navigator]: Novo alvo de exploração: (14, 14)
[INFO] [1764520045.985565695] [cg_autonomous_navigator]: Novo alvo de exploração: (14, 14)
[INFO] [1764520046.035566177] [cg_autonomous_navigator]: Novo alvo de exploração: (14, 14)
[INFO] [1764520046.085568671] [cg_autonomous_navigator]: Novo alvo de exploração: (14, 14)
[INFO] [1764520046.135485210] [cg_autonomous_navigator]: Novo alvo de exploração: (14, 14)
[INFO] [1764520046.185569442] [cg_autonomous_navigator]: Novo alvo de exploração: (14, 14)
[INFO] [1764520046.235566375] [cg_autonomous_navigator]: Novo alvo de exploração: (14, 14)
[INFO] [1764520046.241538824] [rclcpp]: signal_handler(signum=2)
