[INFO] [1764519709.136080150] [cg_autonomous_navigator]: Tentando conectar ao serviço /get_map...
[INFO] [1764519709.151531447] [cg_autonomous_navigator]: Serviço /get_map disponível, enviando request...
[INFO] [1764519709.153529237] [cg_autonomous_navigator]: Dimensões do mapa recebidas: 29x29. O robô começa em (1, 1).
[INFO] [1764519709.153579622] [cg_autonomous_navigator]: O robô agora está 'cego' e deve mapear o labirinto.
[INFO] [1764519709.185964471] [cg_autonomous_navigator]: Novo alvo de exploração: (2, 1)
[INFO] [1764519709.186028081] [cg_autonomous_navigator]: Tentando mover de (1, 1) para (2, 1)
[INFO] [1764519709.235978550] [cg_autonomous_navigator]: Novo alvo de exploração: (3, 1)
[INFO] [1764519709.236043097] [cg_autonomous_navigator]: Tentando mover de (2, 1) para (3, 1)
[INFO] [1764519709.285971339] [cg_autonomous_navigator]: Novo alvo de exploração: (4, 1)
[INFO] [1764519709.286032028] [cg_autonomous_navigator]: Tentando mover de (3, 1) para (4, 1)
[INFO] [1764519709.335976211] [cg_autonomous_navigator]: Novo alvo de exploração: (5, 1)
[INFO] [1764519709.336035271] [cg_autonomous_navigator]: Tentando mover de (4, 1) para (5, 1)
[INFO] [1764519709.385962030] [cg_autonomous_navigator]: Novo alvo de exploração: (6, 1)
[INFO] [1764519709.386031843] [cg_autonomous_navigator]: Tentando mover de (5, 1) para (6, 1)
[INFO] [1764519709.435962362] [cg_autonomous_navigator]: Novo alvo de exploração: (7, 1)
[INFO] [1764519709.436033431] [cg_autonomous_navigator]: Tentando mover de (6, 1) para (7, 1)
[INFO] [1764519709.485979202] [cg_autonomous_navigator]: Novo alvo de exploração: (8, 1)
[INFO] [1764519709.486038844] [cg_autonomous_navigator]: Tentando mover de (7, 1) para (8, 1)
[INFO] [1764519709.535982927] [cg_autonomous_navigator]: Novo alvo de exploração: (9, 1)
[INFO] [1764519709.536049871] [cg_autonomous_navigator]: Tentando mover de (8, 1) para (9, 1)
[INFO] [1764519709.585965902] [cg_autonomous_navigator]: Novo alvo de exploração: (9, 2)
[INFO] [1764519709.586038905] [cg_autonomous_navigator]: Tentando mover de (9, 1) para (9, 2)
[INFO] [1764519709.635988671] [cg_autonomous_navigator]: Novo alvo de exploração: (9, 3)
[INFO] [1764519709.636062290] [cg_autonomous_navigator]: Tentando mover de (9, 2) para (9, 3)
[INFO] [1764519709.685979556] [cg_autonomous_navigator]: Novo alvo de exploração: (10, 3)
[INFO] [1764519709.686044788] [cg_autonomous_navigator]: Tentando mover de (9, 3) para (10, 3)
[INFO] [1764519709.735974630] [cg_autonomous_navigator]: Novo alvo de exploração: (11, 3)
[INFO] [1764519709.736054654] [cg_autonomous_navigator]: Tentando mover de (10, 3) para (11, 3)
[INFO] [1764519709.785989501] [cg_autonomous_navigator]: Novo alvo de exploração: (11, 4)
[INFO] [1764519709.786061775] [cg_autonomous_navigator]: Tentando mover de (11, 3) para (11, 4)
[INFO] [1764519709.835975128] [cg_autonomous_navigator]: Novo alvo de exploração: (10, 5)
[INFO] [1764519709.836058550] [cg_autonomous_navigator]: Tentando mover de (11, 4) para (11, 5)
[INFO] [1764519709.885986245] [cg_autonomous_navigator]: Tentando mover de (11, 5) para (10, 5)
[INFO] [1764519709.936026697] [cg_autonomous_navigator]: Novo alvo de exploração: (9, 5)
[INFO] [1764519709.936136527] [cg_autonomous_navigator]: Tentando mover de (10, 5) para (9, 5)
[INFO] [1764519709.986001126] [cg_autonomous_navigator]: Novo alvo de exploração: (9, 6)
[INFO] [1764519709.986067386] [cg_autonomous_navigator]: Tentando mover de (9, 5) para (9, 6)
[INFO] [1764519710.035985716] [cg_autonomous_navigator]: Novo alvo de exploração: (9, 7)
[INFO] [1764519710.036049506] [cg_autonomous_navigator]: Tentando mover de (9, 6) para (9, 7)
[INFO] [1764519710.085990498] [cg_autonomous_navigator]: Novo alvo de exploração: (9, 8)
[INFO] [1764519710.086055416] [cg_autonomous_navigator]: Tentando mover de (9, 7) para (9, 8)
[INFO] [1764519710.135989433] [cg_autonomous_navigator]: Novo alvo de exploração: (9, 9)
[INFO] [1764519710.136048668] [cg_autonomous_navigator]: Tentando mover de (9, 8) para (9, 9)
[INFO] [1764519710.185991001] [cg_autonomous_navigator]: Novo alvo de exploração: (9, 10)
[INFO] [1764519710.186083645] [cg_autonomous_navigator]: Tentando mover de (9, 9) para (9, 10)
[INFO] [1764519710.236012015] [cg_autonomous_navigator]: Novo alvo de exploração: (9, 11)
[INFO] [1764519710.236092874] [cg_autonomous_navigator]: Tentando mover de (9, 10) para (9, 11)
[INFO] [1764519710.285988621] [cg_autonomous_navigator]: Novo alvo de exploração: (9, 12)
[INFO] [1764519710.286069204] [cg_autonomous_navigator]: Tentando mover de (9, 11) para (9, 12)
[INFO] [1764519710.336007860] [cg_autonomous_navigator]: Novo alvo de exploração: (9, 13)
[INFO] [1764519710.336079346] [cg_autonomous_navigator]: Tentando mover de (9, 12) para (9, 13)
[INFO] [1764519710.385988913] [cg_autonomous_navigator]: Novo alvo de exploração: (10, 13)
[INFO] [1764519710.386066186] [cg_autonomous_navigator]: Tentando mover de (9, 13) para (10, 13)
[INFO] [1764519710.436011066] [cg_autonomous_navigator]: Novo alvo de exploração: (11, 12)
[INFO] [1764519710.436095545] [cg_autonomous_navigator]: Tentando mover de (10, 13) para (11, 13)
[INFO] [1764519710.486011892] [cg_autonomous_navigator]: Tentando mover de (11, 13) para (11, 12)
[INFO] [1764519710.536005051] [cg_autonomous_navigator]: Novo alvo de exploração: (11, 11)
[INFO] [1764519710.536092540] [cg_autonomous_navigator]: Tentando mover de (11, 12) para (11, 11)
[INFO] [1764519710.586043183] [cg_autonomous_navigator]: Novo alvo de exploração: (11, 10)
[INFO] [1764519710.586143946] [cg_autonomous_navigator]: Tentando mover de (11, 11) para (11, 10)
[INFO] [1764519710.636001281] [cg_autonomous_navigator]: Novo alvo de exploração: (11, 9)
[INFO] [1764519710.636061338] [cg_autonomous_navigator]: Tentando mover de (11, 10) para (11, 9)
[INFO] [1764519710.686021557] [cg_autonomous_navigator]: Novo alvo de exploração: (11, 8)
[INFO] [1764519710.686114053] [cg_autonomous_navigator]: Tentando mover de (11, 9) para (11, 8)
[INFO] [1764519710.736053838] [cg_autonomous_navigator]: Novo alvo de exploração: (12, 7)
[INFO] [1764519710.736165227] [cg_autonomous_navigator]: Tentando mover de (11, 8) para (11, 7)
[INFO] [1764519710.785989677] [cg_autonomous_navigator]: Tentando mover de (11, 7) para (12, 7)
[INFO] [1764519710.835982347] [cg_autonomous_navigator]: Novo alvo de exploração: (13, 7)
[INFO] [1764519710.836051600] [cg_autonomous_navigator]: Tentando mover de (12, 7) para (13, 7)
[INFO] [1764519710.886033283] [cg_autonomous_navigator]: Novo alvo de exploração: (14, 7)
[INFO] [1764519710.886095708] [cg_autonomous_navigator]: Tentando mover de (13, 7) para (14, 7)
[INFO] [1764519710.936034153] [cg_autonomous_navigator]: Novo alvo de exploração: (15, 6)
[INFO] [1764519710.936097573] [cg_autonomous_navigator]: Tentando mover de (14, 7) para (15, 7)
[INFO] [1764519710.985993999] [cg_autonomous_navigator]: Tentando mover de (15, 7) para (15, 6)
[INFO] [1764519711.035999846] [cg_autonomous_navigator]: Novo alvo de exploração: (15, 5)
[INFO] [1764519711.036064746] [cg_autonomous_navigator]: Tentando mover de (15, 6) para (15, 5)
[INFO] [1764519711.086017492] [cg_autonomous_navigator]: Novo alvo de exploração: (16, 5)
[INFO] [1764519711.086096935] [cg_autonomous_navigator]: Tentando mover de (15, 5) para (16, 5)
[INFO] [1764519711.136028804] [cg_autonomous_navigator]: Novo alvo de exploração: (17, 4)
[INFO] [1764519711.136093625] [cg_autonomous_navigator]: Tentando mover de (16, 5) para (17, 5)
[INFO] [1764519711.186008243] [cg_autonomous_navigator]: Tentando mover de (17, 5) para (17, 4)
[INFO] [1764519711.235991494] [cg_autonomous_navigator]: Novo alvo de exploração: (16, 3)
[INFO] [1764519711.236073222] [cg_autonomous_navigator]: Tentando mover de (17, 4) para (17, 3)
[INFO] [1764519711.286006213] [cg_autonomous_navigator]: Tentando mover de (17, 3) para (16, 3)
[INFO] [1764519711.336015846] [cg_autonomous_navigator]: Novo alvo de exploração: (15, 3)
[INFO] [1764519711.336131202] [cg_autonomous_navigator]: Tentando mover de (16, 3) para (15, 3)
[INFO] [1764519711.386004304] [cg_autonomous_navigator]: Novo alvo de exploração: (14, 3)
[INFO] [1764519711.386104337] [cg_autonomous_navigator]: Tentando mover de (15, 3) para (14, 3)
[INFO] [1764519711.436039729] [cg_autonomous_navigator]: Novo alvo de exploração: (13, 2)
[INFO] [1764519711.436115130] [cg_autonomous_navigator]: Tentando mover de (14, 3) para (13, 3)
[INFO] [1764519711.486014170] [cg_autonomous_navigator]: Tentando mover de (13, 3) para (13, 2)
[INFO] [1764519711.536002328] [cg_autonomous_navigator]: Novo alvo de exploração: (12, 1)
[INFO] [1764519711.536104140] [cg_autonomous_navigator]: Tentando mover de (13, 2) para (13, 1)
[INFO] [1764519711.585997266] [cg_autonomous_navigator]: Tentando mover de (13, 1) para (12, 1)
[INFO] [1764519711.636002042] [cg_autonomous_navigator]: Novo alvo de exploração: (14, 1)
[INFO] [1764519711.636068220] [cg_autonomous_navigator]: Tentando mover de (12, 1) para (13, 1)
[INFO] [1764519711.685978314] [cg_autonomous_navigator]: Tentando mover de (13, 1) para (14, 1)
[INFO] [1764519711.736005078] [cg_autonomous_navigator]: Novo alvo de exploração: (15, 1)
[INFO] [1764519711.736080383] [cg_autonomous_navigator]: Tentando mover de (14, 1) para (15, 1)
[INFO] [1764519711.786007000] [cg_autonomous_navigator]: Novo alvo de exploração: (16, 1)
[INFO] [1764519711.786071901] [cg_autonomous_navigator]: Tentando mover de (15, 1) para (16, 1)
[INFO] [1764519711.835996169] [cg_autonomous_navigator]: Novo alvo de exploração: (17, 1)
[INFO] [1764519711.836069886] [cg_autonomous_navigator]: Tentando mover de (16, 1) para (17, 1)
[INFO] [1764519711.886000663] [cg_autonomous_navigator]: Novo alvo de exploração: (18, 1)
[INFO] [1764519711.886073056] [cg_autonomous_navigator]: Tentando mover de (17, 1) para (18, 1)
[INFO] [1764519711.936008164] [cg_autonomous_navigator]: Novo alvo de exploração: (19, 1)
[INFO] [1764519711.936072420] [cg_autonomous_navigator]: Tentando mover de (18, 1) para (19, 1)
[INFO] [1764519711.986011538] [cg_autonomous_navigator]: Novo alvo de exploração: (19, 2)
[INFO] [1764519711.986083089] [cg_autonomous_navigator]: Tentando mover de (19, 1) para (19, 2)
[INFO] [1764519712.036024139] [cg_autonomous_navigator]: Novo alvo de exploração: (19, 3)
[INFO] [1764519712.036090507] [cg_autonomous_navigator]: Tentando mover de (19, 2) para (19, 3)
[INFO] [1764519712.086030623] [cg_autonomous_navigator]: Novo alvo de exploração: (13, 4)
[INFO] [1764519712.086126444] [cg_autonomous_navigator]: Tentando mover de (19, 3) para (19, 2)
[INFO] [1764519712.136043105] [cg_autonomous_navigator]: Tentando mover de (19, 2) para (19, 1)
[INFO] [1764519712.186004370] [cg_autonomous_navigator]: Tentando mover de (19, 1) para (18, 1)
[INFO] [1764519712.236023374] [cg_autonomous_navigator]: Tentando mover de (18, 1) para (17, 1)
[INFO] [1764519712.286008332] [cg_autonomous_navigator]: Tentando mover de (17, 1) para (16, 1)
[INFO] [1764519712.336022149] [cg_autonomous_navigator]: Tentando mover de (16, 1) para (15, 1)
[INFO] [1764519712.386008052] [cg_autonomous_navigator]: Tentando mover de (15, 1) para (14, 1)
[INFO] [1764519712.436008722] [cg_autonomous_navigator]: Tentando mover de (14, 1) para (13, 1)
[INFO] [1764519712.486017675] [cg_autonomous_navigator]: Tentando mover de (13, 1) para (13, 2)
[INFO] [1764519712.536053965] [cg_autonomous_navigator]: Tentando mover de (13, 2) para (13, 3)
[INFO] [1764519712.586013359] [cg_autonomous_navigator]: Tentando mover de (13, 3) para (13, 4)
[INFO] [1764519712.636001780] [cg_autonomous_navigator]: Novo alvo de exploração: (19, 4)
[INFO] [1764519712.636113534] [cg_autonomous_navigator]: Tentando mover de (13, 4) para (13, 3)
[INFO] [1764519712.686011203] [cg_autonomous_navigator]: Tentando mover de (13, 3) para (13, 2)
[INFO] [1764519712.736011273] [cg_autonomous_navigator]: Tentando mover de (13, 2) para (13, 1)
[INFO] [1764519712.786009737] [cg_autonomous_navigator]: Tentando mover de (13, 1) para (14, 1)
[INFO] [1764519712.836010526] [cg_autonomous_navigator]: Tentando mover de (14, 1) para (15, 1)
[INFO] [1764519712.886018155] [cg_autonomous_navigator]: Tentando mover de (15, 1) para (16, 1)
[INFO] [1764519712.936022440] [cg_autonomous_navigator]: Tentando mover de (16, 1) para (17, 1)
[INFO] [1764519712.986027857] [cg_autonomous_navigator]: Tentando mover de (17, 1) para (18, 1)
[INFO] [1764519713.036019188] [cg_autonomous_navigator]: Tentando mover de (18, 1) para (19, 1)
[INFO] [1764519713.085997217] [cg_autonomous_navigator]: Tentando mover de (19, 1) para (19, 2)
[INFO] [1764519713.136071573] [cg_autonomous_navigator]: Tentando mover de (19, 2) para (19, 3)
[INFO] [1764519713.186055052] [cg_autonomous_navigator]: Tentando mover de (19, 3) para (19, 4)
[INFO] [1764519713.236039319] [cg_autonomous_navigator]: Novo alvo de exploração: (19, 5)
[INFO] [1764519713.236125528] [cg_autonomous_navigator]: Tentando mover de (19, 4) para (19, 5)
[INFO] [1764519713.286031947] [cg_autonomous_navigator]: Novo alvo de exploração: (20, 5)
[INFO] [1764519713.286093388] [cg_autonomous_navigator]: Tentando mover de (19, 5) para (20, 5)
[INFO] [1764519713.336028323] [cg_autonomous_navigator]: Novo alvo de exploração: (21, 4)
[INFO] [1764519713.336089896] [cg_autonomous_navigator]: Tentando mover de (20, 5) para (21, 5)
[INFO] [1764519713.386018184] [cg_autonomous_navigator]: Tentando mover de (21, 5) para (21, 4)
[INFO] [1764519713.436037011] [cg_autonomous_navigator]: Novo alvo de exploração: (21, 3)
[INFO] [1764519713.436118693] [cg_autonomous_navigator]: Tentando mover de (21, 4) para (21, 3)
[INFO] [1764519713.486075299] [cg_autonomous_navigator]: Novo alvo de exploração: (22, 3)
[INFO] [1764519713.486192666] [cg_autonomous_navigator]: Tentando mover de (21, 3) para (22, 3)
[INFO] [1764519713.536041318] [cg_autonomous_navigator]: Novo alvo de exploração: (23, 3)
[INFO] [1764519713.536125645] [cg_autonomous_navigator]: Tentando mover de (22, 3) para (23, 3)
[INFO] [1764519713.586049588] [cg_autonomous_navigator]: Novo alvo de exploração: (24, 3)
[INFO] [1764519713.586117216] [cg_autonomous_navigator]: Tentando mover de (23, 3) para (24, 3)
[INFO] [1764519713.636041760] [cg_autonomous_navigator]: Novo alvo de exploração: (25, 3)
[INFO] [1764519713.636108279] [cg_autonomous_navigator]: Tentando mover de (24, 3) para (25, 3)
[INFO] [1764519713.686018099] [cg_autonomous_navigator]: Novo alvo de exploração: (26, 3)
[INFO] [1764519713.686081835] [cg_autonomous_navigator]: Tentando mover de (25, 3) para (26, 3)
[INFO] [1764519713.736051325] [cg_autonomous_navigator]: Novo alvo de exploração: (27, 2)
[INFO] [1764519713.736118461] [cg_autonomous_navigator]: Tentando mover de (26, 3) para (27, 3)
[INFO] [1764519713.786037487] [cg_autonomous_navigator]: Tentando mover de (27, 3) para (27, 2)
[INFO] [1764519713.836054361] [cg_autonomous_navigator]: Novo alvo de exploração: (26, 1)
[INFO] [1764519713.836123920] [cg_autonomous_navigator]: Tentando mover de (27, 2) para (27, 1)
[INFO] [1764519713.886041239] [cg_autonomous_navigator]: Tentando mover de (27, 1) para (26, 1)
[INFO] [1764519713.936040301] [cg_autonomous_navigator]: Novo alvo de exploração: (25, 1)
[INFO] [1764519713.936115791] [cg_autonomous_navigator]: Tentando mover de (26, 1) para (25, 1)
[INFO] [1764519713.986063811] [cg_autonomous_navigator]: Novo alvo de exploração: (24, 1)
[INFO] [1764519713.986172918] [cg_autonomous_navigator]: Tentando mover de (25, 1) para (24, 1)
[INFO] [1764519714.036048534] [cg_autonomous_navigator]: Novo alvo de exploração: (23, 1)
[INFO] [1764519714.036142896] [cg_autonomous_navigator]: Tentando mover de (24, 1) para (23, 1)
[INFO] [1764519714.086079328] [cg_autonomous_navigator]: Novo alvo de exploração: (22, 1)
[INFO] [1764519714.086153392] [cg_autonomous_navigator]: Tentando mover de (23, 1) para (22, 1)
[INFO] [1764519714.136024966] [cg_autonomous_navigator]: Novo alvo de exploração: (27, 4)
[INFO] [1764519714.136113896] [cg_autonomous_navigator]: Tentando mover de (22, 1) para (23, 1)
[INFO] [1764519714.186034504] [cg_autonomous_navigator]: Tentando mover de (23, 1) para (24, 1)
[INFO] [1764519714.236037060] [cg_autonomous_navigator]: Tentando mover de (24, 1) para (25, 1)
[INFO] [1764519714.286024168] [cg_autonomous_navigator]: Tentando mover de (25, 1) para (26, 1)
[INFO] [1764519714.336045709] [cg_autonomous_navigator]: Tentando mover de (26, 1) para (27, 1)
[INFO] [1764519714.385982966] [cg_autonomous_navigator]: Tentando mover de (27, 1) para (27, 2)
[INFO] [1764519714.436043504] [cg_autonomous_navigator]: Tentando mover de (27, 2) para (27, 3)
[INFO] [1764519714.486041388] [cg_autonomous_navigator]: Tentando mover de (27, 3) para (27, 4)
[INFO] [1764519714.536056095] [cg_autonomous_navigator]: Novo alvo de exploração: (27, 5)
[INFO] [1764519714.536121297] [cg_autonomous_navigator]: Tentando mover de (27, 4) para (27, 5)
[INFO] [1764519714.586142772] [cg_autonomous_navigator]: Novo alvo de exploração: (27, 6)
[INFO] [1764519714.586297044] [cg_autonomous_navigator]: Tentando mover de (27, 5) para (27, 6)
[INFO] [1764519714.636067776] [cg_autonomous_navigator]: Novo alvo de exploração: (27, 7)
[INFO] [1764519714.636149787] [cg_autonomous_navigator]: Tentando mover de (27, 6) para (27, 7)
[INFO] [1764519714.686069093] [cg_autonomous_navigator]: Novo alvo de exploração: (27, 8)
[INFO] [1764519714.686146799] [cg_autonomous_navigator]: Tentando mover de (27, 7) para (27, 8)
[INFO] [1764519714.736067709] [cg_autonomous_navigator]: Novo alvo de exploração: (26, 9)
[INFO] [1764519714.736148446] [cg_autonomous_navigator]: Tentando mover de (27, 8) para (27, 9)
[INFO] [1764519714.786020777] [cg_autonomous_navigator]: Tentando mover de (27, 9) para (26, 9)
[INFO] [1764519714.836073000] [cg_autonomous_navigator]: Novo alvo de exploração: (25, 9)
[INFO] [1764519714.836153968] [cg_autonomous_navigator]: Tentando mover de (26, 9) para (25, 9)
[INFO] [1764519714.886074169] [cg_autonomous_navigator]: Novo alvo de exploração: (24, 9)
[INFO] [1764519714.886151566] [cg_autonomous_navigator]: Tentando mover de (25, 9) para (24, 9)
[INFO] [1764519714.936061963] [cg_autonomous_navigator]: Novo alvo de exploração: (23, 8)
[INFO] [1764519714.936125539] [cg_autonomous_navigator]: Tentando mover de (24, 9) para (23, 9)
[INFO] [1764519714.986032557] [cg_autonomous_navigator]: Tentando mover de (23, 9) para (23, 8)
[INFO] [1764519715.036064070] [cg_autonomous_navigator]: Novo alvo de exploração: (22, 7)
[INFO] [1764519715.036138648] [cg_autonomous_navigator]: Tentando mover de (23, 8) para (23, 7)
[INFO] [1764519715.086041594] [cg_autonomous_navigator]: Tentando mover de (23, 7) para (22, 7)
[INFO] [1764519715.136063122] [cg_autonomous_navigator]: Novo alvo de exploração: (23, 6)
[INFO] [1764519715.136131308] [cg_autonomous_navigator]: Tentando mover de (22, 7) para (23, 7)
[INFO] [1764519715.186045484] [cg_autonomous_navigator]: Tentando mover de (23, 7) para (23, 6)
[INFO] [1764519715.236062266] [cg_autonomous_navigator]: Novo alvo de exploração: (24, 5)
[INFO] [1764519715.236124348] [cg_autonomous_navigator]: Tentando mover de (23, 6) para (23, 5)
[INFO] [1764519715.286046374] [cg_autonomous_navigator]: Tentando mover de (23, 5) para (24, 5)
[INFO] [1764519715.336083443] [cg_autonomous_navigator]: Novo alvo de exploração: (25, 6)
[INFO] [1764519715.336155981] [cg_autonomous_navigator]: Tentando mover de (24, 5) para (25, 5)
[INFO] [1764519715.386045686] [cg_autonomous_navigator]: Tentando mover de (25, 5) para (25, 6)
[INFO] [1764519715.436100839] [cg_autonomous_navigator]: Novo alvo de exploração: (21, 7)
[INFO] [1764519715.436218516] [cg_autonomous_navigator]: Tentando mover de (25, 6) para (25, 5)
[INFO] [1764519715.486026048] [cg_autonomous_navigator]: Tentando mover de (25, 5) para (24, 5)
[INFO] [1764519715.536045694] [cg_autonomous_navigator]: Tentando mover de (24, 5) para (23, 5)
[INFO] [1764519715.586052603] [cg_autonomous_navigator]: Tentando mover de (23, 5) para (23, 6)
[INFO] [1764519715.636029253] [cg_autonomous_navigator]: Tentando mover de (23, 6) para (23, 7)
[INFO] [1764519715.686047596] [cg_autonomous_navigator]: Tentando mover de (23, 7) para (22, 7)
[INFO] [1764519715.736030842] [cg_autonomous_navigator]: Tentando mover de (22, 7) para (21, 7)
[INFO] [1764519715.786071278] [cg_autonomous_navigator]: Novo alvo de exploração: (20, 7)
[INFO] [1764519715.786165595] [cg_autonomous_navigator]: Tentando mover de (21, 7) para (20, 7)
[INFO] [1764519715.836127944] [cg_autonomous_navigator]: Novo alvo de exploração: (19, 7)
[INFO] [1764519715.836223344] [cg_autonomous_navigator]: Tentando mover de (20, 7) para (19, 7)
[INFO] [1764519715.886217949] [cg_autonomous_navigator]: Novo alvo de exploração: (19, 8)
[INFO] [1764519715.886352979] [cg_autonomous_navigator]: Tentando mover de (19, 7) para (19, 8)
[INFO] [1764519715.936086876] [cg_autonomous_navigator]: Novo alvo de exploração: (19, 9)
[INFO] [1764519715.936148584] [cg_autonomous_navigator]: Tentando mover de (19, 8) para (19, 9)
[INFO] [1764519715.986092856] [cg_autonomous_navigator]: Novo alvo de exploração: (20, 9)
[INFO] [1764519715.986155449] [cg_autonomous_navigator]: Tentando mover de (19, 9) para (20, 9)
[INFO] [1764519716.036116931] [cg_autonomous_navigator]: Novo alvo de exploração: (21, 10)
[INFO] [1764519716.036234448] [cg_autonomous_navigator]: Tentando mover de (20, 9) para (21, 9)
[INFO] [1764519716.086082038] [cg_autonomous_navigator]: Tentando mover de (21, 9) para (21, 10)
[INFO] [1764519716.136159262] [cg_autonomous_navigator]: Novo alvo de exploração: (21, 11)
[INFO] [1764519716.136290294] [cg_autonomous_navigator]: Tentando mover de (21, 10) para (21, 11)
[INFO] [1764519716.186101568] [cg_autonomous_navigator]: Novo alvo de exploração: (21, 12)
[INFO] [1764519716.186166621] [cg_autonomous_navigator]: Tentando mover de (21, 11) para (21, 12)
[INFO] [1764519716.236134445] [cg_autonomous_navigator]: Novo alvo de exploração: (21, 13)
[INFO] [1764519716.236236648] [cg_autonomous_navigator]: Tentando mover de (21, 12) para (21, 13)
[INFO] [1764519716.286090378] [cg_autonomous_navigator]: Novo alvo de exploração: (22, 13)
[INFO] [1764519716.286159574] [cg_autonomous_navigator]: Tentando mover de (21, 13) para (22, 13)
[INFO] [1764519716.336092139] [cg_autonomous_navigator]: Novo alvo de exploração: (23, 13)
[INFO] [1764519716.336157469] [cg_autonomous_navigator]: Tentando mover de (22, 13) para (23, 13)
[INFO] [1764519716.386216174] [cg_autonomous_navigator]: Novo alvo de exploração: (24, 13)
[INFO] [1764519716.386354674] [cg_autonomous_navigator]: Tentando mover de (23, 13) para (24, 13)
[INFO] [1764519716.436094892] [cg_autonomous_navigator]: Novo alvo de exploração: (25, 13)
[INFO] [1764519716.436175426] [cg_autonomous_navigator]: Tentando mover de (24, 13) para (25, 13)
[INFO] [1764519716.486098698] [cg_autonomous_navigator]: Novo alvo de exploração: (25, 14)
[INFO] [1764519716.486166256] [cg_autonomous_navigator]: Tentando mover de (25, 13) para (25, 14)
[INFO] [1764519716.536107013] [cg_autonomous_navigator]: Novo alvo de exploração: (24, 15)
[INFO] [1764519716.536188365] [cg_autonomous_navigator]: Tentando mover de (25, 14) para (25, 15)
[INFO] [1764519716.586043808] [cg_autonomous_navigator]: Tentando mover de (25, 15) para (24, 15)
[INFO] [1764519716.636082312] [cg_autonomous_navigator]: Novo alvo de exploração: (23, 15)
[INFO] [1764519716.636147352] [cg_autonomous_navigator]: Tentando mover de (24, 15) para (23, 15)
[INFO] [1764519716.686100408] [cg_autonomous_navigator]: Novo alvo de exploração: (23, 16)
[INFO] [1764519716.686164343] [cg_autonomous_navigator]: Tentando mover de (23, 15) para (23, 16)
[INFO] [1764519716.736113652] [cg_autonomous_navigator]: Novo alvo de exploração: (22, 17)
[INFO] [1764519716.736196664] [cg_autonomous_navigator]: Tentando mover de (23, 16) para (23, 17)
[INFO] [1764519716.786045915] [cg_autonomous_navigator]: Tentando mover de (23, 17) para (22, 17)
[INFO] [1764519716.836115318] [cg_autonomous_navigator]: Novo alvo de exploração: (21, 17)
[INFO] [1764519716.836194977] [cg_autonomous_navigator]: Tentando mover de (22, 17) para (21, 17)
[INFO] [1764519716.886137086] [cg_autonomous_navigator]: Novo alvo de exploração: (20, 17)
[INFO] [1764519716.886226081] [cg_autonomous_navigator]: Tentando mover de (21, 17) para (20, 17)
[INFO] [1764519716.936127284] [cg_autonomous_navigator]: Novo alvo de exploração: (19, 17)
[INFO] [1764519716.936281228] [cg_autonomous_navigator]: Tentando mover de (20, 17) para (19, 17)
[INFO] [1764519716.986101187] [cg_autonomous_navigator]: Novo alvo de exploração: (18, 17)
[INFO] [1764519716.986162905] [cg_autonomous_navigator]: Tentando mover de (19, 17) para (18, 17)
[INFO] [1764519717.036186536] [cg_autonomous_navigator]: Novo alvo de exploração: (17, 17)
[INFO] [1764519717.036314142] [cg_autonomous_navigator]: Tentando mover de (18, 17) para (17, 17)
[INFO] [1764519717.086158659] [cg_autonomous_navigator]: Novo alvo de exploração: (16, 17)
[INFO] [1764519717.086271735] [cg_autonomous_navigator]: Tentando mover de (17, 17) para (16, 17)
[INFO] [1764519717.136154782] [cg_autonomous_navigator]: Novo alvo de exploração: (15, 16)
[INFO] [1764519717.136273694] [cg_autonomous_navigator]: Tentando mover de (16, 17) para (15, 17)
[INFO] [1764519717.186070652] [cg_autonomous_navigator]: Tentando mover de (15, 17) para (15, 16)
[INFO] [1764519717.236103262] [cg_autonomous_navigator]: Novo alvo de exploração: (15, 15)
[INFO] [1764519717.236170686] [cg_autonomous_navigator]: Tentando mover de (15, 16) para (15, 15)
[INFO] [1764519717.286108883] [cg_autonomous_navigator]: Novo alvo de exploração: (14, 14)
[INFO] [1764519717.286179116] [cg_autonomous_navigator]: Tentando mover de (15, 15) para (15, 14)
[INFO] [1764519717.336062769] [cg_autonomous_navigator]: Tentando mover de (15, 14) para (14, 14)
[INFO] [1764519717.386083736] [cg_autonomous_navigator]: Novo alvo de exploração: (13, 13)
[INFO] [1764519717.386170848] [cg_autonomous_navigator]: Tentando mover de (14, 14) para (14, 13)
[ERROR] [1764519717.408753577] [cg_autonomous_navigator]: O serviço de movimento indicou FALHA ao tentar ir para (14, 13).
[INFO] [1764519717.436086849] [cg_autonomous_navigator]: Novo alvo de exploração: (13, 13)
[INFO] [1764519717.436175462] [cg_autonomous_navigator]: Tentando mover de (14, 14) para (14, 13)
[ERROR] [1764519717.437391975] [cg_autonomous_navigator]: O serviço de movimento indicou FALHA ao tentar ir para (14, 13).
[INFO] [1764519717.486089995] [cg_autonomous_navigator]: Novo alvo de exploração: (13, 13)
[INFO] [1764519717.486182880] [cg_autonomous_navigator]: Tentando mover de (14, 14) para (14, 13)
[ERROR] [1764519717.487941284] [cg_autonomous_navigator]: O serviço de movimento indicou FALHA ao tentar ir para (14, 13).
[INFO] [1764519717.536124481] [cg_autonomous_navigator]: Novo alvo de exploração: (13, 13)
[INFO] [1764519717.536231590] [cg_autonomous_navigator]: Tentando mover de (14, 14) para (14, 13)
[ERROR] [1764519717.537525397] [cg_autonomous_navigator]: O serviço de movimento indicou FALHA ao tentar ir para (14, 13).
[INFO] [1764519717.586087487] [cg_autonomous_navigator]: Novo alvo de exploração: (13, 13)
[INFO] [1764519717.586190165] [cg_autonomous_navigator]: Tentando mover de (14, 14) para (14, 13)
[ERROR] [1764519717.587419601] [cg_autonomous_navigator]: O serviço de movimento indicou FALHA ao tentar ir para (14, 13).
[INFO] [1764519717.636088715] [cg_autonomous_navigator]: Novo alvo de exploração: (13, 13)
[INFO] [1764519717.636184670] [cg_autonomous_navigator]: Tentando mover de (14, 14) para (14, 13)
[ERROR] [1764519717.637465577] [cg_autonomous_navigator]: O serviço de movimento indicou FALHA ao tentar ir para (14, 13).
[INFO] [1764519717.686095954] [cg_autonomous_navigator]: Novo alvo de exploração: (13, 13)
[INFO] [1764519717.686204943] [cg_autonomous_navigator]: Tentando mover de (14, 14) para (14, 13)
[ERROR] [1764519717.687378165] [cg_autonomous_navigator]: O serviço de movimento indicou FALHA ao tentar ir para (14, 13).
[INFO] [1764519717.736093977] [cg_autonomous_navigator]: Novo alvo de exploração: (13, 13)
[INFO] [1764519717.736219011] [cg_autonomous_navigator]: Tentando mover de (14, 14) para (14, 13)
[ERROR] [1764519717.737558123] [cg_autonomous_navigator]: O serviço de movimento indicou FALHA ao tentar ir para (14, 13).
[INFO] [1764519717.786159079] [cg_autonomous_navigator]: Novo alvo de exploração: (13, 13)
[INFO] [1764519717.786329416] [cg_autonomous_navigator]: Tentando mover de (14, 14) para (14, 13)
[ERROR] [1764519717.787594454] [cg_autonomous_navigator]: O serviço de movimento indicou FALHA ao tentar ir para (14, 13).
[INFO] [1764519717.836166248] [cg_autonomous_navigator]: Novo alvo de exploração: (13, 13)
[INFO] [1764519717.836283841] [cg_autonomous_navigator]: Tentando mover de (14, 14) para (14, 13)
[ERROR] [1764519717.837525067] [cg_autonomous_navigator]: O serviço de movimento indicou FALHA ao tentar ir para (14, 13).
[INFO] [1764519717.886095724] [cg_autonomous_navigator]: Novo alvo de exploração: (13, 13)
[INFO] [1764519717.886190229] [cg_autonomous_navigator]: Tentando mover de (14, 14) para (14, 13)
[ERROR] [1764519717.887316737] [cg_autonomous_navigator]: O serviço de movimento indicou FALHA ao tentar ir para (14, 13).
[INFO] [1764519717.936108572] [cg_autonomous_navigator]: Novo alvo de exploração: (13, 13)
[INFO] [1764519717.936189244] [cg_autonomous_navigator]: Tentando mover de (14, 14) para (14, 13)
[ERROR] [1764519717.937580637] [cg_autonomous_navigator]: O serviço de movimento indicou FALHA ao tentar ir para (14, 13).
[INFO] [1764519717.986094788] [cg_autonomous_navigator]: Novo alvo de exploração: (13, 13)
[INFO] [1764519717.986191109] [cg_autonomous_navigator]: Tentando mover de (14, 14) para (14, 13)
[ERROR] [1764519717.987876938] [cg_autonomous_navigator]: O serviço de movimento indicou FALHA ao tentar ir para (14, 13).
[INFO] [1764519718.036164472] [cg_autonomous_navigator]: Novo alvo de exploração: (13, 13)
[INFO] [1764519718.036279698] [cg_autonomous_navigator]: Tentando mover de (14, 14) para (14, 13)
[ERROR] [1764519718.038133612] [cg_autonomous_navigator]: O serviço de movimento indicou FALHA ao tentar ir para (14, 13).
[INFO] [1764519718.086187606] [cg_autonomous_navigator]: Novo alvo de exploração: (13, 13)
[INFO] [1764519718.086359440] [cg_autonomous_navigator]: Tentando mover de (14, 14) para (14, 13)
[ERROR] [1764519718.088486063] [cg_autonomous_navigator]: O serviço de movimento indicou FALHA ao tentar ir para (14, 13).
[INFO] [1764519718.136193451] [cg_autonomous_navigator]: Novo alvo de exploração: (13, 13)
[INFO] [1764519718.136389213] [cg_autonomous_navigator]: Tentando mover de (14, 14) para (14, 13)
[ERROR] [1764519718.138429762] [cg_autonomous_navigator]: O serviço de movimento indicou FALHA ao tentar ir para (14, 13).
[INFO] [1764519718.186149841] [cg_autonomous_navigator]: Novo alvo de exploração: (13, 13)
[INFO] [1764519718.186294974] [cg_autonomous_navigator]: Tentando mover de (14, 14) para (14, 13)
[ERROR] [1764519718.187479827] [cg_autonomous_navigator]: O serviço de movimento indicou FALHA ao tentar ir para (14, 13).
[INFO] [1764519718.236159763] [cg_autonomous_navigator]: Novo alvo de exploração: (13, 13)
[INFO] [1764519718.236280191] [cg_autonomous_navigator]: Tentando mover de (14, 14) para (14, 13)
[ERROR] [1764519718.237564936] [cg_autonomous_navigator]: O serviço de movimento indicou FALHA ao tentar ir para (14, 13).
[INFO] [1764519718.286128874] [cg_autonomous_navigator]: Novo alvo de exploração: (13, 13)
[INFO] [1764519718.286239250] [cg_autonomous_navigator]: Tentando mover de (14, 14) para (14, 13)
[ERROR] [1764519718.287419152] [cg_autonomous_navigator]: O serviço de movimento indicou FALHA ao tentar ir para (14, 13).
[INFO] [1764519718.336148238] [cg_autonomous_navigator]: Novo alvo de exploração: (13, 13)
[INFO] [1764519718.336244152] [cg_autonomous_navigator]: Tentando mover de (14, 14) para (14, 13)
[ERROR] [1764519718.337474798] [cg_autonomous_navigator]: O serviço de movimento indicou FALHA ao tentar ir para (14, 13).
[INFO] [1764519718.386152048] [cg_autonomous_navigator]: Novo alvo de exploração: (13, 13)
[INFO] [1764519718.386240918] [cg_autonomous_navigator]: Tentando mover de (14, 14) para (14, 13)
[ERROR] [1764519718.387537747] [cg_autonomous_navigator]: O serviço de movimento indicou FALHA ao tentar ir para (14, 13).
[INFO] [1764519718.436153597] [cg_autonomous_navigator]: Novo alvo de exploração: (13, 13)
[INFO] [1764519718.436324536] [cg_autonomous_navigator]: Tentando mover de (14, 14) para (14, 13)
[ERROR] [1764519718.438167838] [cg_autonomous_navigator]: O serviço de movimento indicou FALHA ao tentar ir para (14, 13).
[INFO] [1764519718.486100178] [cg_autonomous_navigator]: Novo alvo de exploração: (13, 13)
[INFO] [1764519718.486180062] [cg_autonomous_navigator]: Tentando mover de (14, 14) para (14, 13)
[ERROR] [1764519718.487424760] [cg_autonomous_navigator]: O serviço de movimento indicou FALHA ao tentar ir para (14, 13).
[INFO] [1764519718.536149544] [cg_autonomous_navigator]: Novo alvo de exploração: (13, 13)
[INFO] [1764519718.536241382] [cg_autonomous_navigator]: Tentando mover de (14, 14) para (14, 13)
[ERROR] [1764519718.537491022] [cg_autonomous_navigator]: O serviço de movimento indicou FALHA ao tentar ir para (14, 13).
[INFO] [1764519718.586148624] [cg_autonomous_navigator]: Novo alvo de exploração: (13, 13)
[INFO] [1764519718.586290503] [cg_autonomous_navigator]: Tentando mover de (14, 14) para (14, 13)
[ERROR] [1764519718.587522380] [cg_autonomous_navigator]: O serviço de movimento indicou FALHA ao tentar ir para (14, 13).
[INFO] [1764519718.636167181] [cg_autonomous_navigator]: Novo alvo de exploração: (13, 13)
[INFO] [1764519718.636301662] [cg_autonomous_navigator]: Tentando mover de (14, 14) para (14, 13)
[ERROR] [1764519718.637602587] [cg_autonomous_navigator]: O serviço de movimento indicou FALHA ao tentar ir para (14, 13).
[INFO] [1764519718.686153954] [cg_autonomous_navigator]: Novo alvo de exploração: (13, 13)
[INFO] [1764519718.686284839] [cg_autonomous_navigator]: Tentando mover de (14, 14) para (14, 13)
[ERROR] [1764519718.687483886] [cg_autonomous_navigator]: O serviço de movimento indicou FALHA ao tentar ir para (14, 13).
[INFO] [1764519718.736186554] [cg_autonomous_navigator]: Novo alvo de exploração: (13, 13)
[INFO] [1764519718.736320625] [cg_autonomous_navigator]: Tentando mover de (14, 14) para (14, 13)
[ERROR] [1764519718.737561518] [cg_autonomous_navigator]: O serviço de movimento indicou FALHA ao tentar ir para (14, 13).
[INFO] [1764519718.786111345] [cg_autonomous_navigator]: Novo alvo de exploração: (13, 13)
[INFO] [1764519718.786199046] [cg_autonomous_navigator]: Tentando mover de (14, 14) para (14, 13)
[ERROR] [1764519718.787415881] [cg_autonomous_navigator]: O serviço de movimento indicou FALHA ao tentar ir para (14, 13).
[INFO] [1764519718.836161179] [cg_autonomous_navigator]: Novo alvo de exploração: (13, 13)
[INFO] [1764519718.836288159] [cg_autonomous_navigator]: Tentando mover de (14, 14) para (14, 13)
[ERROR] [1764519718.838090231] [cg_autonomous_navigator]: O serviço de movimento indicou FALHA ao tentar ir para (14, 13).
[INFO] [1764519718.886154906] [cg_autonomous_navigator]: Novo alvo de exploração: (13, 13)
[INFO] [1764519718.886288260] [cg_autonomous_navigator]: Tentando mover de (14, 14) para (14, 13)
[ERROR] [1764519718.887945354] [cg_autonomous_navigator]: O serviço de movimento indicou FALHA ao tentar ir para (14, 13).
[INFO] [1764519718.936168049] [cg_autonomous_navigator]: Novo alvo de exploração: (13, 13)
[INFO] [1764519718.936293774] [cg_autonomous_navigator]: Tentando mover de (14, 14) para (14, 13)
[ERROR] [1764519718.938029914] [cg_autonomous_navigator]: O serviço de movimento indicou FALHA ao tentar ir para (14, 13).
[INFO] [1764519718.986157557] [cg_autonomous_navigator]: Novo alvo de exploração: (13, 13)
[INFO] [1764519718.986272582] [cg_autonomous_navigator]: Tentando mover de (14, 14) para (14, 13)
[ERROR] [1764519718.987639455] [cg_autonomous_navigator]: O serviço de movimento indicou FALHA ao tentar ir para (14, 13).
[INFO] [1764519719.036122767] [cg_autonomous_navigator]: Novo alvo de exploração: (13, 13)
[INFO] [1764519719.036207684] [cg_autonomous_navigator]: Tentando mover de (14, 14) para (14, 13)
[ERROR] [1764519719.037518408] [cg_autonomous_navigator]: O serviço de movimento indicou FALHA ao tentar ir para (14, 13).
[INFO] [1764519719.086111675] [cg_autonomous_navigator]: Novo alvo de exploração: (13, 13)
[INFO] [1764519719.086225975] [cg_autonomous_navigator]: Tentando mover de (14, 14) para (14, 13)
[ERROR] [1764519719.087621103] [cg_autonomous_navigator]: O serviço de movimento indicou FALHA ao tentar ir para (14, 13).
[INFO] [1764519719.136216259] [cg_autonomous_navigator]: Novo alvo de exploração: (13, 13)
[INFO] [1764519719.136393474] [cg_autonomous_navigator]: Tentando mover de (14, 14) para (14, 13)
[ERROR] [1764519719.137963788] [cg_autonomous_navigator]: O serviço de movimento indicou FALHA ao tentar ir para (14, 13).
[INFO] [1764519719.186169464] [cg_autonomous_navigator]: Novo alvo de exploração: (13, 13)
[INFO] [1764519719.186306813] [cg_autonomous_navigator]: Tentando mover de (14, 14) para (14, 13)
[ERROR] [1764519719.187608499] [cg_autonomous_navigator]: O serviço de movimento indicou FALHA ao tentar ir para (14, 13).
[INFO] [1764519719.236182142] [cg_autonomous_navigator]: Novo alvo de exploração: (13, 13)
[INFO] [1764519719.236309440] [cg_autonomous_navigator]: Tentando mover de (14, 14) para (14, 13)
[ERROR] [1764519719.237602609] [cg_autonomous_navigator]: O serviço de movimento indicou FALHA ao tentar ir para (14, 13).
[INFO] [1764519719.286186462] [cg_autonomous_navigator]: Novo alvo de exploração: (13, 13)
[INFO] [1764519719.286321533] [cg_autonomous_navigator]: Tentando mover de (14, 14) para (14, 13)
[ERROR] [1764519719.287579384] [cg_autonomous_navigator]: O serviço de movimento indicou FALHA ao tentar ir para (14, 13).
[INFO] [1764519719.336259841] [cg_autonomous_navigator]: Novo alvo de exploração: (13, 13)
[INFO] [1764519719.336373317] [cg_autonomous_navigator]: Tentando mover de (14, 14) para (14, 13)
[ERROR] [1764519719.338440287] [cg_autonomous_navigator]: O serviço de movimento indicou FALHA ao tentar ir para (14, 13).
[INFO] [1764519719.386201314] [cg_autonomous_navigator]: Novo alvo de exploração: (13, 13)
[INFO] [1764519719.386363559] [cg_autonomous_navigator]: Tentando mover de (14, 14) para (14, 13)
[ERROR] [1764519719.387988901] [cg_autonomous_navigator]: O serviço de movimento indicou FALHA ao tentar ir para (14, 13).
[INFO] [1764519719.436181380] [cg_autonomous_navigator]: Novo alvo de exploração: (13, 13)
[INFO] [1764519719.436289004] [cg_autonomous_navigator]: Tentando mover de (14, 14) para (14, 13)
[ERROR] [1764519719.437778061] [cg_autonomous_navigator]: O serviço de movimento indicou FALHA ao tentar ir para (14, 13).
[INFO] [1764519719.486153935] [cg_autonomous_navigator]: Novo alvo de exploração: (13, 13)
[INFO] [1764519719.486269014] [cg_autonomous_navigator]: Tentando mover de (14, 14) para (14, 13)
[ERROR] [1764519719.487529485] [cg_autonomous_navigator]: O serviço de movimento indicou FALHA ao tentar ir para (14, 13).
[INFO] [1764519719.536128782] [cg_autonomous_navigator]: Novo alvo de exploração: (13, 13)
[INFO] [1764519719.536222466] [cg_autonomous_navigator]: Tentando mover de (14, 14) para (14, 13)
[ERROR] [1764519719.537762939] [cg_autonomous_navigator]: O serviço de movimento indicou FALHA ao tentar ir para (14, 13).
[INFO] [1764519719.586128080] [cg_autonomous_navigator]: Novo alvo de exploração: (13, 13)
[INFO] [1764519719.586219099] [cg_autonomous_navigator]: Tentando mover de (14, 14) para (14, 13)
[ERROR] [1764519719.587498451] [cg_autonomous_navigator]: O serviço de movimento indicou FALHA ao tentar ir para (14, 13).
[INFO] [1764519719.636128398] [cg_autonomous_navigator]: Novo alvo de exploração: (13, 13)
[INFO] [1764519719.636225747] [cg_autonomous_navigator]: Tentando mover de (14, 14) para (14, 13)
[ERROR] [1764519719.637387514] [cg_autonomous_navigator]: O serviço de movimento indicou FALHA ao tentar ir para (14, 13).
[INFO] [1764519719.686134376] [cg_autonomous_navigator]: Novo alvo de exploração: (13, 13)
[INFO] [1764519719.686209693] [cg_autonomous_navigator]: Tentando mover de (14, 14) para (14, 13)
[ERROR] [1764519719.687700294] [cg_autonomous_navigator]: O serviço de movimento indicou FALHA ao tentar ir para (14, 13).
[INFO] [1764519719.736168768] [cg_autonomous_navigator]: Novo alvo de exploração: (13, 13)
[INFO] [1764519719.736325582] [cg_autonomous_navigator]: Tentando mover de (14, 14) para (14, 13)
[ERROR] [1764519719.737846261] [cg_autonomous_navigator]: O serviço de movimento indicou FALHA ao tentar ir para (14, 13).
[INFO] [1764519719.786133116] [cg_autonomous_navigator]: Novo alvo de exploração: (13, 13)
[INFO] [1764519719.786216706] [cg_autonomous_navigator]: Tentando mover de (14, 14) para (14, 13)
[ERROR] [1764519719.787763157] [cg_autonomous_navigator]: O serviço de movimento indicou FALHA ao tentar ir para (14, 13).
[INFO] [1764519719.836119174] [cg_autonomous_navigator]: Novo alvo de exploração: (13, 13)
[INFO] [1764519719.836200908] [cg_autonomous_navigator]: Tentando mover de (14, 14) para (14, 13)
[ERROR] [1764519719.837453817] [cg_autonomous_navigator]: O serviço de movimento indicou FALHA ao tentar ir para (14, 13).
[INFO] [1764519719.886158291] [cg_autonomous_navigator]: Novo alvo de exploração: (13, 13)
[INFO] [1764519719.886270855] [cg_autonomous_navigator]: Tentando mover de (14, 14) para (14, 13)
[ERROR] [1764519719.887389084] [cg_autonomous_navigator]: O serviço de movimento indicou FALHA ao tentar ir para (14, 13).
[INFO] [1764519719.936141823] [cg_autonomous_navigator]: Novo alvo de exploração: (13, 13)
[INFO] [1764519719.936231094] [cg_autonomous_navigator]: Tentando mover de (14, 14) para (14, 13)
[ERROR] [1764519719.937456122] [cg_autonomous_navigator]: O serviço de movimento indicou FALHA ao tentar ir para (14, 13).
[INFO] [1764519719.986123714] [cg_autonomous_navigator]: Novo alvo de exploração: (13, 13)
[INFO] [1764519719.986217669] [cg_autonomous_navigator]: Tentando mover de (14, 14) para (14, 13)
[ERROR] [1764519719.987464597] [cg_autonomous_navigator]: O serviço de movimento indicou FALHA ao tentar ir para (14, 13).
[INFO] [1764519720.036126702] [cg_autonomous_navigator]: Novo alvo de exploração: (13, 13)
[INFO] [1764519720.036212598] [cg_autonomous_navigator]: Tentando mover de (14, 14) para (14, 13)
[ERROR] [1764519720.037492821] [cg_autonomous_navigator]: O serviço de movimento indicou FALHA ao tentar ir para (14, 13).
[INFO] [1764519720.086130917] [cg_autonomous_navigator]: Novo alvo de exploração: (13, 13)
[INFO] [1764519720.086212052] [cg_autonomous_navigator]: Tentando mover de (14, 14) para (14, 13)
[ERROR] [1764519720.087674634] [cg_autonomous_navigator]: O serviço de movimento indicou FALHA ao tentar ir para (14, 13).
[INFO] [1764519720.136148229] [cg_autonomous_navigator]: Novo alvo de exploração: (13, 13)
[INFO] [1764519720.136245792] [cg_autonomous_navigator]: Tentando mover de (14, 14) para (14, 13)
[ERROR] [1764519720.137873185] [cg_autonomous_navigator]: O serviço de movimento indicou FALHA ao tentar ir para (14, 13).
[INFO] [1764519720.186247285] [cg_autonomous_navigator]: Novo alvo de exploração: (13, 13)
[INFO] [1764519720.186370465] [cg_autonomous_navigator]: Tentando mover de (14, 14) para (14, 13)
[ERROR] [1764519720.187571126] [cg_autonomous_navigator]: O serviço de movimento indicou FALHA ao tentar ir para (14, 13).
[INFO] [1764519720.236130212] [cg_autonomous_navigator]: Novo alvo de exploração: (13, 13)
[INFO] [1764519720.236212340] [cg_autonomous_navigator]: Tentando mover de (14, 14) para (14, 13)
[ERROR] [1764519720.237303261] [cg_autonomous_navigator]: O serviço de movimento indicou FALHA ao tentar ir para (14, 13).
[INFO] [1764519720.286316300] [cg_autonomous_navigator]: Novo alvo de exploração: (13, 13)
[INFO] [1764519720.286426103] [cg_autonomous_navigator]: Tentando mover de (14, 14) para (14, 13)
[INFO] [1764519976.770087313] [rclcpp]: signal_handler(signum=2)
