[INFO] [1764462002.865048690] [cg_autonomous_navigator]: Tentando conectar ao serviço /get_map...
[INFO] [1764462002.865217509] [cg_autonomous_navigator]: Serviço /get_map disponível, enviando request...
[INFO] [1764462003.364983133] [cg_autonomous_navigator]: Iniciando mapeamento exploratório...
[WARN] [1764462003.365036994] [cg_autonomous_navigator]: Não foi possível determinar a direção para o alvo (0, 0)
[INFO] [1764462072.107922480] [cg_autonomous_navigator]: Mapa recebido: 29x29
[INFO] [1764462072.366196924] [cg_autonomous_navigator]: Caminho calculado com 111 passos.
[INFO] [1764462072.865936670] [cg_autonomous_navigator]: Aguardando movimento anterior terminar...
[INFO] [1764462073.365967372] [cg_autonomous_navigator]: Aguardando movimento anterior terminar...
[INFO] [1764462073.865992443] [cg_autonomous_navigator]: Aguardando movimento anterior terminar...
[INFO] [1764462074.365975356] [cg_autonomous_navigator]: Aguardando movimento anterior terminar...
[INFO] [1764462074.865899009] [cg_autonomous_navigator]: Aguardando movimento anterior terminar...
[INFO] [1764462075.365998524] [cg_autonomous_navigator]: Aguardando movimento anterior terminar...
[INFO] [1764462075.866002150] [cg_autonomous_navigator]: Aguardando movimento anterior terminar...
[INFO] [1764462076.366006624] [cg_autonomous_navigator]: Aguardando movimento anterior terminar...
[INFO] [1764462076.866021507] [cg_autonomous_navigator]: Aguardando movimento anterior terminar...
[INFO] [1764462077.366024167] [cg_autonomous_navigator]: Aguardando movimento anterior terminar...
[INFO] [1764462077.865937320] [cg_autonomous_navigator]: Aguardando movimento anterior terminar...
[INFO] [1764462078.366029876] [cg_autonomous_navigator]: Aguardando movimento anterior terminar...
[INFO] [1764462078.866041595] [cg_autonomous_navigator]: Aguardando movimento anterior terminar...
[INFO] [1764462079.366046744] [cg_autonomous_navigator]: Aguardando movimento anterior terminar...
[INFO] [1764462079.866054815] [cg_autonomous_navigator]: Aguardando movimento anterior terminar...
[INFO] [1764462080.366009149] [cg_autonomous_navigator]: Aguardando movimento anterior terminar...
[INFO] [1764462080.866058006] [cg_autonomous_navigator]: Aguardando movimento anterior terminar...
[INFO] [1764462081.366025073] [cg_autonomous_navigator]: Aguardando movimento anterior terminar...
[INFO] [1764462081.866083693] [cg_autonomous_navigator]: Aguardando movimento anterior terminar...
[INFO] [1764462082.366045487] [cg_autonomous_navigator]: Aguardando movimento anterior terminar...
[INFO] [1764462082.866111571] [cg_autonomous_navigator]: Aguardando movimento anterior terminar...
[INFO] [1764462083.366109725] [cg_autonomous_navigator]: Aguardando movimento anterior terminar...
[INFO] [1764462083.866039333] [cg_autonomous_navigator]: Aguardando movimento anterior terminar...
[INFO] [1764462084.366019168] [cg_autonomous_navigator]: Aguardando movimento anterior terminar...
[INFO] [1764462084.866047320] [cg_autonomous_navigator]: Aguardando movimento anterior terminar...
[INFO] [1764462085.366069504] [cg_autonomous_navigator]: Aguardando movimento anterior terminar...
[INFO] [1764462085.866060287] [cg_autonomous_navigator]: Aguardando movimento anterior terminar...
[INFO] [1764462086.366074859] [cg_autonomous_navigator]: Aguardando movimento anterior terminar...
[INFO] [1764462086.866080035] [cg_autonomous_navigator]: Aguardando movimento anterior terminar...
[INFO] [1764462087.366166666] [cg_autonomous_navigator]: Aguardando movimento anterior terminar...
[INFO] [1764462087.866179441] [cg_autonomous_navigator]: Aguardando movimento anterior terminar...
[INFO] [1764462088.366180623] [cg_autonomous_navigator]: Aguardando movimento anterior terminar...
[INFO] [1764462088.866192082] [cg_autonomous_navigator]: Aguardando movimento anterior terminar...
[INFO] [1764462089.366108725] [cg_autonomous_navigator]: Aguardando movimento anterior terminar...
[INFO] [1764462089.866122062] [cg_autonomous_navigator]: Aguardando movimento anterior terminar...
[INFO] [1764462090.366201815] [cg_autonomous_navigator]: Aguardando movimento anterior terminar...
[INFO] [1764462090.866210511] [cg_autonomous_navigator]: Aguardando movimento anterior terminar...
[INFO] [1764462091.366140397] [cg_autonomous_navigator]: Aguardando movimento anterior terminar...
[INFO] [1764462091.866218553] [cg_autonomous_navigator]: Aguardando movimento anterior terminar...
[INFO] [1764462092.366221759] [cg_autonomous_navigator]: Aguardando movimento anterior terminar...
[INFO] [1764462092.866163252] [cg_autonomous_navigator]: Aguardando movimento anterior terminar...
[INFO] [1764462093.366140456] [cg_autonomous_navigator]: Aguardando movimento anterior terminar...
[INFO] [1764462093.866144238] [cg_autonomous_navigator]: Aguardando movimento anterior terminar...
[INFO] [1764462094.366152735] [cg_autonomous_navigator]: Aguardando movimento anterior terminar...
[INFO] [1764462094.866157033] [cg_autonomous_navigator]: Aguardando movimento anterior terminar...
[INFO] [1764462095.366169576] [cg_autonomous_navigator]: Aguardando movimento anterior terminar...
[INFO] [1764462095.866170899] [cg_autonomous_navigator]: Aguardando movimento anterior terminar...
[INFO] [1764462096.366180690] [cg_autonomous_navigator]: Aguardando movimento anterior terminar...
[INFO] [1764462096.866187063] [cg_autonomous_navigator]: Aguardando movimento anterior terminar...
[INFO] [1764462097.366218974] [cg_autonomous_navigator]: Aguardando movimento anterior terminar...
[INFO] [1764462097.866226234] [cg_autonomous_navigator]: Aguardando movimento anterior terminar...
[INFO] [1764462098.366202463] [cg_autonomous_navigator]: Aguardando movimento anterior terminar...
[INFO] [1764462098.866210223] [cg_autonomous_navigator]: Aguardando movimento anterior terminar...
[INFO] [1764462099.366218800] [cg_autonomous_navigator]: Aguardando movimento anterior terminar...
[INFO] [1764462099.866225481] [cg_autonomous_navigator]: Aguardando movimento anterior terminar...
[INFO] [1764462100.366233003] [cg_autonomous_navigator]: Aguardando movimento anterior terminar...
[INFO] [1764462100.866235953] [cg_autonomous_navigator]: Aguardando movimento anterior terminar...
[INFO] [1764462101.366244718] [cg_autonomous_navigator]: Aguardando movimento anterior terminar...
[INFO] [1764462101.866274537] [cg_autonomous_navigator]: Aguardando movimento anterior terminar...
[INFO] [1764462102.366259472] [cg_autonomous_navigator]: Aguardando movimento anterior terminar...
[INFO] [1764462102.866365067] [cg_autonomous_navigator]: Aguardando movimento anterior terminar...
[INFO] [1764462103.366291571] [cg_autonomous_navigator]: Aguardando movimento anterior terminar...
[INFO] [1764462103.866302851] [cg_autonomous_navigator]: Aguardando movimento anterior terminar...
[INFO] [1764462104.366305089] [cg_autonomous_navigator]: Aguardando movimento anterior terminar...
[INFO] [1764462104.866317439] [cg_autonomous_navigator]: Aguardando movimento anterior terminar...
[INFO] [1764462105.366327858] [cg_autonomous_navigator]: Aguardando movimento anterior terminar...
[INFO] [1764462105.866325382] [cg_autonomous_navigator]: Aguardando movimento anterior terminar...
[INFO] [1764462106.366330869] [cg_autonomous_navigator]: Aguardando movimento anterior terminar...
[INFO] [1764462106.866353564] [cg_autonomous_navigator]: Aguardando movimento anterior terminar...
[INFO] [1764462107.366349942] [cg_autonomous_navigator]: Aguardando movimento anterior terminar...
[INFO] [1764462107.866361165] [cg_autonomous_navigator]: Aguardando movimento anterior terminar...
[INFO] [1764462108.366336603] [cg_autonomous_navigator]: Aguardando movimento anterior terminar...
[INFO] [1764462108.866448690] [cg_autonomous_navigator]: Aguardando movimento anterior terminar...
[INFO] [1764462109.366370281] [cg_autonomous_navigator]: Aguardando movimento anterior terminar...
[INFO] [1764462109.866449876] [cg_autonomous_navigator]: Aguardando movimento anterior terminar...
[INFO] [1764462110.366467378] [cg_autonomous_navigator]: Aguardando movimento anterior terminar...
[INFO] [1764462110.866457251] [cg_autonomous_navigator]: Aguardando movimento anterior terminar...
[INFO] [1764462111.366378633] [cg_autonomous_navigator]: Aguardando movimento anterior terminar...
[INFO] [1764462111.866496285] [cg_autonomous_navigator]: Aguardando movimento anterior terminar...
[INFO] [1764462112.366499893] [cg_autonomous_navigator]: Aguardando movimento anterior terminar...
[INFO] [1764462112.866488282] [cg_autonomous_navigator]: Aguardando movimento anterior terminar...
[INFO] [1764462113.366505843] [cg_autonomous_navigator]: Aguardando movimento anterior terminar...
[INFO] [1764462113.866408136] [cg_autonomous_navigator]: Aguardando movimento anterior terminar...
[INFO] [1764462114.366557867] [cg_autonomous_navigator]: Aguardando movimento anterior terminar...
[INFO] [1764462114.866442901] [cg_autonomous_navigator]: Aguardando movimento anterior terminar...
[INFO] [1764462115.366528552] [cg_autonomous_navigator]: Aguardando movimento anterior terminar...
[INFO] [1764462115.866460797] [cg_autonomous_navigator]: Aguardando movimento anterior terminar...
[INFO] [1764462116.366550685] [cg_autonomous_navigator]: Aguardando movimento anterior terminar...
[INFO] [1764462116.866447005] [cg_autonomous_navigator]: Aguardando movimento anterior terminar...
[INFO] [1764462117.366557097] [cg_autonomous_navigator]: Aguardando movimento anterior terminar...
[INFO] [1764462117.866462476] [cg_autonomous_navigator]: Aguardando movimento anterior terminar...
[INFO] [1764462118.366562452] [cg_autonomous_navigator]: Aguardando movimento anterior terminar...
[INFO] [1764462118.866503172] [cg_autonomous_navigator]: Aguardando movimento anterior terminar...
[INFO] [1764462119.366506301] [cg_autonomous_navigator]: Aguardando movimento anterior terminar...
[INFO] [1764462119.866512497] [cg_autonomous_navigator]: Aguardando movimento anterior terminar...
[INFO] [1764462120.366517204] [cg_autonomous_navigator]: Aguardando movimento anterior terminar...
[INFO] [1764462120.866608790] [cg_autonomous_navigator]: Aguardando movimento anterior terminar...
[INFO] [1764462121.366634443] [cg_autonomous_navigator]: Aguardando movimento anterior terminar...
[INFO] [1764462121.866626435] [cg_autonomous_navigator]: Aguardando movimento anterior terminar...
[INFO] [1764462122.366635831] [cg_autonomous_navigator]: Aguardando movimento anterior terminar...
[INFO] [1764462122.866626992] [cg_autonomous_navigator]: Aguardando movimento anterior terminar...
[INFO] [1764462123.366645376] [cg_autonomous_navigator]: Aguardando movimento anterior terminar...
[INFO] [1764462123.866667148] [cg_autonomous_navigator]: Aguardando movimento anterior terminar...
[INFO] [1764462124.366652050] [cg_autonomous_navigator]: Aguardando movimento anterior terminar...
[INFO] [1764462124.866678142] [cg_autonomous_navigator]: Aguardando movimento anterior terminar...
[INFO] [1764462125.366621096] [cg_autonomous_navigator]: Aguardando movimento anterior terminar...
[INFO] [1764462125.866594443] [cg_autonomous_navigator]: Aguardando movimento anterior terminar...
[INFO] [1764462126.366664425] [cg_autonomous_navigator]: Aguardando movimento anterior terminar...
[INFO] [1764462126.866692786] [cg_autonomous_navigator]: Aguardando movimento anterior terminar...
[INFO] [1764462127.366620519] [cg_autonomous_navigator]: Robô chegou ao alvo!
