[INFO] [1764519166.443650051] [cg_autonomous_navigator]: Tentando conectar ao serviço /get_map...
[INFO] [1764519166.443799033] [cg_autonomous_navigator]: Serviço /get_map disponível, enviando request...
[INFO] [1764519166.445052308] [cg_autonomous_navigator]: Dimensões do mapa recebidas: 29x29. O robô começa em (1, 1).
[INFO] [1764519166.445089777] [cg_autonomous_navigator]: O robô agora está 'cego' e deve mapear o labirinto.
[INFO] [1764519166.493623636] [cg_autonomous_navigator]: Novo alvo de exploração: (2, 1)
[INFO] [1764519166.493684602] [cg_autonomous_navigator]: Tentando mover de (1, 1) para (2, 1)
[INFO] [1764519166.543640901] [cg_autonomous_navigator]: Novo alvo de exploração: (3, 1)
[INFO] [1764519166.543711670] [cg_autonomous_navigator]: Tentando mover de (2, 1) para (3, 1)
[INFO] [1764519166.593656263] [cg_autonomous_navigator]: Novo alvo de exploração: (4, 1)
[INFO] [1764519166.593726913] [cg_autonomous_navigator]: Tentando mover de (3, 1) para (4, 1)
[INFO] [1764519166.643625211] [cg_autonomous_navigator]: Novo alvo de exploração: (5, 1)
[INFO] [1764519166.643692922] [cg_autonomous_navigator]: Tentando mover de (4, 1) para (5, 1)
[INFO] [1764519166.693637507] [cg_autonomous_navigator]: Novo alvo de exploração: (6, 1)
[INFO] [1764519166.693720955] [cg_autonomous_navigator]: Tentando mover de (5, 1) para (6, 1)
[INFO] [1764519166.743661407] [cg_autonomous_navigator]: Novo alvo de exploração: (7, 1)
[INFO] [1764519166.743745370] [cg_autonomous_navigator]: Tentando mover de (6, 1) para (7, 1)
[INFO] [1764519166.793695358] [cg_autonomous_navigator]: Novo alvo de exploração: (8, 1)
[INFO] [1764519166.793769257] [cg_autonomous_navigator]: Tentando mover de (7, 1) para (8, 1)
[INFO] [1764519166.843660252] [cg_autonomous_navigator]: Novo alvo de exploração: (9, 1)
[INFO] [1764519166.843724240] [cg_autonomous_navigator]: Tentando mover de (8, 1) para (9, 1)
[INFO] [1764519166.893649738] [cg_autonomous_navigator]: Novo alvo de exploração: (9, 2)
[INFO] [1764519166.893710129] [cg_autonomous_navigator]: Tentando mover de (9, 1) para (9, 2)
[INFO] [1764519166.943796816] [cg_autonomous_navigator]: Novo alvo de exploração: (9, 3)
[INFO] [1764519166.943861378] [cg_autonomous_navigator]: Tentando mover de (9, 2) para (9, 3)
[INFO] [1764519166.993644498] [cg_autonomous_navigator]: Novo alvo de exploração: (10, 3)
[INFO] [1764519166.993705967] [cg_autonomous_navigator]: Tentando mover de (9, 3) para (10, 3)
[INFO] [1764519167.043633621] [cg_autonomous_navigator]: Novo alvo de exploração: (11, 3)
[INFO] [1764519167.043692145] [cg_autonomous_navigator]: Tentando mover de (10, 3) para (11, 3)
[INFO] [1764519167.093647029] [cg_autonomous_navigator]: Novo alvo de exploração: (11, 4)
[INFO] [1764519167.093722882] [cg_autonomous_navigator]: Tentando mover de (11, 3) para (11, 4)
[INFO] [1764519167.143664379] [cg_autonomous_navigator]: Novo alvo de exploração: (10, 5)
[INFO] [1764519167.143755373] [cg_autonomous_navigator]: Tentando mover de (11, 4) para (11, 5)
[INFO] [1764519167.193632238] [cg_autonomous_navigator]: Tentando mover de (11, 5) para (10, 5)
[INFO] [1764519167.243651330] [cg_autonomous_navigator]: Novo alvo de exploração: (9, 5)
[INFO] [1764519167.243725097] [cg_autonomous_navigator]: Tentando mover de (10, 5) para (9, 5)
[INFO] [1764519167.293652257] [cg_autonomous_navigator]: Novo alvo de exploração: (9, 6)
[INFO] [1764519167.293727314] [cg_autonomous_navigator]: Tentando mover de (9, 5) para (9, 6)
[INFO] [1764519167.343657769] [cg_autonomous_navigator]: Novo alvo de exploração: (9, 7)
[INFO] [1764519167.343730497] [cg_autonomous_navigator]: Tentando mover de (9, 6) para (9, 7)
[INFO] [1764519167.393676483] [cg_autonomous_navigator]: Novo alvo de exploração: (9, 8)
[INFO] [1764519167.393748903] [cg_autonomous_navigator]: Tentando mover de (9, 7) para (9, 8)
[INFO] [1764519167.443641543] [cg_autonomous_navigator]: Novo alvo de exploração: (9, 9)
[INFO] [1764519167.443703693] [cg_autonomous_navigator]: Tentando mover de (9, 8) para (9, 9)
[INFO] [1764519167.493710188] [cg_autonomous_navigator]: Novo alvo de exploração: (9, 10)
[INFO] [1764519167.493825612] [cg_autonomous_navigator]: Tentando mover de (9, 9) para (9, 10)
[INFO] [1764519167.543670501] [cg_autonomous_navigator]: Novo alvo de exploração: (9, 11)
[INFO] [1764519167.543736634] [cg_autonomous_navigator]: Tentando mover de (9, 10) para (9, 11)
[INFO] [1764519167.593668472] [cg_autonomous_navigator]: Novo alvo de exploração: (9, 12)
[INFO] [1764519167.593736782] [cg_autonomous_navigator]: Tentando mover de (9, 11) para (9, 12)
[INFO] [1764519167.643646049] [cg_autonomous_navigator]: Novo alvo de exploração: (9, 13)
[INFO] [1764519167.643712978] [cg_autonomous_navigator]: Tentando mover de (9, 12) para (9, 13)
[INFO] [1764519167.693700376] [cg_autonomous_navigator]: Novo alvo de exploração: (10, 13)
[INFO] [1764519167.693776169] [cg_autonomous_navigator]: Tentando mover de (9, 13) para (10, 13)
[INFO] [1764519167.743675662] [cg_autonomous_navigator]: Novo alvo de exploração: (11, 12)
[INFO] [1764519167.743743969] [cg_autonomous_navigator]: Tentando mover de (10, 13) para (11, 13)
[INFO] [1764519167.793661466] [cg_autonomous_navigator]: Tentando mover de (11, 13) para (11, 12)
[INFO] [1764519167.843671788] [cg_autonomous_navigator]: Novo alvo de exploração: (11, 11)
[INFO] [1764519167.843752181] [cg_autonomous_navigator]: Tentando mover de (11, 12) para (11, 11)
[INFO] [1764519167.893671721] [cg_autonomous_navigator]: Novo alvo de exploração: (11, 10)
[INFO] [1764519167.893748174] [cg_autonomous_navigator]: Tentando mover de (11, 11) para (11, 10)
[INFO] [1764519167.943661319] [cg_autonomous_navigator]: Novo alvo de exploração: (11, 9)
[INFO] [1764519167.943737102] [cg_autonomous_navigator]: Tentando mover de (11, 10) para (11, 9)
[INFO] [1764519167.993667092] [cg_autonomous_navigator]: Novo alvo de exploração: (11, 8)
[INFO] [1764519167.993741106] [cg_autonomous_navigator]: Tentando mover de (11, 9) para (11, 8)
[INFO] [1764519168.043664001] [cg_autonomous_navigator]: Novo alvo de exploração: (12, 7)
[INFO] [1764519168.043749213] [cg_autonomous_navigator]: Tentando mover de (11, 8) para (11, 7)
[INFO] [1764519168.093641398] [cg_autonomous_navigator]: Tentando mover de (11, 7) para (12, 7)
[INFO] [1764519168.143678521] [cg_autonomous_navigator]: Novo alvo de exploração: (13, 7)
[INFO] [1764519168.143741259] [cg_autonomous_navigator]: Tentando mover de (12, 7) para (13, 7)
[INFO] [1764519168.193699813] [cg_autonomous_navigator]: Novo alvo de exploração: (14, 7)
[INFO] [1764519168.193775302] [cg_autonomous_navigator]: Tentando mover de (13, 7) para (14, 7)
[INFO] [1764519168.243666163] [cg_autonomous_navigator]: Novo alvo de exploração: (15, 6)
[INFO] [1764519168.243745957] [cg_autonomous_navigator]: Tentando mover de (14, 7) para (15, 7)
[INFO] [1764519168.293656288] [cg_autonomous_navigator]: Tentando mover de (15, 7) para (15, 6)
[INFO] [1764519168.343642448] [cg_autonomous_navigator]: Novo alvo de exploração: (15, 5)
[INFO] [1764519168.343719946] [cg_autonomous_navigator]: Tentando mover de (15, 6) para (15, 5)
[INFO] [1764519168.393689992] [cg_autonomous_navigator]: Novo alvo de exploração: (16, 5)
[INFO] [1764519168.393775052] [cg_autonomous_navigator]: Tentando mover de (15, 5) para (16, 5)
[INFO] [1764519168.443681721] [cg_autonomous_navigator]: Novo alvo de exploração: (17, 4)
[INFO] [1764519168.443752218] [cg_autonomous_navigator]: Tentando mover de (16, 5) para (17, 5)
[INFO] [1764519168.493604293] [cg_autonomous_navigator]: Tentando mover de (17, 5) para (17, 4)
[INFO] [1764519168.543665381] [cg_autonomous_navigator]: Novo alvo de exploração: (16, 3)
[INFO] [1764519168.543745540] [cg_autonomous_navigator]: Tentando mover de (17, 4) para (17, 3)
[INFO] [1764519168.593663412] [cg_autonomous_navigator]: Tentando mover de (17, 3) para (16, 3)
[INFO] [1764519168.643665541] [cg_autonomous_navigator]: Novo alvo de exploração: (15, 3)
[INFO] [1764519168.643748218] [cg_autonomous_navigator]: Tentando mover de (16, 3) para (15, 3)
[INFO] [1764519168.693673382] [cg_autonomous_navigator]: Novo alvo de exploração: (14, 3)
[INFO] [1764519168.693785383] [cg_autonomous_navigator]: Tentando mover de (15, 3) para (14, 3)
[INFO] [1764519168.743660872] [cg_autonomous_navigator]: Novo alvo de exploração: (13, 2)
[INFO] [1764519168.743738167] [cg_autonomous_navigator]: Tentando mover de (14, 3) para (13, 3)
[INFO] [1764519168.793659096] [cg_autonomous_navigator]: Tentando mover de (13, 3) para (13, 2)
[INFO] [1764519168.843694307] [cg_autonomous_navigator]: Novo alvo de exploração: (12, 1)
[INFO] [1764519168.843765640] [cg_autonomous_navigator]: Tentando mover de (13, 2) para (13, 1)
[INFO] [1764519168.893659913] [cg_autonomous_navigator]: Tentando mover de (13, 1) para (12, 1)
[INFO] [1764519168.943679853] [cg_autonomous_navigator]: Novo alvo de exploração: (14, 1)
[INFO] [1764519168.943758168] [cg_autonomous_navigator]: Tentando mover de (12, 1) para (13, 1)
[INFO] [1764519168.993681605] [cg_autonomous_navigator]: Tentando mover de (13, 1) para (14, 1)
[INFO] [1764519169.043665464] [cg_autonomous_navigator]: Novo alvo de exploração: (15, 1)
[INFO] [1764519169.043737047] [cg_autonomous_navigator]: Tentando mover de (14, 1) para (15, 1)
[INFO] [1764519169.093707060] [cg_autonomous_navigator]: Novo alvo de exploração: (16, 1)
[INFO] [1764519169.093773462] [cg_autonomous_navigator]: Tentando mover de (15, 1) para (16, 1)
[INFO] [1764519169.143682278] [cg_autonomous_navigator]: Novo alvo de exploração: (17, 1)
[INFO] [1764519169.143752026] [cg_autonomous_navigator]: Tentando mover de (16, 1) para (17, 1)
[INFO] [1764519169.193681115] [cg_autonomous_navigator]: Novo alvo de exploração: (18, 1)
[INFO] [1764519169.193757647] [cg_autonomous_navigator]: Tentando mover de (17, 1) para (18, 1)
[INFO] [1764519169.243674105] [cg_autonomous_navigator]: Novo alvo de exploração: (19, 1)
[INFO] [1764519169.243756293] [cg_autonomous_navigator]: Tentando mover de (18, 1) para (19, 1)
[INFO] [1764519169.293676043] [cg_autonomous_navigator]: Novo alvo de exploração: (19, 2)
[INFO] [1764519169.293750935] [cg_autonomous_navigator]: Tentando mover de (19, 1) para (19, 2)
[INFO] [1764519169.343690250] [cg_autonomous_navigator]: Novo alvo de exploração: (19, 3)
[INFO] [1764519169.343762943] [cg_autonomous_navigator]: Tentando mover de (19, 2) para (19, 3)
[INFO] [1764519169.393686650] [cg_autonomous_navigator]: Novo alvo de exploração: (13, 4)
[INFO] [1764519169.393818137] [cg_autonomous_navigator]: Tentando mover de (19, 3) para (19, 2)
[INFO] [1764519169.443665585] [cg_autonomous_navigator]: Tentando mover de (19, 2) para (19, 1)
[INFO] [1764519169.493739367] [cg_autonomous_navigator]: Tentando mover de (19, 1) para (18, 1)
[INFO] [1764519169.543666989] [cg_autonomous_navigator]: Tentando mover de (18, 1) para (17, 1)
[INFO] [1764519169.593663769] [cg_autonomous_navigator]: Tentando mover de (17, 1) para (16, 1)
[INFO] [1764519169.643662611] [cg_autonomous_navigator]: Tentando mover de (16, 1) para (15, 1)
[INFO] [1764519169.693750401] [cg_autonomous_navigator]: Tentando mover de (15, 1) para (14, 1)
[INFO] [1764519169.743712176] [cg_autonomous_navigator]: Tentando mover de (14, 1) para (13, 1)
[INFO] [1764519169.793709727] [cg_autonomous_navigator]: Tentando mover de (13, 1) para (13, 2)
[INFO] [1764519169.843685756] [cg_autonomous_navigator]: Tentando mover de (13, 2) para (13, 3)
[INFO] [1764519169.893746434] [cg_autonomous_navigator]: Tentando mover de (13, 3) para (13, 4)
[INFO] [1764519169.943740902] [cg_autonomous_navigator]: Novo alvo de exploração: (19, 4)
[INFO] [1764519169.943919232] [cg_autonomous_navigator]: Tentando mover de (13, 4) para (13, 3)
[INFO] [1764519169.993688713] [cg_autonomous_navigator]: Tentando mover de (13, 3) para (13, 2)
[INFO] [1764519170.043752148] [cg_autonomous_navigator]: Tentando mover de (13, 2) para (13, 1)
[INFO] [1764519170.093717163] [cg_autonomous_navigator]: Tentando mover de (13, 1) para (14, 1)
[INFO] [1764519170.143708626] [cg_autonomous_navigator]: Tentando mover de (14, 1) para (15, 1)
[INFO] [1764519170.193825765] [cg_autonomous_navigator]: Tentando mover de (15, 1) para (16, 1)
[INFO] [1764519170.243676623] [cg_autonomous_navigator]: Tentando mover de (16, 1) para (17, 1)
[INFO] [1764519170.293699510] [cg_autonomous_navigator]: Tentando mover de (17, 1) para (18, 1)
[INFO] [1764519170.343699700] [cg_autonomous_navigator]: Tentando mover de (18, 1) para (19, 1)
[INFO] [1764519170.393803944] [cg_autonomous_navigator]: Tentando mover de (19, 1) para (19, 2)
[INFO] [1764519170.443716196] [cg_autonomous_navigator]: Tentando mover de (19, 2) para (19, 3)
[INFO] [1764519170.493701138] [cg_autonomous_navigator]: Tentando mover de (19, 3) para (19, 4)
[INFO] [1764519170.543715843] [cg_autonomous_navigator]: Novo alvo de exploração: (19, 5)
[INFO] [1764519170.543779889] [cg_autonomous_navigator]: Tentando mover de (19, 4) para (19, 5)
[INFO] [1764519170.593726725] [cg_autonomous_navigator]: Novo alvo de exploração: (20, 5)
[INFO] [1764519170.593806015] [cg_autonomous_navigator]: Tentando mover de (19, 5) para (20, 5)
[INFO] [1764519170.643718109] [cg_autonomous_navigator]: Novo alvo de exploração: (21, 4)
[INFO] [1764519170.643791052] [cg_autonomous_navigator]: Tentando mover de (20, 5) para (21, 5)
[INFO] [1764519170.693659937] [cg_autonomous_navigator]: Tentando mover de (21, 5) para (21, 4)
[INFO] [1764519170.743668493] [cg_autonomous_navigator]: Novo alvo de exploração: (21, 3)
[INFO] [1764519170.743778332] [cg_autonomous_navigator]: Tentando mover de (21, 4) para (21, 3)
[INFO] [1764519170.793713691] [cg_autonomous_navigator]: Novo alvo de exploração: (22, 3)
[INFO] [1764519170.793796155] [cg_autonomous_navigator]: Tentando mover de (21, 3) para (22, 3)
[INFO] [1764519170.843697003] [cg_autonomous_navigator]: Novo alvo de exploração: (23, 3)
[INFO] [1764519170.843766169] [cg_autonomous_navigator]: Tentando mover de (22, 3) para (23, 3)
[INFO] [1764519170.893740225] [cg_autonomous_navigator]: Novo alvo de exploração: (24, 3)
[INFO] [1764519170.893819223] [cg_autonomous_navigator]: Tentando mover de (23, 3) para (24, 3)
[INFO] [1764519170.943693068] [cg_autonomous_navigator]: Novo alvo de exploração: (25, 3)
[INFO] [1764519170.943758549] [cg_autonomous_navigator]: Tentando mover de (24, 3) para (25, 3)
[INFO] [1764519170.993719598] [cg_autonomous_navigator]: Novo alvo de exploração: (26, 3)
[INFO] [1764519170.993782120] [cg_autonomous_navigator]: Tentando mover de (25, 3) para (26, 3)
[INFO] [1764519171.043704235] [cg_autonomous_navigator]: Novo alvo de exploração: (27, 2)
[INFO] [1764519171.043788450] [cg_autonomous_navigator]: Tentando mover de (26, 3) para (27, 3)
[INFO] [1764519171.093701316] [cg_autonomous_navigator]: Tentando mover de (27, 3) para (27, 2)
[INFO] [1764519171.143717413] [cg_autonomous_navigator]: Novo alvo de exploração: (26, 1)
[INFO] [1764519171.143793352] [cg_autonomous_navigator]: Tentando mover de (27, 2) para (27, 1)
[INFO] [1764519171.193734836] [cg_autonomous_navigator]: Tentando mover de (27, 1) para (26, 1)
[INFO] [1764519171.243710334] [cg_autonomous_navigator]: Novo alvo de exploração: (25, 1)
[INFO] [1764519171.243778874] [cg_autonomous_navigator]: Tentando mover de (26, 1) para (25, 1)
[INFO] [1764519171.293717306] [cg_autonomous_navigator]: Novo alvo de exploração: (24, 1)
[INFO] [1764519171.293781363] [cg_autonomous_navigator]: Tentando mover de (25, 1) para (24, 1)
[INFO] [1764519171.343744438] [cg_autonomous_navigator]: Novo alvo de exploração: (23, 1)
[INFO] [1764519171.343825407] [cg_autonomous_navigator]: Tentando mover de (24, 1) para (23, 1)
[INFO] [1764519171.393693708] [cg_autonomous_navigator]: Novo alvo de exploração: (22, 1)
[INFO] [1764519171.393757989] [cg_autonomous_navigator]: Tentando mover de (23, 1) para (22, 1)
[INFO] [1764519171.443737642] [cg_autonomous_navigator]: Novo alvo de exploração: (27, 4)
[INFO] [1764519171.443820373] [cg_autonomous_navigator]: Tentando mover de (22, 1) para (23, 1)
[INFO] [1764519171.493824948] [cg_autonomous_navigator]: Tentando mover de (23, 1) para (24, 1)
[INFO] [1764519171.543703843] [cg_autonomous_navigator]: Tentando mover de (24, 1) para (25, 1)
[INFO] [1764519171.593717663] [cg_autonomous_navigator]: Tentando mover de (25, 1) para (26, 1)
[INFO] [1764519171.643709096] [cg_autonomous_navigator]: Tentando mover de (26, 1) para (27, 1)
[INFO] [1764519171.693729441] [cg_autonomous_navigator]: Tentando mover de (27, 1) para (27, 2)
[INFO] [1764519171.743754647] [cg_autonomous_navigator]: Tentando mover de (27, 2) para (27, 3)
[INFO] [1764519171.793829703] [cg_autonomous_navigator]: Tentando mover de (27, 3) para (27, 4)
[INFO] [1764519171.843743645] [cg_autonomous_navigator]: Novo alvo de exploração: (27, 5)
[INFO] [1764519171.843810443] [cg_autonomous_navigator]: Tentando mover de (27, 4) para (27, 5)
[INFO] [1764519171.893744830] [cg_autonomous_navigator]: Novo alvo de exploração: (27, 6)
[INFO] [1764519171.893810615] [cg_autonomous_navigator]: Tentando mover de (27, 5) para (27, 6)
[INFO] [1764519171.943756340] [cg_autonomous_navigator]: Novo alvo de exploração: (27, 7)
[INFO] [1764519171.943823138] [cg_autonomous_navigator]: Tentando mover de (27, 6) para (27, 7)
[INFO] [1764519171.993741982] [cg_autonomous_navigator]: Novo alvo de exploração: (27, 8)
[INFO] [1764519171.993809945] [cg_autonomous_navigator]: Tentando mover de (27, 7) para (27, 8)
[INFO] [1764519172.043753750] [cg_autonomous_navigator]: Novo alvo de exploração: (26, 9)
[INFO] [1764519172.043824573] [cg_autonomous_navigator]: Tentando mover de (27, 8) para (27, 9)
[INFO] [1764519172.093714113] [cg_autonomous_navigator]: Tentando mover de (27, 9) para (26, 9)
[INFO] [1764519172.143732776] [cg_autonomous_navigator]: Novo alvo de exploração: (25, 9)
[INFO] [1764519172.143821295] [cg_autonomous_navigator]: Tentando mover de (26, 9) para (25, 9)
[INFO] [1764519172.193790518] [cg_autonomous_navigator]: Novo alvo de exploração: (24, 9)
[INFO] [1764519172.193907521] [cg_autonomous_navigator]: Tentando mover de (25, 9) para (24, 9)
[INFO] [1764519172.243807761] [cg_autonomous_navigator]: Novo alvo de exploração: (23, 8)
[INFO] [1764519172.243916506] [cg_autonomous_navigator]: Tentando mover de (24, 9) para (23, 9)
[INFO] [1764519172.293814320] [cg_autonomous_navigator]: Tentando mover de (23, 9) para (23, 8)
[INFO] [1764519172.343759716] [cg_autonomous_navigator]: Novo alvo de exploração: (22, 7)
[INFO] [1764519172.343839515] [cg_autonomous_navigator]: Tentando mover de (23, 8) para (23, 7)
[INFO] [1764519172.393702850] [cg_autonomous_navigator]: Tentando mover de (23, 7) para (22, 7)
[INFO] [1764519172.443743498] [cg_autonomous_navigator]: Novo alvo de exploração: (23, 6)
[INFO] [1764519172.443819281] [cg_autonomous_navigator]: Tentando mover de (22, 7) para (23, 7)
[INFO] [1764519172.493720173] [cg_autonomous_navigator]: Tentando mover de (23, 7) para (23, 6)
[INFO] [1764519172.543750607] [cg_autonomous_navigator]: Novo alvo de exploração: (24, 5)
[INFO] [1764519172.543844621] [cg_autonomous_navigator]: Tentando mover de (23, 6) para (23, 5)
[INFO] [1764519172.593721697] [cg_autonomous_navigator]: Tentando mover de (23, 5) para (24, 5)
[INFO] [1764519172.643755951] [cg_autonomous_navigator]: Novo alvo de exploração: (25, 6)
[INFO] [1764519172.643862083] [cg_autonomous_navigator]: Tentando mover de (24, 5) para (25, 5)
[INFO] [1764519172.693731432] [cg_autonomous_navigator]: Tentando mover de (25, 5) para (25, 6)
[INFO] [1764519172.743728970] [cg_autonomous_navigator]: Novo alvo de exploração: (21, 7)
[INFO] [1764519172.743821001] [cg_autonomous_navigator]: Tentando mover de (25, 6) para (25, 5)
[INFO] [1764519172.793800654] [cg_autonomous_navigator]: Tentando mover de (25, 5) para (24, 5)
[INFO] [1764519172.843756026] [cg_autonomous_navigator]: Tentando mover de (24, 5) para (23, 5)
[INFO] [1764519172.893728350] [cg_autonomous_navigator]: Tentando mover de (23, 5) para (23, 6)
[INFO] [1764519172.943741311] [cg_autonomous_navigator]: Tentando mover de (23, 6) para (23, 7)
[INFO] [1764519172.993710377] [cg_autonomous_navigator]: Tentando mover de (23, 7) para (22, 7)
[INFO] [1764519173.043711509] [cg_autonomous_navigator]: Tentando mover de (22, 7) para (21, 7)
[INFO] [1764519173.093810173] [cg_autonomous_navigator]: Novo alvo de exploração: (20, 7)
[INFO] [1764519173.093975458] [cg_autonomous_navigator]: Tentando mover de (21, 7) para (20, 7)
[INFO] [1764519173.143759661] [cg_autonomous_navigator]: Novo alvo de exploração: (19, 7)
[INFO] [1764519173.143836289] [cg_autonomous_navigator]: Tentando mover de (20, 7) para (19, 7)
[INFO] [1764519173.193745542] [cg_autonomous_navigator]: Novo alvo de exploração: (19, 8)
[INFO] [1764519173.193819238] [cg_autonomous_navigator]: Tentando mover de (19, 7) para (19, 8)
[INFO] [1764519173.243722966] [cg_autonomous_navigator]: Novo alvo de exploração: (19, 9)
[INFO] [1764519173.243789100] [cg_autonomous_navigator]: Tentando mover de (19, 8) para (19, 9)
[INFO] [1764519173.293830277] [cg_autonomous_navigator]: Novo alvo de exploração: (20, 9)
[INFO] [1764519173.293947767] [cg_autonomous_navigator]: Tentando mover de (19, 9) para (20, 9)
[INFO] [1764519173.343798332] [cg_autonomous_navigator]: Novo alvo de exploração: (21, 10)
[INFO] [1764519173.343906138] [cg_autonomous_navigator]: Tentando mover de (20, 9) para (21, 9)
[INFO] [1764519173.393750357] [cg_autonomous_navigator]: Tentando mover de (21, 9) para (21, 10)
[INFO] [1764519173.443750153] [cg_autonomous_navigator]: Novo alvo de exploração: (21, 11)
[INFO] [1764519173.443817979] [cg_autonomous_navigator]: Tentando mover de (21, 10) para (21, 11)
[INFO] [1764519173.493869047] [cg_autonomous_navigator]: Novo alvo de exploração: (21, 12)
[INFO] [1764519173.494000530] [cg_autonomous_navigator]: Tentando mover de (21, 11) para (21, 12)
[INFO] [1764519173.543793045] [cg_autonomous_navigator]: Novo alvo de exploração: (21, 13)
[INFO] [1764519173.543893811] [cg_autonomous_navigator]: Tentando mover de (21, 12) para (21, 13)
[INFO] [1764519173.593854632] [cg_autonomous_navigator]: Novo alvo de exploração: (22, 13)
[INFO] [1764519173.593973786] [cg_autonomous_navigator]: Tentando mover de (21, 13) para (22, 13)
[INFO] [1764519173.643776827] [cg_autonomous_navigator]: Novo alvo de exploração: (23, 13)
[INFO] [1764519173.643845045] [cg_autonomous_navigator]: Tentando mover de (22, 13) para (23, 13)
[INFO] [1764519173.693769333] [cg_autonomous_navigator]: Novo alvo de exploração: (24, 13)
[INFO] [1764519173.693832199] [cg_autonomous_navigator]: Tentando mover de (23, 13) para (24, 13)
[INFO] [1764519173.743803662] [cg_autonomous_navigator]: Novo alvo de exploração: (25, 13)
[INFO] [1764519173.743878583] [cg_autonomous_navigator]: Tentando mover de (24, 13) para (25, 13)
[INFO] [1764519173.793783160] [cg_autonomous_navigator]: Novo alvo de exploração: (25, 14)
[INFO] [1764519173.793854769] [cg_autonomous_navigator]: Tentando mover de (25, 13) para (25, 14)
[INFO] [1764519173.843801048] [cg_autonomous_navigator]: Novo alvo de exploração: (24, 15)
[INFO] [1764519173.843883827] [cg_autonomous_navigator]: Tentando mover de (25, 14) para (25, 15)
[INFO] [1764519173.893724139] [cg_autonomous_navigator]: Tentando mover de (25, 15) para (24, 15)
[INFO] [1764519173.943772289] [cg_autonomous_navigator]: Novo alvo de exploração: (23, 15)
[INFO] [1764519173.943833773] [cg_autonomous_navigator]: Tentando mover de (24, 15) para (23, 15)
[INFO] [1764519173.993779087] [cg_autonomous_navigator]: Novo alvo de exploração: (23, 16)
[INFO] [1764519173.993844006] [cg_autonomous_navigator]: Tentando mover de (23, 15) para (23, 16)
[INFO] [1764519174.043905390] [cg_autonomous_navigator]: Novo alvo de exploração: (22, 17)
[INFO] [1764519174.044027018] [cg_autonomous_navigator]: Tentando mover de (23, 16) para (23, 17)
[INFO] [1764519174.093775376] [cg_autonomous_navigator]: Tentando mover de (23, 17) para (22, 17)
[INFO] [1764519174.143788784] [cg_autonomous_navigator]: Novo alvo de exploração: (21, 17)
[INFO] [1764519174.143884382] [cg_autonomous_navigator]: Tentando mover de (22, 17) para (21, 17)
[INFO] [1764519174.193779263] [cg_autonomous_navigator]: Novo alvo de exploração: (20, 17)
[INFO] [1764519174.193850920] [cg_autonomous_navigator]: Tentando mover de (21, 17) para (20, 17)
[INFO] [1764519174.243772543] [cg_autonomous_navigator]: Novo alvo de exploração: (19, 17)
[INFO] [1764519174.243869037] [cg_autonomous_navigator]: Tentando mover de (20, 17) para (19, 17)
[INFO] [1764519174.293799073] [cg_autonomous_navigator]: Novo alvo de exploração: (18, 17)
[INFO] [1764519174.293888258] [cg_autonomous_navigator]: Tentando mover de (19, 17) para (18, 17)
[INFO] [1764519174.343766173] [cg_autonomous_navigator]: Novo alvo de exploração: (17, 17)
[INFO] [1764519174.343845201] [cg_autonomous_navigator]: Tentando mover de (18, 17) para (17, 17)
[INFO] [1764519174.393805264] [cg_autonomous_navigator]: Novo alvo de exploração: (16, 17)
[INFO] [1764519174.393881321] [cg_autonomous_navigator]: Tentando mover de (17, 17) para (16, 17)
[INFO] [1764519174.443770019] [cg_autonomous_navigator]: Novo alvo de exploração: (15, 16)
[INFO] [1764519174.443838311] [cg_autonomous_navigator]: Tentando mover de (16, 17) para (15, 17)
[INFO] [1764519174.493729303] [cg_autonomous_navigator]: Tentando mover de (15, 17) para (15, 16)
[INFO] [1764519174.543749545] [cg_autonomous_navigator]: Novo alvo de exploração: (15, 15)
[INFO] [1764519174.543823676] [cg_autonomous_navigator]: Tentando mover de (15, 16) para (15, 15)
[INFO] [1764519174.593733047] [cg_autonomous_navigator]: Alvo encontrado durante a exploração! Mudando para o modo de busca de caminho final.
[INFO] [1764519174.593801792] [cg_autonomous_navigator]: Caminho final para o alvo calculado com 3 passos.
[INFO] [1764519174.593834628] [cg_autonomous_navigator]: Tentando mover de (15, 15) para (15, 14)
[INFO] [1764519174.643734407] [cg_autonomous_navigator]: Tentando mover de (15, 14) para (14, 14)
[INFO] [1764519174.693736159] [cg_autonomous_navigator]: Robô chegou ao alvo!
