[INFO] [1764535159.644727876] [cg_autonomous_navigator]: Tentando conectar ao serviço /get_map...
[INFO] [1764535159.644883183] [cg_autonomous_navigator]: Serviço /get_map disponível, enviando request...
[INFO] [1764535159.645961892] [cg_autonomous_navigator]: Modo EXPLORE: O robô está 'cego' e deve mapear o labirinto.
[INFO] [1764535159.646026346] [cg_autonomous_navigator]: Dimensões do mapa recebidas: 29x29. O robô começa em (1, 1).
[INFO] [1764535159.694718079] [cg_autonomous_navigator]: Mapeando: Novo alvo de exploração: (2, 1)
[INFO] [1764535159.744729396] [cg_autonomous_navigator]: Mapeando: Novo alvo de exploração: (3, 1)
[INFO] [1764535159.794725494] [cg_autonomous_navigator]: Mapeando: Novo alvo de exploração: (3, 2)
[INFO] [1764535159.844732389] [cg_autonomous_navigator]: Mapeando: Novo alvo de exploração: (3, 3)
[INFO] [1764535159.894724546] [cg_autonomous_navigator]: Mapeando: Novo alvo de exploração: (4, 3)
[INFO] [1764535159.944723654] [cg_autonomous_navigator]: Mapeando: Novo alvo de exploração: (5, 3)
[INFO] [1764535159.994724817] [cg_autonomous_navigator]: Mapeando: Novo alvo de exploração: (6, 3)
[INFO] [1764535160.044701669] [cg_autonomous_navigator]: Mapeando: Novo alvo de exploração: (7, 3)
[INFO] [1764535160.094731754] [cg_autonomous_navigator]: Mapeando: Novo alvo de exploração: (7, 4)
[INFO] [1764535160.144720062] [cg_autonomous_navigator]: Mapeando: Novo alvo de exploração: (7, 5)
[INFO] [1764535160.194730584] [cg_autonomous_navigator]: Mapeando: Novo alvo de exploração: (7, 6)
[INFO] [1764535160.244726515] [cg_autonomous_navigator]: Mapeando: Novo alvo de exploração: (7, 7)
[INFO] [1764535160.294725566] [cg_autonomous_navigator]: Mapeando: Novo alvo de exploração: (8, 7)
[INFO] [1764535160.344742104] [cg_autonomous_navigator]: Mapeando: Novo alvo de exploração: (9, 6)
[INFO] [1764535160.444744356] [cg_autonomous_navigator]: Mapeando: Novo alvo de exploração: (9, 5)
[INFO] [1764535160.494751563] [cg_autonomous_navigator]: Mapeando: Novo alvo de exploração: (10, 5)
[INFO] [1764535160.544735927] [cg_autonomous_navigator]: Mapeando: Novo alvo de exploração: (11, 5)
[INFO] [1764535160.594743556] [cg_autonomous_navigator]: Mapeando: Novo alvo de exploração: (12, 5)
[INFO] [1764535160.644746021] [cg_autonomous_navigator]: Mapeando: Novo alvo de exploração: (13, 5)
[INFO] [1764535160.694735899] [cg_autonomous_navigator]: Mapeando: Novo alvo de exploração: (14, 5)
[INFO] [1764535160.744749858] [cg_autonomous_navigator]: Mapeando: Novo alvo de exploração: (15, 5)
[INFO] [1764535160.794726059] [cg_autonomous_navigator]: Mapeando: Novo alvo de exploração: (15, 6)
[INFO] [1764535160.844750013] [cg_autonomous_navigator]: Mapeando: Novo alvo de exploração: (14, 7)
[INFO] [1764535160.944767429] [cg_autonomous_navigator]: Mapeando: Novo alvo de exploração: (13, 7)
[INFO] [1764535160.994737810] [cg_autonomous_navigator]: Mapeando: Novo alvo de exploração: (13, 8)
[INFO] [1764535161.044765150] [cg_autonomous_navigator]: Mapeando: Novo alvo de exploração: (13, 9)
[INFO] [1764535161.094744008] [cg_autonomous_navigator]: Mapeando: Novo alvo de exploração: (13, 10)
[INFO] [1764535161.144750541] [cg_autonomous_navigator]: Mapeando: Novo alvo de exploração: (12, 11)
[INFO] [1764535161.244738320] [cg_autonomous_navigator]: Mapeando: Novo alvo de exploração: (11, 10)
[INFO] [1764535161.344743592] [cg_autonomous_navigator]: Mapeando: Novo alvo de exploração: (10, 9)
[INFO] [1764535161.444751992] [cg_autonomous_navigator]: Mapeando: Novo alvo de exploração: (11, 8)
[INFO] [1764535161.544757767] [cg_autonomous_navigator]: Mapeando: Novo alvo de exploração: (9, 9)
[INFO] [1764535161.694759215] [cg_autonomous_navigator]: Mapeando: Novo alvo de exploração: (8, 9)
[INFO] [1764535161.744762979] [cg_autonomous_navigator]: Mapeando: Novo alvo de exploração: (7, 9)
[INFO] [1764535161.794752248] [cg_autonomous_navigator]: Mapeando: Novo alvo de exploração: (6, 9)
[INFO] [1764535161.844775320] [cg_autonomous_navigator]: Mapeando: Novo alvo de exploração: (5, 9)
[INFO] [1764535161.894762315] [cg_autonomous_navigator]: Mapeando: Novo alvo de exploração: (5, 10)
[INFO] [1764535161.944776084] [cg_autonomous_navigator]: Mapeando: Novo alvo de exploração: (5, 11)
[INFO] [1764535161.994784163] [cg_autonomous_navigator]: Mapeando: Novo alvo de exploração: (5, 12)
[INFO] [1764535162.044777263] [cg_autonomous_navigator]: Mapeando: Novo alvo de exploração: (4, 13)
[INFO] [1764535162.144892320] [cg_autonomous_navigator]: Mapeando: Novo alvo de exploração: (3, 13)
[INFO] [1764535162.194897382] [cg_autonomous_navigator]: Mapeando: Novo alvo de exploração: (2, 13)
[INFO] [1764535162.244742947] [cg_autonomous_navigator]: Mapeando: Novo alvo de exploração: (1, 12)
[INFO] [1764535162.344863354] [cg_autonomous_navigator]: Mapeando: Novo alvo de exploração: (1, 11)
[INFO] [1764535162.394875729] [cg_autonomous_navigator]: Mapeando: Novo alvo de exploração: (2, 11)
[INFO] [1764535162.444767602] [cg_autonomous_navigator]: Mapeando: Novo alvo de exploração: (3, 10)
[INFO] [1764535162.544770049] [cg_autonomous_navigator]: Mapeando: Novo alvo de exploração: (2, 9)
[INFO] [1764535162.644780558] [cg_autonomous_navigator]: Mapeando: Novo alvo de exploração: (1, 8)
[INFO] [1764535162.744776982] [cg_autonomous_navigator]: Mapeando: Novo alvo de exploração: (1, 7)
[INFO] [1764535162.794776940] [cg_autonomous_navigator]: Mapeando: Novo alvo de exploração: (2, 7)
[INFO] [1764535162.844783274] [cg_autonomous_navigator]: Mapeando: Novo alvo de exploração: (3, 7)
[INFO] [1764535162.894779330] [cg_autonomous_navigator]: Mapeando: Novo alvo de exploração: (4, 7)
[INFO] [1764535162.944782037] [cg_autonomous_navigator]: Mapeando: Novo alvo de exploração: (5, 6)
[INFO] [1764535163.044769426] [cg_autonomous_navigator]: Mapeando: Novo alvo de exploração: (4, 5)
[INFO] [1764535163.144772845] [cg_autonomous_navigator]: Mapeando: Novo alvo de exploração: (3, 5)
[INFO] [1764535163.194789933] [cg_autonomous_navigator]: Mapeando: Novo alvo de exploração: (2, 5)
[INFO] [1764535163.244778904] [cg_autonomous_navigator]: Mapeando: Novo alvo de exploração: (1, 4)
[INFO] [1764535163.344787070] [cg_autonomous_navigator]: Mapeando: Novo alvo de exploração: (1, 14)
[INFO] [1764535164.444797386] [cg_autonomous_navigator]: Mapeando: Novo alvo de exploração: (1, 15)
[INFO] [1764535164.494793780] [cg_autonomous_navigator]: Mapeando: Novo alvo de exploração: (1, 16)
[INFO] [1764535164.544791202] [cg_autonomous_navigator]: Mapeando: Novo alvo de exploração: (1, 17)
[INFO] [1764535164.594806372] [cg_autonomous_navigator]: Mapeando: Novo alvo de exploração: (2, 17)
[INFO] [1764535164.644828754] [cg_autonomous_navigator]: Mapeando: Novo alvo de exploração: (3, 17)
[INFO] [1764535164.694819665] [cg_autonomous_navigator]: Mapeando: Novo alvo de exploração: (3, 18)
[INFO] [1764535164.744813859] [cg_autonomous_navigator]: Mapeando: Novo alvo de exploração: (3, 19)
[INFO] [1764535164.794796176] [cg_autonomous_navigator]: Mapeando: Novo alvo de exploração: (3, 20)
[INFO] [1764535164.844847662] [cg_autonomous_navigator]: Mapeando: Novo alvo de exploração: (2, 21)
[INFO] [1764535164.944860023] [cg_autonomous_navigator]: Mapeando: Novo alvo de exploração: (1, 20)
[INFO] [1764535165.044833306] [cg_autonomous_navigator]: Mapeando: Novo alvo de exploração: (1, 22)
[INFO] [1764535165.144806779] [cg_autonomous_navigator]: Mapeando: Novo alvo de exploração: (1, 23)
[INFO] [1764535165.194843927] [cg_autonomous_navigator]: Mapeando: Novo alvo de exploração: (2, 23)
[INFO] [1764535165.244817593] [cg_autonomous_navigator]: Mapeando: Novo alvo de exploração: (3, 23)
[INFO] [1764535165.294818490] [cg_autonomous_navigator]: Mapeando: Novo alvo de exploração: (3, 24)
[INFO] [1764535165.344806294] [cg_autonomous_navigator]: Mapeando: Novo alvo de exploração: (2, 25)
[INFO] [1764535165.444803940] [cg_autonomous_navigator]: Mapeando: Novo alvo de exploração: (1, 25)
[INFO] [1764535165.494845560] [cg_autonomous_navigator]: Mapeando: Novo alvo de exploração: (1, 26)
[INFO] [1764535165.544806563] [cg_autonomous_navigator]: Mapeando: Novo alvo de exploração: (1, 27)
[INFO] [1764535165.594811850] [cg_autonomous_navigator]: Mapeando: Novo alvo de exploração: (2, 27)
[INFO] [1764535165.644805798] [cg_autonomous_navigator]: Mapeando: Novo alvo de exploração: (3, 27)
[INFO] [1764535165.694850775] [cg_autonomous_navigator]: Mapeando: Novo alvo de exploração: (4, 27)
[INFO] [1764535165.744815501] [cg_autonomous_navigator]: Mapeando: Novo alvo de exploração: (5, 26)
[INFO] [1764535165.844812110] [cg_autonomous_navigator]: Mapeando: Novo alvo de exploração: (5, 25)
[INFO] [1764535165.894820214] [cg_autonomous_navigator]: Mapeando: Novo alvo de exploração: (5, 24)
[INFO] [1764535165.944813014] [cg_autonomous_navigator]: Mapeando: Novo alvo de exploração: (5, 23)
[INFO] [1764535165.994836835] [cg_autonomous_navigator]: Mapeando: Novo alvo de exploração: (5, 22)
[INFO] [1764535166.044819154] [cg_autonomous_navigator]: Mapeando: Novo alvo de exploração: (5, 21)
[INFO] [1764535166.094905603] [cg_autonomous_navigator]: Mapeando: Novo alvo de exploração: (6, 21)
[INFO] [1764535166.144817662] [cg_autonomous_navigator]: Mapeando: Novo alvo de exploração: (7, 21)
[INFO] [1764535166.194825172] [cg_autonomous_navigator]: Mapeando: Novo alvo de exploração: (7, 22)
[INFO] [1764535166.244820562] [cg_autonomous_navigator]: Mapeando: Novo alvo de exploração: (7, 23)
[INFO] [1764535166.294830396] [cg_autonomous_navigator]: Mapeando: Novo alvo de exploração: (7, 24)
[INFO] [1764535166.344940341] [cg_autonomous_navigator]: Mapeando: Novo alvo de exploração: (7, 25)
[INFO] [1764535166.394821687] [cg_autonomous_navigator]: Mapeando: Novo alvo de exploração: (7, 26)
[INFO] [1764535166.444827206] [cg_autonomous_navigator]: Mapeando: Novo alvo de exploração: (7, 27)
[INFO] [1764535166.494925555] [cg_autonomous_navigator]: Mapeando: Novo alvo de exploração: (8, 27)
[INFO] [1764535166.544911232] [cg_autonomous_navigator]: Mapeando: Novo alvo de exploração: (9, 26)
[INFO] [1764535166.644934981] [cg_autonomous_navigator]: Mapeando: Novo alvo de exploração: (9, 25)
[INFO] [1764535166.694889432] [cg_autonomous_navigator]: Mapeando: Novo alvo de exploração: (9, 24)
[INFO] [1764535166.744830038] [cg_autonomous_navigator]: Mapeando: Novo alvo de exploração: (9, 23)
[INFO] [1764535166.794862201] [cg_autonomous_navigator]: Mapeando: Novo alvo de exploração: (10, 23)
[INFO] [1764535166.844821154] [cg_autonomous_navigator]: Mapeando: Novo alvo de exploração: (11, 22)
[INFO] [1764535166.944850184] [cg_autonomous_navigator]: Mapeando: Novo alvo de exploração: (11, 21)
[INFO] [1764535166.994849920] [cg_autonomous_navigator]: Mapeando: Novo alvo de exploração: (11, 20)
[INFO] [1764535167.044831099] [cg_autonomous_navigator]: Mapeando: Novo alvo de exploração: (11, 19)
[INFO] [1764535167.094829839] [cg_autonomous_navigator]: Mapeando: Novo alvo de exploração: (11, 18)
[INFO] [1764535167.144842991] [cg_autonomous_navigator]: Mapeando: Novo alvo de exploração: (11, 17)
[INFO] [1764535167.194832854] [cg_autonomous_navigator]: Mapeando: Novo alvo de exploração: (11, 16)
[INFO] [1764535167.244936341] [cg_autonomous_navigator]: Mapeando: Novo alvo de exploração: (11, 15)
[INFO] [1764535167.294825808] [cg_autonomous_navigator]: Mapeando: Novo alvo de exploração: (11, 14)
[INFO] [1764535167.344849408] [cg_autonomous_navigator]: Mapeando: Novo alvo de exploração: (10, 13)
[INFO] [1764535167.444823923] [cg_autonomous_navigator]: Mapeando: Novo alvo de exploração: (9, 12)
[INFO] [1764535167.544819499] [cg_autonomous_navigator]: Mapeando: Novo alvo de exploração: (8, 11)
[INFO] [1764535167.644822014] [cg_autonomous_navigator]: Mapeando: Novo alvo de exploração: (7, 12)
[INFO] [1764535167.744827332] [cg_autonomous_navigator]: Mapeando: Novo alvo de exploração: (7, 13)
[INFO] [1764535167.794824366] [cg_autonomous_navigator]: Mapeando: Novo alvo de exploração: (12, 13)
[INFO] [1764535168.244834176] [cg_autonomous_navigator]: Mapeando: Novo alvo de exploração: (13, 13)
[INFO] [1764535168.294928232] [cg_autonomous_navigator]: Mapeando: Novo alvo de exploração: (14, 13)
[INFO] [1764535168.344834818] [cg_autonomous_navigator]: Mapeando: Novo alvo de exploração: (15, 12)
[INFO] [1764535168.444836915] [cg_autonomous_navigator]: Mapeando: Novo alvo de exploração: (15, 11)
[INFO] [1764535168.494944200] [cg_autonomous_navigator]: Mapeando: Novo alvo de exploração: (16, 11)
[INFO] [1764535168.544843618] [cg_autonomous_navigator]: Mapeando: Novo alvo de exploração: (17, 11)
[INFO] [1764535168.594872692] [cg_autonomous_navigator]: Mapeando: Novo alvo de exploração: (17, 12)
[INFO] [1764535168.644851400] [cg_autonomous_navigator]: Mapeando: Novo alvo de exploração: (17, 13)
[INFO] [1764535168.694854675] [cg_autonomous_navigator]: Mapeando: Novo alvo de exploração: (7, 14)
[INFO] [1764535169.644854009] [cg_autonomous_navigator]: Mapeando: Novo alvo de exploração: (17, 14)
[INFO] [1764535170.644866456] [cg_autonomous_navigator]: Mapeando: Novo alvo de exploração: (7, 15)
[INFO] [1764535171.694887835] [cg_autonomous_navigator]: Mapeando: Novo alvo de exploração: (8, 15)
[INFO] [1764535171.744880222] [cg_autonomous_navigator]: Mapeando: Novo alvo de exploração: (16, 15)
[INFO] [1764535172.944886106] [cg_autonomous_navigator]: Mapeando: Novo alvo de exploração: (15, 15)
[INFO] [1764535172.994911531] [cg_autonomous_navigator]: Mapeando: Novo alvo de exploração: (9, 16)
[INFO] [1764535174.344914382] [cg_autonomous_navigator]: Mapeando: Novo alvo de exploração: (15, 16)
[INFO] [1764535175.744934414] [cg_autonomous_navigator]: Mapeando: Novo alvo de exploração: (9, 17)
[INFO] [1764535177.194944670] [cg_autonomous_navigator]: Mapeando: Novo alvo de exploração: (14, 17)
[INFO] [1764535178.744973387] [cg_autonomous_navigator]: Mapeando: Novo alvo de exploração: (13, 16)
[INFO] [1764535178.844990043] [cg_autonomous_navigator]: Mapeando: Novo alvo de exploração: (9, 18)
[INFO] [1764535180.544993039] [cg_autonomous_navigator]: Mapeando: Novo alvo de exploração: (13, 18)
[INFO] [1764535182.245025455] [cg_autonomous_navigator]: Mapeando: Novo alvo de exploração: (8, 19)
[INFO] [1764535184.045046469] [cg_autonomous_navigator]: Mapeando: Novo alvo de exploração: (7, 19)
[INFO] [1764535184.095053560] [cg_autonomous_navigator]: Mapeando: Novo alvo de exploração: (6, 19)
[INFO] [1764535184.145054847] [cg_autonomous_navigator]: Mapeando: Novo alvo de exploração: (5, 18)
[INFO] [1764535184.245061073] [cg_autonomous_navigator]: Mapeando: Novo alvo de exploração: (5, 17)
[INFO] [1764535184.295051654] [cg_autonomous_navigator]: Mapeando: Novo alvo de exploração: (5, 16)
[INFO] [1764535184.345128266] [cg_autonomous_navigator]: Mapeando: Novo alvo de exploração: (4, 15)
[INFO] [1764535184.445095710] [cg_autonomous_navigator]: Mapeando: Novo alvo de exploração: (6, 17)
[INFO] [1764535184.645059704] [cg_autonomous_navigator]: Mapeando: Novo alvo de exploração: (13, 19)
[INFO] [1764535186.795088018] [cg_autonomous_navigator]: Mapeando: Novo alvo de exploração: (9, 20)
[INFO] [1764535188.645090954] [cg_autonomous_navigator]: Mapeando: Novo alvo de exploração: (13, 20)
[INFO] [1764535190.545143567] [cg_autonomous_navigator]: Mapeando: Novo alvo de exploração: (13, 21)
[INFO] [1764535190.595139847] [cg_autonomous_navigator]: Mapeando: Novo alvo de exploração: (14, 21)
[INFO] [1764535190.645134571] [cg_autonomous_navigator]: Mapeando: Novo alvo de exploração: (15, 20)
[INFO] [1764535190.745126907] [cg_autonomous_navigator]: Mapeando: Novo alvo de exploração: (16, 19)
[INFO] [1764535190.845119338] [cg_autonomous_navigator]: Mapeando: Novo alvo de exploração: (17, 19)
[INFO] [1764535190.895126585] [cg_autonomous_navigator]: Mapeando: Novo alvo de exploração: (18, 19)
[INFO] [1764535190.945128226] [cg_autonomous_navigator]: Mapeando: Novo alvo de exploração: (19, 18)
[INFO] [1764535191.045109710] [cg_autonomous_navigator]: Mapeando: Novo alvo de exploração: (18, 17)
[INFO] [1764535191.145110154] [cg_autonomous_navigator]: Mapeando: Novo alvo de exploração: (19, 16)
[INFO] [1764535191.245110140] [cg_autonomous_navigator]: Mapeando: Novo alvo de exploração: (19, 15)
[INFO] [1764535191.295131304] [cg_autonomous_navigator]: Mapeando: Novo alvo de exploração: (19, 14)
[INFO] [1764535191.345116551] [cg_autonomous_navigator]: Mapeando: Novo alvo de exploração: (19, 13)
[INFO] [1764535191.395135276] [cg_autonomous_navigator]: Mapeando: Novo alvo de exploração: (20, 13)
[INFO] [1764535191.445123157] [cg_autonomous_navigator]: Mapeando: Novo alvo de exploração: (21, 12)
[INFO] [1764535191.545124083] [cg_autonomous_navigator]: Mapeando: Novo alvo de exploração: (21, 11)
[INFO] [1764535191.595113222] [cg_autonomous_navigator]: Mapeando: Novo alvo de exploração: (22, 11)
[INFO] [1764535191.645143566] [cg_autonomous_navigator]: Mapeando: Novo alvo de exploração: (23, 11)
[INFO] [1764535191.695139589] [cg_autonomous_navigator]: Mapeando: Novo alvo de exploração: (23, 12)
[INFO] [1764535191.745136220] [cg_autonomous_navigator]: Mapeando: Novo alvo de exploração: (23, 13)
[INFO] [1764535191.795146385] [cg_autonomous_navigator]: Mapeando: Novo alvo de exploração: (23, 14)
[INFO] [1764535191.845142603] [cg_autonomous_navigator]: Mapeando: Novo alvo de exploração: (23, 15)
[INFO] [1764535191.895156622] [cg_autonomous_navigator]: Mapeando: Novo alvo de exploração: (23, 16)
[INFO] [1764535191.945146172] [cg_autonomous_navigator]: Mapeando: Novo alvo de exploração: (23, 17)
[INFO] [1764535191.995180765] [cg_autonomous_navigator]: Mapeando: Novo alvo de exploração: (23, 18)
[INFO] [1764535192.045141114] [cg_autonomous_navigator]: Mapeando: Novo alvo de exploração: (23, 19)
[INFO] [1764535192.095136101] [cg_autonomous_navigator]: Mapeando: Novo alvo de exploração: (24, 19)
[INFO] [1764535192.145136211] [cg_autonomous_navigator]: Mapeando: Novo alvo de exploração: (25, 18)
[INFO] [1764535192.245134532] [cg_autonomous_navigator]: Mapeando: Novo alvo de exploração: (25, 17)
[INFO] [1764535192.295127059] [cg_autonomous_navigator]: Mapeando: Novo alvo de exploração: (26, 17)
[INFO] [1764535192.345129498] [cg_autonomous_navigator]: Mapeando: Novo alvo de exploração: (27, 16)
[INFO] [1764535192.445128424] [cg_autonomous_navigator]: Mapeando: Novo alvo de exploração: (26, 15)
[INFO] [1764535192.545128213] [cg_autonomous_navigator]: Mapeando: Novo alvo de exploração: (25, 14)
[INFO] [1764535192.645298693] [cg_autonomous_navigator]: Mapeando: Novo alvo de exploração: (25, 13)
[INFO] [1764535192.695115436] [cg_autonomous_navigator]: Mapeando: Novo alvo de exploração: (25, 12)
[INFO] [1764535192.745129674] [cg_autonomous_navigator]: Mapeando: Novo alvo de exploração: (25, 11)
[INFO] [1764535192.795123537] [cg_autonomous_navigator]: Mapeando: Novo alvo de exploração: (25, 10)
[INFO] [1764535192.845120126] [cg_autonomous_navigator]: Mapeando: Novo alvo de exploração: (25, 9)
[INFO] [1764535192.895110610] [cg_autonomous_navigator]: Mapeando: Novo alvo de exploração: (26, 9)
[INFO] [1764535192.945120255] [cg_autonomous_navigator]: Mapeando: Novo alvo de exploração: (27, 8)
[INFO] [1764535193.045120819] [cg_autonomous_navigator]: Mapeando: Novo alvo de exploração: (26, 7)
[INFO] [1764535193.145133833] [cg_autonomous_navigator]: Mapeando: Novo alvo de exploração: (25, 6)
[INFO] [1764535193.245120220] [cg_autonomous_navigator]: Mapeando: Novo alvo de exploração: (24, 5)
[INFO] [1764535193.345146794] [cg_autonomous_navigator]: Mapeando: Novo alvo de exploração: (23, 4)
[INFO] [1764535193.445115501] [cg_autonomous_navigator]: Mapeando: Novo alvo de exploração: (23, 3)
[INFO] [1764535193.495111773] [cg_autonomous_navigator]: Mapeando: Novo alvo de exploração: (23, 2)
[INFO] [1764535193.545116076] [cg_autonomous_navigator]: Mapeando: Novo alvo de exploração: (22, 1)
[INFO] [1764535193.645134860] [cg_autonomous_navigator]: Mapeando: Novo alvo de exploração: (21, 1)
[INFO] [1764535193.695137440] [cg_autonomous_navigator]: Mapeando: Novo alvo de exploração: (20, 1)
[INFO] [1764535193.745143888] [cg_autonomous_navigator]: Mapeando: Novo alvo de exploração: (19, 1)
[INFO] [1764535193.795139927] [cg_autonomous_navigator]: Mapeando: Novo alvo de exploração: (24, 1)
[INFO] [1764535194.045140347] [cg_autonomous_navigator]: Mapeando: Novo alvo de exploração: (25, 1)
[INFO] [1764535194.095134600] [cg_autonomous_navigator]: Mapeando: Novo alvo de exploração: (19, 2)
[INFO] [1764535194.445122168] [cg_autonomous_navigator]: Mapeando: Novo alvo de exploração: (25, 2)
[INFO] [1764535194.845138158] [cg_autonomous_navigator]: Mapeando: Novo alvo de exploração: (19, 3)
[INFO] [1764535195.295129466] [cg_autonomous_navigator]: Mapeando: Novo alvo de exploração: (20, 3)
[INFO] [1764535195.345144909] [cg_autonomous_navigator]: Mapeando: Novo alvo de exploração: (26, 3)
[INFO] [1764535195.945177404] [cg_autonomous_navigator]: Mapeando: Novo alvo de exploração: (27, 2)
[INFO] [1764535196.045249001] [cg_autonomous_navigator]: Mapeando: Novo alvo de exploração: (27, 1)
[INFO] [1764535196.095168881] [cg_autonomous_navigator]: Mapeando: Novo alvo de exploração: (21, 4)
[INFO] [1764535196.945194686] [cg_autonomous_navigator]: Mapeando: Novo alvo de exploração: (27, 4)
[INFO] [1764535197.745178444] [cg_autonomous_navigator]: Mapeando: Novo alvo de exploração: (21, 5)
[INFO] [1764535198.595201479] [cg_autonomous_navigator]: Mapeando: Novo alvo de exploração: (21, 6)
[INFO] [1764535198.645199816] [cg_autonomous_navigator]: Mapeando: Novo alvo de exploração: (21, 7)
[INFO] [1764535198.695202001] [cg_autonomous_navigator]: Mapeando: Novo alvo de exploração: (22, 7)
[INFO] [1764535198.745272797] [cg_autonomous_navigator]: Mapeando: Novo alvo de exploração: (23, 8)
[INFO] [1764535198.845211483] [cg_autonomous_navigator]: Mapeando: Novo alvo de exploração: (22, 9)
[INFO] [1764535198.945235018] [cg_autonomous_navigator]: Mapeando: Novo alvo de exploração: (21, 9)
[INFO] [1764535198.995228386] [cg_autonomous_navigator]: Mapeando: Novo alvo de exploração: (20, 9)
[INFO] [1764535199.045396082] [cg_autonomous_navigator]: Mapeando: Novo alvo de exploração: (19, 8)
[INFO] [1764535199.145220533] [cg_autonomous_navigator]: Mapeando: Novo alvo de exploração: (19, 7)
[INFO] [1764535199.195280166] [cg_autonomous_navigator]: Mapeando: Novo alvo de exploração: (19, 6)
[INFO] [1764535199.245185442] [cg_autonomous_navigator]: Mapeando: Novo alvo de exploração: (18, 5)
[INFO] [1764535199.345179203] [cg_autonomous_navigator]: Mapeando: Novo alvo de exploração: (17, 4)
[INFO] [1764535199.445210207] [cg_autonomous_navigator]: Mapeando: Novo alvo de exploração: (16, 3)
[INFO] [1764535199.545177811] [cg_autonomous_navigator]: Mapeando: Novo alvo de exploração: (15, 2)
[INFO] [1764535199.645222123] [cg_autonomous_navigator]: Mapeando: Novo alvo de exploração: (14, 1)
[INFO] [1764535199.745210134] [cg_autonomous_navigator]: Mapeando: Novo alvo de exploração: (13, 1)
[INFO] [1764535199.795200795] [cg_autonomous_navigator]: Mapeando: Novo alvo de exploração: (12, 1)
[INFO] [1764535199.845208640] [cg_autonomous_navigator]: Mapeando: Novo alvo de exploração: (11, 1)
[INFO] [1764535199.895209655] [cg_autonomous_navigator]: Mapeando: Novo alvo de exploração: (10, 1)
[INFO] [1764535199.945214324] [cg_autonomous_navigator]: Mapeando: Novo alvo de exploração: (9, 1)
[INFO] [1764535199.995214524] [cg_autonomous_navigator]: Mapeando: Novo alvo de exploração: (8, 1)
[INFO] [1764535200.045212724] [cg_autonomous_navigator]: Mapeando: Novo alvo de exploração: (7, 1)
[INFO] [1764535200.095213512] [cg_autonomous_navigator]: Mapeando: Novo alvo de exploração: (6, 1)
[INFO] [1764535200.145302926] [cg_autonomous_navigator]: Mapeando: Novo alvo de exploração: (16, 1)
[INFO] [1764535200.645197111] [cg_autonomous_navigator]: Mapeando: Novo alvo de exploração: (9, 2)
[INFO] [1764535201.045209067] [cg_autonomous_navigator]: Mapeando: Novo alvo de exploração: (10, 3)
[INFO] [1764535201.145239040] [cg_autonomous_navigator]: Mapeando: Novo alvo de exploração: (11, 3)
[INFO] [1764535201.195234020] [cg_autonomous_navigator]: Mapeando: Novo alvo de exploração: (12, 3)
[INFO] [1764535201.245241050] [cg_autonomous_navigator]: Mapeando: Novo alvo de exploração: (17, 6)
[INFO] [1764535202.145327124] [cg_autonomous_navigator]: Mapeando: Novo alvo de exploração: (17, 7)
[INFO] [1764535202.195239685] [cg_autonomous_navigator]: Mapeando: Novo alvo de exploração: (17, 8)
[INFO] [1764535202.245261627] [cg_autonomous_navigator]: Mapeando: Novo alvo de exploração: (16, 9)
[INFO] [1764535202.345328979] [cg_autonomous_navigator]: Mapeando: Novo alvo de exploração: (19, 10)
[INFO] [1764535202.945256894] [cg_autonomous_navigator]: Mapeando: Novo alvo de exploração: (27, 10)
[INFO] [1764535204.645299442] [cg_autonomous_navigator]: Mapeando: Novo alvo de exploração: (27, 11)
[INFO] [1764535204.695376942] [cg_autonomous_navigator]: Mapeando: Novo alvo de exploração: (27, 12)
[INFO] [1764535204.745390601] [cg_autonomous_navigator]: Mapeando: Novo alvo de exploração: (27, 18)
[INFO] [1764535205.545408560] [cg_autonomous_navigator]: Mapeando: Novo alvo de exploração: (27, 19)
[INFO] [1764535205.595368843] [cg_autonomous_navigator]: Mapeando: Novo alvo de exploração: (27, 20)
[INFO] [1764535205.645334030] [cg_autonomous_navigator]: Mapeando: Novo alvo de exploração: (26, 21)
[INFO] [1764535205.745307243] [cg_autonomous_navigator]: Mapeando: Novo alvo de exploração: (25, 21)
[INFO] [1764535205.795336051] [cg_autonomous_navigator]: Mapeando: Novo alvo de exploração: (25, 22)
[INFO] [1764535205.845352801] [cg_autonomous_navigator]: Mapeando: Novo alvo de exploração: (25, 23)
[INFO] [1764535205.895337616] [cg_autonomous_navigator]: Mapeando: Novo alvo de exploração: (25, 24)
[INFO] [1764535205.945360841] [cg_autonomous_navigator]: Mapeando: Novo alvo de exploração: (24, 25)
[INFO] [1764535206.045335492] [cg_autonomous_navigator]: Mapeando: Novo alvo de exploração: (23, 25)
[INFO] [1764535206.095324431] [cg_autonomous_navigator]: Mapeando: Novo alvo de exploração: (22, 25)
[INFO] [1764535206.145346249] [cg_autonomous_navigator]: Mapeando: Novo alvo de exploração: (21, 25)
[INFO] [1764535206.195338881] [cg_autonomous_navigator]: Mapeando: Novo alvo de exploração: (20, 25)
[INFO] [1764535206.245425787] [cg_autonomous_navigator]: Mapeando: Novo alvo de exploração: (19, 24)
[INFO] [1764535206.345348760] [cg_autonomous_navigator]: Mapeando: Novo alvo de exploração: (19, 23)
[INFO] [1764535206.395336085] [cg_autonomous_navigator]: Mapeando: Novo alvo de exploração: (20, 23)
[INFO] [1764535206.445344959] [cg_autonomous_navigator]: Mapeando: Novo alvo de exploração: (21, 22)
[INFO] [1764535206.545337926] [cg_autonomous_navigator]: Mapeando: Novo alvo de exploração: (20, 21)
[INFO] [1764535206.645353154] [cg_autonomous_navigator]: Mapeando: Novo alvo de exploração: (21, 20)
[INFO] [1764535206.745422422] [cg_autonomous_navigator]: Mapeando: Novo alvo de exploração: (21, 19)
[INFO] [1764535206.795411528] [cg_autonomous_navigator]: Mapeando: Novo alvo de exploração: (21, 18)
[INFO] [1764535206.845413677] [cg_autonomous_navigator]: Mapeando: Novo alvo de exploração: (21, 17)
[INFO] [1764535206.895333596] [cg_autonomous_navigator]: Mapeando: Novo alvo de exploração: (21, 16)
[INFO] [1764535206.945356807] [cg_autonomous_navigator]: Mapeando: Novo alvo de exploração: (19, 21)
[INFO] [1764535207.295354498] [cg_autonomous_navigator]: Mapeando: Novo alvo de exploração: (18, 21)
[INFO] [1764535207.345635967] [cg_autonomous_navigator]: Mapeando: Novo alvo de exploração: (22, 21)
[INFO] [1764535207.545442751] [cg_autonomous_navigator]: Mapeando: Novo alvo de exploração: (17, 22)
[INFO] [1764535207.845374507] [cg_autonomous_navigator]: Mapeando: Novo alvo de exploração: (23, 22)
[INFO] [1764535208.245401523] [cg_autonomous_navigator]: Mapeando: Novo alvo de exploração: (16, 23)
[INFO] [1764535208.745440621] [cg_autonomous_navigator]: Mapeando: Novo alvo de exploração: (15, 23)
[INFO] [1764535208.795453893] [cg_autonomous_navigator]: Mapeando: Novo alvo de exploração: (14, 23)
[INFO] [1764535208.845458701] [cg_autonomous_navigator]: Mapeando: Novo alvo de exploração: (13, 24)
[INFO] [1764535208.945329268] [cg_autonomous_navigator]: Mapeando: Novo alvo de exploração: (12, 25)
[INFO] [1764535209.045417303] [cg_autonomous_navigator]: Mapeando: Novo alvo de exploração: (11, 26)
[INFO] [1764535209.145391640] [cg_autonomous_navigator]: Mapeando: Novo alvo de exploração: (11, 27)
[INFO] [1764535209.195386183] [cg_autonomous_navigator]: Mapeando: Novo alvo de exploração: (12, 27)
[INFO] [1764535209.245378366] [cg_autonomous_navigator]: Mapeando: Novo alvo de exploração: (13, 27)
[INFO] [1764535209.295367347] [cg_autonomous_navigator]: Mapeando: Novo alvo de exploração: (14, 27)
[INFO] [1764535209.345395875] [cg_autonomous_navigator]: Mapeando: Novo alvo de exploração: (15, 26)
[INFO] [1764535209.445372622] [cg_autonomous_navigator]: Mapeando: Novo alvo de exploração: (16, 25)
[INFO] [1764535209.545379891] [cg_autonomous_navigator]: Mapeando: Novo alvo de exploração: (17, 26)
[INFO] [1764535209.645393819] [cg_autonomous_navigator]: Mapeando: Novo alvo de exploração: (17, 27)
[INFO] [1764535209.695509927] [cg_autonomous_navigator]: Mapeando: Novo alvo de exploração: (18, 27)
[INFO] [1764535209.745398811] [cg_autonomous_navigator]: Mapeando: Novo alvo de exploração: (19, 27)
[INFO] [1764535209.795384211] [cg_autonomous_navigator]: Mapeando: Novo alvo de exploração: (20, 27)
[INFO] [1764535209.845392813] [cg_autonomous_navigator]: Mapeando: Novo alvo de exploração: (21, 27)
[INFO] [1764535209.895433174] [cg_autonomous_navigator]: Mapeando: Novo alvo de exploração: (22, 27)
[INFO] [1764535209.945448566] [cg_autonomous_navigator]: Mapeando: Novo alvo de exploração: (23, 27)
[INFO] [1764535209.995391183] [cg_autonomous_navigator]: Mapeando: Novo alvo de exploração: (24, 27)
[INFO] [1764535210.045397668] [cg_autonomous_navigator]: Mapeando: Novo alvo de exploração: (25, 27)
[INFO] [1764535210.095398622] [cg_autonomous_navigator]: Mapeando: Novo alvo de exploração: (26, 27)
[INFO] [1764535210.145404791] [cg_autonomous_navigator]: Mapeando: Novo alvo de exploração: (27, 26)
[INFO] [1764535210.245408849] [cg_autonomous_navigator]: Mapeando: Novo alvo de exploração: (27, 25)
[INFO] [1764535210.295398515] [cg_autonomous_navigator]: Mapeando: Novo alvo de exploração: (27, 24)
[INFO] [1764535210.345412241] [cg_autonomous_navigator]: Mapeamento completo! Planejando rota para o início.
[INFO] [1764535210.346718257] [cg_autonomous_navigator]: Retornando ao início. Passos: 224
[INFO] [1764535221.495546305] [cg_autonomous_navigator]: De volta ao início! Calculando caminho final.
[INFO] [1764535221.495922319] [cg_autonomous_navigator]: Caminho final para o alvo calculado com 111 passos.
[INFO] [1764535226.995541285] [cg_autonomous_navigator]: Robô chegou ao alvo!
