[0.127s] Invoking command in '/project_ws/build/cg_solver': AMENT_PREFIX_PATH=/project_ws/install/cg_interfaces:${AMENT_PREFIX_PATH} CMAKE_PREFIX_PATH=/project_ws/install/cg_interfaces:/opt/ros/humble LD_LIBRARY_PATH=/project_ws/install/cg_interfaces/lib:${LD_LIBRARY_PATH} PYTHONPATH=/project_ws/install/cg_interfaces/local/lib/python3.10/dist-packages:${PYTHONPATH} /usr/bin/cmake --build /project_ws/build/cg_solver -- -j8 -l8
[0.154s] [35m[1mConsolidate compiler generated dependencies of target autonomous_navigator_node[0m
[0.168s] [100%] Built target autonomous_navigator_node
[0.258s] Invoked command in '/project_ws/build/cg_solver' returned '0': AMENT_PREFIX_PATH=/project_ws/install/cg_interfaces:${AMENT_PREFIX_PATH} CMAKE_PREFIX_PATH=/project_ws/install/cg_interfaces:/opt/ros/humble LD_LIBRARY_PATH=/project_ws/install/cg_interfaces/lib:${LD_LIBRARY_PATH} PYTHONPATH=/project_ws/install/cg_interfaces/local/lib/python3.10/dist-packages:${PYTHONPATH} /usr/bin/cmake --build /project_ws/build/cg_solver -- -j8 -l8
[0.259s] Invoking command in '/project_ws/build/cg_solver': AMENT_PREFIX_PATH=/project_ws/install/cg_interfaces:${AMENT_PREFIX_PATH} CMAKE_PREFIX_PATH=/project_ws/install/cg_interfaces:/opt/ros/humble LD_LIBRARY_PATH=/project_ws/install/cg_interfaces/lib:${LD_LIBRARY_PATH} PYTHONPATH=/project_ws/install/cg_interfaces/local/lib/python3.10/dist-packages:${PYTHONPATH} /usr/bin/cmake --install /project_ws/build/cg_solver
[0.264s] -- Install configuration: ""
[0.264s] -- Up-to-date: /project_ws/install/cg_solver/lib/cg_solver/autonomous_navigator_node
[0.264s] -- Up-to-date: /project_ws/install/cg_solver/share/ament_index/resource_index/package_run_dependencies/cg_solver
[0.264s] -- Up-to-date: /project_ws/install/cg_solver/share/ament_index/resource_index/parent_prefix_path/cg_solver
[0.264s] -- Up-to-date: /project_ws/install/cg_solver/share/cg_solver/environment/ament_prefix_path.sh
[0.264s] -- Up-to-date: /project_ws/install/cg_solver/share/cg_solver/environment/ament_prefix_path.dsv
[0.264s] -- Up-to-date: /project_ws/install/cg_solver/share/cg_solver/environment/path.sh
[0.264s] -- Up-to-date: /project_ws/install/cg_solver/share/cg_solver/environment/path.dsv
[0.264s] -- Up-to-date: /project_ws/install/cg_solver/share/cg_solver/local_setup.bash
[0.264s] -- Up-to-date: /project_ws/install/cg_solver/share/cg_solver/local_setup.sh
[0.265s] -- Up-to-date: /project_ws/install/cg_solver/share/cg_solver/local_setup.zsh
[0.265s] -- Up-to-date: /project_ws/install/cg_solver/share/cg_solver/local_setup.dsv
[0.265s] -- Installing: /project_ws/install/cg_solver/share/cg_solver/package.dsv
[0.265s] -- Up-to-date: /project_ws/install/cg_solver/share/ament_index/resource_index/packages/cg_solver
[0.265s] -- Up-to-date: /project_ws/install/cg_solver/share/cg_solver/cmake/cg_solverConfig.cmake
[0.265s] -- Up-to-date: /project_ws/install/cg_solver/share/cg_solver/cmake/cg_solverConfig-version.cmake
[0.265s] -- Up-to-date: /project_ws/install/cg_solver/share/cg_solver/package.xml
[0.266s] Invoked command in '/project_ws/build/cg_solver' returned '0': AMENT_PREFIX_PATH=/project_ws/install/cg_interfaces:${AMENT_PREFIX_PATH} CMAKE_PREFIX_PATH=/project_ws/install/cg_interfaces:/opt/ros/humble LD_LIBRARY_PATH=/project_ws/install/cg_interfaces/lib:${LD_LIBRARY_PATH} PYTHONPATH=/project_ws/install/cg_interfaces/local/lib/python3.10/dist-packages:${PYTHONPATH} /usr/bin/cmake --install /project_ws/build/cg_solver
