[0.012s] Invoking command in '/project_ws/build/cg_solver': CMAKE_PREFIX_PATH=/project_ws/install/cg_interfaces:/project_ws/install/cg_solver:/project_ws/install/cg_teleop:/project_ws/install/cg:/opt/ros/humble /usr/bin/cmake --build /project_ws/build/cg_solver -- -j8 -l8
[0.059s] [35m[1mConsolidate compiler generated dependencies of target autonomous_navigator_node[0m
[0.091s] [ 50%] [32mBuilding CXX object CMakeFiles/autonomous_navigator_node.dir/src/autonomous_navigator_node.cpp.o[0m
[9.173s] [100%] [32m[1mLinking CXX executable autonomous_navigator_node[0m
[9.632s] [100%] Built target autonomous_navigator_node
[9.643s] Invoked command in '/project_ws/build/cg_solver' returned '0': CMAKE_PREFIX_PATH=/project_ws/install/cg_interfaces:/project_ws/install/cg_solver:/project_ws/install/cg_teleop:/project_ws/install/cg:/opt/ros/humble /usr/bin/cmake --build /project_ws/build/cg_solver -- -j8 -l8
[9.651s] Invoking command in '/project_ws/build/cg_solver': CMAKE_PREFIX_PATH=/project_ws/install/cg_interfaces:/project_ws/install/cg_solver:/project_ws/install/cg_teleop:/project_ws/install/cg:/opt/ros/humble /usr/bin/cmake --install /project_ws/build/cg_solver
[9.657s] -- Install configuration: ""
[9.658s] -- Installing: /project_ws/install/cg_solver/lib/cg_solver/autonomous_navigator_node
[9.690s] -- Set runtime path of "/project_ws/install/cg_solver/lib/cg_solver/autonomous_navigator_node" to ""
[9.691s] -- Up-to-date: /project_ws/install/cg_solver/share/ament_index/resource_index/package_run_dependencies/cg_solver
[9.691s] -- Up-to-date: /project_ws/install/cg_solver/share/ament_index/resource_index/parent_prefix_path/cg_solver
[9.691s] -- Up-to-date: /project_ws/install/cg_solver/share/cg_solver/environment/ament_prefix_path.sh
[9.692s] -- Up-to-date: /project_ws/install/cg_solver/share/cg_solver/environment/ament_prefix_path.dsv
[9.692s] -- Up-to-date: /project_ws/install/cg_solver/share/cg_solver/environment/path.sh
[9.692s] -- Up-to-date: /project_ws/install/cg_solver/share/cg_solver/environment/path.dsv
[9.692s] -- Up-to-date: /project_ws/install/cg_solver/share/cg_solver/local_setup.bash
[9.692s] -- Up-to-date: /project_ws/install/cg_solver/share/cg_solver/local_setup.sh
[9.692s] -- Up-to-date: /project_ws/install/cg_solver/share/cg_solver/local_setup.zsh
[9.692s] -- Up-to-date: /project_ws/install/cg_solver/share/cg_solver/local_setup.dsv
[9.693s] -- Installing: /project_ws/install/cg_solver/share/cg_solver/package.dsv
[9.693s] -- Up-to-date: /project_ws/install/cg_solver/share/ament_index/resource_index/packages/cg_solver
[9.693s] -- Up-to-date: /project_ws/install/cg_solver/share/cg_solver/cmake/cg_solverConfig.cmake
[9.693s] -- Up-to-date: /project_ws/install/cg_solver/share/cg_solver/cmake/cg_solverConfig-version.cmake
[9.693s] -- Up-to-date: /project_ws/install/cg_solver/share/cg_solver/package.xml
[9.695s] Invoked command in '/project_ws/build/cg_solver' returned '0': CMAKE_PREFIX_PATH=/project_ws/install/cg_interfaces:/project_ws/install/cg_solver:/project_ws/install/cg_teleop:/project_ws/install/cg:/opt/ros/humble /usr/bin/cmake --install /project_ws/build/cg_solver
