[0.000000] (-) TimerEvent: {}
[0.000219] (cg_interfaces) JobQueued: {'identifier': 'cg_interfaces', 'dependencies': OrderedDict()}
[0.000278] (cg) JobQueued: {'identifier': 'cg', 'dependencies': OrderedDict([('cg_interfaces', '/project_ws/install/cg_interfaces')])}
[0.000486] (cg_teleop) JobQueued: {'identifier': 'cg_teleop', 'dependencies': OrderedDict([('cg_interfaces', '/project_ws/install/cg_interfaces')])}
[0.000501] (cg_interfaces) JobStarted: {'identifier': 'cg_interfaces'}
[0.005876] (cg_interfaces) JobProgress: {'identifier': 'cg_interfaces', 'progress': 'cmake'}
[0.006247] (cg_interfaces) JobProgress: {'identifier': 'cg_interfaces', 'progress': 'build'}
[0.006691] (cg_interfaces) Command: {'cmd': ['/usr/bin/cmake', '--build', '/project_ws/build/cg_interfaces', '--', '-j8', '-l8'], 'cwd': '/project_ws/build/cg_interfaces', 'env': OrderedDict([('HOSTNAME', 'fedora'), ('SHLVL', '1'), ('LD_LIBRARY_PATH', '/project_ws/install/cg_interfaces/lib:/opt/ros/humble/lib/x86_64-linux-gnu:/opt/ros/humble/lib'), ('HOME', '/'), ('ROS_PYTHON_VERSION', '3'), ('COLCON_PREFIX_PATH', '/project_ws/install'), ('ROS_DISTRO', 'humble'), ('_', '/usr/bin/colcon'), ('ROS_VERSION', '2'), ('TERM', 'xterm'), ('ROS_LOCALHOST_ONLY', '0'), ('PATH', '/opt/ros/humble/bin:/usr/local/sbin:/usr/local/bin:/usr/sbin:/usr/bin:/sbin:/bin'), ('LANG', 'C.UTF-8'), ('AMENT_PREFIX_PATH', '/project_ws/install/cg_teleop:/project_ws/install/cg:/project_ws/install/cg_interfaces:/opt/ros/humble'), ('PWD', '/project_ws/build/cg_interfaces'), ('LC_ALL', 'C.UTF-8'), ('PYTHONPATH', '/project_ws/install/cg_teleop/lib/python3.10/site-packages:/project_ws/install/cg/lib/python3.10/site-packages:/project_ws/install/cg_interfaces/local/lib/python3.10/dist-packages:/opt/ros/humble/lib/python3.10/site-packages:/opt/ros/humble/local/lib/python3.10/dist-packages'), ('COLCON', '1'), ('CMAKE_PREFIX_PATH', '/project_ws/install/cg_interfaces:/project_ws/install/cg_teleop:/project_ws/install/cg:/opt/ros/humble')]), 'shell': False}
[0.039265] (cg_interfaces) StdoutLine: {'line': b'[  1%] Built target cg_interfaces__cpp\n'}
[0.039619] (cg_interfaces) StdoutLine: {'line': b'[ 12%] Built target cg_interfaces__rosidl_generator_c\n'}
[0.047944] (cg_interfaces) StdoutLine: {'line': b'[ 12%] Built target ament_cmake_python_copy_cg_interfaces\n'}
[0.058249] (cg_interfaces) StdoutLine: {'line': b'[ 23%] Built target cg_interfaces__rosidl_typesupport_c\n'}
[0.058594] (cg_interfaces) StdoutLine: {'line': b'[ 56%] Built target cg_interfaces__rosidl_typesupport_introspection_c\n'}
[0.058679] (cg_interfaces) StdoutLine: {'line': b'[ 52%] Built target cg_interfaces__rosidl_typesupport_cpp\n'}
[0.058747] (cg_interfaces) StdoutLine: {'line': b'[ 56%] Built target cg_interfaces__rosidl_typesupport_introspection_cpp\n'}
[0.058947] (cg_interfaces) StdoutLine: {'line': b'[ 74%] Built target cg_interfaces__rosidl_typesupport_fastrtps_cpp\n'}
[0.059035] (cg_interfaces) StdoutLine: {'line': b'[ 78%] Built target cg_interfaces__rosidl_typesupport_fastrtps_c\n'}
[0.070742] (cg_interfaces) StdoutLine: {'line': b'[ 78%] Built target cg_interfaces\n'}
[0.082764] (cg_interfaces) StdoutLine: {'line': b'[ 80%] Built target cg_interfaces__py\n'}
[0.097285] (cg_interfaces) StdoutLine: {'line': b'[ 89%] Built target cg_interfaces__rosidl_generator_py\n'}
[0.099887] (-) TimerEvent: {}
[0.111080] (cg_interfaces) StdoutLine: {'line': b'[100%] Built target cg_interfaces__rosidl_typesupport_c__pyext\n'}
[0.111266] (cg_interfaces) StdoutLine: {'line': b'[100%] Built target cg_interfaces__rosidl_typesupport_introspection_c__pyext\n'}
[0.111348] (cg_interfaces) StdoutLine: {'line': b'[100%] Built target cg_interfaces__rosidl_typesupport_fastrtps_c__pyext\n'}
[0.173119] (cg_interfaces) StdoutLine: {'line': b'running egg_info\n'}
[0.173499] (cg_interfaces) StdoutLine: {'line': b'writing cg_interfaces.egg-info/PKG-INFO\n'}
[0.173687] (cg_interfaces) StdoutLine: {'line': b'writing dependency_links to cg_interfaces.egg-info/dependency_links.txt\n'}
[0.173824] (cg_interfaces) StdoutLine: {'line': b'writing top-level names to cg_interfaces.egg-info/top_level.txt\n'}
[0.175225] (cg_interfaces) StdoutLine: {'line': b"reading manifest file 'cg_interfaces.egg-info/SOURCES.txt'\n"}
[0.175728] (cg_interfaces) StdoutLine: {'line': b"writing manifest file 'cg_interfaces.egg-info/SOURCES.txt'\n"}
[0.191194] (cg_interfaces) StdoutLine: {'line': b'[100%] Built target ament_cmake_python_build_cg_interfaces_egg\n'}
[0.198476] (cg_interfaces) CommandEnded: {'returncode': 0}
[0.198876] (cg_interfaces) JobProgress: {'identifier': 'cg_interfaces', 'progress': 'install'}
[0.199966] (-) TimerEvent: {}
[0.204343] (cg_interfaces) Command: {'cmd': ['/usr/bin/cmake', '--install', '/project_ws/build/cg_interfaces'], 'cwd': '/project_ws/build/cg_interfaces', 'env': OrderedDict([('HOSTNAME', 'fedora'), ('SHLVL', '1'), ('LD_LIBRARY_PATH', '/project_ws/install/cg_interfaces/lib:/opt/ros/humble/lib/x86_64-linux-gnu:/opt/ros/humble/lib'), ('HOME', '/'), ('ROS_PYTHON_VERSION', '3'), ('COLCON_PREFIX_PATH', '/project_ws/install'), ('ROS_DISTRO', 'humble'), ('_', '/usr/bin/colcon'), ('ROS_VERSION', '2'), ('TERM', 'xterm'), ('ROS_LOCALHOST_ONLY', '0'), ('PATH', '/opt/ros/humble/bin:/usr/local/sbin:/usr/local/bin:/usr/sbin:/usr/bin:/sbin:/bin'), ('LANG', 'C.UTF-8'), ('AMENT_PREFIX_PATH', '/project_ws/install/cg_teleop:/project_ws/install/cg:/project_ws/install/cg_interfaces:/opt/ros/humble'), ('PWD', '/project_ws/build/cg_interfaces'), ('LC_ALL', 'C.UTF-8'), ('PYTHONPATH', '/project_ws/install/cg_teleop/lib/python3.10/site-packages:/project_ws/install/cg/lib/python3.10/site-packages:/project_ws/install/cg_interfaces/local/lib/python3.10/dist-packages:/opt/ros/humble/lib/python3.10/site-packages:/opt/ros/humble/local/lib/python3.10/dist-packages'), ('COLCON', '1'), ('CMAKE_PREFIX_PATH', '/project_ws/install/cg_interfaces:/project_ws/install/cg_teleop:/project_ws/install/cg:/opt/ros/humble')]), 'shell': False}
[0.209627] (cg_interfaces) StdoutLine: {'line': b'-- Install configuration: ""\n'}
[0.209787] (cg_interfaces) StdoutLine: {'line': b'-- Up-to-date: /project_ws/install/cg_interfaces/share/ament_index/resource_index/rosidl_interfaces/cg_interfaces\n'}
[0.209906] (cg_interfaces) StdoutLine: {'line': b'-- Up-to-date: /project_ws/install/cg_interfaces/include/cg_interfaces/cg_interfaces\n'}
[0.210005] (cg_interfaces) StdoutLine: {'line': b'-- Up-to-date: /project_ws/install/cg_interfaces/include/cg_interfaces/cg_interfaces/msg\n'}
[0.210113] (cg_interfaces) StdoutLine: {'line': b'-- Up-to-date: /project_ws/install/cg_interfaces/include/cg_interfaces/cg_interfaces/msg/rosidl_generator_c__visibility_control.h\n'}
[0.210216] (cg_interfaces) StdoutLine: {'line': b'-- Up-to-date: /project_ws/install/cg_interfaces/include/cg_interfaces/cg_interfaces/msg/robot_sensors.h\n'}
[0.210305] (cg_interfaces) StdoutLine: {'line': b'-- Up-to-date: /project_ws/install/cg_interfaces/include/cg_interfaces/cg_interfaces/msg/detail\n'}
[0.210398] (cg_interfaces) StdoutLine: {'line': b'-- Up-to-date: /project_ws/install/cg_interfaces/include/cg_interfaces/cg_interfaces/msg/detail/robot_sensors__functions.c\n'}
[0.210468] (cg_interfaces) StdoutLine: {'line': b'-- Up-to-date: /project_ws/install/cg_interfaces/include/cg_interfaces/cg_interfaces/msg/detail/robot_sensors__functions.h\n'}
[0.210534] (cg_interfaces) StdoutLine: {'line': b'-- Up-to-date: /project_ws/install/cg_interfaces/include/cg_interfaces/cg_interfaces/msg/detail/robot_sensors__struct.h\n'}
[0.210615] (cg_interfaces) StdoutLine: {'line': b'-- Up-to-date: /project_ws/install/cg_interfaces/include/cg_interfaces/cg_interfaces/msg/detail/robot_sensors__type_support.h\n'}
[0.210683] (cg_interfaces) StdoutLine: {'line': b'-- Up-to-date: /project_ws/install/cg_interfaces/include/cg_interfaces/cg_interfaces/srv\n'}
[0.210781] (cg_interfaces) StdoutLine: {'line': b'-- Up-to-date: /project_ws/install/cg_interfaces/include/cg_interfaces/cg_interfaces/srv/move_cmd.h\n'}
[0.210882] (cg_interfaces) StdoutLine: {'line': b'-- Up-to-date: /project_ws/install/cg_interfaces/include/cg_interfaces/cg_interfaces/srv/detail\n'}
[0.210976] (cg_interfaces) StdoutLine: {'line': b'-- Up-to-date: /project_ws/install/cg_interfaces/include/cg_interfaces/cg_interfaces/srv/detail/move_cmd__functions.c\n'}
[0.211054] (cg_interfaces) StdoutLine: {'line': b'-- Up-to-date: /project_ws/install/cg_interfaces/include/cg_interfaces/cg_interfaces/srv/detail/move_cmd__functions.h\n'}
[0.211138] (cg_interfaces) StdoutLine: {'line': b'-- Up-to-date: /project_ws/install/cg_interfaces/include/cg_interfaces/cg_interfaces/srv/detail/move_cmd__struct.h\n'}
[0.211209] (cg_interfaces) StdoutLine: {'line': b'-- Up-to-date: /project_ws/install/cg_interfaces/include/cg_interfaces/cg_interfaces/srv/detail/move_cmd__type_support.h\n'}
[0.211305] (cg_interfaces) StdoutLine: {'line': b'-- Up-to-date: /project_ws/install/cg_interfaces/include/cg_interfaces/cg_interfaces/srv/detail/get_map__functions.c\n'}
[0.211513] (cg_interfaces) StdoutLine: {'line': b'-- Up-to-date: /project_ws/install/cg_interfaces/include/cg_interfaces/cg_interfaces/srv/detail/get_map__functions.h\n'}
[0.211598] (cg_interfaces) StdoutLine: {'line': b'-- Up-to-date: /project_ws/install/cg_interfaces/include/cg_interfaces/cg_interfaces/srv/detail/get_map__struct.h\n'}
[0.211678] (cg_interfaces) StdoutLine: {'line': b'-- Up-to-date: /project_ws/install/cg_interfaces/include/cg_interfaces/cg_interfaces/srv/detail/get_map__type_support.h\n'}
[0.211751] (cg_interfaces) StdoutLine: {'line': b'-- Up-to-date: /project_ws/install/cg_interfaces/include/cg_interfaces/cg_interfaces/srv/detail/reset__functions.c\n'}
[0.211821] (cg_interfaces) StdoutLine: {'line': b'-- Up-to-date: /project_ws/install/cg_interfaces/include/cg_interfaces/cg_interfaces/srv/detail/reset__functions.h\n'}
[0.211889] (cg_interfaces) StdoutLine: {'line': b'-- Up-to-date: /project_ws/install/cg_interfaces/include/cg_interfaces/cg_interfaces/srv/detail/reset__struct.h\n'}
[0.211970] (cg_interfaces) StdoutLine: {'line': b'-- Up-to-date: /project_ws/install/cg_interfaces/include/cg_interfaces/cg_interfaces/srv/detail/reset__type_support.h\n'}
[0.212039] (cg_interfaces) StdoutLine: {'line': b'-- Up-to-date: /project_ws/install/cg_interfaces/include/cg_interfaces/cg_interfaces/srv/get_map.h\n'}
[0.212138] (cg_interfaces) StdoutLine: {'line': b'-- Up-to-date: /project_ws/install/cg_interfaces/include/cg_interfaces/cg_interfaces/srv/reset.h\n'}
[0.212243] (cg_interfaces) StdoutLine: {'line': b'-- Up-to-date: /project_ws/install/cg_interfaces/share/cg_interfaces/environment/library_path.sh\n'}
[0.212348] (cg_interfaces) StdoutLine: {'line': b'-- Up-to-date: /project_ws/install/cg_interfaces/share/cg_interfaces/environment/library_path.dsv\n'}
[0.212457] (cg_interfaces) StdoutLine: {'line': b'-- Up-to-date: /project_ws/install/cg_interfaces/lib/libcg_interfaces__rosidl_generator_c.so\n'}
[0.212557] (cg_interfaces) StdoutLine: {'line': b'-- Up-to-date: /project_ws/install/cg_interfaces/include/cg_interfaces/cg_interfaces\n'}
[0.212651] (cg_interfaces) StdoutLine: {'line': b'-- Up-to-date: /project_ws/install/cg_interfaces/include/cg_interfaces/cg_interfaces/msg\n'}
[0.212743] (cg_interfaces) StdoutLine: {'line': b'-- Up-to-date: /project_ws/install/cg_interfaces/include/cg_interfaces/cg_interfaces/msg/rosidl_typesupport_fastrtps_c__visibility_control.h\n'}
[0.212843] (cg_interfaces) StdoutLine: {'line': b'-- Up-to-date: /project_ws/install/cg_interfaces/include/cg_interfaces/cg_interfaces/msg/detail\n'}
[0.212939] (cg_interfaces) StdoutLine: {'line': b'-- Up-to-date: /project_ws/install/cg_interfaces/include/cg_interfaces/cg_interfaces/msg/detail/robot_sensors__rosidl_typesupport_fastrtps_c.h\n'}
[0.213013] (cg_interfaces) StdoutLine: {'line': b'-- Up-to-date: /project_ws/install/cg_interfaces/include/cg_interfaces/cg_interfaces/srv\n'}
[0.213093] (cg_interfaces) StdoutLine: {'line': b'-- Up-to-date: /project_ws/install/cg_interfaces/include/cg_interfaces/cg_interfaces/srv/detail\n'}
[0.213164] (cg_interfaces) StdoutLine: {'line': b'-- Up-to-date: /project_ws/install/cg_interfaces/include/cg_interfaces/cg_interfaces/srv/detail/move_cmd__rosidl_typesupport_fastrtps_c.h\n'}
[0.213243] (cg_interfaces) StdoutLine: {'line': b'-- Up-to-date: /project_ws/install/cg_interfaces/include/cg_interfaces/cg_interfaces/srv/detail/get_map__rosidl_typesupport_fastrtps_c.h\n'}
[0.213343] (cg_interfaces) StdoutLine: {'line': b'-- Up-to-date: /project_ws/install/cg_interfaces/include/cg_interfaces/cg_interfaces/srv/detail/reset__rosidl_typesupport_fastrtps_c.h\n'}
[0.213450] (cg_interfaces) StdoutLine: {'line': b'-- Up-to-date: /project_ws/install/cg_interfaces/lib/libcg_interfaces__rosidl_typesupport_fastrtps_c.so\n'}
[0.213545] (cg_interfaces) StdoutLine: {'line': b'-- Up-to-date: /project_ws/install/cg_interfaces/include/cg_interfaces/cg_interfaces\n'}
[0.213615] (cg_interfaces) StdoutLine: {'line': b'-- Up-to-date: /project_ws/install/cg_interfaces/include/cg_interfaces/cg_interfaces/msg\n'}
[0.213695] (cg_interfaces) StdoutLine: {'line': b'-- Up-to-date: /project_ws/install/cg_interfaces/include/cg_interfaces/cg_interfaces/msg/rosidl_typesupport_introspection_c__visibility_control.h\n'}
[0.213766] (cg_interfaces) StdoutLine: {'line': b'-- Up-to-date: /project_ws/install/cg_interfaces/include/cg_interfaces/cg_interfaces/msg/detail\n'}
[0.213836] (cg_interfaces) StdoutLine: {'line': b'-- Up-to-date: /project_ws/install/cg_interfaces/include/cg_interfaces/cg_interfaces/msg/detail/robot_sensors__rosidl_typesupport_introspection_c.h\n'}
[0.213903] (cg_interfaces) StdoutLine: {'line': b'-- Up-to-date: /project_ws/install/cg_interfaces/include/cg_interfaces/cg_interfaces/msg/detail/robot_sensors__type_support.c\n'}
[0.213984] (cg_interfaces) StdoutLine: {'line': b'-- Up-to-date: /project_ws/install/cg_interfaces/include/cg_interfaces/cg_interfaces/srv\n'}
[0.214054] (cg_interfaces) StdoutLine: {'line': b'-- Up-to-date: /project_ws/install/cg_interfaces/include/cg_interfaces/cg_interfaces/srv/detail\n'}
[0.214152] (cg_interfaces) StdoutLine: {'line': b'-- Up-to-date: /project_ws/install/cg_interfaces/include/cg_interfaces/cg_interfaces/srv/detail/move_cmd__rosidl_typesupport_introspection_c.h\n'}
[0.214231] (cg_interfaces) StdoutLine: {'line': b'-- Up-to-date: /project_ws/install/cg_interfaces/include/cg_interfaces/cg_interfaces/srv/detail/move_cmd__type_support.c\n'}
[0.214301] (cg_interfaces) StdoutLine: {'line': b'-- Up-to-date: /project_ws/install/cg_interfaces/include/cg_interfaces/cg_interfaces/srv/detail/get_map__rosidl_typesupport_introspection_c.h\n'}
[0.214386] (cg_interfaces) StdoutLine: {'line': b'-- Up-to-date: /project_ws/install/cg_interfaces/include/cg_interfaces/cg_interfaces/srv/detail/get_map__type_support.c\n'}
[0.214457] (cg_interfaces) StdoutLine: {'line': b'-- Up-to-date: /project_ws/install/cg_interfaces/include/cg_interfaces/cg_interfaces/srv/detail/reset__rosidl_typesupport_introspection_c.h\n'}
[0.214538] (cg_interfaces) StdoutLine: {'line': b'-- Up-to-date: /project_ws/install/cg_interfaces/include/cg_interfaces/cg_interfaces/srv/detail/reset__type_support.c\n'}
[0.214619] (cg_interfaces) StdoutLine: {'line': b'-- Up-to-date: /project_ws/install/cg_interfaces/lib/libcg_interfaces__rosidl_typesupport_introspection_c.so\n'}
[0.214701] (cg_interfaces) StdoutLine: {'line': b'-- Up-to-date: /project_ws/install/cg_interfaces/lib/libcg_interfaces__rosidl_typesupport_c.so\n'}
[0.214792] (cg_interfaces) StdoutLine: {'line': b'-- Up-to-date: /project_ws/install/cg_interfaces/include/cg_interfaces/cg_interfaces\n'}
[0.214894] (cg_interfaces) StdoutLine: {'line': b'-- Up-to-date: /project_ws/install/cg_interfaces/include/cg_interfaces/cg_interfaces/msg\n'}
[0.214992] (cg_interfaces) StdoutLine: {'line': b'-- Up-to-date: /project_ws/install/cg_interfaces/include/cg_interfaces/cg_interfaces/msg/rosidl_generator_cpp__visibility_control.hpp\n'}
[0.215097] (cg_interfaces) StdoutLine: {'line': b'-- Up-to-date: /project_ws/install/cg_interfaces/include/cg_interfaces/cg_interfaces/msg/robot_sensors.hpp\n'}
[0.215177] (cg_interfaces) StdoutLine: {'line': b'-- Up-to-date: /project_ws/install/cg_interfaces/include/cg_interfaces/cg_interfaces/msg/detail\n'}
[0.215238] (cg_interfaces) StdoutLine: {'line': b'-- Up-to-date: /project_ws/install/cg_interfaces/include/cg_interfaces/cg_interfaces/msg/detail/robot_sensors__builder.hpp\n'}
[0.215316] (cg_interfaces) StdoutLine: {'line': b'-- Up-to-date: /project_ws/install/cg_interfaces/include/cg_interfaces/cg_interfaces/msg/detail/robot_sensors__struct.hpp\n'}
[0.215383] (cg_interfaces) StdoutLine: {'line': b'-- Up-to-date: /project_ws/install/cg_interfaces/include/cg_interfaces/cg_interfaces/msg/detail/robot_sensors__traits.hpp\n'}
[0.215443] (cg_interfaces) StdoutLine: {'line': b'-- Up-to-date: /project_ws/install/cg_interfaces/include/cg_interfaces/cg_interfaces/msg/detail/robot_sensors__type_support.hpp\n'}
[0.215495] (cg_interfaces) StdoutLine: {'line': b'-- Up-to-date: /project_ws/install/cg_interfaces/include/cg_interfaces/cg_interfaces/srv\n'}
[0.215535] (cg_interfaces) StdoutLine: {'line': b'-- Up-to-date: /project_ws/install/cg_interfaces/include/cg_interfaces/cg_interfaces/srv/move_cmd.hpp\n'}
[0.215573] (cg_interfaces) StdoutLine: {'line': b'-- Up-to-date: /project_ws/install/cg_interfaces/include/cg_interfaces/cg_interfaces/srv/detail\n'}
[0.215611] (cg_interfaces) StdoutLine: {'line': b'-- Up-to-date: /project_ws/install/cg_interfaces/include/cg_interfaces/cg_interfaces/srv/detail/move_cmd__builder.hpp\n'}
[0.215647] (cg_interfaces) StdoutLine: {'line': b'-- Up-to-date: /project_ws/install/cg_interfaces/include/cg_interfaces/cg_interfaces/srv/detail/move_cmd__struct.hpp\n'}
[0.215686] (cg_interfaces) StdoutLine: {'line': b'-- Up-to-date: /project_ws/install/cg_interfaces/include/cg_interfaces/cg_interfaces/srv/detail/move_cmd__traits.hpp\n'}
[0.215723] (cg_interfaces) StdoutLine: {'line': b'-- Up-to-date: /project_ws/install/cg_interfaces/include/cg_interfaces/cg_interfaces/srv/detail/move_cmd__type_support.hpp\n'}
[0.215769] (cg_interfaces) StdoutLine: {'line': b'-- Up-to-date: /project_ws/install/cg_interfaces/include/cg_interfaces/cg_interfaces/srv/detail/get_map__builder.hpp\n'}
[0.215807] (cg_interfaces) StdoutLine: {'line': b'-- Up-to-date: /project_ws/install/cg_interfaces/include/cg_interfaces/cg_interfaces/srv/detail/get_map__struct.hpp\n'}
[0.215844] (cg_interfaces) StdoutLine: {'line': b'-- Up-to-date: /project_ws/install/cg_interfaces/include/cg_interfaces/cg_interfaces/srv/detail/get_map__traits.hpp\n'}
[0.215882] (cg_interfaces) StdoutLine: {'line': b'-- Up-to-date: /project_ws/install/cg_interfaces/include/cg_interfaces/cg_interfaces/srv/detail/get_map__type_support.hpp\n'}
[0.215919] (cg_interfaces) StdoutLine: {'line': b'-- Up-to-date: /project_ws/install/cg_interfaces/include/cg_interfaces/cg_interfaces/srv/detail/reset__builder.hpp\n'}
[0.215957] (cg_interfaces) StdoutLine: {'line': b'-- Up-to-date: /project_ws/install/cg_interfaces/include/cg_interfaces/cg_interfaces/srv/detail/reset__struct.hpp\n'}
[0.215993] (cg_interfaces) StdoutLine: {'line': b'-- Up-to-date: /project_ws/install/cg_interfaces/include/cg_interfaces/cg_interfaces/srv/detail/reset__traits.hpp\n'}
[0.216030] (cg_interfaces) StdoutLine: {'line': b'-- Up-to-date: /project_ws/install/cg_interfaces/include/cg_interfaces/cg_interfaces/srv/detail/reset__type_support.hpp\n'}
[0.216068] (cg_interfaces) StdoutLine: {'line': b'-- Up-to-date: /project_ws/install/cg_interfaces/include/cg_interfaces/cg_interfaces/srv/get_map.hpp\n'}
[0.216105] (cg_interfaces) StdoutLine: {'line': b'-- Up-to-date: /project_ws/install/cg_interfaces/include/cg_interfaces/cg_interfaces/srv/reset.hpp\n'}
[0.216141] (cg_interfaces) StdoutLine: {'line': b'-- Up-to-date: /project_ws/install/cg_interfaces/include/cg_interfaces/cg_interfaces\n'}
[0.216181] (cg_interfaces) StdoutLine: {'line': b'-- Up-to-date: /project_ws/install/cg_interfaces/include/cg_interfaces/cg_interfaces/msg\n'}
[0.216221] (cg_interfaces) StdoutLine: {'line': b'-- Up-to-date: /project_ws/install/cg_interfaces/include/cg_interfaces/cg_interfaces/msg/rosidl_typesupport_fastrtps_cpp__visibility_control.h\n'}
[0.216258] (cg_interfaces) StdoutLine: {'line': b'-- Up-to-date: /project_ws/install/cg_interfaces/include/cg_interfaces/cg_interfaces/msg/detail\n'}
[0.216295] (cg_interfaces) StdoutLine: {'line': b'-- Up-to-date: /project_ws/install/cg_interfaces/include/cg_interfaces/cg_interfaces/msg/detail/robot_sensors__rosidl_typesupport_fastrtps_cpp.hpp\n'}
[0.216341] (cg_interfaces) StdoutLine: {'line': b'-- Up-to-date: /project_ws/install/cg_interfaces/include/cg_interfaces/cg_interfaces/msg/detail/dds_fastrtps\n'}
[0.216380] (cg_interfaces) StdoutLine: {'line': b'-- Up-to-date: /project_ws/install/cg_interfaces/include/cg_interfaces/cg_interfaces/srv\n'}
[0.216417] (cg_interfaces) StdoutLine: {'line': b'-- Up-to-date: /project_ws/install/cg_interfaces/include/cg_interfaces/cg_interfaces/srv/detail\n'}
[0.216453] (cg_interfaces) StdoutLine: {'line': b'-- Up-to-date: /project_ws/install/cg_interfaces/include/cg_interfaces/cg_interfaces/srv/detail/move_cmd__rosidl_typesupport_fastrtps_cpp.hpp\n'}
[0.216489] (cg_interfaces) StdoutLine: {'line': b'-- Up-to-date: /project_ws/install/cg_interfaces/include/cg_interfaces/cg_interfaces/srv/detail/dds_fastrtps\n'}
[0.216527] (cg_interfaces) StdoutLine: {'line': b'-- Up-to-date: /project_ws/install/cg_interfaces/include/cg_interfaces/cg_interfaces/srv/detail/get_map__rosidl_typesupport_fastrtps_cpp.hpp\n'}
[0.216563] (cg_interfaces) StdoutLine: {'line': b'-- Up-to-date: /project_ws/install/cg_interfaces/include/cg_interfaces/cg_interfaces/srv/detail/reset__rosidl_typesupport_fastrtps_cpp.hpp\n'}
[0.216601] (cg_interfaces) StdoutLine: {'line': b'-- Up-to-date: /project_ws/install/cg_interfaces/lib/libcg_interfaces__rosidl_typesupport_fastrtps_cpp.so\n'}
[0.216637] (cg_interfaces) StdoutLine: {'line': b'-- Up-to-date: /project_ws/install/cg_interfaces/include/cg_interfaces/cg_interfaces\n'}
[0.216673] (cg_interfaces) StdoutLine: {'line': b'-- Up-to-date: /project_ws/install/cg_interfaces/include/cg_interfaces/cg_interfaces/srv\n'}
[0.216710] (cg_interfaces) StdoutLine: {'line': b'-- Up-to-date: /project_ws/install/cg_interfaces/include/cg_interfaces/cg_interfaces/srv/detail\n'}
[0.216750] (cg_interfaces) StdoutLine: {'line': b'-- Up-to-date: /project_ws/install/cg_interfaces/include/cg_interfaces/cg_interfaces/srv/detail/move_cmd__rosidl_typesupport_introspection_cpp.hpp\n'}
[0.216789] (cg_interfaces) StdoutLine: {'line': b'-- Up-to-date: /project_ws/install/cg_interfaces/include/cg_interfaces/cg_interfaces/srv/detail/move_cmd__type_support.cpp\n'}
[0.216826] (cg_interfaces) StdoutLine: {'line': b'-- Up-to-date: /project_ws/install/cg_interfaces/include/cg_interfaces/cg_interfaces/srv/detail/get_map__rosidl_typesupport_introspection_cpp.hpp\n'}
[0.216863] (cg_interfaces) StdoutLine: {'line': b'-- Up-to-date: /project_ws/install/cg_interfaces/include/cg_interfaces/cg_interfaces/srv/detail/get_map__type_support.cpp\n'}
[0.216901] (cg_interfaces) StdoutLine: {'line': b'-- Up-to-date: /project_ws/install/cg_interfaces/include/cg_interfaces/cg_interfaces/srv/detail/reset__rosidl_typesupport_introspection_cpp.hpp\n'}
[0.216937] (cg_interfaces) StdoutLine: {'line': b'-- Up-to-date: /project_ws/install/cg_interfaces/include/cg_interfaces/cg_interfaces/srv/detail/reset__type_support.cpp\n'}
[0.216974] (cg_interfaces) StdoutLine: {'line': b'-- Up-to-date: /project_ws/install/cg_interfaces/include/cg_interfaces/cg_interfaces/msg\n'}
[0.217010] (cg_interfaces) StdoutLine: {'line': b'-- Up-to-date: /project_ws/install/cg_interfaces/include/cg_interfaces/cg_interfaces/msg/detail\n'}
[0.217048] (cg_interfaces) StdoutLine: {'line': b'-- Up-to-date: /project_ws/install/cg_interfaces/include/cg_interfaces/cg_interfaces/msg/detail/robot_sensors__rosidl_typesupport_introspection_cpp.hpp\n'}
[0.217085] (cg_interfaces) StdoutLine: {'line': b'-- Up-to-date: /project_ws/install/cg_interfaces/include/cg_interfaces/cg_interfaces/msg/detail/robot_sensors__type_support.cpp\n'}
[0.217123] (cg_interfaces) StdoutLine: {'line': b'-- Up-to-date: /project_ws/install/cg_interfaces/lib/libcg_interfaces__rosidl_typesupport_introspection_cpp.so\n'}
[0.217160] (cg_interfaces) StdoutLine: {'line': b'-- Up-to-date: /project_ws/install/cg_interfaces/lib/libcg_interfaces__rosidl_typesupport_cpp.so\n'}
[0.217198] (cg_interfaces) StdoutLine: {'line': b'-- Up-to-date: /project_ws/install/cg_interfaces/share/cg_interfaces/environment/pythonpath.sh\n'}
[0.217236] (cg_interfaces) StdoutLine: {'line': b'-- Up-to-date: /project_ws/install/cg_interfaces/share/cg_interfaces/environment/pythonpath.dsv\n'}
[0.217273] (cg_interfaces) StdoutLine: {'line': b'-- Up-to-date: /project_ws/install/cg_interfaces/local/lib/python3.10/dist-packages/cg_interfaces-0.0.0-py3.10.egg-info\n'}
[0.217313] (cg_interfaces) StdoutLine: {'line': b'-- Installing: /project_ws/install/cg_interfaces/local/lib/python3.10/dist-packages/cg_interfaces-0.0.0-py3.10.egg-info/PKG-INFO\n'}
[0.217351] (cg_interfaces) StdoutLine: {'line': b'-- Installing: /project_ws/install/cg_interfaces/local/lib/python3.10/dist-packages/cg_interfaces-0.0.0-py3.10.egg-info/dependency_links.txt\n'}
[0.217392] (cg_interfaces) StdoutLine: {'line': b'-- Installing: /project_ws/install/cg_interfaces/local/lib/python3.10/dist-packages/cg_interfaces-0.0.0-py3.10.egg-info/top_level.txt\n'}
[0.217431] (cg_interfaces) StdoutLine: {'line': b'-- Installing: /project_ws/install/cg_interfaces/local/lib/python3.10/dist-packages/cg_interfaces-0.0.0-py3.10.egg-info/SOURCES.txt\n'}
[0.217470] (cg_interfaces) StdoutLine: {'line': b'-- Up-to-date: /project_ws/install/cg_interfaces/local/lib/python3.10/dist-packages/cg_interfaces\n'}
[0.217507] (cg_interfaces) StdoutLine: {'line': b'-- Up-to-date: /project_ws/install/cg_interfaces/local/lib/python3.10/dist-packages/cg_interfaces/__init__.py\n'}
[0.217546] (cg_interfaces) StdoutLine: {'line': b'-- Up-to-date: /project_ws/install/cg_interfaces/local/lib/python3.10/dist-packages/cg_interfaces/srv\n'}
[0.217583] (cg_interfaces) StdoutLine: {'line': b'-- Up-to-date: /project_ws/install/cg_interfaces/local/lib/python3.10/dist-packages/cg_interfaces/srv/_move_cmd.py\n'}
[0.217620] (cg_interfaces) StdoutLine: {'line': b'-- Up-to-date: /project_ws/install/cg_interfaces/local/lib/python3.10/dist-packages/cg_interfaces/srv/_move_cmd_s.c\n'}
[0.217657] (cg_interfaces) StdoutLine: {'line': b'-- Up-to-date: /project_ws/install/cg_interfaces/local/lib/python3.10/dist-packages/cg_interfaces/srv/_get_map.py\n'}
[0.217693] (cg_interfaces) StdoutLine: {'line': b'-- Up-to-date: /project_ws/install/cg_interfaces/local/lib/python3.10/dist-packages/cg_interfaces/srv/_get_map_s.c\n'}
[0.217729] (cg_interfaces) StdoutLine: {'line': b'-- Up-to-date: /project_ws/install/cg_interfaces/local/lib/python3.10/dist-packages/cg_interfaces/srv/_reset.py\n'}
[0.217766] (cg_interfaces) StdoutLine: {'line': b'-- Up-to-date: /project_ws/install/cg_interfaces/local/lib/python3.10/dist-packages/cg_interfaces/srv/_reset_s.c\n'}
[0.217803] (cg_interfaces) StdoutLine: {'line': b'-- Up-to-date: /project_ws/install/cg_interfaces/local/lib/python3.10/dist-packages/cg_interfaces/srv/__init__.py\n'}
[0.217839] (cg_interfaces) StdoutLine: {'line': b'-- Up-to-date: /project_ws/install/cg_interfaces/local/lib/python3.10/dist-packages/cg_interfaces/msg\n'}
[0.217875] (cg_interfaces) StdoutLine: {'line': b'-- Up-to-date: /project_ws/install/cg_interfaces/local/lib/python3.10/dist-packages/cg_interfaces/msg/_robot_sensors.py\n'}
[0.217912] (cg_interfaces) StdoutLine: {'line': b'-- Up-to-date: /project_ws/install/cg_interfaces/local/lib/python3.10/dist-packages/cg_interfaces/msg/_robot_sensors_s.c\n'}
[0.217949] (cg_interfaces) StdoutLine: {'line': b'-- Up-to-date: /project_ws/install/cg_interfaces/local/lib/python3.10/dist-packages/cg_interfaces/msg/__init__.py\n'}
[0.217986] (cg_interfaces) StdoutLine: {'line': b'-- Up-to-date: /project_ws/install/cg_interfaces/local/lib/python3.10/dist-packages/cg_interfaces/_cg_interfaces_s.ep.rosidl_typesupport_fastrtps_c.c\n'}
[0.218023] (cg_interfaces) StdoutLine: {'line': b'-- Up-to-date: /project_ws/install/cg_interfaces/local/lib/python3.10/dist-packages/cg_interfaces/_cg_interfaces_s.ep.rosidl_typesupport_introspection_c.c\n'}
[0.218063] (cg_interfaces) StdoutLine: {'line': b'-- Up-to-date: /project_ws/install/cg_interfaces/local/lib/python3.10/dist-packages/cg_interfaces/_cg_interfaces_s.ep.rosidl_typesupport_c.c\n'}
[0.218104] (cg_interfaces) StdoutLine: {'line': b'-- Up-to-date: /project_ws/install/cg_interfaces/local/lib/python3.10/dist-packages/cg_interfaces/libcg_interfaces__rosidl_generator_py.so\n'}
[0.218141] (cg_interfaces) StdoutLine: {'line': b'-- Up-to-date: /project_ws/install/cg_interfaces/local/lib/python3.10/dist-packages/cg_interfaces/cg_interfaces_s__rosidl_typesupport_c.cpython-310-x86_64-linux-gnu.so\n'}
[0.218178] (cg_interfaces) StdoutLine: {'line': b'-- Up-to-date: /project_ws/install/cg_interfaces/local/lib/python3.10/dist-packages/cg_interfaces/cg_interfaces_s__rosidl_typesupport_introspection_c.cpython-310-x86_64-linux-gnu.so\n'}
[0.218216] (cg_interfaces) StdoutLine: {'line': b'-- Up-to-date: /project_ws/install/cg_interfaces/local/lib/python3.10/dist-packages/cg_interfaces/cg_interfaces_s__rosidl_typesupport_fastrtps_c.cpython-310-x86_64-linux-gnu.so\n'}
[0.235776] (cg_interfaces) StdoutLine: {'line': b"Listing '/project_ws/install/cg_interfaces/local/lib/python3.10/dist-packages/cg_interfaces'...\n"}
[0.235922] (cg_interfaces) StdoutLine: {'line': b"Listing '/project_ws/install/cg_interfaces/local/lib/python3.10/dist-packages/cg_interfaces/msg'...\n"}
[0.236002] (cg_interfaces) StdoutLine: {'line': b"Listing '/project_ws/install/cg_interfaces/local/lib/python3.10/dist-packages/cg_interfaces/srv'...\n"}
[0.238331] (cg_interfaces) StdoutLine: {'line': b'-- Up-to-date: /project_ws/install/cg_interfaces/local/lib/python3.10/dist-packages/cg_interfaces/cg_interfaces_s__rosidl_typesupport_fastrtps_c.cpython-310-x86_64-linux-gnu.so\n'}
[0.238510] (cg_interfaces) StdoutLine: {'line': b'-- Up-to-date: /project_ws/install/cg_interfaces/local/lib/python3.10/dist-packages/cg_interfaces/cg_interfaces_s__rosidl_typesupport_introspection_c.cpython-310-x86_64-linux-gnu.so\n'}
[0.238645] (cg_interfaces) StdoutLine: {'line': b'-- Up-to-date: /project_ws/install/cg_interfaces/local/lib/python3.10/dist-packages/cg_interfaces/cg_interfaces_s__rosidl_typesupport_c.cpython-310-x86_64-linux-gnu.so\n'}
[0.238769] (cg_interfaces) StdoutLine: {'line': b'-- Up-to-date: /project_ws/install/cg_interfaces/lib/libcg_interfaces__rosidl_generator_py.so\n'}
[0.238967] (cg_interfaces) StdoutLine: {'line': b'-- Up-to-date: /project_ws/install/cg_interfaces/share/cg_interfaces/srv/MoveCmd.idl\n'}
[0.239084] (cg_interfaces) StdoutLine: {'line': b'-- Up-to-date: /project_ws/install/cg_interfaces/share/cg_interfaces/srv/GetMap.idl\n'}
[0.239137] (cg_interfaces) StdoutLine: {'line': b'-- Up-to-date: /project_ws/install/cg_interfaces/share/cg_interfaces/msg/RobotSensors.idl\n'}
[0.239183] (cg_interfaces) StdoutLine: {'line': b'-- Up-to-date: /project_ws/install/cg_interfaces/share/cg_interfaces/srv/Reset.idl\n'}
[0.239228] (cg_interfaces) StdoutLine: {'line': b'-- Up-to-date: /project_ws/install/cg_interfaces/share/cg_interfaces/srv/MoveCmd.srv\n'}
[0.239267] (cg_interfaces) StdoutLine: {'line': b'-- Up-to-date: /project_ws/install/cg_interfaces/share/cg_interfaces/srv/MoveCmd_Request.msg\n'}
[0.239413] (cg_interfaces) StdoutLine: {'line': b'-- Up-to-date: /project_ws/install/cg_interfaces/share/cg_interfaces/srv/MoveCmd_Response.msg\n'}
[0.239514] (cg_interfaces) StdoutLine: {'line': b'-- Up-to-date: /project_ws/install/cg_interfaces/share/cg_interfaces/srv/GetMap.srv\n'}
[0.239562] (cg_interfaces) StdoutLine: {'line': b'-- Up-to-date: /project_ws/install/cg_interfaces/share/cg_interfaces/srv/GetMap_Request.msg\n'}
[0.239604] (cg_interfaces) StdoutLine: {'line': b'-- Up-to-date: /project_ws/install/cg_interfaces/share/cg_interfaces/srv/GetMap_Response.msg\n'}
[0.239644] (cg_interfaces) StdoutLine: {'line': b'-- Up-to-date: /project_ws/install/cg_interfaces/share/cg_interfaces/msg/RobotSensors.msg\n'}
[0.239685] (cg_interfaces) StdoutLine: {'line': b'-- Up-to-date: /project_ws/install/cg_interfaces/share/cg_interfaces/srv/Reset.srv\n'}
[0.239725] (cg_interfaces) StdoutLine: {'line': b'-- Up-to-date: /project_ws/install/cg_interfaces/share/cg_interfaces/srv/Reset_Request.msg\n'}
[0.239765] (cg_interfaces) StdoutLine: {'line': b'-- Up-to-date: /project_ws/install/cg_interfaces/share/cg_interfaces/srv/Reset_Response.msg\n'}
[0.239875] (cg_interfaces) StdoutLine: {'line': b'-- Up-to-date: /project_ws/install/cg_interfaces/share/ament_index/resource_index/package_run_dependencies/cg_interfaces\n'}
[0.239948] (cg_interfaces) StdoutLine: {'line': b'-- Up-to-date: /project_ws/install/cg_interfaces/share/ament_index/resource_index/parent_prefix_path/cg_interfaces\n'}
[0.240022] (cg_interfaces) StdoutLine: {'line': b'-- Up-to-date: /project_ws/install/cg_interfaces/share/cg_interfaces/environment/ament_prefix_path.sh\n'}
[0.240096] (cg_interfaces) StdoutLine: {'line': b'-- Up-to-date: /project_ws/install/cg_interfaces/share/cg_interfaces/environment/ament_prefix_path.dsv\n'}
[0.240180] (cg_interfaces) StdoutLine: {'line': b'-- Up-to-date: /project_ws/install/cg_interfaces/share/cg_interfaces/environment/path.sh\n'}
[0.240254] (cg_interfaces) StdoutLine: {'line': b'-- Up-to-date: /project_ws/install/cg_interfaces/share/cg_interfaces/environment/path.dsv\n'}
[0.240325] (cg_interfaces) StdoutLine: {'line': b'-- Up-to-date: /project_ws/install/cg_interfaces/share/cg_interfaces/local_setup.bash\n'}
[0.240386] (cg_interfaces) StdoutLine: {'line': b'-- Up-to-date: /project_ws/install/cg_interfaces/share/cg_interfaces/local_setup.sh\n'}
[0.240443] (cg_interfaces) StdoutLine: {'line': b'-- Up-to-date: /project_ws/install/cg_interfaces/share/cg_interfaces/local_setup.zsh\n'}
[0.240494] (cg_interfaces) StdoutLine: {'line': b'-- Up-to-date: /project_ws/install/cg_interfaces/share/cg_interfaces/local_setup.dsv\n'}
[0.240549] (cg_interfaces) StdoutLine: {'line': b'-- Installing: /project_ws/install/cg_interfaces/share/cg_interfaces/package.dsv\n'}
[0.240606] (cg_interfaces) StdoutLine: {'line': b'-- Up-to-date: /project_ws/install/cg_interfaces/share/ament_index/resource_index/packages/cg_interfaces\n'}
[0.240702] (cg_interfaces) StdoutLine: {'line': b'-- Up-to-date: /project_ws/install/cg_interfaces/share/cg_interfaces/cmake/export_cg_interfaces__rosidl_generator_cExport.cmake\n'}
[0.240803] (cg_interfaces) StdoutLine: {'line': b'-- Up-to-date: /project_ws/install/cg_interfaces/share/cg_interfaces/cmake/export_cg_interfaces__rosidl_generator_cExport-noconfig.cmake\n'}
[0.240907] (cg_interfaces) StdoutLine: {'line': b'-- Up-to-date: /project_ws/install/cg_interfaces/share/cg_interfaces/cmake/export_cg_interfaces__rosidl_typesupport_fastrtps_cExport.cmake\n'}
[0.241019] (cg_interfaces) StdoutLine: {'line': b'-- Up-to-date: /project_ws/install/cg_interfaces/share/cg_interfaces/cmake/export_cg_interfaces__rosidl_typesupport_fastrtps_cExport-noconfig.cmake\n'}
[0.241133] (cg_interfaces) StdoutLine: {'line': b'-- Up-to-date: /project_ws/install/cg_interfaces/share/cg_interfaces/cmake/cg_interfaces__rosidl_typesupport_introspection_cExport.cmake\n'}
[0.241219] (cg_interfaces) StdoutLine: {'line': b'-- Up-to-date: /project_ws/install/cg_interfaces/share/cg_interfaces/cmake/cg_interfaces__rosidl_typesupport_introspection_cExport-noconfig.cmake\n'}
[0.241280] (cg_interfaces) StdoutLine: {'line': b'-- Up-to-date: /project_ws/install/cg_interfaces/share/cg_interfaces/cmake/cg_interfaces__rosidl_typesupport_cExport.cmake\n'}
[0.241353] (cg_interfaces) StdoutLine: {'line': b'-- Up-to-date: /project_ws/install/cg_interfaces/share/cg_interfaces/cmake/cg_interfaces__rosidl_typesupport_cExport-noconfig.cmake\n'}
[0.241418] (cg_interfaces) StdoutLine: {'line': b'-- Up-to-date: /project_ws/install/cg_interfaces/share/cg_interfaces/cmake/export_cg_interfaces__rosidl_generator_cppExport.cmake\n'}
[0.241484] (cg_interfaces) StdoutLine: {'line': b'-- Up-to-date: /project_ws/install/cg_interfaces/share/cg_interfaces/cmake/export_cg_interfaces__rosidl_typesupport_fastrtps_cppExport.cmake\n'}
[0.241550] (cg_interfaces) StdoutLine: {'line': b'-- Up-to-date: /project_ws/install/cg_interfaces/share/cg_interfaces/cmake/export_cg_interfaces__rosidl_typesupport_fastrtps_cppExport-noconfig.cmake\n'}
[0.241616] (cg_interfaces) StdoutLine: {'line': b'-- Up-to-date: /project_ws/install/cg_interfaces/share/cg_interfaces/cmake/cg_interfaces__rosidl_typesupport_introspection_cppExport.cmake\n'}
[0.241685] (cg_interfaces) StdoutLine: {'line': b'-- Up-to-date: /project_ws/install/cg_interfaces/share/cg_interfaces/cmake/cg_interfaces__rosidl_typesupport_introspection_cppExport-noconfig.cmake\n'}
[0.241754] (cg_interfaces) StdoutLine: {'line': b'-- Up-to-date: /project_ws/install/cg_interfaces/share/cg_interfaces/cmake/cg_interfaces__rosidl_typesupport_cppExport.cmake\n'}
[0.241823] (cg_interfaces) StdoutLine: {'line': b'-- Up-to-date: /project_ws/install/cg_interfaces/share/cg_interfaces/cmake/cg_interfaces__rosidl_typesupport_cppExport-noconfig.cmake\n'}
[0.241893] (cg_interfaces) StdoutLine: {'line': b'-- Up-to-date: /project_ws/install/cg_interfaces/share/cg_interfaces/cmake/export_cg_interfaces__rosidl_generator_pyExport.cmake\n'}
[0.241963] (cg_interfaces) StdoutLine: {'line': b'-- Up-to-date: /project_ws/install/cg_interfaces/share/cg_interfaces/cmake/export_cg_interfaces__rosidl_generator_pyExport-noconfig.cmake\n'}
[0.242032] (cg_interfaces) StdoutLine: {'line': b'-- Up-to-date: /project_ws/install/cg_interfaces/share/cg_interfaces/cmake/rosidl_cmake-extras.cmake\n'}
[0.242102] (cg_interfaces) StdoutLine: {'line': b'-- Up-to-date: /project_ws/install/cg_interfaces/share/cg_interfaces/cmake/ament_cmake_export_include_directories-extras.cmake\n'}
[0.242165] (cg_interfaces) StdoutLine: {'line': b'-- Up-to-date: /project_ws/install/cg_interfaces/share/cg_interfaces/cmake/ament_cmake_export_libraries-extras.cmake\n'}
[0.242232] (cg_interfaces) StdoutLine: {'line': b'-- Up-to-date: /project_ws/install/cg_interfaces/share/cg_interfaces/cmake/ament_cmake_export_targets-extras.cmake\n'}
[0.242336] (cg_interfaces) StdoutLine: {'line': b'-- Up-to-date: /project_ws/install/cg_interfaces/share/cg_interfaces/cmake/rosidl_cmake_export_typesupport_targets-extras.cmake\n'}
[0.242554] (cg_interfaces) StdoutLine: {'line': b'-- Up-to-date: /project_ws/install/cg_interfaces/share/cg_interfaces/cmake/ament_cmake_export_dependencies-extras.cmake\n'}
[0.242998] (cg_interfaces) StdoutLine: {'line': b'-- Up-to-date: /project_ws/install/cg_interfaces/share/cg_interfaces/cmake/rosidl_cmake_export_typesupport_libraries-extras.cmake\n'}
[0.243239] (cg_interfaces) StdoutLine: {'line': b'-- Up-to-date: /project_ws/install/cg_interfaces/share/cg_interfaces/cmake/cg_interfacesConfig.cmake\n'}
[0.243367] (cg_interfaces) StdoutLine: {'line': b'-- Up-to-date: /project_ws/install/cg_interfaces/share/cg_interfaces/cmake/cg_interfacesConfig-version.cmake\n'}
[0.243449] (cg_interfaces) StdoutLine: {'line': b'-- Up-to-date: /project_ws/install/cg_interfaces/share/cg_interfaces/package.xml\n'}
[0.243668] (cg_interfaces) CommandEnded: {'returncode': 0}
[0.256721] (cg_interfaces) JobEnded: {'identifier': 'cg_interfaces', 'rc': 0}
[0.257328] (cg) JobStarted: {'identifier': 'cg'}
[0.260217] (cg_teleop) JobStarted: {'identifier': 'cg_teleop'}
[0.300085] (-) TimerEvent: {}
[0.400326] (-) TimerEvent: {}
[0.500689] (-) TimerEvent: {}
[0.600967] (-) TimerEvent: {}
[0.682255] (cg) Command: {'cmd': ['/usr/bin/python3', '-W', 'ignore:setup.py install is deprecated', '-W', 'ignore:easy_install command is deprecated', 'setup.py', 'egg_info', '--egg-base', '../../build/cg', 'build', '--build-base', '/project_ws/build/cg/build', 'install', '--record', '/project_ws/build/cg/install.log', '--single-version-externally-managed', 'install_data'], 'cwd': '/project_ws/src/cg', 'env': {'HOSTNAME': 'fedora', 'SHLVL': '1', 'LD_LIBRARY_PATH': '/project_ws/install/cg_interfaces/lib:/opt/ros/humble/lib/x86_64-linux-gnu:/opt/ros/humble/lib', 'HOME': '/', 'ROS_PYTHON_VERSION': '3', 'COLCON_PREFIX_PATH': '/project_ws/install', 'ROS_DISTRO': 'humble', '_': '/usr/bin/colcon', 'ROS_VERSION': '2', 'TERM': 'xterm', 'ROS_LOCALHOST_ONLY': '0', 'PATH': '/opt/ros/humble/bin:/usr/local/sbin:/usr/local/bin:/usr/sbin:/usr/bin:/sbin:/bin', 'LANG': 'C.UTF-8', 'AMENT_PREFIX_PATH': '/project_ws/install/cg_teleop:/project_ws/install/cg:/project_ws/install/cg_interfaces:/opt/ros/humble', 'PWD': '/project_ws/build/cg', 'LC_ALL': 'C.UTF-8', 'PYTHONPATH': '/project_ws/build/cg/prefix_override:/usr/lib/python3/dist-packages/colcon_core/task/python/colcon_distutils_commands:/project_ws/install/cg/lib/python3.10/site-packages:/project_ws/install/cg_teleop/lib/python3.10/site-packages:/project_ws/install/cg/lib/python3.10/site-packages:/project_ws/install/cg_interfaces/local/lib/python3.10/dist-packages:/opt/ros/humble/lib/python3.10/site-packages:/opt/ros/humble/local/lib/python3.10/dist-packages', 'COLCON': '1', 'CMAKE_PREFIX_PATH': '/project_ws/install/cg_interfaces'}, 'shell': False}
[0.684155] (cg_teleop) Command: {'cmd': ['/usr/bin/python3', '-W', 'ignore:setup.py install is deprecated', '-W', 'ignore:easy_install command is deprecated', 'setup.py', 'egg_info', '--egg-base', '../../build/cg_teleop', 'build', '--build-base', '/project_ws/build/cg_teleop/build', 'install', '--record', '/project_ws/build/cg_teleop/install.log', '--single-version-externally-managed', 'install_data'], 'cwd': '/project_ws/src/cg_teleop', 'env': {'HOSTNAME': 'fedora', 'SHLVL': '1', 'LD_LIBRARY_PATH': '/project_ws/install/cg_interfaces/lib:/opt/ros/humble/lib/x86_64-linux-gnu:/opt/ros/humble/lib', 'HOME': '/', 'ROS_PYTHON_VERSION': '3', 'COLCON_PREFIX_PATH': '/project_ws/install', 'ROS_DISTRO': 'humble', '_': '/usr/bin/colcon', 'ROS_VERSION': '2', 'TERM': 'xterm', 'ROS_LOCALHOST_ONLY': '0', 'PATH': '/opt/ros/humble/bin:/usr/local/sbin:/usr/local/bin:/usr/sbin:/usr/bin:/sbin:/bin', 'LANG': 'C.UTF-8', 'AMENT_PREFIX_PATH': '/project_ws/install/cg_teleop:/project_ws/install/cg:/project_ws/install/cg_interfaces:/opt/ros/humble', 'PWD': '/project_ws/build/cg_teleop', 'LC_ALL': 'C.UTF-8', 'PYTHONPATH': '/project_ws/build/cg_teleop/prefix_override:/usr/lib/python3/dist-packages/colcon_core/task/python/colcon_distutils_commands:/project_ws/install/cg_teleop/lib/python3.10/site-packages:/project_ws/install/cg_teleop/lib/python3.10/site-packages:/project_ws/install/cg/lib/python3.10/site-packages:/project_ws/install/cg_interfaces/local/lib/python3.10/dist-packages:/opt/ros/humble/lib/python3.10/site-packages:/opt/ros/humble/local/lib/python3.10/dist-packages', 'COLCON': '1', 'CMAKE_PREFIX_PATH': '/project_ws/install/cg_interfaces'}, 'shell': False}
[0.701055] (-) TimerEvent: {}
[0.794976] (cg_teleop) StdoutLine: {'line': b'running egg_info\n'}
[0.795223] (cg_teleop) StdoutLine: {'line': b'writing ../../build/cg_teleop/cg_teleop.egg-info/PKG-INFO\n'}
[0.795364] (cg_teleop) StdoutLine: {'line': b'writing dependency_links to ../../build/cg_teleop/cg_teleop.egg-info/dependency_links.txt\n'}
[0.795461] (cg_teleop) StdoutLine: {'line': b'writing entry points to ../../build/cg_teleop/cg_teleop.egg-info/entry_points.txt\n'}
[0.795526] (cg_teleop) StdoutLine: {'line': b'writing requirements to ../../build/cg_teleop/cg_teleop.egg-info/requires.txt\n'}
[0.795606] (cg) StdoutLine: {'line': b'running egg_info\n'}
[0.795658] (cg_teleop) StdoutLine: {'line': b'writing top-level names to ../../build/cg_teleop/cg_teleop.egg-info/top_level.txt\n'}
[0.795948] (cg) StdoutLine: {'line': b'writing ../../build/cg/cg.egg-info/PKG-INFO\n'}
[0.796071] (cg) StdoutLine: {'line': b'writing dependency_links to ../../build/cg/cg.egg-info/dependency_links.txt\n'}
[0.796201] (cg) StdoutLine: {'line': b'writing entry points to ../../build/cg/cg.egg-info/entry_points.txt\n'}
[0.796291] (cg) StdoutLine: {'line': b'writing requirements to ../../build/cg/cg.egg-info/requires.txt\n'}
[0.796363] (cg) StdoutLine: {'line': b'writing top-level names to ../../build/cg/cg.egg-info/top_level.txt\n'}
[0.796522] (cg_teleop) StdoutLine: {'line': b"reading manifest file '../../build/cg_teleop/cg_teleop.egg-info/SOURCES.txt'\n"}
[0.797100] (cg_teleop) StdoutLine: {'line': b"writing manifest file '../../build/cg_teleop/cg_teleop.egg-info/SOURCES.txt'\n"}
[0.797159] (cg_teleop) StdoutLine: {'line': b'running build\n'}
[0.797198] (cg_teleop) StdoutLine: {'line': b'running build_py\n'}
[0.797304] (cg_teleop) StdoutLine: {'line': b'running install\n'}
[0.797415] (cg) StdoutLine: {'line': b"reading manifest file '../../build/cg/cg.egg-info/SOURCES.txt'\n"}
[0.797523] (cg_teleop) StdoutLine: {'line': b'running install_lib\n'}
[0.797618] (cg) StdoutLine: {'line': b"adding license file 'LICENSE'\n"}
[0.798225] (cg_teleop) StdoutLine: {'line': b'running install_data\n'}
[0.798311] (cg_teleop) StdoutLine: {'line': b'running install_egg_info\n'}
[0.798817] (cg) StdoutLine: {'line': b"writing manifest file '../../build/cg/cg.egg-info/SOURCES.txt'\n"}
[0.798907] (cg) StdoutLine: {'line': b'running build\n'}
[0.798974] (cg) StdoutLine: {'line': b'running build_py\n'}
[0.799426] (cg) StdoutLine: {'line': b'running install\n'}
[0.799634] (cg) StdoutLine: {'line': b'running install_lib\n'}
[0.799966] (cg_teleop) StdoutLine: {'line': b"removing '/project_ws/install/cg_teleop/lib/python3.10/site-packages/cg_teleop-0.0.0-py3.10.egg-info' (and everything under it)\n"}
[0.800137] (cg_teleop) StdoutLine: {'line': b'Copying ../../build/cg_teleop/cg_teleop.egg-info to /project_ws/install/cg_teleop/lib/python3.10/site-packages/cg_teleop-0.0.0-py3.10.egg-info\n'}
[0.800643] (cg) StdoutLine: {'line': b'running install_data\n'}
[0.800732] (cg_teleop) StdoutLine: {'line': b'running install_scripts\n'}
[0.801121] (cg) StdoutLine: {'line': b'running install_egg_info\n'}
[0.801242] (-) TimerEvent: {}
[0.802335] (cg) StdoutLine: {'line': b"removing '/project_ws/install/cg/lib/python3.10/site-packages/cg-0.0.0-py3.10.egg-info' (and everything under it)\n"}
[0.802517] (cg) StdoutLine: {'line': b'Copying ../../build/cg/cg.egg-info to /project_ws/install/cg/lib/python3.10/site-packages/cg-0.0.0-py3.10.egg-info\n'}
[0.803086] (cg) StdoutLine: {'line': b'running install_scripts\n'}
[0.814505] (cg_teleop) StdoutLine: {'line': b'Installing teleop_keyboard script to /project_ws/install/cg_teleop/lib/cg_teleop\n'}
[0.814744] (cg_teleop) StdoutLine: {'line': b"writing list of installed files to '/project_ws/build/cg_teleop/install.log'\n"}
[0.816402] (cg) StdoutLine: {'line': b'Installing edit script to /project_ws/install/cg/lib/cg\n'}
[0.816591] (cg) StdoutLine: {'line': b'Installing maze script to /project_ws/install/cg/lib/cg\n'}
[0.816676] (cg) StdoutLine: {'line': b'Installing test script to /project_ws/install/cg/lib/cg\n'}
[0.816818] (cg) StdoutLine: {'line': b"writing list of installed files to '/project_ws/build/cg/install.log'\n"}
[0.833469] (cg_teleop) CommandEnded: {'returncode': 0}
[0.837292] (cg_teleop) JobEnded: {'identifier': 'cg_teleop', 'rc': 0}
[0.838296] (cg) CommandEnded: {'returncode': 0}
[0.842134] (cg) JobEnded: {'identifier': 'cg', 'rc': 0}
[0.842643] (-) EventReactorShutdown: {}
