[0.026s] Invoking command in '/home/gabrielmartins/Documents/github/ponderada_ros/build/cg_interfaces': CMAKE_PREFIX_PATH=${CMAKE_PREFIX_PATH}:/home/gabrielmartins/Documents/github/ponderada_ros/install/cg_teleop CONDA_PROMPT_MODIFIER=(ros_env) DEBUGINFOD_URLS=https://debuginfod.fedoraproject.org/ _=/usr/bin/env /usr/bin/cmake /home/gabrielmartins/Documents/github/ponderada_ros/culling_games/src/cg_interfaces -DCMAKE_INSTALL_PREFIX=/home/gabrielmartins/Documents/github/ponderada_ros/install/cg_interfaces
[0.033s] [0mCMake Deprecation Warning at CMakeLists.txt:1 (cmake_minimum_required):
[0.033s]   Compatibility with CMake < 3.10 will be removed from a future version of
[0.033s]   CMake.
[0.033s] 
[0.033s]   Update the VERSION argument <min> value.  Or, use the <min>...<max> syntax
[0.033s]   to tell CMake that the project requires at least <min> but has been updated
[0.033s]   to work with policies introduced by <max> or earlier.
[0.033s] 
[0.033s] [0m
[0.075s] -- The C compiler identification is GNU 15.2.1
[0.154s] -- The CXX compiler identification is GNU 15.2.1
[0.164s] -- Detecting C compiler ABI info
[0.251s] -- Detecting C compiler ABI info - done
[0.272s] -- Check for working C compiler: /usr/bin/cc - skipped
[0.272s] -- Detecting C compile features
[0.272s] -- Detecting C compile features - done
[0.283s] -- Detecting CXX compiler ABI info
[0.368s] -- Detecting CXX compiler ABI info - done
[0.381s] -- Check for working CXX compiler: /usr/bin/c++ - skipped
[0.382s] -- Detecting CXX compile features
[0.382s] -- Detecting CXX compile features - done
[0.388s] -- Found ament_cmake: 2.5.4 (/usr/lib64/ros-jazzy/share/ament_cmake/cmake)
[0.533s] -- Found Python3: /usr/bin/python3 (found version "3.13.9") found components: Interpreter
[0.621s] -- Found rosidl_default_generators: 1.6.0 (/usr/lib64/ros-jazzy/share/rosidl_default_generators/cmake)
[0.624s] -- Using all available rosidl_typesupport_c: rosidl_typesupport_fastrtps_c;rosidl_typesupport_introspection_c
[0.658s] -- Using all available rosidl_typesupport_cpp: rosidl_typesupport_fastrtps_cpp;rosidl_typesupport_introspection_cpp
[0.688s] -- Found rosidl_adapter: 4.6.6 (/usr/lib64/ros-jazzy/share/rosidl_adapter/cmake)
[1.350s] -- Found ament_cmake_ros: 0.12.0 (/usr/lib64/ros-jazzy/share/ament_cmake_ros/cmake)
[1.703s] -- Using all available rosidl_typesupport_c: rosidl_typesupport_fastrtps_c;rosidl_typesupport_introspection_c
[2.147s] -- Using all available rosidl_typesupport_cpp: rosidl_typesupport_fastrtps_cpp;rosidl_typesupport_introspection_cpp
[2.149s] -- Found python_cmake_module: 0.11.1 (/usr/lib64/ros-jazzy/share/python_cmake_module/cmake)
[2.251s] -- Found PythonExtra: /usr/bin/python3
[2.551s] -- Found Python3: /usr/bin/python3 (found version "3.13.9") found components: Interpreter Development NumPy Development.Module Development.Embed
[2.583s] -- Configuring done (2.5s)
[2.619s] -- Generating done (0.0s)
[2.629s] -- Build files have been written to: /home/gabrielmartins/Documents/github/ponderada_ros/build/cg_interfaces
[2.636s] Invoked command in '/home/gabrielmartins/Documents/github/ponderada_ros/build/cg_interfaces' returned '0': CMAKE_PREFIX_PATH=${CMAKE_PREFIX_PATH}:/home/gabrielmartins/Documents/github/ponderada_ros/install/cg_teleop CONDA_PROMPT_MODIFIER=(ros_env) DEBUGINFOD_URLS=https://debuginfod.fedoraproject.org/ _=/usr/bin/env /usr/bin/cmake /home/gabrielmartins/Documents/github/ponderada_ros/culling_games/src/cg_interfaces -DCMAKE_INSTALL_PREFIX=/home/gabrielmartins/Documents/github/ponderada_ros/install/cg_interfaces
[2.638s] Invoking command in '/home/gabrielmartins/Documents/github/ponderada_ros/build/cg_interfaces': CMAKE_PREFIX_PATH=${CMAKE_PREFIX_PATH}:/home/gabrielmartins/Documents/github/ponderada_ros/install/cg_teleop CONDA_PROMPT_MODIFIER=(ros_env) DEBUGINFOD_URLS=https://debuginfod.fedoraproject.org/ _=/usr/bin/env /usr/bin/cmake --build /home/gabrielmartins/Documents/github/ponderada_ros/build/cg_interfaces -- -j8 -l8
[2.677s] [  1%] [34m[1mGenerating type hashes for ROS interfaces[0m
[2.683s] [  1%] Built target ament_cmake_python_copy_cg_interfaces
[2.949s] [  1%] Built target cg_interfaces__rosidl_generator_type_description
[2.957s] [  3%] [34m[1mGenerating C code for ROS interfaces[0m
[2.966s] [  4%] [34m[1mGenerating C++ code for ROS interfaces[0m
[2.972s] running egg_info
[2.973s] creating cg_interfaces.egg-info
[2.991s] writing cg_interfaces.egg-info/PKG-INFO
[2.992s] writing dependency_links to cg_interfaces.egg-info/dependency_links.txt
[2.992s] writing top-level names to cg_interfaces.egg-info/top_level.txt
[2.992s] writing manifest file 'cg_interfaces.egg-info/SOURCES.txt'
[3.051s] reading manifest file 'cg_interfaces.egg-info/SOURCES.txt'
[3.051s] writing manifest file 'cg_interfaces.egg-info/SOURCES.txt'
[3.079s] [  4%] Built target ament_cmake_python_build_cg_interfaces_egg
[3.575s] [  4%] Built target cg_interfaces__cpp
[3.666s] [  6%] [32mBuilding C object CMakeFiles/cg_interfaces__rosidl_generator_c.dir/rosidl_generator_c/cg_interfaces/msg/detail/robot_sensors__description.c.o[0m
[3.667s] [ 10%] [32mBuilding C object CMakeFiles/cg_interfaces__rosidl_generator_c.dir/rosidl_generator_c/cg_interfaces/srv/detail/get_map__description.c.o[0m
[3.667s] [ 10%] [32mBuilding C object CMakeFiles/cg_interfaces__rosidl_generator_c.dir/rosidl_generator_c/cg_interfaces/srv/detail/move_cmd__functions.c.o[0m
[3.667s] [ 10%] [32mBuilding C object CMakeFiles/cg_interfaces__rosidl_generator_c.dir/rosidl_generator_c/cg_interfaces/srv/detail/move_cmd__description.c.o[0m
[3.667s] [ 12%] [32mBuilding C object CMakeFiles/cg_interfaces__rosidl_generator_c.dir/rosidl_generator_c/cg_interfaces/srv/detail/get_map__functions.c.o[0m
[3.668s] [ 15%] [32mBuilding C object CMakeFiles/cg_interfaces__rosidl_generator_c.dir/rosidl_generator_c/cg_interfaces/srv/detail/get_map__type_support.c.o[0m
[3.668s] [ 15%] [32mBuilding C object CMakeFiles/cg_interfaces__rosidl_generator_c.dir/rosidl_generator_c/cg_interfaces/srv/detail/move_cmd__type_support.c.o[0m
[3.704s] [ 18%] [32mBuilding C object CMakeFiles/cg_interfaces__rosidl_generator_c.dir/rosidl_generator_c/cg_interfaces/msg/detail/robot_sensors__type_support.c.o[0m
[3.704s] [ 18%] [32mBuilding C object CMakeFiles/cg_interfaces__rosidl_generator_c.dir/rosidl_generator_c/cg_interfaces/msg/detail/robot_sensors__functions.c.o[0m
[3.729s] [ 20%] [32mBuilding C object CMakeFiles/cg_interfaces__rosidl_generator_c.dir/rosidl_generator_c/cg_interfaces/srv/detail/reset__description.c.o[0m
[3.745s] [ 21%] [32mBuilding C object CMakeFiles/cg_interfaces__rosidl_generator_c.dir/rosidl_generator_c/cg_interfaces/srv/detail/reset__functions.c.o[0m
[3.758s] [ 23%] [32mBuilding C object CMakeFiles/cg_interfaces__rosidl_generator_c.dir/rosidl_generator_c/cg_interfaces/srv/detail/reset__type_support.c.o[0m
[3.946s] [ 25%] [32m[1mLinking C shared library libcg_interfaces__rosidl_generator_c.so[0m
[3.980s] [ 25%] Built target cg_interfaces__rosidl_generator_c
[3.989s] [ 28%] [34m[1mGenerating C introspection for ROS interfaces[0m
[3.989s] [ 28%] [34m[1mGenerating C++ type support for eProsima Fast-RTPS[0m
[3.991s] [ 31%] [34m[1mGenerating C++ introspection for ROS interfaces[0m
[3.991s] [ 31%] [34m[1mGenerating C++ type support dispatch for ROS interfaces[0m
[3.991s] [ 32%] [34m[1mGenerating C type support for eProsima Fast-RTPS[0m
[3.991s] [ 34%] [34m[1mGenerating C type support dispatch for ROS interfaces[0m
[4.635s] [ 35%] [32mBuilding CXX object CMakeFiles/cg_interfaces__rosidl_typesupport_introspection_cpp.dir/rosidl_typesupport_introspection_cpp/cg_interfaces/srv/detail/move_cmd__type_support.cpp.o[0m
[4.777s] [ 37%] [32mBuilding C object CMakeFiles/cg_interfaces__rosidl_typesupport_introspection_c.dir/rosidl_typesupport_introspection_c/cg_interfaces/srv/detail/move_cmd__type_support.c.o[0m
[4.786s] [ 39%] [32mBuilding CXX object CMakeFiles/cg_interfaces__rosidl_typesupport_c.dir/rosidl_typesupport_c/cg_interfaces/srv/move_cmd__type_support.cpp.o[0m
[4.794s] [ 40%] [32mBuilding CXX object CMakeFiles/cg_interfaces__rosidl_typesupport_cpp.dir/rosidl_typesupport_cpp/cg_interfaces/srv/move_cmd__type_support.cpp.o[0m
[4.854s] [ 42%] [32mBuilding CXX object CMakeFiles/cg_interfaces__rosidl_typesupport_c.dir/rosidl_typesupport_c/cg_interfaces/srv/get_map__type_support.cpp.o[0m
[4.868s] [ 43%] [32mBuilding C object CMakeFiles/cg_interfaces__rosidl_typesupport_introspection_c.dir/rosidl_typesupport_introspection_c/cg_interfaces/srv/detail/get_map__type_support.c.o[0m
[4.902s] [ 45%] [32mBuilding CXX object CMakeFiles/cg_interfaces__rosidl_typesupport_c.dir/rosidl_typesupport_c/cg_interfaces/msg/robot_sensors__type_support.cpp.o[0m
[4.945s] [ 46%] [32mBuilding CXX object CMakeFiles/cg_interfaces__rosidl_typesupport_c.dir/rosidl_typesupport_c/cg_interfaces/srv/reset__type_support.cpp.o[0m
[4.975s] [ 48%] [32mBuilding C object CMakeFiles/cg_interfaces__rosidl_typesupport_introspection_c.dir/rosidl_typesupport_introspection_c/cg_interfaces/msg/detail/robot_sensors__type_support.c.o[0m
[4.988s] [ 50%] [32m[1mLinking CXX shared library libcg_interfaces__rosidl_typesupport_c.so[0m
[5.022s] [ 51%] [32mBuilding C object CMakeFiles/cg_interfaces__rosidl_typesupport_introspection_c.dir/rosidl_typesupport_introspection_c/cg_interfaces/srv/detail/reset__type_support.c.o[0m
[5.026s] [ 51%] Built target cg_interfaces__rosidl_typesupport_c
[5.082s] [ 53%] [32m[1mLinking C shared library libcg_interfaces__rosidl_typesupport_introspection_c.so[0m
[5.108s] [ 53%] Built target cg_interfaces__rosidl_typesupport_introspection_c
[5.119s] [ 56%] [32mBuilding CXX object CMakeFiles/cg_interfaces__rosidl_typesupport_cpp.dir/rosidl_typesupport_cpp/cg_interfaces/srv/get_map__type_support.cpp.o[0m
[5.120s] [ 56%] [32mBuilding CXX object CMakeFiles/cg_interfaces__rosidl_typesupport_cpp.dir/rosidl_typesupport_cpp/cg_interfaces/msg/robot_sensors__type_support.cpp.o[0m
[5.210s] [ 57%] [32mBuilding CXX object CMakeFiles/cg_interfaces__rosidl_typesupport_introspection_cpp.dir/rosidl_typesupport_introspection_cpp/cg_interfaces/srv/detail/reset__type_support.cpp.o[0m
[5.217s] [ 59%] [32mBuilding CXX object CMakeFiles/cg_interfaces__rosidl_typesupport_fastrtps_c.dir/rosidl_typesupport_fastrtps_c/cg_interfaces/srv/detail/move_cmd__type_support_c.cpp.o[0m
[5.249s] [ 60%] [32mBuilding CXX object CMakeFiles/cg_interfaces__rosidl_typesupport_fastrtps_cpp.dir/rosidl_typesupport_fastrtps_cpp/cg_interfaces/srv/detail/dds_fastrtps/move_cmd__type_support.cpp.o[0m
[5.264s] [ 62%] [32mBuilding CXX object CMakeFiles/cg_interfaces__rosidl_typesupport_fastrtps_cpp.dir/rosidl_typesupport_fastrtps_cpp/cg_interfaces/srv/detail/dds_fastrtps/get_map__type_support.cpp.o[0m
[5.531s] [ 64%] [32mBuilding CXX object CMakeFiles/cg_interfaces__rosidl_typesupport_cpp.dir/rosidl_typesupport_cpp/cg_interfaces/srv/reset__type_support.cpp.o[0m
[5.731s] [ 65%] [32mBuilding CXX object CMakeFiles/cg_interfaces__rosidl_typesupport_fastrtps_c.dir/rosidl_typesupport_fastrtps_c/cg_interfaces/srv/detail/get_map__type_support_c.cpp.o[0m
[5.874s] [ 67%] [32mBuilding CXX object CMakeFiles/cg_interfaces__rosidl_typesupport_introspection_cpp.dir/rosidl_typesupport_introspection_cpp/cg_interfaces/msg/detail/robot_sensors__type_support.cpp.o[0m
[6.016s] [ 68%] [32mBuilding CXX object CMakeFiles/cg_interfaces__rosidl_typesupport_fastrtps_c.dir/rosidl_typesupport_fastrtps_c/cg_interfaces/msg/detail/robot_sensors__type_support_c.cpp.o[0m
[6.064s] [ 70%] [32m[1mLinking CXX shared library libcg_interfaces__rosidl_typesupport_cpp.so[0m
[6.172s] [ 70%] Built target cg_interfaces__rosidl_typesupport_cpp
[6.183s] [ 71%] [32mBuilding CXX object CMakeFiles/cg_interfaces__rosidl_typesupport_fastrtps_c.dir/rosidl_typesupport_fastrtps_c/cg_interfaces/srv/detail/reset__type_support_c.cpp.o[0m
[6.241s] [ 73%] [32mBuilding CXX object CMakeFiles/cg_interfaces__rosidl_typesupport_introspection_cpp.dir/rosidl_typesupport_introspection_cpp/cg_interfaces/srv/detail/get_map__type_support.cpp.o[0m
[6.275s] [ 76%] [32mBuilding CXX object CMakeFiles/cg_interfaces__rosidl_typesupport_fastrtps_cpp.dir/rosidl_typesupport_fastrtps_cpp/cg_interfaces/srv/detail/dds_fastrtps/reset__type_support.cpp.o[0m
[6.275s] [ 76%] [32mBuilding CXX object CMakeFiles/cg_interfaces__rosidl_typesupport_fastrtps_cpp.dir/rosidl_typesupport_fastrtps_cpp/cg_interfaces/msg/detail/dds_fastrtps/robot_sensors__type_support.cpp.o[0m
[6.833s] [ 78%] [32m[1mLinking CXX shared library libcg_interfaces__rosidl_typesupport_fastrtps_c.so[0m
[6.910s] [ 78%] Built target cg_interfaces__rosidl_typesupport_fastrtps_c
[6.986s] [ 79%] [32m[1mLinking CXX shared library libcg_interfaces__rosidl_typesupport_fastrtps_cpp.so[0m
[7.019s] [ 81%] [32m[1mLinking CXX shared library libcg_interfaces__rosidl_typesupport_introspection_cpp.so[0m
[7.053s] [ 81%] Built target cg_interfaces__rosidl_typesupport_fastrtps_cpp
[7.090s] [ 81%] Built target cg_interfaces__rosidl_typesupport_introspection_cpp
[7.105s] [ 81%] Built target cg_interfaces
[7.120s] [ 82%] [34m[1mGenerating Python code for ROS interfaces[0m
[7.978s] [ 82%] Built target cg_interfaces__py
[7.994s] [ 87%] [32mBuilding C object CMakeFiles/cg_interfaces__rosidl_generator_py.dir/rosidl_generator_py/cg_interfaces/msg/_robot_sensors_s.c.o[0m
[7.994s] [ 87%] [32mBuilding C object CMakeFiles/cg_interfaces__rosidl_generator_py.dir/rosidl_generator_py/cg_interfaces/srv/_get_map_s.c.o[0m
[7.994s] [ 87%] [32mBuilding C object CMakeFiles/cg_interfaces__rosidl_generator_py.dir/rosidl_generator_py/cg_interfaces/srv/_move_cmd_s.c.o[0m
[7.994s] [ 89%] [32mBuilding C object CMakeFiles/cg_interfaces__rosidl_generator_py.dir/rosidl_generator_py/cg_interfaces/srv/_reset_s.c.o[0m
[8.271s] [ 90%] [32m[1mLinking C shared library libcg_interfaces__rosidl_generator_py.so[0m
[8.305s] [ 90%] Built target cg_interfaces__rosidl_generator_py
[8.320s] [ 95%] [32mBuilding C object CMakeFiles/cg_interfaces_s__rosidl_typesupport_fastrtps_c.dir/rosidl_generator_py/cg_interfaces/_cg_interfaces_s.ep.rosidl_typesupport_fastrtps_c.c.o[0m
[8.320s] [ 95%] [32mBuilding C object CMakeFiles/cg_interfaces_s__rosidl_typesupport_introspection_c.dir/rosidl_generator_py/cg_interfaces/_cg_interfaces_s.ep.rosidl_typesupport_introspection_c.c.o[0m
[8.321s] [ 95%] [32mBuilding C object CMakeFiles/cg_interfaces_s__rosidl_typesupport_c.dir/rosidl_generator_py/cg_interfaces/_cg_interfaces_s.ep.rosidl_typesupport_c.c.o[0m
[8.521s] [ 96%] [32m[1mLinking C shared module rosidl_generator_py/cg_interfaces/cg_interfaces_s__rosidl_typesupport_c.so[0m
[8.521s] [ 98%] [32m[1mLinking C shared module rosidl_generator_py/cg_interfaces/cg_interfaces_s__rosidl_typesupport_introspection_c.so[0m
[8.528s] [100%] [32m[1mLinking C shared module rosidl_generator_py/cg_interfaces/cg_interfaces_s__rosidl_typesupport_fastrtps_c.so[0m
[8.549s] [100%] Built target cg_interfaces_s__rosidl_typesupport_introspection_c
[8.549s] [100%] Built target cg_interfaces_s__rosidl_typesupport_c
[8.558s] [100%] Built target cg_interfaces_s__rosidl_typesupport_fastrtps_c
[8.568s] Invoked command in '/home/gabrielmartins/Documents/github/ponderada_ros/build/cg_interfaces' returned '0': CMAKE_PREFIX_PATH=${CMAKE_PREFIX_PATH}:/home/gabrielmartins/Documents/github/ponderada_ros/install/cg_teleop CONDA_PROMPT_MODIFIER=(ros_env) DEBUGINFOD_URLS=https://debuginfod.fedoraproject.org/ _=/usr/bin/env /usr/bin/cmake --build /home/gabrielmartins/Documents/github/ponderada_ros/build/cg_interfaces -- -j8 -l8
[8.578s] Invoking command in '/home/gabrielmartins/Documents/github/ponderada_ros/build/cg_interfaces': CMAKE_PREFIX_PATH=${CMAKE_PREFIX_PATH}:/home/gabrielmartins/Documents/github/ponderada_ros/install/cg_teleop CONDA_PROMPT_MODIFIER=(ros_env) DEBUGINFOD_URLS=https://debuginfod.fedoraproject.org/ _=/usr/bin/env /usr/bin/cmake --install /home/gabrielmartins/Documents/github/ponderada_ros/build/cg_interfaces
[8.585s] -- Install configuration: ""
[8.585s] -- Installing: /home/gabrielmartins/Documents/github/ponderada_ros/install/cg_interfaces/share/ament_index/resource_index/rosidl_interfaces/cg_interfaces
[8.585s] -- Installing: /home/gabrielmartins/Documents/github/ponderada_ros/install/cg_interfaces/share/cg_interfaces/srv/MoveCmd.json
[8.586s] -- Installing: /home/gabrielmartins/Documents/github/ponderada_ros/install/cg_interfaces/share/cg_interfaces/srv/GetMap.json
[8.586s] -- Installing: /home/gabrielmartins/Documents/github/ponderada_ros/install/cg_interfaces/share/cg_interfaces/msg/RobotSensors.json
[8.586s] -- Installing: /home/gabrielmartins/Documents/github/ponderada_ros/install/cg_interfaces/share/cg_interfaces/srv/Reset.json
[8.587s] -- Installing: /home/gabrielmartins/Documents/github/ponderada_ros/install/cg_interfaces/include/cg_interfaces/cg_interfaces
[8.587s] -- Installing: /home/gabrielmartins/Documents/github/ponderada_ros/install/cg_interfaces/include/cg_interfaces/cg_interfaces/msg
[8.587s] -- Installing: /home/gabrielmartins/Documents/github/ponderada_ros/install/cg_interfaces/include/cg_interfaces/cg_interfaces/msg/rosidl_generator_c__visibility_control.h
[8.587s] -- Installing: /home/gabrielmartins/Documents/github/ponderada_ros/install/cg_interfaces/include/cg_interfaces/cg_interfaces/msg/robot_sensors.h
[8.587s] -- Installing: /home/gabrielmartins/Documents/github/ponderada_ros/install/cg_interfaces/include/cg_interfaces/cg_interfaces/msg/detail
[8.587s] -- Installing: /home/gabrielmartins/Documents/github/ponderada_ros/install/cg_interfaces/include/cg_interfaces/cg_interfaces/msg/detail/robot_sensors__description.c
[8.587s] -- Installing: /home/gabrielmartins/Documents/github/ponderada_ros/install/cg_interfaces/include/cg_interfaces/cg_interfaces/msg/detail/robot_sensors__functions.c
[8.587s] -- Installing: /home/gabrielmartins/Documents/github/ponderada_ros/install/cg_interfaces/include/cg_interfaces/cg_interfaces/msg/detail/robot_sensors__functions.h
[8.588s] -- Installing: /home/gabrielmartins/Documents/github/ponderada_ros/install/cg_interfaces/include/cg_interfaces/cg_interfaces/msg/detail/robot_sensors__struct.h
[8.588s] -- Installing: /home/gabrielmartins/Documents/github/ponderada_ros/install/cg_interfaces/include/cg_interfaces/cg_interfaces/msg/detail/robot_sensors__type_support.c
[8.588s] -- Installing: /home/gabrielmartins/Documents/github/ponderada_ros/install/cg_interfaces/include/cg_interfaces/cg_interfaces/msg/detail/robot_sensors__type_support.h
[8.588s] -- Installing: /home/gabrielmartins/Documents/github/ponderada_ros/install/cg_interfaces/include/cg_interfaces/cg_interfaces/srv
[8.588s] -- Installing: /home/gabrielmartins/Documents/github/ponderada_ros/install/cg_interfaces/include/cg_interfaces/cg_interfaces/srv/move_cmd.h
[8.588s] -- Installing: /home/gabrielmartins/Documents/github/ponderada_ros/install/cg_interfaces/include/cg_interfaces/cg_interfaces/srv/detail
[8.588s] -- Installing: /home/gabrielmartins/Documents/github/ponderada_ros/install/cg_interfaces/include/cg_interfaces/cg_interfaces/srv/detail/move_cmd__description.c
[8.589s] -- Installing: /home/gabrielmartins/Documents/github/ponderada_ros/install/cg_interfaces/include/cg_interfaces/cg_interfaces/srv/detail/move_cmd__functions.c
[8.589s] -- Installing: /home/gabrielmartins/Documents/github/ponderada_ros/install/cg_interfaces/include/cg_interfaces/cg_interfaces/srv/detail/move_cmd__functions.h
[8.589s] -- Installing: /home/gabrielmartins/Documents/github/ponderada_ros/install/cg_interfaces/include/cg_interfaces/cg_interfaces/srv/detail/move_cmd__struct.h
[8.589s] -- Installing: /home/gabrielmartins/Documents/github/ponderada_ros/install/cg_interfaces/include/cg_interfaces/cg_interfaces/srv/detail/move_cmd__type_support.c
[8.589s] -- Installing: /home/gabrielmartins/Documents/github/ponderada_ros/install/cg_interfaces/include/cg_interfaces/cg_interfaces/srv/detail/move_cmd__type_support.h
[8.589s] -- Installing: /home/gabrielmartins/Documents/github/ponderada_ros/install/cg_interfaces/include/cg_interfaces/cg_interfaces/srv/detail/get_map__description.c
[8.589s] -- Installing: /home/gabrielmartins/Documents/github/ponderada_ros/install/cg_interfaces/include/cg_interfaces/cg_interfaces/srv/detail/get_map__functions.c
[8.590s] -- Installing: /home/gabrielmartins/Documents/github/ponderada_ros/install/cg_interfaces/include/cg_interfaces/cg_interfaces/srv/detail/get_map__functions.h
[8.590s] -- Installing: /home/gabrielmartins/Documents/github/ponderada_ros/install/cg_interfaces/include/cg_interfaces/cg_interfaces/srv/detail/get_map__struct.h
[8.590s] -- Installing: /home/gabrielmartins/Documents/github/ponderada_ros/install/cg_interfaces/include/cg_interfaces/cg_interfaces/srv/detail/get_map__type_support.c
[8.590s] -- Installing: /home/gabrielmartins/Documents/github/ponderada_ros/install/cg_interfaces/include/cg_interfaces/cg_interfaces/srv/detail/get_map__type_support.h
[8.590s] -- Installing: /home/gabrielmartins/Documents/github/ponderada_ros/install/cg_interfaces/include/cg_interfaces/cg_interfaces/srv/detail/reset__description.c
[8.590s] -- Installing: /home/gabrielmartins/Documents/github/ponderada_ros/install/cg_interfaces/include/cg_interfaces/cg_interfaces/srv/detail/reset__functions.c
[8.591s] -- Installing: /home/gabrielmartins/Documents/github/ponderada_ros/install/cg_interfaces/include/cg_interfaces/cg_interfaces/srv/detail/reset__functions.h
[8.591s] -- Installing: /home/gabrielmartins/Documents/github/ponderada_ros/install/cg_interfaces/include/cg_interfaces/cg_interfaces/srv/detail/reset__struct.h
[8.591s] -- Installing: /home/gabrielmartins/Documents/github/ponderada_ros/install/cg_interfaces/include/cg_interfaces/cg_interfaces/srv/detail/reset__type_support.c
[8.591s] -- Installing: /home/gabrielmartins/Documents/github/ponderada_ros/install/cg_interfaces/include/cg_interfaces/cg_interfaces/srv/detail/reset__type_support.h
[8.591s] -- Installing: /home/gabrielmartins/Documents/github/ponderada_ros/install/cg_interfaces/include/cg_interfaces/cg_interfaces/srv/get_map.h
[8.591s] -- Installing: /home/gabrielmartins/Documents/github/ponderada_ros/install/cg_interfaces/include/cg_interfaces/cg_interfaces/srv/reset.h
[8.591s] -- Installing: /home/gabrielmartins/Documents/github/ponderada_ros/install/cg_interfaces/share/cg_interfaces/environment/library_path.sh
[8.592s] -- Installing: /home/gabrielmartins/Documents/github/ponderada_ros/install/cg_interfaces/share/cg_interfaces/environment/library_path.dsv
[8.592s] -- Installing: /home/gabrielmartins/Documents/github/ponderada_ros/install/cg_interfaces/lib/libcg_interfaces__rosidl_generator_c.so
[8.593s] -- Set non-toolchain portion of runtime path of "/home/gabrielmartins/Documents/github/ponderada_ros/install/cg_interfaces/lib/libcg_interfaces__rosidl_generator_c.so" to ""
[8.593s] -- Up-to-date: /home/gabrielmartins/Documents/github/ponderada_ros/install/cg_interfaces/include/cg_interfaces/cg_interfaces
[8.593s] -- Up-to-date: /home/gabrielmartins/Documents/github/ponderada_ros/install/cg_interfaces/include/cg_interfaces/cg_interfaces/msg
[8.593s] -- Installing: /home/gabrielmartins/Documents/github/ponderada_ros/install/cg_interfaces/include/cg_interfaces/cg_interfaces/msg/rosidl_typesupport_fastrtps_c__visibility_control.h
[8.594s] -- Up-to-date: /home/gabrielmartins/Documents/github/ponderada_ros/install/cg_interfaces/include/cg_interfaces/cg_interfaces/msg/detail
[8.594s] -- Installing: /home/gabrielmartins/Documents/github/ponderada_ros/install/cg_interfaces/include/cg_interfaces/cg_interfaces/msg/detail/robot_sensors__rosidl_typesupport_fastrtps_c.h
[8.594s] -- Up-to-date: /home/gabrielmartins/Documents/github/ponderada_ros/install/cg_interfaces/include/cg_interfaces/cg_interfaces/srv
[8.594s] -- Up-to-date: /home/gabrielmartins/Documents/github/ponderada_ros/install/cg_interfaces/include/cg_interfaces/cg_interfaces/srv/detail
[8.594s] -- Installing: /home/gabrielmartins/Documents/github/ponderada_ros/install/cg_interfaces/include/cg_interfaces/cg_interfaces/srv/detail/move_cmd__rosidl_typesupport_fastrtps_c.h
[8.594s] -- Installing: /home/gabrielmartins/Documents/github/ponderada_ros/install/cg_interfaces/include/cg_interfaces/cg_interfaces/srv/detail/get_map__rosidl_typesupport_fastrtps_c.h
[8.594s] -- Installing: /home/gabrielmartins/Documents/github/ponderada_ros/install/cg_interfaces/include/cg_interfaces/cg_interfaces/srv/detail/reset__rosidl_typesupport_fastrtps_c.h
[8.594s] -- Installing: /home/gabrielmartins/Documents/github/ponderada_ros/install/cg_interfaces/lib/libcg_interfaces__rosidl_typesupport_fastrtps_c.so
[8.595s] -- Set non-toolchain portion of runtime path of "/home/gabrielmartins/Documents/github/ponderada_ros/install/cg_interfaces/lib/libcg_interfaces__rosidl_typesupport_fastrtps_c.so" to ""
[8.596s] -- Up-to-date: /home/gabrielmartins/Documents/github/ponderada_ros/install/cg_interfaces/include/cg_interfaces/cg_interfaces
[8.596s] -- Up-to-date: /home/gabrielmartins/Documents/github/ponderada_ros/install/cg_interfaces/include/cg_interfaces/cg_interfaces/msg
[8.596s] -- Installing: /home/gabrielmartins/Documents/github/ponderada_ros/install/cg_interfaces/include/cg_interfaces/cg_interfaces/msg/rosidl_typesupport_introspection_c__visibility_control.h
[8.596s] -- Up-to-date: /home/gabrielmartins/Documents/github/ponderada_ros/install/cg_interfaces/include/cg_interfaces/cg_interfaces/msg/detail
[8.596s] -- Installing: /home/gabrielmartins/Documents/github/ponderada_ros/install/cg_interfaces/include/cg_interfaces/cg_interfaces/msg/detail/robot_sensors__rosidl_typesupport_introspection_c.h
[8.596s] -- Installing: /home/gabrielmartins/Documents/github/ponderada_ros/install/cg_interfaces/include/cg_interfaces/cg_interfaces/msg/detail/robot_sensors__type_support.c
[8.596s] -- Up-to-date: /home/gabrielmartins/Documents/github/ponderada_ros/install/cg_interfaces/include/cg_interfaces/cg_interfaces/srv
[8.596s] -- Up-to-date: /home/gabrielmartins/Documents/github/ponderada_ros/install/cg_interfaces/include/cg_interfaces/cg_interfaces/srv/detail
[8.597s] -- Installing: /home/gabrielmartins/Documents/github/ponderada_ros/install/cg_interfaces/include/cg_interfaces/cg_interfaces/srv/detail/move_cmd__rosidl_typesupport_introspection_c.h
[8.597s] -- Installing: /home/gabrielmartins/Documents/github/ponderada_ros/install/cg_interfaces/include/cg_interfaces/cg_interfaces/srv/detail/move_cmd__type_support.c
[8.597s] -- Installing: /home/gabrielmartins/Documents/github/ponderada_ros/install/cg_interfaces/include/cg_interfaces/cg_interfaces/srv/detail/get_map__rosidl_typesupport_introspection_c.h
[8.597s] -- Installing: /home/gabrielmartins/Documents/github/ponderada_ros/install/cg_interfaces/include/cg_interfaces/cg_interfaces/srv/detail/get_map__type_support.c
[8.597s] -- Installing: /home/gabrielmartins/Documents/github/ponderada_ros/install/cg_interfaces/include/cg_interfaces/cg_interfaces/srv/detail/reset__rosidl_typesupport_introspection_c.h
[8.597s] -- Installing: /home/gabrielmartins/Documents/github/ponderada_ros/install/cg_interfaces/include/cg_interfaces/cg_interfaces/srv/detail/reset__type_support.c
[8.597s] -- Installing: /home/gabrielmartins/Documents/github/ponderada_ros/install/cg_interfaces/lib/libcg_interfaces__rosidl_typesupport_introspection_c.so
[8.598s] -- Set non-toolchain portion of runtime path of "/home/gabrielmartins/Documents/github/ponderada_ros/install/cg_interfaces/lib/libcg_interfaces__rosidl_typesupport_introspection_c.so" to ""
[8.598s] -- Installing: /home/gabrielmartins/Documents/github/ponderada_ros/install/cg_interfaces/lib/libcg_interfaces__rosidl_typesupport_c.so
[8.599s] -- Set non-toolchain portion of runtime path of "/home/gabrielmartins/Documents/github/ponderada_ros/install/cg_interfaces/lib/libcg_interfaces__rosidl_typesupport_c.so" to ""
[8.599s] -- Up-to-date: /home/gabrielmartins/Documents/github/ponderada_ros/install/cg_interfaces/include/cg_interfaces/cg_interfaces
[8.600s] -- Up-to-date: /home/gabrielmartins/Documents/github/ponderada_ros/install/cg_interfaces/include/cg_interfaces/cg_interfaces/msg
[8.600s] -- Installing: /home/gabrielmartins/Documents/github/ponderada_ros/install/cg_interfaces/include/cg_interfaces/cg_interfaces/msg/rosidl_generator_cpp__visibility_control.hpp
[8.600s] -- Installing: /home/gabrielmartins/Documents/github/ponderada_ros/install/cg_interfaces/include/cg_interfaces/cg_interfaces/msg/robot_sensors.hpp
[8.600s] -- Up-to-date: /home/gabrielmartins/Documents/github/ponderada_ros/install/cg_interfaces/include/cg_interfaces/cg_interfaces/msg/detail
[8.600s] -- Installing: /home/gabrielmartins/Documents/github/ponderada_ros/install/cg_interfaces/include/cg_interfaces/cg_interfaces/msg/detail/robot_sensors__builder.hpp
[8.600s] -- Installing: /home/gabrielmartins/Documents/github/ponderada_ros/install/cg_interfaces/include/cg_interfaces/cg_interfaces/msg/detail/robot_sensors__struct.hpp
[8.600s] -- Installing: /home/gabrielmartins/Documents/github/ponderada_ros/install/cg_interfaces/include/cg_interfaces/cg_interfaces/msg/detail/robot_sensors__traits.hpp
[8.600s] -- Installing: /home/gabrielmartins/Documents/github/ponderada_ros/install/cg_interfaces/include/cg_interfaces/cg_interfaces/msg/detail/robot_sensors__type_support.hpp
[8.601s] -- Up-to-date: /home/gabrielmartins/Documents/github/ponderada_ros/install/cg_interfaces/include/cg_interfaces/cg_interfaces/srv
[8.601s] -- Installing: /home/gabrielmartins/Documents/github/ponderada_ros/install/cg_interfaces/include/cg_interfaces/cg_interfaces/srv/move_cmd.hpp
[8.601s] -- Up-to-date: /home/gabrielmartins/Documents/github/ponderada_ros/install/cg_interfaces/include/cg_interfaces/cg_interfaces/srv/detail
[8.601s] -- Installing: /home/gabrielmartins/Documents/github/ponderada_ros/install/cg_interfaces/include/cg_interfaces/cg_interfaces/srv/detail/move_cmd__builder.hpp
[8.601s] -- Installing: /home/gabrielmartins/Documents/github/ponderada_ros/install/cg_interfaces/include/cg_interfaces/cg_interfaces/srv/detail/move_cmd__struct.hpp
[8.601s] -- Installing: /home/gabrielmartins/Documents/github/ponderada_ros/install/cg_interfaces/include/cg_interfaces/cg_interfaces/srv/detail/move_cmd__traits.hpp
[8.601s] -- Installing: /home/gabrielmartins/Documents/github/ponderada_ros/install/cg_interfaces/include/cg_interfaces/cg_interfaces/srv/detail/move_cmd__type_support.hpp
[8.601s] -- Installing: /home/gabrielmartins/Documents/github/ponderada_ros/install/cg_interfaces/include/cg_interfaces/cg_interfaces/srv/detail/get_map__builder.hpp
[8.601s] -- Installing: /home/gabrielmartins/Documents/github/ponderada_ros/install/cg_interfaces/include/cg_interfaces/cg_interfaces/srv/detail/get_map__struct.hpp
[8.602s] -- Installing: /home/gabrielmartins/Documents/github/ponderada_ros/install/cg_interfaces/include/cg_interfaces/cg_interfaces/srv/detail/get_map__traits.hpp
[8.602s] -- Installing: /home/gabrielmartins/Documents/github/ponderada_ros/install/cg_interfaces/include/cg_interfaces/cg_interfaces/srv/detail/get_map__type_support.hpp
[8.602s] -- Installing: /home/gabrielmartins/Documents/github/ponderada_ros/install/cg_interfaces/include/cg_interfaces/cg_interfaces/srv/detail/reset__builder.hpp
[8.602s] -- Installing: /home/gabrielmartins/Documents/github/ponderada_ros/install/cg_interfaces/include/cg_interfaces/cg_interfaces/srv/detail/reset__struct.hpp
[8.602s] -- Installing: /home/gabrielmartins/Documents/github/ponderada_ros/install/cg_interfaces/include/cg_interfaces/cg_interfaces/srv/detail/reset__traits.hpp
[8.602s] -- Installing: /home/gabrielmartins/Documents/github/ponderada_ros/install/cg_interfaces/include/cg_interfaces/cg_interfaces/srv/detail/reset__type_support.hpp
[8.602s] -- Installing: /home/gabrielmartins/Documents/github/ponderada_ros/install/cg_interfaces/include/cg_interfaces/cg_interfaces/srv/get_map.hpp
[8.602s] -- Installing: /home/gabrielmartins/Documents/github/ponderada_ros/install/cg_interfaces/include/cg_interfaces/cg_interfaces/srv/reset.hpp
[8.602s] -- Up-to-date: /home/gabrielmartins/Documents/github/ponderada_ros/install/cg_interfaces/include/cg_interfaces/cg_interfaces
[8.603s] -- Up-to-date: /home/gabrielmartins/Documents/github/ponderada_ros/install/cg_interfaces/include/cg_interfaces/cg_interfaces/msg
[8.603s] -- Installing: /home/gabrielmartins/Documents/github/ponderada_ros/install/cg_interfaces/include/cg_interfaces/cg_interfaces/msg/rosidl_typesupport_fastrtps_cpp__visibility_control.h
[8.603s] -- Up-to-date: /home/gabrielmartins/Documents/github/ponderada_ros/install/cg_interfaces/include/cg_interfaces/cg_interfaces/msg/detail
[8.603s] -- Installing: /home/gabrielmartins/Documents/github/ponderada_ros/install/cg_interfaces/include/cg_interfaces/cg_interfaces/msg/detail/robot_sensors__rosidl_typesupport_fastrtps_cpp.hpp
[8.603s] -- Installing: /home/gabrielmartins/Documents/github/ponderada_ros/install/cg_interfaces/include/cg_interfaces/cg_interfaces/msg/detail/dds_fastrtps
[8.603s] -- Up-to-date: /home/gabrielmartins/Documents/github/ponderada_ros/install/cg_interfaces/include/cg_interfaces/cg_interfaces/srv
[8.603s] -- Up-to-date: /home/gabrielmartins/Documents/github/ponderada_ros/install/cg_interfaces/include/cg_interfaces/cg_interfaces/srv/detail
[8.603s] -- Installing: /home/gabrielmartins/Documents/github/ponderada_ros/install/cg_interfaces/include/cg_interfaces/cg_interfaces/srv/detail/move_cmd__rosidl_typesupport_fastrtps_cpp.hpp
[8.603s] -- Installing: /home/gabrielmartins/Documents/github/ponderada_ros/install/cg_interfaces/include/cg_interfaces/cg_interfaces/srv/detail/dds_fastrtps
[8.603s] -- Installing: /home/gabrielmartins/Documents/github/ponderada_ros/install/cg_interfaces/include/cg_interfaces/cg_interfaces/srv/detail/get_map__rosidl_typesupport_fastrtps_cpp.hpp
[8.603s] -- Installing: /home/gabrielmartins/Documents/github/ponderada_ros/install/cg_interfaces/include/cg_interfaces/cg_interfaces/srv/detail/reset__rosidl_typesupport_fastrtps_cpp.hpp
[8.604s] -- Installing: /home/gabrielmartins/Documents/github/ponderada_ros/install/cg_interfaces/lib/libcg_interfaces__rosidl_typesupport_fastrtps_cpp.so
[8.605s] -- Set non-toolchain portion of runtime path of "/home/gabrielmartins/Documents/github/ponderada_ros/install/cg_interfaces/lib/libcg_interfaces__rosidl_typesupport_fastrtps_cpp.so" to ""
[8.605s] -- Up-to-date: /home/gabrielmartins/Documents/github/ponderada_ros/install/cg_interfaces/include/cg_interfaces/cg_interfaces
[8.605s] -- Up-to-date: /home/gabrielmartins/Documents/github/ponderada_ros/install/cg_interfaces/include/cg_interfaces/cg_interfaces/srv
[8.605s] -- Up-to-date: /home/gabrielmartins/Documents/github/ponderada_ros/install/cg_interfaces/include/cg_interfaces/cg_interfaces/srv/detail
[8.606s] -- Installing: /home/gabrielmartins/Documents/github/ponderada_ros/install/cg_interfaces/include/cg_interfaces/cg_interfaces/srv/detail/move_cmd__rosidl_typesupport_introspection_cpp.hpp
[8.606s] -- Installing: /home/gabrielmartins/Documents/github/ponderada_ros/install/cg_interfaces/include/cg_interfaces/cg_interfaces/srv/detail/move_cmd__type_support.cpp
[8.606s] -- Installing: /home/gabrielmartins/Documents/github/ponderada_ros/install/cg_interfaces/include/cg_interfaces/cg_interfaces/srv/detail/get_map__rosidl_typesupport_introspection_cpp.hpp
[8.606s] -- Installing: /home/gabrielmartins/Documents/github/ponderada_ros/install/cg_interfaces/include/cg_interfaces/cg_interfaces/srv/detail/get_map__type_support.cpp
[8.606s] -- Installing: /home/gabrielmartins/Documents/github/ponderada_ros/install/cg_interfaces/include/cg_interfaces/cg_interfaces/srv/detail/reset__rosidl_typesupport_introspection_cpp.hpp
[8.606s] -- Installing: /home/gabrielmartins/Documents/github/ponderada_ros/install/cg_interfaces/include/cg_interfaces/cg_interfaces/srv/detail/reset__type_support.cpp
[8.606s] -- Up-to-date: /home/gabrielmartins/Documents/github/ponderada_ros/install/cg_interfaces/include/cg_interfaces/cg_interfaces/msg
[8.606s] -- Up-to-date: /home/gabrielmartins/Documents/github/ponderada_ros/install/cg_interfaces/include/cg_interfaces/cg_interfaces/msg/detail
[8.606s] -- Installing: /home/gabrielmartins/Documents/github/ponderada_ros/install/cg_interfaces/include/cg_interfaces/cg_interfaces/msg/detail/robot_sensors__rosidl_typesupport_introspection_cpp.hpp
[8.606s] -- Installing: /home/gabrielmartins/Documents/github/ponderada_ros/install/cg_interfaces/include/cg_interfaces/cg_interfaces/msg/detail/robot_sensors__type_support.cpp
[8.606s] -- Installing: /home/gabrielmartins/Documents/github/ponderada_ros/install/cg_interfaces/lib/libcg_interfaces__rosidl_typesupport_introspection_cpp.so
[8.608s] -- Set non-toolchain portion of runtime path of "/home/gabrielmartins/Documents/github/ponderada_ros/install/cg_interfaces/lib/libcg_interfaces__rosidl_typesupport_introspection_cpp.so" to ""
[8.608s] -- Installing: /home/gabrielmartins/Documents/github/ponderada_ros/install/cg_interfaces/lib/libcg_interfaces__rosidl_typesupport_cpp.so
[8.609s] -- Set non-toolchain portion of runtime path of "/home/gabrielmartins/Documents/github/ponderada_ros/install/cg_interfaces/lib/libcg_interfaces__rosidl_typesupport_cpp.so" to ""
[8.609s] -- Installing: /home/gabrielmartins/Documents/github/ponderada_ros/install/cg_interfaces/share/cg_interfaces/environment/pythonpath.sh
[8.610s] -- Installing: /home/gabrielmartins/Documents/github/ponderada_ros/install/cg_interfaces/share/cg_interfaces/environment/pythonpath.dsv
[8.610s] -- Installing: /home/gabrielmartins/Documents/github/ponderada_ros/install/cg_interfaces/lib/python3.13/site-packages/cg_interfaces-0.0.0-py3.13.egg-info
[8.610s] -- Installing: /home/gabrielmartins/Documents/github/ponderada_ros/install/cg_interfaces/lib/python3.13/site-packages/cg_interfaces-0.0.0-py3.13.egg-info/PKG-INFO
[8.610s] -- Installing: /home/gabrielmartins/Documents/github/ponderada_ros/install/cg_interfaces/lib/python3.13/site-packages/cg_interfaces-0.0.0-py3.13.egg-info/dependency_links.txt
[8.610s] -- Installing: /home/gabrielmartins/Documents/github/ponderada_ros/install/cg_interfaces/lib/python3.13/site-packages/cg_interfaces-0.0.0-py3.13.egg-info/top_level.txt
[8.610s] -- Installing: /home/gabrielmartins/Documents/github/ponderada_ros/install/cg_interfaces/lib/python3.13/site-packages/cg_interfaces-0.0.0-py3.13.egg-info/SOURCES.txt
[8.610s] -- Installing: /home/gabrielmartins/Documents/github/ponderada_ros/install/cg_interfaces/lib/python3.13/site-packages/cg_interfaces
[8.610s] -- Installing: /home/gabrielmartins/Documents/github/ponderada_ros/install/cg_interfaces/lib/python3.13/site-packages/cg_interfaces/__init__.py
[8.610s] -- Installing: /home/gabrielmartins/Documents/github/ponderada_ros/install/cg_interfaces/lib/python3.13/site-packages/cg_interfaces/srv
[8.610s] -- Installing: /home/gabrielmartins/Documents/github/ponderada_ros/install/cg_interfaces/lib/python3.13/site-packages/cg_interfaces/srv/_move_cmd.py
[8.610s] -- Installing: /home/gabrielmartins/Documents/github/ponderada_ros/install/cg_interfaces/lib/python3.13/site-packages/cg_interfaces/srv/_move_cmd_s.c
[8.610s] -- Installing: /home/gabrielmartins/Documents/github/ponderada_ros/install/cg_interfaces/lib/python3.13/site-packages/cg_interfaces/srv/_get_map.py
[8.611s] -- Installing: /home/gabrielmartins/Documents/github/ponderada_ros/install/cg_interfaces/lib/python3.13/site-packages/cg_interfaces/srv/_get_map_s.c
[8.611s] -- Installing: /home/gabrielmartins/Documents/github/ponderada_ros/install/cg_interfaces/lib/python3.13/site-packages/cg_interfaces/srv/_reset.py
[8.611s] -- Installing: /home/gabrielmartins/Documents/github/ponderada_ros/install/cg_interfaces/lib/python3.13/site-packages/cg_interfaces/srv/_reset_s.c
[8.611s] -- Installing: /home/gabrielmartins/Documents/github/ponderada_ros/install/cg_interfaces/lib/python3.13/site-packages/cg_interfaces/srv/__init__.py
[8.611s] -- Installing: /home/gabrielmartins/Documents/github/ponderada_ros/install/cg_interfaces/lib/python3.13/site-packages/cg_interfaces/msg
[8.611s] -- Installing: /home/gabrielmartins/Documents/github/ponderada_ros/install/cg_interfaces/lib/python3.13/site-packages/cg_interfaces/msg/_robot_sensors.py
[8.611s] -- Installing: /home/gabrielmartins/Documents/github/ponderada_ros/install/cg_interfaces/lib/python3.13/site-packages/cg_interfaces/msg/_robot_sensors_s.c
[8.611s] -- Installing: /home/gabrielmartins/Documents/github/ponderada_ros/install/cg_interfaces/lib/python3.13/site-packages/cg_interfaces/msg/__init__.py
[8.611s] -- Installing: /home/gabrielmartins/Documents/github/ponderada_ros/install/cg_interfaces/lib/python3.13/site-packages/cg_interfaces/_cg_interfaces_s.ep.rosidl_typesupport_fastrtps_c.c
[8.611s] -- Installing: /home/gabrielmartins/Documents/github/ponderada_ros/install/cg_interfaces/lib/python3.13/site-packages/cg_interfaces/_cg_interfaces_s.ep.rosidl_typesupport_introspection_c.c
[8.612s] -- Installing: /home/gabrielmartins/Documents/github/ponderada_ros/install/cg_interfaces/lib/python3.13/site-packages/cg_interfaces/_cg_interfaces_s.ep.rosidl_typesupport_c.c
[8.612s] -- Installing: /home/gabrielmartins/Documents/github/ponderada_ros/install/cg_interfaces/lib/python3.13/site-packages/cg_interfaces/cg_interfaces_s__rosidl_typesupport_c.so
[8.612s] -- Installing: /home/gabrielmartins/Documents/github/ponderada_ros/install/cg_interfaces/lib/python3.13/site-packages/cg_interfaces/cg_interfaces_s__rosidl_typesupport_introspection_c.so
[8.612s] -- Installing: /home/gabrielmartins/Documents/github/ponderada_ros/install/cg_interfaces/lib/python3.13/site-packages/cg_interfaces/cg_interfaces_s__rosidl_typesupport_fastrtps_c.so
[8.654s] Listing '/home/gabrielmartins/Documents/github/ponderada_ros/install/cg_interfaces/lib/python3.13/site-packages/cg_interfaces'...
[8.654s] Compiling '/home/gabrielmartins/Documents/github/ponderada_ros/install/cg_interfaces/lib/python3.13/site-packages/cg_interfaces/__init__.py'...
[8.654s] Listing '/home/gabrielmartins/Documents/github/ponderada_ros/install/cg_interfaces/lib/python3.13/site-packages/cg_interfaces/msg'...
[8.654s] Compiling '/home/gabrielmartins/Documents/github/ponderada_ros/install/cg_interfaces/lib/python3.13/site-packages/cg_interfaces/msg/__init__.py'...
[8.654s] Compiling '/home/gabrielmartins/Documents/github/ponderada_ros/install/cg_interfaces/lib/python3.13/site-packages/cg_interfaces/msg/_robot_sensors.py'...
[8.655s] Listing '/home/gabrielmartins/Documents/github/ponderada_ros/install/cg_interfaces/lib/python3.13/site-packages/cg_interfaces/srv'...
[8.655s] Compiling '/home/gabrielmartins/Documents/github/ponderada_ros/install/cg_interfaces/lib/python3.13/site-packages/cg_interfaces/srv/__init__.py'...
[8.655s] Compiling '/home/gabrielmartins/Documents/github/ponderada_ros/install/cg_interfaces/lib/python3.13/site-packages/cg_interfaces/srv/_get_map.py'...
[8.655s] Compiling '/home/gabrielmartins/Documents/github/ponderada_ros/install/cg_interfaces/lib/python3.13/site-packages/cg_interfaces/srv/_move_cmd.py'...
[8.655s] Compiling '/home/gabrielmartins/Documents/github/ponderada_ros/install/cg_interfaces/lib/python3.13/site-packages/cg_interfaces/srv/_reset.py'...
[8.659s] -- Installing: /home/gabrielmartins/Documents/github/ponderada_ros/install/cg_interfaces/lib/python3.13/site-packages/cg_interfaces/cg_interfaces_s__rosidl_typesupport_fastrtps_c.so
[8.659s] -- Set non-toolchain portion of runtime path of "/home/gabrielmartins/Documents/github/ponderada_ros/install/cg_interfaces/lib/python3.13/site-packages/cg_interfaces/cg_interfaces_s__rosidl_typesupport_fastrtps_c.so" to ""
[8.660s] -- Installing: /home/gabrielmartins/Documents/github/ponderada_ros/install/cg_interfaces/lib/python3.13/site-packages/cg_interfaces/cg_interfaces_s__rosidl_typesupport_introspection_c.so
[8.660s] -- Set non-toolchain portion of runtime path of "/home/gabrielmartins/Documents/github/ponderada_ros/install/cg_interfaces/lib/python3.13/site-packages/cg_interfaces/cg_interfaces_s__rosidl_typesupport_introspection_c.so" to ""
[8.660s] -- Installing: /home/gabrielmartins/Documents/github/ponderada_ros/install/cg_interfaces/lib/python3.13/site-packages/cg_interfaces/cg_interfaces_s__rosidl_typesupport_c.so
[8.661s] -- Set non-toolchain portion of runtime path of "/home/gabrielmartins/Documents/github/ponderada_ros/install/cg_interfaces/lib/python3.13/site-packages/cg_interfaces/cg_interfaces_s__rosidl_typesupport_c.so" to ""
[8.661s] -- Installing: /home/gabrielmartins/Documents/github/ponderada_ros/install/cg_interfaces/lib/libcg_interfaces__rosidl_generator_py.so
[8.662s] -- Set non-toolchain portion of runtime path of "/home/gabrielmartins/Documents/github/ponderada_ros/install/cg_interfaces/lib/libcg_interfaces__rosidl_generator_py.so" to ""
[8.662s] -- Installing: /home/gabrielmartins/Documents/github/ponderada_ros/install/cg_interfaces/share/cg_interfaces/srv/MoveCmd.idl
[8.662s] -- Installing: /home/gabrielmartins/Documents/github/ponderada_ros/install/cg_interfaces/share/cg_interfaces/srv/GetMap.idl
[8.662s] -- Installing: /home/gabrielmartins/Documents/github/ponderada_ros/install/cg_interfaces/share/cg_interfaces/msg/RobotSensors.idl
[8.662s] -- Installing: /home/gabrielmartins/Documents/github/ponderada_ros/install/cg_interfaces/share/cg_interfaces/srv/Reset.idl
[8.662s] -- Installing: /home/gabrielmartins/Documents/github/ponderada_ros/install/cg_interfaces/share/cg_interfaces/srv/MoveCmd.srv
[8.663s] -- Installing: /home/gabrielmartins/Documents/github/ponderada_ros/install/cg_interfaces/share/cg_interfaces/srv/GetMap.srv
[8.663s] -- Installing: /home/gabrielmartins/Documents/github/ponderada_ros/install/cg_interfaces/share/cg_interfaces/msg/RobotSensors.msg
[8.663s] -- Installing: /home/gabrielmartins/Documents/github/ponderada_ros/install/cg_interfaces/share/cg_interfaces/srv/Reset.srv
[8.663s] -- Installing: /home/gabrielmartins/Documents/github/ponderada_ros/install/cg_interfaces/share/ament_index/resource_index/package_run_dependencies/cg_interfaces
[8.663s] -- Installing: /home/gabrielmartins/Documents/github/ponderada_ros/install/cg_interfaces/share/ament_index/resource_index/parent_prefix_path/cg_interfaces
[8.663s] -- Installing: /home/gabrielmartins/Documents/github/ponderada_ros/install/cg_interfaces/share/cg_interfaces/environment/ament_prefix_path.sh
[8.663s] -- Installing: /home/gabrielmartins/Documents/github/ponderada_ros/install/cg_interfaces/share/cg_interfaces/environment/ament_prefix_path.dsv
[8.664s] -- Installing: /home/gabrielmartins/Documents/github/ponderada_ros/install/cg_interfaces/share/cg_interfaces/environment/path.sh
[8.664s] -- Installing: /home/gabrielmartins/Documents/github/ponderada_ros/install/cg_interfaces/share/cg_interfaces/environment/path.dsv
[8.664s] -- Installing: /home/gabrielmartins/Documents/github/ponderada_ros/install/cg_interfaces/share/cg_interfaces/local_setup.bash
[8.664s] -- Installing: /home/gabrielmartins/Documents/github/ponderada_ros/install/cg_interfaces/share/cg_interfaces/local_setup.sh
[8.664s] -- Installing: /home/gabrielmartins/Documents/github/ponderada_ros/install/cg_interfaces/share/cg_interfaces/local_setup.zsh
[8.664s] -- Installing: /home/gabrielmartins/Documents/github/ponderada_ros/install/cg_interfaces/share/cg_interfaces/local_setup.dsv
[8.665s] -- Installing: /home/gabrielmartins/Documents/github/ponderada_ros/install/cg_interfaces/share/cg_interfaces/package.dsv
[8.665s] -- Installing: /home/gabrielmartins/Documents/github/ponderada_ros/install/cg_interfaces/share/ament_index/resource_index/packages/cg_interfaces
[8.665s] -- Installing: /home/gabrielmartins/Documents/github/ponderada_ros/install/cg_interfaces/share/cg_interfaces/cmake/export_cg_interfaces__rosidl_generator_cExport.cmake
[8.665s] -- Installing: /home/gabrielmartins/Documents/github/ponderada_ros/install/cg_interfaces/share/cg_interfaces/cmake/export_cg_interfaces__rosidl_generator_cExport-noconfig.cmake
[8.665s] -- Installing: /home/gabrielmartins/Documents/github/ponderada_ros/install/cg_interfaces/share/cg_interfaces/cmake/export_cg_interfaces__rosidl_typesupport_fastrtps_cExport.cmake
[8.666s] -- Installing: /home/gabrielmartins/Documents/github/ponderada_ros/install/cg_interfaces/share/cg_interfaces/cmake/export_cg_interfaces__rosidl_typesupport_fastrtps_cExport-noconfig.cmake
[8.666s] -- Installing: /home/gabrielmartins/Documents/github/ponderada_ros/install/cg_interfaces/share/cg_interfaces/cmake/cg_interfaces__rosidl_typesupport_introspection_cExport.cmake
[8.666s] -- Installing: /home/gabrielmartins/Documents/github/ponderada_ros/install/cg_interfaces/share/cg_interfaces/cmake/cg_interfaces__rosidl_typesupport_introspection_cExport-noconfig.cmake
[8.666s] -- Installing: /home/gabrielmartins/Documents/github/ponderada_ros/install/cg_interfaces/share/cg_interfaces/cmake/cg_interfaces__rosidl_typesupport_cExport.cmake
[8.666s] -- Installing: /home/gabrielmartins/Documents/github/ponderada_ros/install/cg_interfaces/share/cg_interfaces/cmake/cg_interfaces__rosidl_typesupport_cExport-noconfig.cmake
[8.666s] -- Installing: /home/gabrielmartins/Documents/github/ponderada_ros/install/cg_interfaces/share/cg_interfaces/cmake/export_cg_interfaces__rosidl_generator_cppExport.cmake
[8.667s] -- Installing: /home/gabrielmartins/Documents/github/ponderada_ros/install/cg_interfaces/share/cg_interfaces/cmake/export_cg_interfaces__rosidl_typesupport_fastrtps_cppExport.cmake
[8.667s] -- Installing: /home/gabrielmartins/Documents/github/ponderada_ros/install/cg_interfaces/share/cg_interfaces/cmake/export_cg_interfaces__rosidl_typesupport_fastrtps_cppExport-noconfig.cmake
[8.667s] -- Installing: /home/gabrielmartins/Documents/github/ponderada_ros/install/cg_interfaces/share/cg_interfaces/cmake/cg_interfaces__rosidl_typesupport_introspection_cppExport.cmake
[8.668s] -- Installing: /home/gabrielmartins/Documents/github/ponderada_ros/install/cg_interfaces/share/cg_interfaces/cmake/cg_interfaces__rosidl_typesupport_introspection_cppExport-noconfig.cmake
[8.668s] -- Installing: /home/gabrielmartins/Documents/github/ponderada_ros/install/cg_interfaces/share/cg_interfaces/cmake/cg_interfaces__rosidl_typesupport_cppExport.cmake
[8.668s] -- Installing: /home/gabrielmartins/Documents/github/ponderada_ros/install/cg_interfaces/share/cg_interfaces/cmake/cg_interfaces__rosidl_typesupport_cppExport-noconfig.cmake
[8.668s] -- Installing: /home/gabrielmartins/Documents/github/ponderada_ros/install/cg_interfaces/share/cg_interfaces/cmake/export_cg_interfaces__rosidl_generator_pyExport.cmake
[8.668s] -- Installing: /home/gabrielmartins/Documents/github/ponderada_ros/install/cg_interfaces/share/cg_interfaces/cmake/export_cg_interfaces__rosidl_generator_pyExport-noconfig.cmake
[8.669s] -- Installing: /home/gabrielmartins/Documents/github/ponderada_ros/install/cg_interfaces/share/cg_interfaces/cmake/rosidl_cmake-extras.cmake
[8.669s] -- Installing: /home/gabrielmartins/Documents/github/ponderada_ros/install/cg_interfaces/share/cg_interfaces/cmake/ament_cmake_export_dependencies-extras.cmake
[8.669s] -- Installing: /home/gabrielmartins/Documents/github/ponderada_ros/install/cg_interfaces/share/cg_interfaces/cmake/ament_cmake_export_include_directories-extras.cmake
[8.669s] -- Installing: /home/gabrielmartins/Documents/github/ponderada_ros/install/cg_interfaces/share/cg_interfaces/cmake/ament_cmake_export_libraries-extras.cmake
[8.669s] -- Installing: /home/gabrielmartins/Documents/github/ponderada_ros/install/cg_interfaces/share/cg_interfaces/cmake/ament_cmake_export_targets-extras.cmake
[8.669s] -- Installing: /home/gabrielmartins/Documents/github/ponderada_ros/install/cg_interfaces/share/cg_interfaces/cmake/rosidl_cmake_export_typesupport_targets-extras.cmake
[8.669s] -- Installing: /home/gabrielmartins/Documents/github/ponderada_ros/install/cg_interfaces/share/cg_interfaces/cmake/rosidl_cmake_export_typesupport_libraries-extras.cmake
[8.669s] -- Installing: /home/gabrielmartins/Documents/github/ponderada_ros/install/cg_interfaces/share/cg_interfaces/cmake/cg_interfacesConfig.cmake
[8.670s] -- Installing: /home/gabrielmartins/Documents/github/ponderada_ros/install/cg_interfaces/share/cg_interfaces/cmake/cg_interfacesConfig-version.cmake
[8.670s] -- Installing: /home/gabrielmartins/Documents/github/ponderada_ros/install/cg_interfaces/share/cg_interfaces/package.xml
[8.672s] Invoked command in '/home/gabrielmartins/Documents/github/ponderada_ros/build/cg_interfaces' returned '0': CMAKE_PREFIX_PATH=${CMAKE_PREFIX_PATH}:/home/gabrielmartins/Documents/github/ponderada_ros/install/cg_teleop CONDA_PROMPT_MODIFIER=(ros_env) DEBUGINFOD_URLS=https://debuginfod.fedoraproject.org/ _=/usr/bin/env /usr/bin/cmake --install /home/gabrielmartins/Documents/github/ponderada_ros/build/cg_interfaces
