[0.211s] Invoking command in '/project_ws/build/cg_solver': CMAKE_PREFIX_PATH=/project_ws/install/cg_interfaces:/project_ws/install/cg_solver:/project_ws/install/cg_teleop:/project_ws/install/cg:/opt/ros/humble /usr/bin/cmake --build /project_ws/build/cg_solver -- -j8 -l8
[0.245s] [35m[1mConsolidate compiler generated dependencies of target autonomous_navigator_node[0m
[0.262s] [ 50%] [32mBuilding CXX object CMakeFiles/autonomous_navigator_node.dir/src/autonomous_navigator_node.cpp.o[0m
[9.552s] [100%] [32m[1mLinking CXX executable autonomous_navigator_node[0m
[9.986s] [100%] Built target autonomous_navigator_node
[9.995s] Invoked command in '/project_ws/build/cg_solver' returned '0': CMAKE_PREFIX_PATH=/project_ws/install/cg_interfaces:/project_ws/install/cg_solver:/project_ws/install/cg_teleop:/project_ws/install/cg:/opt/ros/humble /usr/bin/cmake --build /project_ws/build/cg_solver -- -j8 -l8
[9.996s] Invoking command in '/project_ws/build/cg_solver': CMAKE_PREFIX_PATH=/project_ws/install/cg_interfaces:/project_ws/install/cg_solver:/project_ws/install/cg_teleop:/project_ws/install/cg:/opt/ros/humble /usr/bin/cmake --install /project_ws/build/cg_solver
[10.002s] -- Install configuration: ""
[10.002s] -- Installing: /project_ws/install/cg_solver/lib/cg_solver/autonomous_navigator_node
[10.012s] -- Set runtime path of "/project_ws/install/cg_solver/lib/cg_solver/autonomous_navigator_node" to ""
[10.012s] -- Up-to-date: /project_ws/install/cg_solver/share/ament_index/resource_index/package_run_dependencies/cg_solver
[10.012s] -- Up-to-date: /project_ws/install/cg_solver/share/ament_index/resource_index/parent_prefix_path/cg_solver
[10.012s] -- Up-to-date: /project_ws/install/cg_solver/share/cg_solver/environment/ament_prefix_path.sh
[10.012s] -- Up-to-date: /project_ws/install/cg_solver/share/cg_solver/environment/ament_prefix_path.dsv
[10.013s] -- Up-to-date: /project_ws/install/cg_solver/share/cg_solver/environment/path.sh
[10.013s] -- Up-to-date: /project_ws/install/cg_solver/share/cg_solver/environment/path.dsv
[10.013s] -- Up-to-date: /project_ws/install/cg_solver/share/cg_solver/local_setup.bash
[10.013s] -- Up-to-date: /project_ws/install/cg_solver/share/cg_solver/local_setup.sh
[10.013s] -- Up-to-date: /project_ws/install/cg_solver/share/cg_solver/local_setup.zsh
[10.013s] -- Up-to-date: /project_ws/install/cg_solver/share/cg_solver/local_setup.dsv
[10.013s] -- Installing: /project_ws/install/cg_solver/share/cg_solver/package.dsv
[10.013s] -- Up-to-date: /project_ws/install/cg_solver/share/ament_index/resource_index/packages/cg_solver
[10.013s] -- Up-to-date: /project_ws/install/cg_solver/share/cg_solver/cmake/cg_solverConfig.cmake
[10.013s] -- Up-to-date: /project_ws/install/cg_solver/share/cg_solver/cmake/cg_solverConfig-version.cmake
[10.013s] -- Up-to-date: /project_ws/install/cg_solver/share/cg_solver/package.xml
[10.015s] Invoked command in '/project_ws/build/cg_solver' returned '0': CMAKE_PREFIX_PATH=/project_ws/install/cg_interfaces:/project_ws/install/cg_solver:/project_ws/install/cg_teleop:/project_ws/install/cg:/opt/ros/humble /usr/bin/cmake --install /project_ws/build/cg_solver
