[0.437s] Invoking command in '/project_ws/src/cg': AMENT_PREFIX_PATH=/project_ws/install/cg_interfaces:${AMENT_PREFIX_PATH} CMAKE_PREFIX_PATH=/project_ws/install/cg_interfaces LD_LIBRARY_PATH=/project_ws/install/cg_interfaces/lib:${LD_LIBRARY_PATH} PYTHONPATH=/project_ws/build/cg/prefix_override:/usr/lib/python3/dist-packages/colcon_core/task/python/colcon_distutils_commands:/project_ws/install/cg/lib/python3.10/site-packages:/project_ws/install/cg_interfaces/local/lib/python3.10/dist-packages:${PYTHONPATH} /usr/bin/python3 -W ignore:setup.py install is deprecated -W ignore:easy_install command is deprecated setup.py egg_info --egg-base ../../build/cg build --build-base /project_ws/build/cg/build install --record /project_ws/build/cg/install.log --single-version-externally-managed install_data
[0.547s] running egg_info
[0.547s] writing ../../build/cg/cg.egg-info/PKG-INFO
[0.547s] writing dependency_links to ../../build/cg/cg.egg-info/dependency_links.txt
[0.547s] writing entry points to ../../build/cg/cg.egg-info/entry_points.txt
[0.547s] writing requirements to ../../build/cg/cg.egg-info/requires.txt
[0.548s] writing top-level names to ../../build/cg/cg.egg-info/top_level.txt
[0.549s] reading manifest file '../../build/cg/cg.egg-info/SOURCES.txt'
[0.549s] adding license file 'LICENSE'
[0.550s] writing manifest file '../../build/cg/cg.egg-info/SOURCES.txt'
[0.550s] running build
[0.550s] running build_py
[0.551s] running install
[0.551s] running install_lib
[0.552s] running install_data
[0.552s] running install_egg_info
[0.554s] removing '/project_ws/install/cg/lib/python3.10/site-packages/cg-0.0.0-py3.10.egg-info' (and everything under it)
[0.554s] Copying ../../build/cg/cg.egg-info to /project_ws/install/cg/lib/python3.10/site-packages/cg-0.0.0-py3.10.egg-info
[0.554s] running install_scripts
[0.567s] Installing edit script to /project_ws/install/cg/lib/cg
[0.567s] Installing maze script to /project_ws/install/cg/lib/cg
[0.567s] Installing test script to /project_ws/install/cg/lib/cg
[0.567s] writing list of installed files to '/project_ws/build/cg/install.log'
[0.591s] Invoked command in '/project_ws/src/cg' returned '0': AMENT_PREFIX_PATH=/project_ws/install/cg_interfaces:${AMENT_PREFIX_PATH} CMAKE_PREFIX_PATH=/project_ws/install/cg_interfaces LD_LIBRARY_PATH=/project_ws/install/cg_interfaces/lib:${LD_LIBRARY_PATH} PYTHONPATH=/project_ws/build/cg/prefix_override:/usr/lib/python3/dist-packages/colcon_core/task/python/colcon_distutils_commands:/project_ws/install/cg/lib/python3.10/site-packages:/project_ws/install/cg_interfaces/local/lib/python3.10/dist-packages:${PYTHONPATH} /usr/bin/python3 -W ignore:setup.py install is deprecated -W ignore:easy_install command is deprecated setup.py egg_info --egg-base ../../build/cg build --build-base /project_ws/build/cg/build install --record /project_ws/build/cg/install.log --single-version-externally-managed install_data
