[0.000000] (-) TimerEvent: {}
[0.000218] (cg_interfaces) JobQueued: {'identifier': 'cg_interfaces', 'dependencies': OrderedDict()}
[0.000398] (cg) JobQueued: {'identifier': 'cg', 'dependencies': OrderedDict([('cg_interfaces', '/project_ws/install/cg_interfaces')])}
[0.000507] (cg_teleop) JobQueued: {'identifier': 'cg_teleop', 'dependencies': OrderedDict([('cg_interfaces', '/project_ws/install/cg_interfaces')])}
[0.000524] (cg_interfaces) JobStarted: {'identifier': 'cg_interfaces'}
[0.006694] (cg_interfaces) JobProgress: {'identifier': 'cg_interfaces', 'progress': 'cmake'}
[0.007448] (cg_interfaces) JobProgress: {'identifier': 'cg_interfaces', 'progress': 'build'}
[0.007480] (cg_interfaces) Command: {'cmd': ['/usr/bin/cmake', '--build', '/project_ws/build/cg_interfaces', '--', '-j8', '-l8'], 'cwd': '/project_ws/build/cg_interfaces', 'env': OrderedDict([('HOSTNAME', 'fedora'), ('SHLVL', '1'), ('LD_LIBRARY_PATH', '/project_ws/install/cg_interfaces/lib:/opt/ros/humble/lib/x86_64-linux-gnu:/opt/ros/humble/lib'), ('HOME', '/'), ('ROS_PYTHON_VERSION', '3'), ('COLCON_PREFIX_PATH', '/project_ws/install'), ('ROS_DISTRO', 'humble'), ('_', '/usr/bin/colcon'), ('ROS_VERSION', '2'), ('TERM', 'xterm'), ('ROS_LOCALHOST_ONLY', '0'), ('PATH', '/opt/ros/humble/bin:/usr/local/sbin:/usr/local/bin:/usr/sbin:/usr/bin:/sbin:/bin'), ('LANG', 'C.UTF-8'), ('AMENT_PREFIX_PATH', '/project_ws/install/cg_teleop:/project_ws/install/cg:/project_ws/install/cg_interfaces:/opt/ros/humble'), ('PWD', '/project_ws/build/cg_interfaces'), ('LC_ALL', 'C.UTF-8'), ('PYTHONPATH', '/project_ws/install/cg_teleop/lib/python3.10/site-packages:/project_ws/install/cg/lib/python3.10/site-packages:/project_ws/install/cg_interfaces/local/lib/python3.10/dist-packages:/opt/ros/humble/lib/python3.10/site-packages:/opt/ros/humble/local/lib/python3.10/dist-packages'), ('COLCON', '1'), ('CMAKE_PREFIX_PATH', '/project_ws/install/cg_interfaces:/project_ws/install/cg_teleop:/project_ws/install/cg:/opt/ros/humble')]), 'shell': False}
[0.032940] (cg_interfaces) StdoutLine: {'line': b'\x1b[35m\x1b[1mConsolidate compiler generated dependencies of target cg_interfaces__rosidl_generator_c\x1b[0m\n'}
[0.038804] (cg_interfaces) StdoutLine: {'line': b'[  1%] Built target cg_interfaces__cpp\n'}
[0.040729] (cg_interfaces) StdoutLine: {'line': b'[ 12%] Built target cg_interfaces__rosidl_generator_c\n'}
[0.045568] (cg_interfaces) StdoutLine: {'line': b'[ 12%] Built target ament_cmake_python_copy_cg_interfaces\n'}
[0.046689] (cg_interfaces) StdoutLine: {'line': b'\x1b[35m\x1b[1mConsolidate compiler generated dependencies of target cg_interfaces__rosidl_typesupport_fastrtps_cpp\x1b[0m\n'}
[0.048664] (cg_interfaces) StdoutLine: {'line': b'\x1b[35m\x1b[1mConsolidate compiler generated dependencies of target cg_interfaces__rosidl_typesupport_introspection_cpp\x1b[0m\n'}
[0.048784] (cg_interfaces) StdoutLine: {'line': b'\x1b[35m\x1b[1mConsolidate compiler generated dependencies of target cg_interfaces__rosidl_typesupport_cpp\x1b[0m\n'}
[0.049039] (cg_interfaces) StdoutLine: {'line': b'\x1b[35m\x1b[1mConsolidate compiler generated dependencies of target cg_interfaces__rosidl_typesupport_c\x1b[0m\n'}
[0.049150] (cg_interfaces) StdoutLine: {'line': b'\x1b[35m\x1b[1mConsolidate compiler generated dependencies of target cg_interfaces__rosidl_typesupport_fastrtps_c\x1b[0m\n'}
[0.049387] (cg_interfaces) StdoutLine: {'line': b'\x1b[35m\x1b[1mConsolidate compiler generated dependencies of target cg_interfaces__rosidl_typesupport_introspection_c\x1b[0m\n'}
[0.060835] (cg_interfaces) StdoutLine: {'line': b'[ 23%] Built target cg_interfaces__rosidl_typesupport_c\n'}
[0.062420] (cg_interfaces) StdoutLine: {'line': b'[ 43%] Built target cg_interfaces__rosidl_typesupport_introspection_cpp\n'}
[0.062603] (cg_interfaces) StdoutLine: {'line': b'[ 45%] Built target cg_interfaces__rosidl_typesupport_introspection_c\n'}
[0.062747] (cg_interfaces) StdoutLine: {'line': b'[ 56%] Built target cg_interfaces__rosidl_typesupport_cpp\n'}
[0.063676] (cg_interfaces) StdoutLine: {'line': b'[ 67%] Built target cg_interfaces__rosidl_typesupport_fastrtps_cpp\n'}
[0.064800] (cg_interfaces) StdoutLine: {'line': b'[ 78%] Built target cg_interfaces__rosidl_typesupport_fastrtps_c\n'}
[0.076684] (cg_interfaces) StdoutLine: {'line': b'[ 78%] Built target cg_interfaces\n'}
[0.088806] (cg_interfaces) StdoutLine: {'line': b'[ 80%] Built target cg_interfaces__py\n'}
[0.095409] (cg_interfaces) StdoutLine: {'line': b'\x1b[35m\x1b[1mConsolidate compiler generated dependencies of target cg_interfaces__rosidl_generator_py\x1b[0m\n'}
[0.099833] (-) TimerEvent: {}
[0.106141] (cg_interfaces) StdoutLine: {'line': b'[ 89%] Built target cg_interfaces__rosidl_generator_py\n'}
[0.112684] (cg_interfaces) StdoutLine: {'line': b'\x1b[35m\x1b[1mConsolidate compiler generated dependencies of target cg_interfaces__rosidl_typesupport_c__pyext\x1b[0m\n'}
[0.112860] (cg_interfaces) StdoutLine: {'line': b'\x1b[35m\x1b[1mConsolidate compiler generated dependencies of target cg_interfaces__rosidl_typesupport_introspection_c__pyext\x1b[0m\n'}
[0.114270] (cg_interfaces) StdoutLine: {'line': b'\x1b[35m\x1b[1mConsolidate compiler generated dependencies of target cg_interfaces__rosidl_typesupport_fastrtps_c__pyext\x1b[0m\n'}
[0.121937] (cg_interfaces) StdoutLine: {'line': b'[ 92%] Built target cg_interfaces__rosidl_typesupport_introspection_c__pyext\n'}
[0.122133] (cg_interfaces) StdoutLine: {'line': b'[ 96%] Built target cg_interfaces__rosidl_typesupport_c__pyext\n'}
[0.125568] (cg_interfaces) StdoutLine: {'line': b'[100%] Built target cg_interfaces__rosidl_typesupport_fastrtps_c__pyext\n'}
[0.183730] (cg_interfaces) StdoutLine: {'line': b'running egg_info\n'}
[0.184158] (cg_interfaces) StdoutLine: {'line': b'writing cg_interfaces.egg-info/PKG-INFO\n'}
[0.184244] (cg_interfaces) StdoutLine: {'line': b'writing dependency_links to cg_interfaces.egg-info/dependency_links.txt\n'}
[0.184336] (cg_interfaces) StdoutLine: {'line': b'writing top-level names to cg_interfaces.egg-info/top_level.txt\n'}
[0.185501] (cg_interfaces) StdoutLine: {'line': b"reading manifest file 'cg_interfaces.egg-info/SOURCES.txt'\n"}
[0.185994] (cg_interfaces) StdoutLine: {'line': b"writing manifest file 'cg_interfaces.egg-info/SOURCES.txt'\n"}
[0.199922] (-) TimerEvent: {}
[0.201830] (cg_interfaces) StdoutLine: {'line': b'[100%] Built target ament_cmake_python_build_cg_interfaces_egg\n'}
[0.210289] (cg_interfaces) CommandEnded: {'returncode': 0}
[0.210684] (cg_interfaces) JobProgress: {'identifier': 'cg_interfaces', 'progress': 'install'}
[0.215802] (cg_interfaces) Command: {'cmd': ['/usr/bin/cmake', '--install', '/project_ws/build/cg_interfaces'], 'cwd': '/project_ws/build/cg_interfaces', 'env': OrderedDict([('HOSTNAME', 'fedora'), ('SHLVL', '1'), ('LD_LIBRARY_PATH', '/project_ws/install/cg_interfaces/lib:/opt/ros/humble/lib/x86_64-linux-gnu:/opt/ros/humble/lib'), ('HOME', '/'), ('ROS_PYTHON_VERSION', '3'), ('COLCON_PREFIX_PATH', '/project_ws/install'), ('ROS_DISTRO', 'humble'), ('_', '/usr/bin/colcon'), ('ROS_VERSION', '2'), ('TERM', 'xterm'), ('ROS_LOCALHOST_ONLY', '0'), ('PATH', '/opt/ros/humble/bin:/usr/local/sbin:/usr/local/bin:/usr/sbin:/usr/bin:/sbin:/bin'), ('LANG', 'C.UTF-8'), ('AMENT_PREFIX_PATH', '/project_ws/install/cg_teleop:/project_ws/install/cg:/project_ws/install/cg_interfaces:/opt/ros/humble'), ('PWD', '/project_ws/build/cg_interfaces'), ('LC_ALL', 'C.UTF-8'), ('PYTHONPATH', '/project_ws/install/cg_teleop/lib/python3.10/site-packages:/project_ws/install/cg/lib/python3.10/site-packages:/project_ws/install/cg_interfaces/local/lib/python3.10/dist-packages:/opt/ros/humble/lib/python3.10/site-packages:/opt/ros/humble/local/lib/python3.10/dist-packages'), ('COLCON', '1'), ('CMAKE_PREFIX_PATH', '/project_ws/install/cg_interfaces:/project_ws/install/cg_teleop:/project_ws/install/cg:/opt/ros/humble')]), 'shell': False}
[0.220900] (cg_interfaces) StdoutLine: {'line': b'-- Install configuration: ""\n'}
[0.221053] (cg_interfaces) StdoutLine: {'line': b'-- Up-to-date: /project_ws/install/cg_interfaces/share/ament_index/resource_index/rosidl_interfaces/cg_interfaces\n'}
[0.221175] (cg_interfaces) StdoutLine: {'line': b'-- Up-to-date: /project_ws/install/cg_interfaces/include/cg_interfaces/cg_interfaces\n'}
[0.221287] (cg_interfaces) StdoutLine: {'line': b'-- Up-to-date: /project_ws/install/cg_interfaces/include/cg_interfaces/cg_interfaces/msg\n'}
[0.221370] (cg_interfaces) StdoutLine: {'line': b'-- Up-to-date: /project_ws/install/cg_interfaces/include/cg_interfaces/cg_interfaces/msg/rosidl_generator_c__visibility_control.h\n'}
[0.221448] (cg_interfaces) StdoutLine: {'line': b'-- Up-to-date: /project_ws/install/cg_interfaces/include/cg_interfaces/cg_interfaces/msg/robot_sensors.h\n'}
[0.221523] (cg_interfaces) StdoutLine: {'line': b'-- Up-to-date: /project_ws/install/cg_interfaces/include/cg_interfaces/cg_interfaces/msg/detail\n'}
[0.221626] (cg_interfaces) StdoutLine: {'line': b'-- Up-to-date: /project_ws/install/cg_interfaces/include/cg_interfaces/cg_interfaces/msg/detail/robot_sensors__functions.c\n'}
[0.221706] (cg_interfaces) StdoutLine: {'line': b'-- Up-to-date: /project_ws/install/cg_interfaces/include/cg_interfaces/cg_interfaces/msg/detail/robot_sensors__functions.h\n'}
[0.221783] (cg_interfaces) StdoutLine: {'line': b'-- Up-to-date: /project_ws/install/cg_interfaces/include/cg_interfaces/cg_interfaces/msg/detail/robot_sensors__struct.h\n'}
[0.221880] (cg_interfaces) StdoutLine: {'line': b'-- Up-to-date: /project_ws/install/cg_interfaces/include/cg_interfaces/cg_interfaces/msg/detail/robot_sensors__type_support.h\n'}
[0.221989] (cg_interfaces) StdoutLine: {'line': b'-- Up-to-date: /project_ws/install/cg_interfaces/include/cg_interfaces/cg_interfaces/srv\n'}
[0.222065] (cg_interfaces) StdoutLine: {'line': b'-- Up-to-date: /project_ws/install/cg_interfaces/include/cg_interfaces/cg_interfaces/srv/move_cmd.h\n'}
[0.222133] (cg_interfaces) StdoutLine: {'line': b'-- Up-to-date: /project_ws/install/cg_interfaces/include/cg_interfaces/cg_interfaces/srv/detail\n'}
[0.222209] (cg_interfaces) StdoutLine: {'line': b'-- Up-to-date: /project_ws/install/cg_interfaces/include/cg_interfaces/cg_interfaces/srv/detail/move_cmd__functions.c\n'}
[0.222293] (cg_interfaces) StdoutLine: {'line': b'-- Up-to-date: /project_ws/install/cg_interfaces/include/cg_interfaces/cg_interfaces/srv/detail/move_cmd__functions.h\n'}
[0.222404] (cg_interfaces) StdoutLine: {'line': b'-- Up-to-date: /project_ws/install/cg_interfaces/include/cg_interfaces/cg_interfaces/srv/detail/move_cmd__struct.h\n'}
[0.222531] (cg_interfaces) StdoutLine: {'line': b'-- Up-to-date: /project_ws/install/cg_interfaces/include/cg_interfaces/cg_interfaces/srv/detail/move_cmd__type_support.h\n'}
[0.222649] (cg_interfaces) StdoutLine: {'line': b'-- Up-to-date: /project_ws/install/cg_interfaces/include/cg_interfaces/cg_interfaces/srv/detail/get_map__functions.c\n'}
[0.222753] (cg_interfaces) StdoutLine: {'line': b'-- Up-to-date: /project_ws/install/cg_interfaces/include/cg_interfaces/cg_interfaces/srv/detail/get_map__functions.h\n'}
[0.222831] (cg_interfaces) StdoutLine: {'line': b'-- Up-to-date: /project_ws/install/cg_interfaces/include/cg_interfaces/cg_interfaces/srv/detail/get_map__struct.h\n'}
[0.222907] (cg_interfaces) StdoutLine: {'line': b'-- Up-to-date: /project_ws/install/cg_interfaces/include/cg_interfaces/cg_interfaces/srv/detail/get_map__type_support.h\n'}
[0.223022] (cg_interfaces) StdoutLine: {'line': b'-- Up-to-date: /project_ws/install/cg_interfaces/include/cg_interfaces/cg_interfaces/srv/detail/reset__functions.c\n'}
[0.223105] (cg_interfaces) StdoutLine: {'line': b'-- Up-to-date: /project_ws/install/cg_interfaces/include/cg_interfaces/cg_interfaces/srv/detail/reset__functions.h\n'}
[0.223180] (cg_interfaces) StdoutLine: {'line': b'-- Up-to-date: /project_ws/install/cg_interfaces/include/cg_interfaces/cg_interfaces/srv/detail/reset__struct.h\n'}
[0.223248] (cg_interfaces) StdoutLine: {'line': b'-- Up-to-date: /project_ws/install/cg_interfaces/include/cg_interfaces/cg_interfaces/srv/detail/reset__type_support.h\n'}
[0.223325] (cg_interfaces) StdoutLine: {'line': b'-- Up-to-date: /project_ws/install/cg_interfaces/include/cg_interfaces/cg_interfaces/srv/get_map.h\n'}
[0.223419] (cg_interfaces) StdoutLine: {'line': b'-- Up-to-date: /project_ws/install/cg_interfaces/include/cg_interfaces/cg_interfaces/srv/reset.h\n'}
[0.223490] (cg_interfaces) StdoutLine: {'line': b'-- Up-to-date: /project_ws/install/cg_interfaces/share/cg_interfaces/environment/library_path.sh\n'}
[0.223574] (cg_interfaces) StdoutLine: {'line': b'-- Up-to-date: /project_ws/install/cg_interfaces/share/cg_interfaces/environment/library_path.dsv\n'}
[0.223654] (cg_interfaces) StdoutLine: {'line': b'-- Up-to-date: /project_ws/install/cg_interfaces/lib/libcg_interfaces__rosidl_generator_c.so\n'}
[0.223740] (cg_interfaces) StdoutLine: {'line': b'-- Up-to-date: /project_ws/install/cg_interfaces/include/cg_interfaces/cg_interfaces\n'}
[0.223849] (cg_interfaces) StdoutLine: {'line': b'-- Up-to-date: /project_ws/install/cg_interfaces/include/cg_interfaces/cg_interfaces/msg\n'}
[0.223960] (cg_interfaces) StdoutLine: {'line': b'-- Up-to-date: /project_ws/install/cg_interfaces/include/cg_interfaces/cg_interfaces/msg/rosidl_typesupport_fastrtps_c__visibility_control.h\n'}
[0.224031] (cg_interfaces) StdoutLine: {'line': b'-- Up-to-date: /project_ws/install/cg_interfaces/include/cg_interfaces/cg_interfaces/msg/detail\n'}
[0.224100] (cg_interfaces) StdoutLine: {'line': b'-- Up-to-date: /project_ws/install/cg_interfaces/include/cg_interfaces/cg_interfaces/msg/detail/robot_sensors__rosidl_typesupport_fastrtps_c.h\n'}
[0.224170] (cg_interfaces) StdoutLine: {'line': b'-- Up-to-date: /project_ws/install/cg_interfaces/include/cg_interfaces/cg_interfaces/srv\n'}
[0.224238] (cg_interfaces) StdoutLine: {'line': b'-- Up-to-date: /project_ws/install/cg_interfaces/include/cg_interfaces/cg_interfaces/srv/detail\n'}
[0.224308] (cg_interfaces) StdoutLine: {'line': b'-- Up-to-date: /project_ws/install/cg_interfaces/include/cg_interfaces/cg_interfaces/srv/detail/move_cmd__rosidl_typesupport_fastrtps_c.h\n'}
[0.224376] (cg_interfaces) StdoutLine: {'line': b'-- Up-to-date: /project_ws/install/cg_interfaces/include/cg_interfaces/cg_interfaces/srv/detail/get_map__rosidl_typesupport_fastrtps_c.h\n'}
[0.224443] (cg_interfaces) StdoutLine: {'line': b'-- Up-to-date: /project_ws/install/cg_interfaces/include/cg_interfaces/cg_interfaces/srv/detail/reset__rosidl_typesupport_fastrtps_c.h\n'}
[0.224512] (cg_interfaces) StdoutLine: {'line': b'-- Up-to-date: /project_ws/install/cg_interfaces/lib/libcg_interfaces__rosidl_typesupport_fastrtps_c.so\n'}
[0.224581] (cg_interfaces) StdoutLine: {'line': b'-- Up-to-date: /project_ws/install/cg_interfaces/include/cg_interfaces/cg_interfaces\n'}
[0.224655] (cg_interfaces) StdoutLine: {'line': b'-- Up-to-date: /project_ws/install/cg_interfaces/include/cg_interfaces/cg_interfaces/msg\n'}
[0.224723] (cg_interfaces) StdoutLine: {'line': b'-- Up-to-date: /project_ws/install/cg_interfaces/include/cg_interfaces/cg_interfaces/msg/rosidl_typesupport_introspection_c__visibility_control.h\n'}
[0.224793] (cg_interfaces) StdoutLine: {'line': b'-- Up-to-date: /project_ws/install/cg_interfaces/include/cg_interfaces/cg_interfaces/msg/detail\n'}
[0.224861] (cg_interfaces) StdoutLine: {'line': b'-- Up-to-date: /project_ws/install/cg_interfaces/include/cg_interfaces/cg_interfaces/msg/detail/robot_sensors__rosidl_typesupport_introspection_c.h\n'}
[0.224932] (cg_interfaces) StdoutLine: {'line': b'-- Up-to-date: /project_ws/install/cg_interfaces/include/cg_interfaces/cg_interfaces/msg/detail/robot_sensors__type_support.c\n'}
[0.225001] (cg_interfaces) StdoutLine: {'line': b'-- Up-to-date: /project_ws/install/cg_interfaces/include/cg_interfaces/cg_interfaces/srv\n'}
[0.225067] (cg_interfaces) StdoutLine: {'line': b'-- Up-to-date: /project_ws/install/cg_interfaces/include/cg_interfaces/cg_interfaces/srv/detail\n'}
[0.225133] (cg_interfaces) StdoutLine: {'line': b'-- Up-to-date: /project_ws/install/cg_interfaces/include/cg_interfaces/cg_interfaces/srv/detail/move_cmd__rosidl_typesupport_introspection_c.h\n'}
[0.225197] (cg_interfaces) StdoutLine: {'line': b'-- Up-to-date: /project_ws/install/cg_interfaces/include/cg_interfaces/cg_interfaces/srv/detail/move_cmd__type_support.c\n'}
[0.225266] (cg_interfaces) StdoutLine: {'line': b'-- Up-to-date: /project_ws/install/cg_interfaces/include/cg_interfaces/cg_interfaces/srv/detail/get_map__rosidl_typesupport_introspection_c.h\n'}
[0.225338] (cg_interfaces) StdoutLine: {'line': b'-- Up-to-date: /project_ws/install/cg_interfaces/include/cg_interfaces/cg_interfaces/srv/detail/get_map__type_support.c\n'}
[0.225407] (cg_interfaces) StdoutLine: {'line': b'-- Up-to-date: /project_ws/install/cg_interfaces/include/cg_interfaces/cg_interfaces/srv/detail/reset__rosidl_typesupport_introspection_c.h\n'}
[0.225475] (cg_interfaces) StdoutLine: {'line': b'-- Up-to-date: /project_ws/install/cg_interfaces/include/cg_interfaces/cg_interfaces/srv/detail/reset__type_support.c\n'}
[0.225541] (cg_interfaces) StdoutLine: {'line': b'-- Up-to-date: /project_ws/install/cg_interfaces/lib/libcg_interfaces__rosidl_typesupport_introspection_c.so\n'}
[0.225627] (cg_interfaces) StdoutLine: {'line': b'-- Up-to-date: /project_ws/install/cg_interfaces/lib/libcg_interfaces__rosidl_typesupport_c.so\n'}
[0.225696] (cg_interfaces) StdoutLine: {'line': b'-- Up-to-date: /project_ws/install/cg_interfaces/include/cg_interfaces/cg_interfaces\n'}
[0.225762] (cg_interfaces) StdoutLine: {'line': b'-- Up-to-date: /project_ws/install/cg_interfaces/include/cg_interfaces/cg_interfaces/msg\n'}
[0.225827] (cg_interfaces) StdoutLine: {'line': b'-- Up-to-date: /project_ws/install/cg_interfaces/include/cg_interfaces/cg_interfaces/msg/rosidl_generator_cpp__visibility_control.hpp\n'}
[0.225894] (cg_interfaces) StdoutLine: {'line': b'-- Up-to-date: /project_ws/install/cg_interfaces/include/cg_interfaces/cg_interfaces/msg/robot_sensors.hpp\n'}
[0.225961] (cg_interfaces) StdoutLine: {'line': b'-- Up-to-date: /project_ws/install/cg_interfaces/include/cg_interfaces/cg_interfaces/msg/detail\n'}
[0.226027] (cg_interfaces) StdoutLine: {'line': b'-- Up-to-date: /project_ws/install/cg_interfaces/include/cg_interfaces/cg_interfaces/msg/detail/robot_sensors__builder.hpp\n'}
[0.226093] (cg_interfaces) StdoutLine: {'line': b'-- Up-to-date: /project_ws/install/cg_interfaces/include/cg_interfaces/cg_interfaces/msg/detail/robot_sensors__struct.hpp\n'}
[0.226158] (cg_interfaces) StdoutLine: {'line': b'-- Up-to-date: /project_ws/install/cg_interfaces/include/cg_interfaces/cg_interfaces/msg/detail/robot_sensors__traits.hpp\n'}
[0.226224] (cg_interfaces) StdoutLine: {'line': b'-- Up-to-date: /project_ws/install/cg_interfaces/include/cg_interfaces/cg_interfaces/msg/detail/robot_sensors__type_support.hpp\n'}
[0.226291] (cg_interfaces) StdoutLine: {'line': b'-- Up-to-date: /project_ws/install/cg_interfaces/include/cg_interfaces/cg_interfaces/srv\n'}
[0.226358] (cg_interfaces) StdoutLine: {'line': b'-- Up-to-date: /project_ws/install/cg_interfaces/include/cg_interfaces/cg_interfaces/srv/move_cmd.hpp\n'}
[0.226424] (cg_interfaces) StdoutLine: {'line': b'-- Up-to-date: /project_ws/install/cg_interfaces/include/cg_interfaces/cg_interfaces/srv/detail\n'}
[0.226490] (cg_interfaces) StdoutLine: {'line': b'-- Up-to-date: /project_ws/install/cg_interfaces/include/cg_interfaces/cg_interfaces/srv/detail/move_cmd__builder.hpp\n'}
[0.226555] (cg_interfaces) StdoutLine: {'line': b'-- Up-to-date: /project_ws/install/cg_interfaces/include/cg_interfaces/cg_interfaces/srv/detail/move_cmd__struct.hpp\n'}
[0.226625] (cg_interfaces) StdoutLine: {'line': b'-- Up-to-date: /project_ws/install/cg_interfaces/include/cg_interfaces/cg_interfaces/srv/detail/move_cmd__traits.hpp\n'}
[0.226692] (cg_interfaces) StdoutLine: {'line': b'-- Up-to-date: /project_ws/install/cg_interfaces/include/cg_interfaces/cg_interfaces/srv/detail/move_cmd__type_support.hpp\n'}
[0.226759] (cg_interfaces) StdoutLine: {'line': b'-- Up-to-date: /project_ws/install/cg_interfaces/include/cg_interfaces/cg_interfaces/srv/detail/get_map__builder.hpp\n'}
[0.226826] (cg_interfaces) StdoutLine: {'line': b'-- Up-to-date: /project_ws/install/cg_interfaces/include/cg_interfaces/cg_interfaces/srv/detail/get_map__struct.hpp\n'}
[0.226891] (cg_interfaces) StdoutLine: {'line': b'-- Up-to-date: /project_ws/install/cg_interfaces/include/cg_interfaces/cg_interfaces/srv/detail/get_map__traits.hpp\n'}
[0.226958] (cg_interfaces) StdoutLine: {'line': b'-- Up-to-date: /project_ws/install/cg_interfaces/include/cg_interfaces/cg_interfaces/srv/detail/get_map__type_support.hpp\n'}
[0.227025] (cg_interfaces) StdoutLine: {'line': b'-- Up-to-date: /project_ws/install/cg_interfaces/include/cg_interfaces/cg_interfaces/srv/detail/reset__builder.hpp\n'}
[0.227090] (cg_interfaces) StdoutLine: {'line': b'-- Up-to-date: /project_ws/install/cg_interfaces/include/cg_interfaces/cg_interfaces/srv/detail/reset__struct.hpp\n'}
[0.227155] (cg_interfaces) StdoutLine: {'line': b'-- Up-to-date: /project_ws/install/cg_interfaces/include/cg_interfaces/cg_interfaces/srv/detail/reset__traits.hpp\n'}
[0.227221] (cg_interfaces) StdoutLine: {'line': b'-- Up-to-date: /project_ws/install/cg_interfaces/include/cg_interfaces/cg_interfaces/srv/detail/reset__type_support.hpp\n'}
[0.227286] (cg_interfaces) StdoutLine: {'line': b'-- Up-to-date: /project_ws/install/cg_interfaces/include/cg_interfaces/cg_interfaces/srv/get_map.hpp\n'}
[0.227351] (cg_interfaces) StdoutLine: {'line': b'-- Up-to-date: /project_ws/install/cg_interfaces/include/cg_interfaces/cg_interfaces/srv/reset.hpp\n'}
[0.227416] (cg_interfaces) StdoutLine: {'line': b'-- Up-to-date: /project_ws/install/cg_interfaces/include/cg_interfaces/cg_interfaces\n'}
[0.227481] (cg_interfaces) StdoutLine: {'line': b'-- Up-to-date: /project_ws/install/cg_interfaces/include/cg_interfaces/cg_interfaces/msg\n'}
[0.227547] (cg_interfaces) StdoutLine: {'line': b'-- Up-to-date: /project_ws/install/cg_interfaces/include/cg_interfaces/cg_interfaces/msg/rosidl_typesupport_fastrtps_cpp__visibility_control.h\n'}
[0.227615] (cg_interfaces) StdoutLine: {'line': b'-- Up-to-date: /project_ws/install/cg_interfaces/include/cg_interfaces/cg_interfaces/msg/detail\n'}
[0.227681] (cg_interfaces) StdoutLine: {'line': b'-- Up-to-date: /project_ws/install/cg_interfaces/include/cg_interfaces/cg_interfaces/msg/detail/robot_sensors__rosidl_typesupport_fastrtps_cpp.hpp\n'}
[0.227752] (cg_interfaces) StdoutLine: {'line': b'-- Up-to-date: /project_ws/install/cg_interfaces/include/cg_interfaces/cg_interfaces/msg/detail/dds_fastrtps\n'}
[0.227819] (cg_interfaces) StdoutLine: {'line': b'-- Up-to-date: /project_ws/install/cg_interfaces/include/cg_interfaces/cg_interfaces/srv\n'}
[0.227884] (cg_interfaces) StdoutLine: {'line': b'-- Up-to-date: /project_ws/install/cg_interfaces/include/cg_interfaces/cg_interfaces/srv/detail\n'}
[0.227949] (cg_interfaces) StdoutLine: {'line': b'-- Up-to-date: /project_ws/install/cg_interfaces/include/cg_interfaces/cg_interfaces/srv/detail/move_cmd__rosidl_typesupport_fastrtps_cpp.hpp\n'}
[0.228015] (cg_interfaces) StdoutLine: {'line': b'-- Up-to-date: /project_ws/install/cg_interfaces/include/cg_interfaces/cg_interfaces/srv/detail/dds_fastrtps\n'}
[0.228079] (cg_interfaces) StdoutLine: {'line': b'-- Up-to-date: /project_ws/install/cg_interfaces/include/cg_interfaces/cg_interfaces/srv/detail/get_map__rosidl_typesupport_fastrtps_cpp.hpp\n'}
[0.228144] (cg_interfaces) StdoutLine: {'line': b'-- Up-to-date: /project_ws/install/cg_interfaces/include/cg_interfaces/cg_interfaces/srv/detail/reset__rosidl_typesupport_fastrtps_cpp.hpp\n'}
[0.228209] (cg_interfaces) StdoutLine: {'line': b'-- Up-to-date: /project_ws/install/cg_interfaces/lib/libcg_interfaces__rosidl_typesupport_fastrtps_cpp.so\n'}
[0.228275] (cg_interfaces) StdoutLine: {'line': b'-- Up-to-date: /project_ws/install/cg_interfaces/include/cg_interfaces/cg_interfaces\n'}
[0.228339] (cg_interfaces) StdoutLine: {'line': b'-- Up-to-date: /project_ws/install/cg_interfaces/include/cg_interfaces/cg_interfaces/srv\n'}
[0.228403] (cg_interfaces) StdoutLine: {'line': b'-- Up-to-date: /project_ws/install/cg_interfaces/include/cg_interfaces/cg_interfaces/srv/detail\n'}
[0.228468] (cg_interfaces) StdoutLine: {'line': b'-- Up-to-date: /project_ws/install/cg_interfaces/include/cg_interfaces/cg_interfaces/srv/detail/move_cmd__rosidl_typesupport_introspection_cpp.hpp\n'}
[0.228536] (cg_interfaces) StdoutLine: {'line': b'-- Up-to-date: /project_ws/install/cg_interfaces/include/cg_interfaces/cg_interfaces/srv/detail/move_cmd__type_support.cpp\n'}
[0.228603] (cg_interfaces) StdoutLine: {'line': b'-- Up-to-date: /project_ws/install/cg_interfaces/include/cg_interfaces/cg_interfaces/srv/detail/get_map__rosidl_typesupport_introspection_cpp.hpp\n'}
[0.228672] (cg_interfaces) StdoutLine: {'line': b'-- Up-to-date: /project_ws/install/cg_interfaces/include/cg_interfaces/cg_interfaces/srv/detail/get_map__type_support.cpp\n'}
[0.228737] (cg_interfaces) StdoutLine: {'line': b'-- Up-to-date: /project_ws/install/cg_interfaces/include/cg_interfaces/cg_interfaces/srv/detail/reset__rosidl_typesupport_introspection_cpp.hpp\n'}
[0.228802] (cg_interfaces) StdoutLine: {'line': b'-- Up-to-date: /project_ws/install/cg_interfaces/include/cg_interfaces/cg_interfaces/srv/detail/reset__type_support.cpp\n'}
[0.228867] (cg_interfaces) StdoutLine: {'line': b'-- Up-to-date: /project_ws/install/cg_interfaces/include/cg_interfaces/cg_interfaces/msg\n'}
[0.228934] (cg_interfaces) StdoutLine: {'line': b'-- Up-to-date: /project_ws/install/cg_interfaces/include/cg_interfaces/cg_interfaces/msg/detail\n'}
[0.229000] (cg_interfaces) StdoutLine: {'line': b'-- Up-to-date: /project_ws/install/cg_interfaces/include/cg_interfaces/cg_interfaces/msg/detail/robot_sensors__rosidl_typesupport_introspection_cpp.hpp\n'}
[0.229065] (cg_interfaces) StdoutLine: {'line': b'-- Up-to-date: /project_ws/install/cg_interfaces/include/cg_interfaces/cg_interfaces/msg/detail/robot_sensors__type_support.cpp\n'}
[0.229131] (cg_interfaces) StdoutLine: {'line': b'-- Up-to-date: /project_ws/install/cg_interfaces/lib/libcg_interfaces__rosidl_typesupport_introspection_cpp.so\n'}
[0.229197] (cg_interfaces) StdoutLine: {'line': b'-- Up-to-date: /project_ws/install/cg_interfaces/lib/libcg_interfaces__rosidl_typesupport_cpp.so\n'}
[0.229262] (cg_interfaces) StdoutLine: {'line': b'-- Up-to-date: /project_ws/install/cg_interfaces/share/cg_interfaces/environment/pythonpath.sh\n'}
[0.229327] (cg_interfaces) StdoutLine: {'line': b'-- Up-to-date: /project_ws/install/cg_interfaces/share/cg_interfaces/environment/pythonpath.dsv\n'}
[0.229391] (cg_interfaces) StdoutLine: {'line': b'-- Up-to-date: /project_ws/install/cg_interfaces/local/lib/python3.10/dist-packages/cg_interfaces-0.0.0-py3.10.egg-info\n'}
[0.229455] (cg_interfaces) StdoutLine: {'line': b'-- Installing: /project_ws/install/cg_interfaces/local/lib/python3.10/dist-packages/cg_interfaces-0.0.0-py3.10.egg-info/PKG-INFO\n'}
[0.229520] (cg_interfaces) StdoutLine: {'line': b'-- Installing: /project_ws/install/cg_interfaces/local/lib/python3.10/dist-packages/cg_interfaces-0.0.0-py3.10.egg-info/dependency_links.txt\n'}
[0.229584] (cg_interfaces) StdoutLine: {'line': b'-- Installing: /project_ws/install/cg_interfaces/local/lib/python3.10/dist-packages/cg_interfaces-0.0.0-py3.10.egg-info/top_level.txt\n'}
[0.229653] (cg_interfaces) StdoutLine: {'line': b'-- Installing: /project_ws/install/cg_interfaces/local/lib/python3.10/dist-packages/cg_interfaces-0.0.0-py3.10.egg-info/SOURCES.txt\n'}
[0.229718] (cg_interfaces) StdoutLine: {'line': b'-- Up-to-date: /project_ws/install/cg_interfaces/local/lib/python3.10/dist-packages/cg_interfaces\n'}
[0.229782] (cg_interfaces) StdoutLine: {'line': b'-- Up-to-date: /project_ws/install/cg_interfaces/local/lib/python3.10/dist-packages/cg_interfaces/__init__.py\n'}
[0.229847] (cg_interfaces) StdoutLine: {'line': b'-- Up-to-date: /project_ws/install/cg_interfaces/local/lib/python3.10/dist-packages/cg_interfaces/srv\n'}
[0.229911] (cg_interfaces) StdoutLine: {'line': b'-- Up-to-date: /project_ws/install/cg_interfaces/local/lib/python3.10/dist-packages/cg_interfaces/srv/_move_cmd.py\n'}
[0.229976] (cg_interfaces) StdoutLine: {'line': b'-- Up-to-date: /project_ws/install/cg_interfaces/local/lib/python3.10/dist-packages/cg_interfaces/srv/_move_cmd_s.c\n'}
[0.230046] (cg_interfaces) StdoutLine: {'line': b'-- Up-to-date: /project_ws/install/cg_interfaces/local/lib/python3.10/dist-packages/cg_interfaces/srv/_get_map.py\n'}
[0.230116] (cg_interfaces) StdoutLine: {'line': b'-- Up-to-date: /project_ws/install/cg_interfaces/local/lib/python3.10/dist-packages/cg_interfaces/srv/_get_map_s.c\n'}
[0.230176] (cg_interfaces) StdoutLine: {'line': b'-- Up-to-date: /project_ws/install/cg_interfaces/local/lib/python3.10/dist-packages/cg_interfaces/srv/_reset.py\n'}
[0.230239] (cg_interfaces) StdoutLine: {'line': b'-- Up-to-date: /project_ws/install/cg_interfaces/local/lib/python3.10/dist-packages/cg_interfaces/srv/_reset_s.c\n'}
[0.230303] (cg_interfaces) StdoutLine: {'line': b'-- Up-to-date: /project_ws/install/cg_interfaces/local/lib/python3.10/dist-packages/cg_interfaces/srv/__init__.py\n'}
[0.230367] (cg_interfaces) StdoutLine: {'line': b'-- Up-to-date: /project_ws/install/cg_interfaces/local/lib/python3.10/dist-packages/cg_interfaces/msg\n'}
[0.230432] (cg_interfaces) StdoutLine: {'line': b'-- Up-to-date: /project_ws/install/cg_interfaces/local/lib/python3.10/dist-packages/cg_interfaces/msg/_robot_sensors.py\n'}
[0.230495] (cg_interfaces) StdoutLine: {'line': b'-- Up-to-date: /project_ws/install/cg_interfaces/local/lib/python3.10/dist-packages/cg_interfaces/msg/_robot_sensors_s.c\n'}
[0.230559] (cg_interfaces) StdoutLine: {'line': b'-- Up-to-date: /project_ws/install/cg_interfaces/local/lib/python3.10/dist-packages/cg_interfaces/msg/__init__.py\n'}
[0.230626] (cg_interfaces) StdoutLine: {'line': b'-- Up-to-date: /project_ws/install/cg_interfaces/local/lib/python3.10/dist-packages/cg_interfaces/_cg_interfaces_s.ep.rosidl_typesupport_fastrtps_c.c\n'}
[0.230694] (cg_interfaces) StdoutLine: {'line': b'-- Up-to-date: /project_ws/install/cg_interfaces/local/lib/python3.10/dist-packages/cg_interfaces/_cg_interfaces_s.ep.rosidl_typesupport_introspection_c.c\n'}
[0.230760] (cg_interfaces) StdoutLine: {'line': b'-- Up-to-date: /project_ws/install/cg_interfaces/local/lib/python3.10/dist-packages/cg_interfaces/_cg_interfaces_s.ep.rosidl_typesupport_c.c\n'}
[0.230824] (cg_interfaces) StdoutLine: {'line': b'-- Up-to-date: /project_ws/install/cg_interfaces/local/lib/python3.10/dist-packages/cg_interfaces/libcg_interfaces__rosidl_generator_py.so\n'}
[0.230889] (cg_interfaces) StdoutLine: {'line': b'-- Up-to-date: /project_ws/install/cg_interfaces/local/lib/python3.10/dist-packages/cg_interfaces/cg_interfaces_s__rosidl_typesupport_c.cpython-310-x86_64-linux-gnu.so\n'}
[0.230954] (cg_interfaces) StdoutLine: {'line': b'-- Up-to-date: /project_ws/install/cg_interfaces/local/lib/python3.10/dist-packages/cg_interfaces/cg_interfaces_s__rosidl_typesupport_introspection_c.cpython-310-x86_64-linux-gnu.so\n'}
[0.231022] (cg_interfaces) StdoutLine: {'line': b'-- Up-to-date: /project_ws/install/cg_interfaces/local/lib/python3.10/dist-packages/cg_interfaces/cg_interfaces_s__rosidl_typesupport_fastrtps_c.cpython-310-x86_64-linux-gnu.so\n'}
[0.245126] (cg_interfaces) StdoutLine: {'line': b"Listing '/project_ws/install/cg_interfaces/local/lib/python3.10/dist-packages/cg_interfaces'...\n"}
[0.245230] (cg_interfaces) StdoutLine: {'line': b"Listing '/project_ws/install/cg_interfaces/local/lib/python3.10/dist-packages/cg_interfaces/msg'...\n"}
[0.245297] (cg_interfaces) StdoutLine: {'line': b"Listing '/project_ws/install/cg_interfaces/local/lib/python3.10/dist-packages/cg_interfaces/srv'...\n"}
[0.247694] (cg_interfaces) StdoutLine: {'line': b'-- Up-to-date: /project_ws/install/cg_interfaces/local/lib/python3.10/dist-packages/cg_interfaces/cg_interfaces_s__rosidl_typesupport_fastrtps_c.cpython-310-x86_64-linux-gnu.so\n'}
[0.247808] (cg_interfaces) StdoutLine: {'line': b'-- Up-to-date: /project_ws/install/cg_interfaces/local/lib/python3.10/dist-packages/cg_interfaces/cg_interfaces_s__rosidl_typesupport_introspection_c.cpython-310-x86_64-linux-gnu.so\n'}
[0.247944] (cg_interfaces) StdoutLine: {'line': b'-- Up-to-date: /project_ws/install/cg_interfaces/local/lib/python3.10/dist-packages/cg_interfaces/cg_interfaces_s__rosidl_typesupport_c.cpython-310-x86_64-linux-gnu.so\n'}
[0.248081] (cg_interfaces) StdoutLine: {'line': b'-- Up-to-date: /project_ws/install/cg_interfaces/lib/libcg_interfaces__rosidl_generator_py.so\n'}
[0.248169] (cg_interfaces) StdoutLine: {'line': b'-- Up-to-date: /project_ws/install/cg_interfaces/share/cg_interfaces/srv/MoveCmd.idl\n'}
[0.248265] (cg_interfaces) StdoutLine: {'line': b'-- Up-to-date: /project_ws/install/cg_interfaces/share/cg_interfaces/srv/GetMap.idl\n'}
[0.248356] (cg_interfaces) StdoutLine: {'line': b'-- Up-to-date: /project_ws/install/cg_interfaces/share/cg_interfaces/msg/RobotSensors.idl\n'}
[0.248453] (cg_interfaces) StdoutLine: {'line': b'-- Up-to-date: /project_ws/install/cg_interfaces/share/cg_interfaces/srv/Reset.idl\n'}
[0.248550] (cg_interfaces) StdoutLine: {'line': b'-- Up-to-date: /project_ws/install/cg_interfaces/share/cg_interfaces/srv/MoveCmd.srv\n'}
[0.248647] (cg_interfaces) StdoutLine: {'line': b'-- Up-to-date: /project_ws/install/cg_interfaces/share/cg_interfaces/srv/MoveCmd_Request.msg\n'}
[0.248735] (cg_interfaces) StdoutLine: {'line': b'-- Up-to-date: /project_ws/install/cg_interfaces/share/cg_interfaces/srv/MoveCmd_Response.msg\n'}
[0.248801] (cg_interfaces) StdoutLine: {'line': b'-- Up-to-date: /project_ws/install/cg_interfaces/share/cg_interfaces/srv/GetMap.srv\n'}
[0.248877] (cg_interfaces) StdoutLine: {'line': b'-- Up-to-date: /project_ws/install/cg_interfaces/share/cg_interfaces/srv/GetMap_Request.msg\n'}
[0.248956] (cg_interfaces) StdoutLine: {'line': b'-- Up-to-date: /project_ws/install/cg_interfaces/share/cg_interfaces/srv/GetMap_Response.msg\n'}
[0.249021] (cg_interfaces) StdoutLine: {'line': b'-- Up-to-date: /project_ws/install/cg_interfaces/share/cg_interfaces/msg/RobotSensors.msg\n'}
[0.249085] (cg_interfaces) StdoutLine: {'line': b'-- Up-to-date: /project_ws/install/cg_interfaces/share/cg_interfaces/srv/Reset.srv\n'}
[0.249156] (cg_interfaces) StdoutLine: {'line': b'-- Up-to-date: /project_ws/install/cg_interfaces/share/cg_interfaces/srv/Reset_Request.msg\n'}
[0.249224] (cg_interfaces) StdoutLine: {'line': b'-- Up-to-date: /project_ws/install/cg_interfaces/share/cg_interfaces/srv/Reset_Response.msg\n'}
[0.249288] (cg_interfaces) StdoutLine: {'line': b'-- Up-to-date: /project_ws/install/cg_interfaces/share/ament_index/resource_index/package_run_dependencies/cg_interfaces\n'}
[0.249353] (cg_interfaces) StdoutLine: {'line': b'-- Up-to-date: /project_ws/install/cg_interfaces/share/ament_index/resource_index/parent_prefix_path/cg_interfaces\n'}
[0.249417] (cg_interfaces) StdoutLine: {'line': b'-- Up-to-date: /project_ws/install/cg_interfaces/share/cg_interfaces/environment/ament_prefix_path.sh\n'}
[0.249481] (cg_interfaces) StdoutLine: {'line': b'-- Up-to-date: /project_ws/install/cg_interfaces/share/cg_interfaces/environment/ament_prefix_path.dsv\n'}
[0.249545] (cg_interfaces) StdoutLine: {'line': b'-- Up-to-date: /project_ws/install/cg_interfaces/share/cg_interfaces/environment/path.sh\n'}
[0.249611] (cg_interfaces) StdoutLine: {'line': b'-- Up-to-date: /project_ws/install/cg_interfaces/share/cg_interfaces/environment/path.dsv\n'}
[0.249695] (cg_interfaces) StdoutLine: {'line': b'-- Up-to-date: /project_ws/install/cg_interfaces/share/cg_interfaces/local_setup.bash\n'}
[0.249765] (cg_interfaces) StdoutLine: {'line': b'-- Up-to-date: /project_ws/install/cg_interfaces/share/cg_interfaces/local_setup.sh\n'}
[0.249832] (cg_interfaces) StdoutLine: {'line': b'-- Up-to-date: /project_ws/install/cg_interfaces/share/cg_interfaces/local_setup.zsh\n'}
[0.249907] (cg_interfaces) StdoutLine: {'line': b'-- Up-to-date: /project_ws/install/cg_interfaces/share/cg_interfaces/local_setup.dsv\n'}
[0.249981] (cg_interfaces) StdoutLine: {'line': b'-- Installing: /project_ws/install/cg_interfaces/share/cg_interfaces/package.dsv\n'}
[0.250045] (cg_interfaces) StdoutLine: {'line': b'-- Up-to-date: /project_ws/install/cg_interfaces/share/ament_index/resource_index/packages/cg_interfaces\n'}
[0.250124] (cg_interfaces) StdoutLine: {'line': b'-- Up-to-date: /project_ws/install/cg_interfaces/share/cg_interfaces/cmake/export_cg_interfaces__rosidl_generator_cExport.cmake\n'}
[0.250199] (cg_interfaces) StdoutLine: {'line': b'-- Up-to-date: /project_ws/install/cg_interfaces/share/cg_interfaces/cmake/export_cg_interfaces__rosidl_generator_cExport-noconfig.cmake\n'}
[0.250268] (cg_interfaces) StdoutLine: {'line': b'-- Up-to-date: /project_ws/install/cg_interfaces/share/cg_interfaces/cmake/export_cg_interfaces__rosidl_typesupport_fastrtps_cExport.cmake\n'}
[0.250349] (cg_interfaces) StdoutLine: {'line': b'-- Up-to-date: /project_ws/install/cg_interfaces/share/cg_interfaces/cmake/export_cg_interfaces__rosidl_typesupport_fastrtps_cExport-noconfig.cmake\n'}
[0.250415] (cg_interfaces) StdoutLine: {'line': b'-- Up-to-date: /project_ws/install/cg_interfaces/share/cg_interfaces/cmake/cg_interfaces__rosidl_typesupport_introspection_cExport.cmake\n'}
[0.250488] (cg_interfaces) StdoutLine: {'line': b'-- Up-to-date: /project_ws/install/cg_interfaces/share/cg_interfaces/cmake/cg_interfaces__rosidl_typesupport_introspection_cExport-noconfig.cmake\n'}
[0.250563] (cg_interfaces) StdoutLine: {'line': b'-- Up-to-date: /project_ws/install/cg_interfaces/share/cg_interfaces/cmake/cg_interfaces__rosidl_typesupport_cExport.cmake\n'}
[0.250648] (cg_interfaces) StdoutLine: {'line': b'-- Up-to-date: /project_ws/install/cg_interfaces/share/cg_interfaces/cmake/cg_interfaces__rosidl_typesupport_cExport-noconfig.cmake\n'}
[0.250713] (cg_interfaces) StdoutLine: {'line': b'-- Up-to-date: /project_ws/install/cg_interfaces/share/cg_interfaces/cmake/export_cg_interfaces__rosidl_generator_cppExport.cmake\n'}
[0.250787] (cg_interfaces) StdoutLine: {'line': b'-- Up-to-date: /project_ws/install/cg_interfaces/share/cg_interfaces/cmake/export_cg_interfaces__rosidl_typesupport_fastrtps_cppExport.cmake\n'}
[0.250884] (cg_interfaces) StdoutLine: {'line': b'-- Up-to-date: /project_ws/install/cg_interfaces/share/cg_interfaces/cmake/export_cg_interfaces__rosidl_typesupport_fastrtps_cppExport-noconfig.cmake\n'}
[0.250978] (cg_interfaces) StdoutLine: {'line': b'-- Up-to-date: /project_ws/install/cg_interfaces/share/cg_interfaces/cmake/cg_interfaces__rosidl_typesupport_introspection_cppExport.cmake\n'}
[0.251052] (cg_interfaces) StdoutLine: {'line': b'-- Up-to-date: /project_ws/install/cg_interfaces/share/cg_interfaces/cmake/cg_interfaces__rosidl_typesupport_introspection_cppExport-noconfig.cmake\n'}
[0.251116] (cg_interfaces) StdoutLine: {'line': b'-- Up-to-date: /project_ws/install/cg_interfaces/share/cg_interfaces/cmake/cg_interfaces__rosidl_typesupport_cppExport.cmake\n'}
[0.251182] (cg_interfaces) StdoutLine: {'line': b'-- Up-to-date: /project_ws/install/cg_interfaces/share/cg_interfaces/cmake/cg_interfaces__rosidl_typesupport_cppExport-noconfig.cmake\n'}
[0.251247] (cg_interfaces) StdoutLine: {'line': b'-- Up-to-date: /project_ws/install/cg_interfaces/share/cg_interfaces/cmake/export_cg_interfaces__rosidl_generator_pyExport.cmake\n'}
[0.251312] (cg_interfaces) StdoutLine: {'line': b'-- Up-to-date: /project_ws/install/cg_interfaces/share/cg_interfaces/cmake/export_cg_interfaces__rosidl_generator_pyExport-noconfig.cmake\n'}
[0.251377] (cg_interfaces) StdoutLine: {'line': b'-- Up-to-date: /project_ws/install/cg_interfaces/share/cg_interfaces/cmake/rosidl_cmake-extras.cmake\n'}
[0.251442] (cg_interfaces) StdoutLine: {'line': b'-- Up-to-date: /project_ws/install/cg_interfaces/share/cg_interfaces/cmake/ament_cmake_export_include_directories-extras.cmake\n'}
[0.251507] (cg_interfaces) StdoutLine: {'line': b'-- Up-to-date: /project_ws/install/cg_interfaces/share/cg_interfaces/cmake/ament_cmake_export_libraries-extras.cmake\n'}
[0.251571] (cg_interfaces) StdoutLine: {'line': b'-- Up-to-date: /project_ws/install/cg_interfaces/share/cg_interfaces/cmake/ament_cmake_export_targets-extras.cmake\n'}
[0.251649] (cg_interfaces) StdoutLine: {'line': b'-- Up-to-date: /project_ws/install/cg_interfaces/share/cg_interfaces/cmake/rosidl_cmake_export_typesupport_targets-extras.cmake\n'}
[0.251719] (cg_interfaces) StdoutLine: {'line': b'-- Up-to-date: /project_ws/install/cg_interfaces/share/cg_interfaces/cmake/ament_cmake_export_dependencies-extras.cmake\n'}
[0.251787] (cg_interfaces) StdoutLine: {'line': b'-- Up-to-date: /project_ws/install/cg_interfaces/share/cg_interfaces/cmake/rosidl_cmake_export_typesupport_libraries-extras.cmake\n'}
[0.251857] (cg_interfaces) StdoutLine: {'line': b'-- Up-to-date: /project_ws/install/cg_interfaces/share/cg_interfaces/cmake/cg_interfacesConfig.cmake\n'}
[0.251924] (cg_interfaces) StdoutLine: {'line': b'-- Up-to-date: /project_ws/install/cg_interfaces/share/cg_interfaces/cmake/cg_interfacesConfig-version.cmake\n'}
[0.251989] (cg_interfaces) StdoutLine: {'line': b'-- Up-to-date: /project_ws/install/cg_interfaces/share/cg_interfaces/package.xml\n'}
[0.252475] (cg_interfaces) CommandEnded: {'returncode': 0}
[0.265701] (cg_interfaces) JobEnded: {'identifier': 'cg_interfaces', 'rc': 0}
[0.266485] (cg) JobStarted: {'identifier': 'cg'}
[0.268753] (cg_teleop) JobStarted: {'identifier': 'cg_teleop'}
[0.300025] (-) TimerEvent: {}
[0.400291] (-) TimerEvent: {}
[0.500538] (-) TimerEvent: {}
[0.600833] (-) TimerEvent: {}
[0.701163] (-) TimerEvent: {}
[0.702355] (cg) Command: {'cmd': ['/usr/bin/python3', '-W', 'ignore:setup.py install is deprecated', '-W', 'ignore:easy_install command is deprecated', 'setup.py', 'egg_info', '--egg-base', '../../build/cg', 'build', '--build-base', '/project_ws/build/cg/build', 'install', '--record', '/project_ws/build/cg/install.log', '--single-version-externally-managed', 'install_data'], 'cwd': '/project_ws/src/cg', 'env': {'HOSTNAME': 'fedora', 'SHLVL': '1', 'LD_LIBRARY_PATH': '/project_ws/install/cg_interfaces/lib:/opt/ros/humble/lib/x86_64-linux-gnu:/opt/ros/humble/lib', 'HOME': '/', 'ROS_PYTHON_VERSION': '3', 'COLCON_PREFIX_PATH': '/project_ws/install', 'ROS_DISTRO': 'humble', '_': '/usr/bin/colcon', 'ROS_VERSION': '2', 'TERM': 'xterm', 'ROS_LOCALHOST_ONLY': '0', 'PATH': '/opt/ros/humble/bin:/usr/local/sbin:/usr/local/bin:/usr/sbin:/usr/bin:/sbin:/bin', 'LANG': 'C.UTF-8', 'AMENT_PREFIX_PATH': '/project_ws/install/cg_teleop:/project_ws/install/cg:/project_ws/install/cg_interfaces:/opt/ros/humble', 'PWD': '/project_ws/build/cg', 'LC_ALL': 'C.UTF-8', 'PYTHONPATH': '/project_ws/build/cg/prefix_override:/usr/lib/python3/dist-packages/colcon_core/task/python/colcon_distutils_commands:/project_ws/install/cg/lib/python3.10/site-packages:/project_ws/install/cg_teleop/lib/python3.10/site-packages:/project_ws/install/cg/lib/python3.10/site-packages:/project_ws/install/cg_interfaces/local/lib/python3.10/dist-packages:/opt/ros/humble/lib/python3.10/site-packages:/opt/ros/humble/local/lib/python3.10/dist-packages', 'COLCON': '1', 'CMAKE_PREFIX_PATH': '/project_ws/install/cg_interfaces'}, 'shell': False}
[0.704498] (cg_teleop) Command: {'cmd': ['/usr/bin/python3', '-W', 'ignore:setup.py install is deprecated', '-W', 'ignore:easy_install command is deprecated', 'setup.py', 'egg_info', '--egg-base', '../../build/cg_teleop', 'build', '--build-base', '/project_ws/build/cg_teleop/build', 'install', '--record', '/project_ws/build/cg_teleop/install.log', '--single-version-externally-managed', 'install_data'], 'cwd': '/project_ws/src/cg_teleop', 'env': {'HOSTNAME': 'fedora', 'SHLVL': '1', 'LD_LIBRARY_PATH': '/project_ws/install/cg_interfaces/lib:/opt/ros/humble/lib/x86_64-linux-gnu:/opt/ros/humble/lib', 'HOME': '/', 'ROS_PYTHON_VERSION': '3', 'COLCON_PREFIX_PATH': '/project_ws/install', 'ROS_DISTRO': 'humble', '_': '/usr/bin/colcon', 'ROS_VERSION': '2', 'TERM': 'xterm', 'ROS_LOCALHOST_ONLY': '0', 'PATH': '/opt/ros/humble/bin:/usr/local/sbin:/usr/local/bin:/usr/sbin:/usr/bin:/sbin:/bin', 'LANG': 'C.UTF-8', 'AMENT_PREFIX_PATH': '/project_ws/install/cg_teleop:/project_ws/install/cg:/project_ws/install/cg_interfaces:/opt/ros/humble', 'PWD': '/project_ws/build/cg_teleop', 'LC_ALL': 'C.UTF-8', 'PYTHONPATH': '/project_ws/build/cg_teleop/prefix_override:/usr/lib/python3/dist-packages/colcon_core/task/python/colcon_distutils_commands:/project_ws/install/cg_teleop/lib/python3.10/site-packages:/project_ws/install/cg_teleop/lib/python3.10/site-packages:/project_ws/install/cg/lib/python3.10/site-packages:/project_ws/install/cg_interfaces/local/lib/python3.10/dist-packages:/opt/ros/humble/lib/python3.10/site-packages:/opt/ros/humble/local/lib/python3.10/dist-packages', 'COLCON': '1', 'CMAKE_PREFIX_PATH': '/project_ws/install/cg_interfaces'}, 'shell': False}
[0.801258] (-) TimerEvent: {}
[0.815355] (cg_teleop) StdoutLine: {'line': b'running egg_info\n'}
[0.815806] (cg_teleop) StdoutLine: {'line': b'writing ../../build/cg_teleop/cg_teleop.egg-info/PKG-INFO\n'}
[0.815932] (cg_teleop) StdoutLine: {'line': b'writing dependency_links to ../../build/cg_teleop/cg_teleop.egg-info/dependency_links.txt\n'}
[0.816112] (cg_teleop) StdoutLine: {'line': b'writing entry points to ../../build/cg_teleop/cg_teleop.egg-info/entry_points.txt\n'}
[0.816242] (cg_teleop) StdoutLine: {'line': b'writing requirements to ../../build/cg_teleop/cg_teleop.egg-info/requires.txt\n'}
[0.816310] (cg_teleop) StdoutLine: {'line': b'writing top-level names to ../../build/cg_teleop/cg_teleop.egg-info/top_level.txt\n'}
[0.816729] (cg) StdoutLine: {'line': b'running egg_info\n'}
[0.817178] (cg) StdoutLine: {'line': b'writing ../../build/cg/cg.egg-info/PKG-INFO\n'}
[0.817222] (cg) StdoutLine: {'line': b'writing dependency_links to ../../build/cg/cg.egg-info/dependency_links.txt\n'}
[0.817270] (cg) StdoutLine: {'line': b'writing entry points to ../../build/cg/cg.egg-info/entry_points.txt\n'}
[0.817341] (cg) StdoutLine: {'line': b'writing requirements to ../../build/cg/cg.egg-info/requires.txt\n'}
[0.817394] (cg) StdoutLine: {'line': b'writing top-level names to ../../build/cg/cg.egg-info/top_level.txt\n'}
[0.817623] (cg_teleop) StdoutLine: {'line': b"reading manifest file '../../build/cg_teleop/cg_teleop.egg-info/SOURCES.txt'\n"}
[0.818612] (cg_teleop) StdoutLine: {'line': b"writing manifest file '../../build/cg_teleop/cg_teleop.egg-info/SOURCES.txt'\n"}
[0.818716] (cg_teleop) StdoutLine: {'line': b'running build\n'}
[0.818784] (cg_teleop) StdoutLine: {'line': b'running build_py\n'}
[0.818853] (cg) StdoutLine: {'line': b"reading manifest file '../../build/cg/cg.egg-info/SOURCES.txt'\n"}
[0.819007] (cg) StdoutLine: {'line': b"adding license file 'LICENSE'\n"}
[0.819080] (cg_teleop) StdoutLine: {'line': b'running install\n'}
[0.819163] (cg_teleop) StdoutLine: {'line': b'running install_lib\n'}
[0.820256] (cg_teleop) StdoutLine: {'line': b'running install_data\n'}
[0.820407] (cg_teleop) StdoutLine: {'line': b'running install_egg_info\n'}
[0.820486] (cg) StdoutLine: {'line': b"writing manifest file '../../build/cg/cg.egg-info/SOURCES.txt'\n"}
[0.820561] (cg) StdoutLine: {'line': b'running build\n'}
[0.820643] (cg) StdoutLine: {'line': b'running build_py\n'}
[0.821112] (cg) StdoutLine: {'line': b'running install\n'}
[0.821293] (cg) StdoutLine: {'line': b'running install_lib\n'}
[0.822282] (cg) StdoutLine: {'line': b'running install_data\n'}
[0.822659] (cg_teleop) StdoutLine: {'line': b"removing '/project_ws/install/cg_teleop/lib/python3.10/site-packages/cg_teleop-0.0.0-py3.10.egg-info' (and everything under it)\n"}
[0.822796] (cg) StdoutLine: {'line': b'running install_egg_info\n'}
[0.822951] (cg_teleop) StdoutLine: {'line': b'Copying ../../build/cg_teleop/cg_teleop.egg-info to /project_ws/install/cg_teleop/lib/python3.10/site-packages/cg_teleop-0.0.0-py3.10.egg-info\n'}
[0.823877] (cg_teleop) StdoutLine: {'line': b'running install_scripts\n'}
[0.824107] (cg) StdoutLine: {'line': b"removing '/project_ws/install/cg/lib/python3.10/site-packages/cg-0.0.0-py3.10.egg-info' (and everything under it)\n"}
[0.824302] (cg) StdoutLine: {'line': b'Copying ../../build/cg/cg.egg-info to /project_ws/install/cg/lib/python3.10/site-packages/cg-0.0.0-py3.10.egg-info\n'}
[0.824885] (cg) StdoutLine: {'line': b'running install_scripts\n'}
[0.838001] (cg_teleop) StdoutLine: {'line': b'Installing teleop_keyboard script to /project_ws/install/cg_teleop/lib/cg_teleop\n'}
[0.838252] (cg) StdoutLine: {'line': b'Installing edit script to /project_ws/install/cg/lib/cg\n'}
[0.838367] (cg_teleop) StdoutLine: {'line': b"writing list of installed files to '/project_ws/build/cg_teleop/install.log'\n"}
[0.838441] (cg) StdoutLine: {'line': b'Installing maze script to /project_ws/install/cg/lib/cg\n'}
[0.838513] (cg) StdoutLine: {'line': b'Installing test script to /project_ws/install/cg/lib/cg\n'}
[0.838798] (cg) StdoutLine: {'line': b"writing list of installed files to '/project_ws/build/cg/install.log'\n"}
[0.856815] (cg_teleop) CommandEnded: {'returncode': 0}
[0.860656] (cg_teleop) JobEnded: {'identifier': 'cg_teleop', 'rc': 0}
[0.861454] (cg) CommandEnded: {'returncode': 0}
[0.864977] (cg) JobEnded: {'identifier': 'cg', 'rc': 0}
[0.865405] (-) EventReactorShutdown: {}
