[-1763941523927668736.000s] [34mcolcon[0m [1;30mDEBUG[0m [32mCommand line arguments: ['/usr/bin/colcon', 'build'][0m
[-1763941523927668736.000s] [34mcolcon[0m [1;30mDEBUG[0m [32mParsed command line arguments: Namespace(log_base=None, log_level=None, verb_name='build', build_base='build', install_base='install', merge_install=False, symlink_install=False, test_result_base=None, continue_on_error=False, executor='parallel', parallel_workers=8, event_handlers=None, ignore_user_meta=False, metas=['./colcon.meta'], base_paths=['.'], packages_ignore=None, packages_ignore_regex=None, paths=None, packages_up_to=None, packages_up_to_regex=None, packages_above=None, packages_above_and_dependencies=None, packages_above_depth=None, packages_select_by_dep=None, packages_skip_by_dep=None, packages_skip_up_to=None, packages_select_build_failed=False, packages_skip_build_finished=False, packages_select_test_failures=False, packages_skip_test_passed=False, packages_select=None, packages_skip=None, packages_select_regex=None, packages_skip_regex=None, packages_start=None, packages_end=None, allow_overriding=[], cmake_args=None, cmake_target=None, cmake_target_skip_unavailable=False, cmake_clean_cache=False, cmake_clean_first=False, cmake_force_configure=False, ament_cmake_args=None, catkin_cmake_args=None, catkin_skip_building_tests=False, verb_parser=<colcon_defaults.argument_parser.defaults.DefaultArgumentsDecorator object at 0x7f79d0e925d0>, verb_extension=<colcon_core.verb.build.BuildVerb object at 0x7f79d122f620>, main=<bound method BuildVerb.main of <colcon_core.verb.build.BuildVerb object at 0x7f79d122f620>>)[0m
[-1763941523927668736.000s] [34mcolcon.colcon_core.package_discovery[0m [1;30mLevel 1[0m discover_packages(colcon_meta) check parameters
[-1763941523927668736.000s] [34mcolcon.colcon_core.package_discovery[0m [1;30mLevel 1[0m discover_packages(recursive) check parameters
[-1763941523927668736.000s] [34mcolcon.colcon_core.package_discovery[0m [1;30mLevel 1[0m discover_packages(ignore) check parameters
[-1763941523927668736.000s] [34mcolcon.colcon_core.package_discovery[0m [1;30mLevel 1[0m discover_packages(path) check parameters
[-1763941523927668736.000s] [34mcolcon.colcon_core.package_discovery[0m [1;30mLevel 1[0m discover_packages(colcon_meta) discover
[-1763941523927668736.000s] [34mcolcon.colcon_core.package_discovery[0m [1;30mLevel 1[0m discover_packages(recursive) discover
[-1763941523927668736.000s] [34mcolcon.colcon_core.package_discovery[0m [1;30mINFO[0m Crawling recursively for packages in '/home/gabrielmartins/Documents/github/ponderada_ros/cg/cg'
[-1763941523927668736.000s] [34mcolcon.colcon_core.package_identification[0m [1;30mLevel 1[0m _identify(.) by extensions ['ignore', 'ignore_ament_install']
[-1763941523927668736.000s] [34mcolcon.colcon_core.package_identification[0m [1;30mLevel 1[0m _identify(.) by extension 'ignore'
[-1763941523927668736.000s] [34mcolcon.colcon_core.package_identification[0m [1;30mLevel 1[0m _identify(.) by extension 'ignore_ament_install'
[-1763941523927668736.000s] [34mcolcon.colcon_core.package_identification[0m [1;30mLevel 1[0m _identify(.) by extensions ['colcon_pkg']
[-1763941523927668736.000s] [34mcolcon.colcon_core.package_identification[0m [1;30mLevel 1[0m _identify(.) by extension 'colcon_pkg'
[-1763941523927668736.000s] [34mcolcon.colcon_core.package_identification[0m [1;30mLevel 1[0m _identify(.) by extensions ['colcon_meta']
[-1763941523927668736.000s] [34mcolcon.colcon_core.package_identification[0m [1;30mLevel 1[0m _identify(.) by extension 'colcon_meta'
[-1763941523927668736.000s] [34mcolcon.colcon_core.package_identification[0m [1;30mLevel 1[0m _identify(.) by extensions ['ros']
[-1763941523927668736.000s] [34mcolcon.colcon_core.package_identification[0m [1;30mLevel 1[0m _identify(.) by extension 'ros'
[-1763941523927668736.000s] [34mcolcon.colcon_core.package_identification[0m [1;30mLevel 1[0m _identify(.) by extensions ['cmake', 'python']
[-1763941523927668736.000s] [34mcolcon.colcon_core.package_identification[0m [1;30mLevel 1[0m _identify(.) by extension 'cmake'
[-1763941523927668736.000s] [34mcolcon.colcon_core.package_identification[0m [1;30mLevel 1[0m _identify(.) by extension 'python'
[-1763941523927668736.000s] [34mcolcon.colcon_core.package_identification[0m [1;30mLevel 1[0m _identify(.) by extensions ['python_setup_py']
[-1763941523927668736.000s] [34mcolcon.colcon_core.package_identification[0m [1;30mLevel 1[0m _identify(.) by extension 'python_setup_py'
[-1763941523927668736.000s] [34mcolcon.colcon_core.package_identification[0m [1;30mLevel 1[0m _identify(Utils) by extensions ['ignore', 'ignore_ament_install']
[-1763941523927668736.000s] [34mcolcon.colcon_core.package_identification[0m [1;30mLevel 1[0m _identify(Utils) by extension 'ignore'
[-1763941523927668736.000s] [34mcolcon.colcon_core.package_identification[0m [1;30mLevel 1[0m _identify(Utils) by extension 'ignore_ament_install'
[-1763941523927668736.000s] [34mcolcon.colcon_core.package_identification[0m [1;30mLevel 1[0m _identify(Utils) by extensions ['colcon_pkg']
[-1763941523927668736.000s] [34mcolcon.colcon_core.package_identification[0m [1;30mLevel 1[0m _identify(Utils) by extension 'colcon_pkg'
[-1763941523927668736.000s] [34mcolcon.colcon_core.package_identification[0m [1;30mLevel 1[0m _identify(Utils) by extensions ['colcon_meta']
[-1763941523927668736.000s] [34mcolcon.colcon_core.package_identification[0m [1;30mLevel 1[0m _identify(Utils) by extension 'colcon_meta'
[-1763941523927668736.000s] [34mcolcon.colcon_core.package_identification[0m [1;30mLevel 1[0m _identify(Utils) by extensions ['ros']
[-1763941523927668736.000s] [34mcolcon.colcon_core.package_identification[0m [1;30mLevel 1[0m _identify(Utils) by extension 'ros'
[-1763941523927668736.000s] [34mcolcon.colcon_core.package_identification[0m [1;30mLevel 1[0m _identify(Utils) by extensions ['cmake', 'python']
[-1763941523927668736.000s] [34mcolcon.colcon_core.package_identification[0m [1;30mLevel 1[0m _identify(Utils) by extension 'cmake'
[-1763941523927668736.000s] [34mcolcon.colcon_core.package_identification[0m [1;30mLevel 1[0m _identify(Utils) by extension 'python'
[-1763941523927668736.000s] [34mcolcon.colcon_core.package_identification[0m [1;30mLevel 1[0m _identify(Utils) by extensions ['python_setup_py']
[-1763941523927668736.000s] [34mcolcon.colcon_core.package_identification[0m [1;30mLevel 1[0m _identify(Utils) by extension 'python_setup_py'
[-1763941523927668736.000s] [34mcolcon.colcon_core.package_identification[0m [1;30mLevel 1[0m _identify(__pycache__) by extensions ['ignore', 'ignore_ament_install']
[-1763941523927668736.000s] [34mcolcon.colcon_core.package_identification[0m [1;30mLevel 1[0m _identify(__pycache__) by extension 'ignore'
[-1763941523927668736.000s] [34mcolcon.colcon_core.package_identification[0m [1;30mLevel 1[0m _identify(__pycache__) by extension 'ignore_ament_install'
[-1763941523927668736.000s] [34mcolcon.colcon_core.package_identification[0m [1;30mLevel 1[0m _identify(__pycache__) by extensions ['colcon_pkg']
[-1763941523927668736.000s] [34mcolcon.colcon_core.package_identification[0m [1;30mLevel 1[0m _identify(__pycache__) by extension 'colcon_pkg'
[-1763941523927668736.000s] [34mcolcon.colcon_core.package_identification[0m [1;30mLevel 1[0m _identify(__pycache__) by extensions ['colcon_meta']
[-1763941523927668736.000s] [34mcolcon.colcon_core.package_identification[0m [1;30mLevel 1[0m _identify(__pycache__) by extension 'colcon_meta'
[-1763941523927668736.000s] [34mcolcon.colcon_core.package_identification[0m [1;30mLevel 1[0m _identify(__pycache__) by extensions ['ros']
[-1763941523927668736.000s] [34mcolcon.colcon_core.package_identification[0m [1;30mLevel 1[0m _identify(__pycache__) by extension 'ros'
[-1763941523927668736.000s] [34mcolcon.colcon_core.package_identification[0m [1;30mLevel 1[0m _identify(__pycache__) by extensions ['cmake', 'python']
[-1763941523927668736.000s] [34mcolcon.colcon_core.package_identification[0m [1;30mLevel 1[0m _identify(__pycache__) by extension 'cmake'
[-1763941523927668736.000s] [34mcolcon.colcon_core.package_identification[0m [1;30mLevel 1[0m _identify(__pycache__) by extension 'python'
[-1763941523927668736.000s] [34mcolcon.colcon_core.package_identification[0m [1;30mLevel 1[0m _identify(__pycache__) by extensions ['python_setup_py']
[-1763941523927668736.000s] [34mcolcon.colcon_core.package_identification[0m [1;30mLevel 1[0m _identify(__pycache__) by extension 'python_setup_py'
[-1763941523927668736.000s] [34mcolcon.colcon_core.package_identification[0m [1;30mLevel 1[0m _identify(build) by extensions ['ignore', 'ignore_ament_install']
[-1763941523927668736.000s] [34mcolcon.colcon_core.package_identification[0m [1;30mLevel 1[0m _identify(build) by extension 'ignore'
[-1763941523927668736.000s] [34mcolcon.colcon_core.package_identification[0m [1;30mLevel 1[0m _identify(build) ignored
[-1763941523927668736.000s] [34mcolcon.colcon_core.package_identification[0m [1;30mLevel 1[0m _identify(install) by extensions ['ignore', 'ignore_ament_install']
[-1763941523927668736.000s] [34mcolcon.colcon_core.package_identification[0m [1;30mLevel 1[0m _identify(install) by extension 'ignore'
[-1763941523927668736.000s] [34mcolcon.colcon_core.package_identification[0m [1;30mLevel 1[0m _identify(install) ignored
[-1763941523927668736.000s] [34mcolcon.colcon_core.package_identification[0m [1;30mLevel 1[0m _identify(log) by extensions ['ignore', 'ignore_ament_install']
[-1763941523927668736.000s] [34mcolcon.colcon_core.package_identification[0m [1;30mLevel 1[0m _identify(log) by extension 'ignore'
[-1763941523927668736.000s] [34mcolcon.colcon_core.package_identification[0m [1;30mLevel 1[0m _identify(log) ignored
[-1763941523927668736.000s] [34mcolcon.colcon_core.package_discovery[0m [1;30mLevel 1[0m discover_packages(recursive) using defaults
[-1763941523927668736.000s] [34mcolcon.colcon_core.package_discovery[0m [1;30mLevel 1[0m discover_packages(ignore) discover
[-1763941523927668736.000s] [34mcolcon.colcon_core.package_discovery[0m [1;30mLevel 1[0m discover_packages(ignore) using defaults
[-1763941523927668736.000s] [34mcolcon.colcon_core.package_discovery[0m [1;30mLevel 1[0m discover_packages(path) discover
[-1763941523927668736.000s] [34mcolcon.colcon_core.package_discovery[0m [1;30mLevel 1[0m discover_packages(path) using defaults
[-1763941523927668736.000s] [34mcolcon.colcon_core.package_discovery[0m [1;30mLevel 1[0m discover_packages(prefix_path) check parameters
[-1763941523927668736.000s] [34mcolcon.colcon_core.package_discovery[0m [1;30mLevel 1[0m discover_packages(prefix_path) discover
[-1763941523927668736.000s] [34mcolcon.colcon_ros.prefix_path.ament[0m [1;30mWARNING[0m [33mThe path '/home/gabrielmartins/m/envs/ros_env' in the environment variable AMENT_PREFIX_PATH doesn't exist[0m
[-1763941523927668736.000s] [34mcolcon.colcon_ros.prefix_path.catkin[0m [1;30mWARNING[0m [33mThe path '/home/gabrielmartins/m/envs/ros_env' in the environment variable CMAKE_PREFIX_PATH doesn't exist[0m
[-1763941523927668736.000s] [34mcolcon.colcon_ros.prefix_path.catkin[0m [1;30mWARNING[0m [33mThe path '/home/gabrielmartins/m/envs/ros_env/x86_64-conda-linux-gnu/sysroot/usr' in the environment variable CMAKE_PREFIX_PATH doesn't exist[0m
[-1763941523927668736.000s] [34mcolcon.colcon_installed_package_information.package_discovery[0m [1;30mDEBUG[0m [32mFound 4 installed packages in /home/gabrielmartins/Documents/github/ponderada_ros/install[0m
[-1763941523927668736.000s] [34mcolcon.colcon_installed_package_information.package_discovery[0m [1;30mDEBUG[0m [32mFound 301 installed packages in /usr/lib64/ros-jazzy[0m
[-1763941523927668736.000s] [34mcolcon.colcon_core.package_discovery[0m [1;30mLevel 1[0m discover_packages(prefix_path) using defaults
[-1763941523927668736.000s] [34mcolcon.colcon_core.executor[0m [1;30mINFO[0m Executing jobs using 'parallel' executor
[-1763941523927668736.000s] [34mcolcon.colcon_parallel_executor.executor.parallel[0m [1;30mDEBUG[0m [32mrun_until_complete[0m
[-1763941523927668736.000s] [34mcolcon.colcon_parallel_executor.executor.parallel[0m [1;30mDEBUG[0m [32mclosing loop[0m
[-1763941523927668736.000s] [34mcolcon.colcon_parallel_executor.executor.parallel[0m [1;30mDEBUG[0m [32mloop closed[0m
[-1763941523927668736.000s] [34mcolcon.colcon_parallel_executor.executor.parallel[0m [1;30mDEBUG[0m [32mrun_until_complete finished with '0'[0m
[-1763941523927668736.000s] [34mcolcon.colcon_core.event_reactor[0m [1;30mDEBUG[0m [32mjoining thread[0m
[-1763941523927668736.000s] [34mcolcon.colcon_core.plugin_system[0m [1;30mINFO[0m Skipping extension 'colcon_notification.desktop_notification.terminal_notifier': Not used on non-Darwin systems
[-1763941523927668736.000s] [34mcolcon.colcon_core.plugin_system[0m [1;30mINFO[0m Skipping extension 'colcon_notification.desktop_notification.win32': Not used on non-Windows systems
[-1763941523927668736.000s] [34mcolcon.colcon_notification.desktop_notification[0m [1;30mINFO[0m Sending desktop notification using 'notify2'
[-1763941523927668736.000s] [34mcolcon.colcon_core.event_reactor[0m [1;30mDEBUG[0m [32mjoined thread[0m
[-1763941523927668736.000s] [34mcolcon.colcon_core.plugin_system[0m [1;30mINFO[0m Skipping extension 'colcon_core.shell.bat': Not used on non-Windows systems
[-1763941523927668736.000s] [34mcolcon.colcon_core.shell[0m [1;30mINFO[0m Creating prefix script '/home/gabrielmartins/Documents/github/ponderada_ros/cg/cg/install/local_setup.ps1'
[-1763941523927668736.000s] [34mcolcon.colcon_core.shell[0m [1;30mINFO[0m Creating prefix util module '/home/gabrielmartins/Documents/github/ponderada_ros/cg/cg/install/_local_setup_util_ps1.py'
[-1763941523927668736.000s] [34mcolcon.colcon_core.shell[0m [1;30mINFO[0m Creating prefix chain script '/home/gabrielmartins/Documents/github/ponderada_ros/cg/cg/install/setup.ps1'
[-1763941523927668736.000s] [34mcolcon.colcon_core.shell[0m [1;30mINFO[0m Creating prefix script '/home/gabrielmartins/Documents/github/ponderada_ros/cg/cg/install/local_setup.sh'
[-1763941523927668736.000s] [34mcolcon.colcon_core.shell[0m [1;30mINFO[0m Creating prefix util module '/home/gabrielmartins/Documents/github/ponderada_ros/cg/cg/install/_local_setup_util_sh.py'
[-1763941523927668736.000s] [34mcolcon.colcon_core.shell[0m [1;30mINFO[0m Creating prefix chain script '/home/gabrielmartins/Documents/github/ponderada_ros/cg/cg/install/setup.sh'
[-1763941523927668736.000s] [34mcolcon.colcon_core.shell[0m [1;30mINFO[0m Creating prefix script '/home/gabrielmartins/Documents/github/ponderada_ros/cg/cg/install/local_setup.bash'
[-1763941523927668736.000s] [34mcolcon.colcon_core.shell[0m [1;30mINFO[0m Creating prefix chain script '/home/gabrielmartins/Documents/github/ponderada_ros/cg/cg/install/setup.bash'
[-1763941523927668736.000s] [34mcolcon.colcon_core.shell[0m [1;30mINFO[0m Creating prefix script '/home/gabrielmartins/Documents/github/ponderada_ros/cg/cg/install/local_setup.zsh'
[-1763941523927668736.000s] [34mcolcon.colcon_core.shell[0m [1;30mINFO[0m Creating prefix chain script '/home/gabrielmartins/Documents/github/ponderada_ros/cg/cg/install/setup.zsh'
