[0.000000] (-) TimerEvent: {}
[0.000231] (-) JobUnselected: {'identifier': 'cg'}
[0.000427] (-) JobUnselected: {'identifier': 'cg_interfaces'}
[0.000449] (-) JobUnselected: {'identifier': 'cg_teleop'}
[0.000477] (cg_solver) JobQueued: {'identifier': 'cg_solver', 'dependencies': OrderedDict([('cg_interfaces', '/project_ws/install/cg_interfaces')])}
[0.000582] (cg_solver) JobStarted: {'identifier': 'cg_solver'}
[0.007261] (cg_solver) JobProgress: {'identifier': 'cg_solver', 'progress': 'cmake'}
[0.007613] (cg_solver) JobProgress: {'identifier': 'cg_solver', 'progress': 'build'}
[0.008066] (cg_solver) Command: {'cmd': ['/usr/bin/cmake', '--build', '/project_ws/build/cg_solver', '--', '-j8', '-l8'], 'cwd': '/project_ws/build/cg_solver', 'env': OrderedDict([('HOSTNAME', 'fedora'), ('SHLVL', '1'), ('LD_LIBRARY_PATH', '/project_ws/install/cg_interfaces/lib:/opt/ros/humble/lib/x86_64-linux-gnu:/opt/ros/humble/lib'), ('HOME', '/'), ('ROS_PYTHON_VERSION', '3'), ('ROS_LOG_DIR', '/project_ws/log'), ('COLCON_PREFIX_PATH', '/project_ws/install'), ('ROS_DISTRO', 'humble'), ('_', '/usr/bin/colcon'), ('ROS_VERSION', '2'), ('TERM', 'xterm'), ('ROS_LOCALHOST_ONLY', '0'), ('PATH', '/opt/ros/humble/bin:/usr/local/sbin:/usr/local/bin:/usr/sbin:/usr/bin:/sbin:/bin'), ('DISPLAY', ':0'), ('LANG', 'C.UTF-8'), ('XAUTHORITY', '/tmp/.Xauthority'), ('AMENT_PREFIX_PATH', '/project_ws/install/cg_teleop:/project_ws/install/cg_solver:/project_ws/install/cg:/project_ws/install/cg_interfaces:/opt/ros/humble'), ('PWD', '/project_ws/build/cg_solver'), ('LC_ALL', 'C.UTF-8'), ('PYTHONPATH', '/project_ws/install/cg_teleop/lib/python3.10/site-packages:/project_ws/install/cg/lib/python3.10/site-packages:/project_ws/install/cg_interfaces/local/lib/python3.10/dist-packages:/opt/ros/humble/lib/python3.10/site-packages:/opt/ros/humble/local/lib/python3.10/dist-packages'), ('COLCON', '1'), ('CMAKE_PREFIX_PATH', '/project_ws/install/cg_interfaces:/project_ws/install/cg_solver:/project_ws/install/cg_teleop:/project_ws/install/cg:/opt/ros/humble')]), 'shell': False}
[0.035151] (cg_solver) StdoutLine: {'line': b'\x1b[35m\x1b[1mConsolidate compiler generated dependencies of target autonomous_navigator_node\x1b[0m\n'}
[0.047579] (cg_solver) StdoutLine: {'line': b'[100%] Built target autonomous_navigator_node\n'}
[0.054613] (cg_solver) CommandEnded: {'returncode': 0}
[0.054985] (cg_solver) JobProgress: {'identifier': 'cg_solver', 'progress': 'install'}
[0.060429] (cg_solver) Command: {'cmd': ['/usr/bin/cmake', '--install', '/project_ws/build/cg_solver'], 'cwd': '/project_ws/build/cg_solver', 'env': OrderedDict([('HOSTNAME', 'fedora'), ('SHLVL', '1'), ('LD_LIBRARY_PATH', '/project_ws/install/cg_interfaces/lib:/opt/ros/humble/lib/x86_64-linux-gnu:/opt/ros/humble/lib'), ('HOME', '/'), ('ROS_PYTHON_VERSION', '3'), ('ROS_LOG_DIR', '/project_ws/log'), ('COLCON_PREFIX_PATH', '/project_ws/install'), ('ROS_DISTRO', 'humble'), ('_', '/usr/bin/colcon'), ('ROS_VERSION', '2'), ('TERM', 'xterm'), ('ROS_LOCALHOST_ONLY', '0'), ('PATH', '/opt/ros/humble/bin:/usr/local/sbin:/usr/local/bin:/usr/sbin:/usr/bin:/sbin:/bin'), ('DISPLAY', ':0'), ('LANG', 'C.UTF-8'), ('XAUTHORITY', '/tmp/.Xauthority'), ('AMENT_PREFIX_PATH', '/project_ws/install/cg_teleop:/project_ws/install/cg_solver:/project_ws/install/cg:/project_ws/install/cg_interfaces:/opt/ros/humble'), ('PWD', '/project_ws/build/cg_solver'), ('LC_ALL', 'C.UTF-8'), ('PYTHONPATH', '/project_ws/install/cg_teleop/lib/python3.10/site-packages:/project_ws/install/cg/lib/python3.10/site-packages:/project_ws/install/cg_interfaces/local/lib/python3.10/dist-packages:/opt/ros/humble/lib/python3.10/site-packages:/opt/ros/humble/local/lib/python3.10/dist-packages'), ('COLCON', '1'), ('CMAKE_PREFIX_PATH', '/project_ws/install/cg_interfaces:/project_ws/install/cg_solver:/project_ws/install/cg_teleop:/project_ws/install/cg:/opt/ros/humble')]), 'shell': False}
[0.064688] (cg_solver) StdoutLine: {'line': b'-- Install configuration: ""\n'}
[0.064800] (cg_solver) StdoutLine: {'line': b'-- Up-to-date: /project_ws/install/cg_solver/lib/cg_solver/autonomous_navigator_node\n'}
[0.064899] (cg_solver) StdoutLine: {'line': b'-- Up-to-date: /project_ws/install/cg_solver/share/ament_index/resource_index/package_run_dependencies/cg_solver\n'}
[0.064992] (cg_solver) StdoutLine: {'line': b'-- Up-to-date: /project_ws/install/cg_solver/share/ament_index/resource_index/parent_prefix_path/cg_solver\n'}
[0.065086] (cg_solver) StdoutLine: {'line': b'-- Up-to-date: /project_ws/install/cg_solver/share/cg_solver/environment/ament_prefix_path.sh\n'}
[0.065157] (cg_solver) StdoutLine: {'line': b'-- Up-to-date: /project_ws/install/cg_solver/share/cg_solver/environment/ament_prefix_path.dsv\n'}
[0.065253] (cg_solver) StdoutLine: {'line': b'-- Up-to-date: /project_ws/install/cg_solver/share/cg_solver/environment/path.sh\n'}
[0.065334] (cg_solver) StdoutLine: {'line': b'-- Up-to-date: /project_ws/install/cg_solver/share/cg_solver/environment/path.dsv\n'}
[0.065402] (cg_solver) StdoutLine: {'line': b'-- Up-to-date: /project_ws/install/cg_solver/share/cg_solver/local_setup.bash\n'}
[0.065469] (cg_solver) StdoutLine: {'line': b'-- Up-to-date: /project_ws/install/cg_solver/share/cg_solver/local_setup.sh\n'}
[0.065536] (cg_solver) StdoutLine: {'line': b'-- Up-to-date: /project_ws/install/cg_solver/share/cg_solver/local_setup.zsh\n'}
[0.065604] (cg_solver) StdoutLine: {'line': b'-- Up-to-date: /project_ws/install/cg_solver/share/cg_solver/local_setup.dsv\n'}
[0.065673] (cg_solver) StdoutLine: {'line': b'-- Installing: /project_ws/install/cg_solver/share/cg_solver/package.dsv\n'}
[0.065741] (cg_solver) StdoutLine: {'line': b'-- Up-to-date: /project_ws/install/cg_solver/share/ament_index/resource_index/packages/cg_solver\n'}
[0.065809] (cg_solver) StdoutLine: {'line': b'-- Up-to-date: /project_ws/install/cg_solver/share/cg_solver/cmake/cg_solverConfig.cmake\n'}
[0.065934] (cg_solver) StdoutLine: {'line': b'-- Up-to-date: /project_ws/install/cg_solver/share/cg_solver/cmake/cg_solverConfig-version.cmake\n'}
[0.066060] (cg_solver) StdoutLine: {'line': b'-- Up-to-date: /project_ws/install/cg_solver/share/cg_solver/package.xml\n'}
[0.066457] (cg_solver) CommandEnded: {'returncode': 0}
[0.077851] (cg_solver) JobEnded: {'identifier': 'cg_solver', 'rc': 0}
[0.078257] (-) EventReactorShutdown: {}
