-- Found ament_cmake: 2.5.4 (/usr/lib64/ros-jazzy/share/ament_cmake/cmake)
-- Found rclcpp: 28.1.12 (/usr/lib64/ros-jazzy/share/rclcpp/cmake)
-- Found rosidl_generator_c: 4.6.6 (/usr/lib64/ros-jazzy/share/rosidl_generator_c/cmake)
-- Found rosidl_generator_cpp: 4.6.6 (/usr/lib64/ros-jazzy/share/rosidl_generator_cpp/cmake)
-- Using all available rosidl_typesupport_c: rosidl_typesupport_fastrtps_c;rosidl_typesupport_introspection_c
-- Using all available rosidl_typesupport_cpp: rosidl_typesupport_fastrtps_cpp;rosidl_typesupport_introspection_cpp
-- Found rmw_implementation_cmake: 7.3.2 (/usr/lib64/ros-jazzy/share/rmw_implementation_cmake/cmake)
-- Found rmw_fastrtps_cpp: 8.4.3 (/usr/lib64/ros-jazzy/share/rmw_fastrtps_cpp/cmake)
-- Using RMW implementation 'rmw_fastrtps_cpp' as default
-- Found cg_interfaces: 0.0.0 (/home/gabrielmartins/Documents/github/ponderada_ros/install/cg_interfaces/share/cg_interfaces/cmake)
-- Configuring done (0.5s)
-- Generating done (0.0s)
-- Build files have been written to: /home/gabrielmartins/Documents/github/ponderada_ros/cg/build/cg
[100%] Built target cg_autonomous_navigator
-- Install configuration: ""
-- Installing: /home/gabrielmartins/Documents/github/ponderada_ros/cg/install/cg/lib/cg/cg_autonomous_navigator
-- Set non-toolchain portion of runtime path of "/home/gabrielmartins/Documents/github/ponderada_ros/cg/install/cg/lib/cg/cg_autonomous_navigator" to ""
-- Up-to-date: /home/gabrielmartins/Documents/github/ponderada_ros/cg/install/cg/lib/cg/maze.py
-- Up-to-date: /home/gabrielmartins/Documents/github/ponderada_ros/cg/install/cg/share/ament_index/resource_index/package_run_dependencies/cg
-- Installing: /home/gabrielmartins/Documents/github/ponderada_ros/cg/install/cg/share/ament_index/resource_index/parent_prefix_path/cg
-- Up-to-date: /home/gabrielmartins/Documents/github/ponderada_ros/cg/install/cg/share/cg/environment/ament_prefix_path.sh
-- Up-to-date: /home/gabrielmartins/Documents/github/ponderada_ros/cg/install/cg/share/cg/environment/ament_prefix_path.dsv
-- Up-to-date: /home/gabrielmartins/Documents/github/ponderada_ros/cg/install/cg/share/cg/environment/path.sh
-- Up-to-date: /home/gabrielmartins/Documents/github/ponderada_ros/cg/install/cg/share/cg/environment/path.dsv
-- Up-to-date: /home/gabrielmartins/Documents/github/ponderada_ros/cg/install/cg/share/cg/local_setup.bash
-- Up-to-date: /home/gabrielmartins/Documents/github/ponderada_ros/cg/install/cg/share/cg/local_setup.sh
-- Up-to-date: /home/gabrielmartins/Documents/github/ponderada_ros/cg/install/cg/share/cg/local_setup.zsh
-- Up-to-date: /home/gabrielmartins/Documents/github/ponderada_ros/cg/install/cg/share/cg/local_setup.dsv
-- Installing: /home/gabrielmartins/Documents/github/ponderada_ros/cg/install/cg/share/cg/package.dsv
-- Up-to-date: /home/gabrielmartins/Documents/github/ponderada_ros/cg/install/cg/share/ament_index/resource_index/packages/cg
-- Up-to-date: /home/gabrielmartins/Documents/github/ponderada_ros/cg/install/cg/share/cg/cmake/cgConfig.cmake
-- Up-to-date: /home/gabrielmartins/Documents/github/ponderada_ros/cg/install/cg/share/cg/cmake/cgConfig-version.cmake
-- Up-to-date: /home/gabrielmartins/Documents/github/ponderada_ros/cg/install/cg/share/cg/package.xml
-- Installing: /home/gabrielmartins/Documents/github/ponderada_ros/cg/install/cg/share/cg/maps
-- Installing: /home/gabrielmartins/Documents/github/ponderada_ros/cg/install/cg/share/cg/maps/1.csv
-- Installing: /home/gabrielmartins/Documents/github/ponderada_ros/cg/install/cg/share/cg/maps/10.csv
-- Installing: /home/gabrielmartins/Documents/github/ponderada_ros/cg/install/cg/share/cg/maps/2.csv
-- Installing: /home/gabrielmartins/Documents/github/ponderada_ros/cg/install/cg/share/cg/maps/3.csv
-- Installing: /home/gabrielmartins/Documents/github/ponderada_ros/cg/install/cg/share/cg/maps/4.csv
-- Installing: /home/gabrielmartins/Documents/github/ponderada_ros/cg/install/cg/share/cg/maps/5.csv
-- Installing: /home/gabrielmartins/Documents/github/ponderada_ros/cg/install/cg/share/cg/maps/6.csv
-- Installing: /home/gabrielmartins/Documents/github/ponderada_ros/cg/install/cg/share/cg/maps/7.csv
-- Installing: /home/gabrielmartins/Documents/github/ponderada_ros/cg/install/cg/share/cg/maps/8.csv
-- Installing: /home/gabrielmartins/Documents/github/ponderada_ros/cg/install/cg/share/cg/maps/9.csv
-- Installing: /home/gabrielmartins/Documents/github/ponderada_ros/cg/install/cg/share/cg/maps/test.csv
