[0.438s] Invoking command in '/project_ws/src/cg': PYTHONPATH=/project_ws/build/cg/prefix_override:/usr/lib/python3/dist-packages/colcon_core/task/python/colcon_distutils_commands:/project_ws/install/cg/lib/python3.10/site-packages:${PYTHONPATH} /usr/bin/python3 -W ignore:setup.py install is deprecated -W ignore:easy_install command is deprecated setup.py egg_info --egg-base ../../build/cg build --build-base /project_ws/build/cg/build install --record /project_ws/build/cg/install.log --single-version-externally-managed install_data
[0.549s] running egg_info
[0.549s] writing ../../build/cg/cg.egg-info/PKG-INFO
[0.550s] writing dependency_links to ../../build/cg/cg.egg-info/dependency_links.txt
[0.550s] writing entry points to ../../build/cg/cg.egg-info/entry_points.txt
[0.550s] writing requirements to ../../build/cg/cg.egg-info/requires.txt
[0.550s] writing top-level names to ../../build/cg/cg.egg-info/top_level.txt
[0.551s] reading manifest file '../../build/cg/cg.egg-info/SOURCES.txt'
[0.551s] adding license file 'LICENSE'
[0.552s] writing manifest file '../../build/cg/cg.egg-info/SOURCES.txt'
[0.553s] running build
[0.553s] running build_py
[0.553s] running install
[0.553s] running install_lib
[0.554s] running install_data
[0.555s] running install_egg_info
[0.556s] removing '/project_ws/install/cg/lib/python3.10/site-packages/cg-0.0.0-py3.10.egg-info' (and everything under it)
[0.556s] Copying ../../build/cg/cg.egg-info to /project_ws/install/cg/lib/python3.10/site-packages/cg-0.0.0-py3.10.egg-info
[0.557s] running install_scripts
[0.572s] Installing edit script to /project_ws/install/cg/lib/cg
[0.572s] Installing maze script to /project_ws/install/cg/lib/cg
[0.572s] Installing test script to /project_ws/install/cg/lib/cg
[0.572s] writing list of installed files to '/project_ws/build/cg/install.log'
[0.591s] Invoked command in '/project_ws/src/cg' returned '0': PYTHONPATH=/project_ws/build/cg/prefix_override:/usr/lib/python3/dist-packages/colcon_core/task/python/colcon_distutils_commands:/project_ws/install/cg/lib/python3.10/site-packages:${PYTHONPATH} /usr/bin/python3 -W ignore:setup.py install is deprecated -W ignore:easy_install command is deprecated setup.py egg_info --egg-base ../../build/cg build --build-base /project_ws/build/cg/build install --record /project_ws/build/cg/install.log --single-version-externally-managed install_data
