[ 50%] [32mBuilding CXX object CMakeFiles/cg_autonomous_navigator.dir/cg_autonomous_navigator.cpp.o[0m
[100%] [32m[1mLinking CXX executable cg_autonomous_navigator[0m
[100%] Built target cg_autonomous_navigator
-- Install configuration: ""
-- Installing: /home/gabrielmartins/Documents/github/ponderada_ros/install/cg/lib/cg/cg_autonomous_navigator
-- Set non-toolchain portion of runtime path of "/home/gabrielmartins/Documents/github/ponderada_ros/install/cg/lib/cg/cg_autonomous_navigator" to ""
-- Up-to-date: /home/gabrielmartins/Documents/github/ponderada_ros/install/cg/lib/cg/maze.py
-- Up-to-date: /home/gabrielmartins/Documents/github/ponderada_ros/install/cg/lib/cg/maze
-- Up-to-date: /home/gabrielmartins/Documents/github/ponderada_ros/install/cg/lib/python3.13/site-packages/cg
-- Up-to-date: /home/gabrielmartins/Documents/github/ponderada_ros/install/cg/lib/python3.13/site-packages/cg/Editor.py
-- Up-to-date: /home/gabrielmartins/Documents/github/ponderada_ros/install/cg/lib/python3.13/site-packages/cg/Game.py
-- Up-to-date: /home/gabrielmartins/Documents/github/ponderada_ros/install/cg/lib/python3.13/site-packages/cg/Maze.py
-- Up-to-date: /home/gabrielmartins/Documents/github/ponderada_ros/install/cg/lib/python3.13/site-packages/cg/Robot.py
-- Up-to-date: /home/gabrielmartins/Documents/github/ponderada_ros/install/cg/lib/python3.13/site-packages/cg/Utils
-- Up-to-date: /home/gabrielmartins/Documents/github/ponderada_ros/install/cg/lib/python3.13/site-packages/cg/Utils/Csv.py
-- Up-to-date: /home/gabrielmartins/Documents/github/ponderada_ros/install/cg/lib/python3.13/site-packages/cg/Utils/Finders.py
-- Up-to-date: /home/gabrielmartins/Documents/github/ponderada_ros/install/cg/lib/python3.13/site-packages/cg/Utils/Grid.py
-- Up-to-date: /home/gabrielmartins/Documents/github/ponderada_ros/install/cg/lib/python3.13/site-packages/cg/Utils/Screen.py
-- Up-to-date: /home/gabrielmartins/Documents/github/ponderada_ros/install/cg/lib/python3.13/site-packages/cg/Utils/__init__.py
-- Up-to-date: /home/gabrielmartins/Documents/github/ponderada_ros/install/cg/lib/python3.13/site-packages/cg/Utils/__pycache__
-- Up-to-date: /home/gabrielmartins/Documents/github/ponderada_ros/install/cg/lib/python3.13/site-packages/cg/__init__.py
-- Up-to-date: /home/gabrielmartins/Documents/github/ponderada_ros/install/cg/lib/python3.13/site-packages/cg/main.py
-- Up-to-date: /home/gabrielmartins/Documents/github/ponderada_ros/install/cg/lib/python3.13/site-packages/cg/teste.py
-- Up-to-date: /home/gabrielmartins/Documents/github/ponderada_ros/install/cg/lib/python3.13/site-packages/cg/__pycache__
-- Up-to-date: /home/gabrielmartins/Documents/github/ponderada_ros/install/cg/lib/python3.13/site-packages/cg/cg_autonomous_navigator.py
-- Up-to-date: /home/gabrielmartins/Documents/github/ponderada_ros/install/cg/lib/python3.13/site-packages/cg/log
-- Up-to-date: /home/gabrielmartins/Documents/github/ponderada_ros/install/cg/lib/python3.13/site-packages/cg/log/build_2025-11-23_20-45-25
-- Up-to-date: /home/gabrielmartins/Documents/github/ponderada_ros/install/cg/lib/python3.13/site-packages/cg/log/latest_build
-- Up-to-date: /home/gabrielmartins/Documents/github/ponderada_ros/install/cg/lib/python3.13/site-packages/cg/log/latest
-- Up-to-date: /home/gabrielmartins/Documents/github/ponderada_ros/install/cg/lib/python3.13/site-packages/cg/build
-- Up-to-date: /home/gabrielmartins/Documents/github/ponderada_ros/install/cg/lib/python3.13/site-packages/cg/install
-- Up-to-date: /home/gabrielmartins/Documents/github/ponderada_ros/install/cg/lib/python3.13/site-packages/cg/install/_local_setup_util_ps1.py
-- Up-to-date: /home/gabrielmartins/Documents/github/ponderada_ros/install/cg/lib/python3.13/site-packages/cg/install/_local_setup_util_sh.py
-- Up-to-date: /home/gabrielmartins/Documents/github/ponderada_ros/install/cg/share/cg/maps
-- Up-to-date: /home/gabrielmartins/Documents/github/ponderada_ros/install/cg/share/cg/maps/1.csv
-- Up-to-date: /home/gabrielmartins/Documents/github/ponderada_ros/install/cg/share/cg/maps/10.csv
-- Up-to-date: /home/gabrielmartins/Documents/github/ponderada_ros/install/cg/share/cg/maps/2.csv
-- Up-to-date: /home/gabrielmartins/Documents/github/ponderada_ros/install/cg/share/cg/maps/3.csv
-- Up-to-date: /home/gabrielmartins/Documents/github/ponderada_ros/install/cg/share/cg/maps/4.csv
-- Up-to-date: /home/gabrielmartins/Documents/github/ponderada_ros/install/cg/share/cg/maps/5.csv
-- Up-to-date: /home/gabrielmartins/Documents/github/ponderada_ros/install/cg/share/cg/maps/6.csv
-- Up-to-date: /home/gabrielmartins/Documents/github/ponderada_ros/install/cg/share/cg/maps/7.csv
-- Up-to-date: /home/gabrielmartins/Documents/github/ponderada_ros/install/cg/share/cg/maps/8.csv
-- Up-to-date: /home/gabrielmartins/Documents/github/ponderada_ros/install/cg/share/cg/maps/9.csv
-- Up-to-date: /home/gabrielmartins/Documents/github/ponderada_ros/install/cg/share/cg/maps/test.csv
-- Up-to-date: /home/gabrielmartins/Documents/github/ponderada_ros/install/cg/share/cg/lobotomy_kaisen
-- Up-to-date: /home/gabrielmartins/Documents/github/ponderada_ros/install/cg/share/cg/lobotomy_kaisen/brain_damage.jpg
-- Up-to-date: /home/gabrielmartins/Documents/github/ponderada_ros/install/cg/share/cg/lobotomy_kaisen/cinema.jpg
-- Up-to-date: /home/gabrielmartins/Documents/github/ponderada_ros/install/cg/share/cg/lobotomy_kaisen/cook.jpg
-- Up-to-date: /home/gabrielmartins/Documents/github/ponderada_ros/install/cg/share/cg/lobotomy_kaisen/dabura.png
-- Up-to-date: /home/gabrielmartins/Documents/github/ponderada_ros/install/cg/share/cg/lobotomy_kaisen/dies_from_peak.jpg
-- Up-to-date: /home/gabrielmartins/Documents/github/ponderada_ros/install/cg/share/cg/lobotomy_kaisen/fax.jpg
-- Up-to-date: /home/gabrielmartins/Documents/github/ponderada_ros/install/cg/share/cg/lobotomy_kaisen/fax3.jpg
-- Up-to-date: /home/gabrielmartins/Documents/github/ponderada_ros/install/cg/share/cg/lobotomy_kaisen/freddy.jpg
-- Up-to-date: /home/gabrielmartins/Documents/github/ponderada_ros/install/cg/share/cg/lobotomy_kaisen/goatjo.jpg
-- Up-to-date: /home/gabrielmartins/Documents/github/ponderada_ros/install/cg/share/cg/lobotomy_kaisen/idwin.jpg
-- Up-to-date: /home/gabrielmartins/Documents/github/ponderada_ros/install/cg/share/cg/lobotomy_kaisen/megumi.jpg
-- Up-to-date: /home/gabrielmartins/Documents/github/ponderada_ros/install/cg/share/cg/lobotomy_kaisen/mental_damage.jpg
-- Up-to-date: /home/gabrielmartins/Documents/github/ponderada_ros/install/cg/share/cg/lobotomy_kaisen/mou.jpg
-- Up-to-date: /home/gabrielmartins/Documents/github/ponderada_ros/install/cg/share/cg/lobotomy_kaisen/potential_man.jpg
-- Up-to-date: /home/gabrielmartins/Documents/github/ponderada_ros/install/cg/share/cg/lobotomy_kaisen/remembered.jpg
-- Up-to-date: /home/gabrielmartins/Documents/github/ponderada_ros/install/cg/share/cg/lobotomy_kaisen/shibuya.jpeg
-- Up-to-date: /home/gabrielmartins/Documents/github/ponderada_ros/install/cg/share/cg/lobotomy_kaisen/suksuk.jpg
-- Up-to-date: /home/gabrielmartins/Documents/github/ponderada_ros/install/cg/share/cg/lobotomy_kaisen/wuji.jpg
-- Up-to-date: /home/gabrielmartins/Documents/github/ponderada_ros/install/cg/share/ament_index/resource_index/package_run_dependencies/cg
-- Up-to-date: /home/gabrielmartins/Documents/github/ponderada_ros/install/cg/share/ament_index/resource_index/parent_prefix_path/cg
-- Up-to-date: /home/gabrielmartins/Documents/github/ponderada_ros/install/cg/share/cg/environment/ament_prefix_path.sh
-- Up-to-date: /home/gabrielmartins/Documents/github/ponderada_ros/install/cg/share/cg/environment/ament_prefix_path.dsv
-- Up-to-date: /home/gabrielmartins/Documents/github/ponderada_ros/install/cg/share/cg/environment/path.sh
-- Up-to-date: /home/gabrielmartins/Documents/github/ponderada_ros/install/cg/share/cg/environment/path.dsv
-- Up-to-date: /home/gabrielmartins/Documents/github/ponderada_ros/install/cg/share/cg/local_setup.bash
-- Up-to-date: /home/gabrielmartins/Documents/github/ponderada_ros/install/cg/share/cg/local_setup.sh
-- Up-to-date: /home/gabrielmartins/Documents/github/ponderada_ros/install/cg/share/cg/local_setup.zsh
-- Up-to-date: /home/gabrielmartins/Documents/github/ponderada_ros/install/cg/share/cg/local_setup.dsv
-- Installing: /home/gabrielmartins/Documents/github/ponderada_ros/install/cg/share/cg/package.dsv
-- Up-to-date: /home/gabrielmartins/Documents/github/ponderada_ros/install/cg/share/ament_index/resource_index/packages/cg
-- Up-to-date: /home/gabrielmartins/Documents/github/ponderada_ros/install/cg/share/cg/cmake/cgConfig.cmake
-- Up-to-date: /home/gabrielmartins/Documents/github/ponderada_ros/install/cg/share/cg/cmake/cgConfig-version.cmake
-- Up-to-date: /home/gabrielmartins/Documents/github/ponderada_ros/install/cg/share/cg/package.xml
