[0.027s] Invoking command in '/home/gabrielmartins/Documents/github/ponderada_ros/build/cg': CMAKE_PREFIX_PATH=/home/gabrielmartins/Documents/github/ponderada_ros/install/cg_interfaces:/home/gabrielmartins/Documents/github/ponderada_ros/install/cg:/usr/lib64/ros-jazzy/opt/orocos_kdl_vendor:/usr/lib64/ros-jazzy/opt/gz_math_vendor:/usr/lib64/ros-jazzy/opt/gz_utils_vendor:/usr/lib64/ros-jazzy/opt/gz_cmake_vendor:/usr/lib64/ros-jazzy:/home/gabrielmartins/m/envs/ros_env:/home/gabrielmartins/m/envs/ros_env/x86_64-conda-linux-gnu/sysroot/usr:/home/gabrielmartins/Documents/github/ponderada_ros/install/cg_teleop CONDA_PROMPT_MODIFIER=(ros_env) DEBUGINFOD_URLS=https://debuginfod.fedoraproject.org/ PYTHONPATH=/home/gabrielmartins/Documents/github/ponderada_ros/install/cg_interfaces/lib/python3.13/site-packages:/home/gabrielmartins/Documents/github/ponderada_ros/install/my-test-package/lib/python3.13/site-packages:/home/gabrielmartins/Documents/github/ponderada_ros/install/cg_teleop/lib/python3.13/site-packages:/home/gabrielmartins/Documents/github/ponderada_ros/install/cg/lib/python3.13/site-packages:/usr/lib64/ros-jazzy/lib/python3.13/dist-packages:/usr/lib64/ros-jazzy/lib/python3.13/site-packages:/home/gabrielmartins/m/envs/ros_env/lib/python/site-packages:/home/gabrielmartins/m/envs/ros_env/lib/python3.12/site-packages _=/usr/bin/env /usr/bin/cmake --build /home/gabrielmartins/Documents/github/ponderada_ros/build/cg -- -j8 -l8
[0.099s] [ 50%] [32mBuilding CXX object CMakeFiles/cg_autonomous_navigator.dir/cg_autonomous_navigator.cpp.o[0m
[4.964s] [100%] [32m[1mLinking CXX executable cg_autonomous_navigator[0m
[5.054s] [100%] Built target cg_autonomous_navigator
[5.062s] Invoked command in '/home/gabrielmartins/Documents/github/ponderada_ros/build/cg' returned '0': CMAKE_PREFIX_PATH=/home/gabrielmartins/Documents/github/ponderada_ros/install/cg_interfaces:/home/gabrielmartins/Documents/github/ponderada_ros/install/cg:/usr/lib64/ros-jazzy/opt/orocos_kdl_vendor:/usr/lib64/ros-jazzy/opt/gz_math_vendor:/usr/lib64/ros-jazzy/opt/gz_utils_vendor:/usr/lib64/ros-jazzy/opt/gz_cmake_vendor:/usr/lib64/ros-jazzy:/home/gabrielmartins/m/envs/ros_env:/home/gabrielmartins/m/envs/ros_env/x86_64-conda-linux-gnu/sysroot/usr:/home/gabrielmartins/Documents/github/ponderada_ros/install/cg_teleop CONDA_PROMPT_MODIFIER=(ros_env) DEBUGINFOD_URLS=https://debuginfod.fedoraproject.org/ PYTHONPATH=/home/gabrielmartins/Documents/github/ponderada_ros/install/cg_interfaces/lib/python3.13/site-packages:/home/gabrielmartins/Documents/github/ponderada_ros/install/my-test-package/lib/python3.13/site-packages:/home/gabrielmartins/Documents/github/ponderada_ros/install/cg_teleop/lib/python3.13/site-packages:/home/gabrielmartins/Documents/github/ponderada_ros/install/cg/lib/python3.13/site-packages:/usr/lib64/ros-jazzy/lib/python3.13/dist-packages:/usr/lib64/ros-jazzy/lib/python3.13/site-packages:/home/gabrielmartins/m/envs/ros_env/lib/python/site-packages:/home/gabrielmartins/m/envs/ros_env/lib/python3.12/site-packages _=/usr/bin/env /usr/bin/cmake --build /home/gabrielmartins/Documents/github/ponderada_ros/build/cg -- -j8 -l8
[5.064s] Invoking command in '/home/gabrielmartins/Documents/github/ponderada_ros/build/cg': CMAKE_PREFIX_PATH=/home/gabrielmartins/Documents/github/ponderada_ros/install/cg_interfaces:/home/gabrielmartins/Documents/github/ponderada_ros/install/cg:/usr/lib64/ros-jazzy/opt/orocos_kdl_vendor:/usr/lib64/ros-jazzy/opt/gz_math_vendor:/usr/lib64/ros-jazzy/opt/gz_utils_vendor:/usr/lib64/ros-jazzy/opt/gz_cmake_vendor:/usr/lib64/ros-jazzy:/home/gabrielmartins/m/envs/ros_env:/home/gabrielmartins/m/envs/ros_env/x86_64-conda-linux-gnu/sysroot/usr:/home/gabrielmartins/Documents/github/ponderada_ros/install/cg_teleop CONDA_PROMPT_MODIFIER=(ros_env) DEBUGINFOD_URLS=https://debuginfod.fedoraproject.org/ PYTHONPATH=/home/gabrielmartins/Documents/github/ponderada_ros/install/cg_interfaces/lib/python3.13/site-packages:/home/gabrielmartins/Documents/github/ponderada_ros/install/my-test-package/lib/python3.13/site-packages:/home/gabrielmartins/Documents/github/ponderada_ros/install/cg_teleop/lib/python3.13/site-packages:/home/gabrielmartins/Documents/github/ponderada_ros/install/cg/lib/python3.13/site-packages:/usr/lib64/ros-jazzy/lib/python3.13/dist-packages:/usr/lib64/ros-jazzy/lib/python3.13/site-packages:/home/gabrielmartins/m/envs/ros_env/lib/python/site-packages:/home/gabrielmartins/m/envs/ros_env/lib/python3.12/site-packages _=/usr/bin/env /usr/bin/cmake --install /home/gabrielmartins/Documents/github/ponderada_ros/build/cg
[5.070s] -- Install configuration: ""
[5.070s] -- Installing: /home/gabrielmartins/Documents/github/ponderada_ros/install/cg/lib/cg/cg_autonomous_navigator
[5.072s] -- Set non-toolchain portion of runtime path of "/home/gabrielmartins/Documents/github/ponderada_ros/install/cg/lib/cg/cg_autonomous_navigator" to ""
[5.072s] -- Up-to-date: /home/gabrielmartins/Documents/github/ponderada_ros/install/cg/lib/cg/maze.py
[5.072s] -- Up-to-date: /home/gabrielmartins/Documents/github/ponderada_ros/install/cg/lib/cg/maze
[5.072s] -- Up-to-date: /home/gabrielmartins/Documents/github/ponderada_ros/install/cg/lib/python3.13/site-packages/cg
[5.072s] -- Up-to-date: /home/gabrielmartins/Documents/github/ponderada_ros/install/cg/lib/python3.13/site-packages/cg/Editor.py
[5.073s] -- Up-to-date: /home/gabrielmartins/Documents/github/ponderada_ros/install/cg/lib/python3.13/site-packages/cg/Game.py
[5.073s] -- Up-to-date: /home/gabrielmartins/Documents/github/ponderada_ros/install/cg/lib/python3.13/site-packages/cg/Maze.py
[5.073s] -- Up-to-date: /home/gabrielmartins/Documents/github/ponderada_ros/install/cg/lib/python3.13/site-packages/cg/Robot.py
[5.073s] -- Up-to-date: /home/gabrielmartins/Documents/github/ponderada_ros/install/cg/lib/python3.13/site-packages/cg/Utils
[5.073s] -- Up-to-date: /home/gabrielmartins/Documents/github/ponderada_ros/install/cg/lib/python3.13/site-packages/cg/Utils/Csv.py
[5.073s] -- Up-to-date: /home/gabrielmartins/Documents/github/ponderada_ros/install/cg/lib/python3.13/site-packages/cg/Utils/Finders.py
[5.073s] -- Up-to-date: /home/gabrielmartins/Documents/github/ponderada_ros/install/cg/lib/python3.13/site-packages/cg/Utils/Grid.py
[5.073s] -- Up-to-date: /home/gabrielmartins/Documents/github/ponderada_ros/install/cg/lib/python3.13/site-packages/cg/Utils/Screen.py
[5.074s] -- Up-to-date: /home/gabrielmartins/Documents/github/ponderada_ros/install/cg/lib/python3.13/site-packages/cg/Utils/__init__.py
[5.074s] -- Up-to-date: /home/gabrielmartins/Documents/github/ponderada_ros/install/cg/lib/python3.13/site-packages/cg/Utils/__pycache__
[5.074s] -- Up-to-date: /home/gabrielmartins/Documents/github/ponderada_ros/install/cg/lib/python3.13/site-packages/cg/__init__.py
[5.074s] -- Up-to-date: /home/gabrielmartins/Documents/github/ponderada_ros/install/cg/lib/python3.13/site-packages/cg/main.py
[5.074s] -- Up-to-date: /home/gabrielmartins/Documents/github/ponderada_ros/install/cg/lib/python3.13/site-packages/cg/teste.py
[5.074s] -- Up-to-date: /home/gabrielmartins/Documents/github/ponderada_ros/install/cg/lib/python3.13/site-packages/cg/__pycache__
[5.074s] -- Up-to-date: /home/gabrielmartins/Documents/github/ponderada_ros/install/cg/lib/python3.13/site-packages/cg/cg_autonomous_navigator.py
[5.074s] -- Up-to-date: /home/gabrielmartins/Documents/github/ponderada_ros/install/cg/lib/python3.13/site-packages/cg/log
[5.074s] -- Up-to-date: /home/gabrielmartins/Documents/github/ponderada_ros/install/cg/lib/python3.13/site-packages/cg/log/build_2025-11-23_20-45-25
[5.074s] -- Up-to-date: /home/gabrielmartins/Documents/github/ponderada_ros/install/cg/lib/python3.13/site-packages/cg/log/latest_build
[5.074s] -- Up-to-date: /home/gabrielmartins/Documents/github/ponderada_ros/install/cg/lib/python3.13/site-packages/cg/log/latest
[5.074s] -- Up-to-date: /home/gabrielmartins/Documents/github/ponderada_ros/install/cg/lib/python3.13/site-packages/cg/build
[5.074s] -- Up-to-date: /home/gabrielmartins/Documents/github/ponderada_ros/install/cg/lib/python3.13/site-packages/cg/install
[5.075s] -- Up-to-date: /home/gabrielmartins/Documents/github/ponderada_ros/install/cg/lib/python3.13/site-packages/cg/install/_local_setup_util_ps1.py
[5.075s] -- Up-to-date: /home/gabrielmartins/Documents/github/ponderada_ros/install/cg/lib/python3.13/site-packages/cg/install/_local_setup_util_sh.py
[5.075s] -- Up-to-date: /home/gabrielmartins/Documents/github/ponderada_ros/install/cg/share/cg/maps
[5.075s] -- Up-to-date: /home/gabrielmartins/Documents/github/ponderada_ros/install/cg/share/cg/maps/1.csv
[5.075s] -- Up-to-date: /home/gabrielmartins/Documents/github/ponderada_ros/install/cg/share/cg/maps/10.csv
[5.075s] -- Up-to-date: /home/gabrielmartins/Documents/github/ponderada_ros/install/cg/share/cg/maps/2.csv
[5.075s] -- Up-to-date: /home/gabrielmartins/Documents/github/ponderada_ros/install/cg/share/cg/maps/3.csv
[5.075s] -- Up-to-date: /home/gabrielmartins/Documents/github/ponderada_ros/install/cg/share/cg/maps/4.csv
[5.075s] -- Up-to-date: /home/gabrielmartins/Documents/github/ponderada_ros/install/cg/share/cg/maps/5.csv
[5.075s] -- Up-to-date: /home/gabrielmartins/Documents/github/ponderada_ros/install/cg/share/cg/maps/6.csv
[5.075s] -- Up-to-date: /home/gabrielmartins/Documents/github/ponderada_ros/install/cg/share/cg/maps/7.csv
[5.075s] -- Up-to-date: /home/gabrielmartins/Documents/github/ponderada_ros/install/cg/share/cg/maps/8.csv
[5.075s] -- Up-to-date: /home/gabrielmartins/Documents/github/ponderada_ros/install/cg/share/cg/maps/9.csv
[5.075s] -- Up-to-date: /home/gabrielmartins/Documents/github/ponderada_ros/install/cg/share/cg/maps/test.csv
[5.076s] -- Up-to-date: /home/gabrielmartins/Documents/github/ponderada_ros/install/cg/share/cg/lobotomy_kaisen
[5.076s] -- Up-to-date: /home/gabrielmartins/Documents/github/ponderada_ros/install/cg/share/cg/lobotomy_kaisen/brain_damage.jpg
[5.076s] -- Up-to-date: /home/gabrielmartins/Documents/github/ponderada_ros/install/cg/share/cg/lobotomy_kaisen/cinema.jpg
[5.076s] -- Up-to-date: /home/gabrielmartins/Documents/github/ponderada_ros/install/cg/share/cg/lobotomy_kaisen/cook.jpg
[5.076s] -- Up-to-date: /home/gabrielmartins/Documents/github/ponderada_ros/install/cg/share/cg/lobotomy_kaisen/dabura.png
[5.076s] -- Up-to-date: /home/gabrielmartins/Documents/github/ponderada_ros/install/cg/share/cg/lobotomy_kaisen/dies_from_peak.jpg
[5.076s] -- Up-to-date: /home/gabrielmartins/Documents/github/ponderada_ros/install/cg/share/cg/lobotomy_kaisen/fax.jpg
[5.077s] -- Up-to-date: /home/gabrielmartins/Documents/github/ponderada_ros/install/cg/share/cg/lobotomy_kaisen/fax3.jpg
[5.077s] -- Up-to-date: /home/gabrielmartins/Documents/github/ponderada_ros/install/cg/share/cg/lobotomy_kaisen/freddy.jpg
[5.078s] -- Up-to-date: /home/gabrielmartins/Documents/github/ponderada_ros/install/cg/share/cg/lobotomy_kaisen/goatjo.jpg
[5.078s] -- Up-to-date: /home/gabrielmartins/Documents/github/ponderada_ros/install/cg/share/cg/lobotomy_kaisen/idwin.jpg
[5.078s] -- Up-to-date: /home/gabrielmartins/Documents/github/ponderada_ros/install/cg/share/cg/lobotomy_kaisen/megumi.jpg
[5.078s] -- Up-to-date: /home/gabrielmartins/Documents/github/ponderada_ros/install/cg/share/cg/lobotomy_kaisen/mental_damage.jpg
[5.078s] -- Up-to-date: /home/gabrielmartins/Documents/github/ponderada_ros/install/cg/share/cg/lobotomy_kaisen/mou.jpg
[5.078s] -- Up-to-date: /home/gabrielmartins/Documents/github/ponderada_ros/install/cg/share/cg/lobotomy_kaisen/potential_man.jpg
[5.078s] -- Up-to-date: /home/gabrielmartins/Documents/github/ponderada_ros/install/cg/share/cg/lobotomy_kaisen/remembered.jpg
[5.079s] -- Up-to-date: /home/gabrielmartins/Documents/github/ponderada_ros/install/cg/share/cg/lobotomy_kaisen/shibuya.jpeg
[5.079s] -- Up-to-date: /home/gabrielmartins/Documents/github/ponderada_ros/install/cg/share/cg/lobotomy_kaisen/suksuk.jpg
[5.079s] -- Up-to-date: /home/gabrielmartins/Documents/github/ponderada_ros/install/cg/share/cg/lobotomy_kaisen/wuji.jpg
[5.079s] -- Up-to-date: /home/gabrielmartins/Documents/github/ponderada_ros/install/cg/share/ament_index/resource_index/package_run_dependencies/cg
[5.079s] -- Up-to-date: /home/gabrielmartins/Documents/github/ponderada_ros/install/cg/share/ament_index/resource_index/parent_prefix_path/cg
[5.079s] -- Up-to-date: /home/gabrielmartins/Documents/github/ponderada_ros/install/cg/share/cg/environment/ament_prefix_path.sh
[5.079s] -- Up-to-date: /home/gabrielmartins/Documents/github/ponderada_ros/install/cg/share/cg/environment/ament_prefix_path.dsv
[5.079s] -- Up-to-date: /home/gabrielmartins/Documents/github/ponderada_ros/install/cg/share/cg/environment/path.sh
[5.079s] -- Up-to-date: /home/gabrielmartins/Documents/github/ponderada_ros/install/cg/share/cg/environment/path.dsv
[5.079s] -- Up-to-date: /home/gabrielmartins/Documents/github/ponderada_ros/install/cg/share/cg/local_setup.bash
[5.080s] -- Up-to-date: /home/gabrielmartins/Documents/github/ponderada_ros/install/cg/share/cg/local_setup.sh
[5.080s] -- Up-to-date: /home/gabrielmartins/Documents/github/ponderada_ros/install/cg/share/cg/local_setup.zsh
[5.080s] -- Up-to-date: /home/gabrielmartins/Documents/github/ponderada_ros/install/cg/share/cg/local_setup.dsv
[5.080s] -- Installing: /home/gabrielmartins/Documents/github/ponderada_ros/install/cg/share/cg/package.dsv
[5.080s] -- Up-to-date: /home/gabrielmartins/Documents/github/ponderada_ros/install/cg/share/ament_index/resource_index/packages/cg
[5.080s] -- Up-to-date: /home/gabrielmartins/Documents/github/ponderada_ros/install/cg/share/cg/cmake/cgConfig.cmake
[5.080s] -- Up-to-date: /home/gabrielmartins/Documents/github/ponderada_ros/install/cg/share/cg/cmake/cgConfig-version.cmake
[5.080s] -- Up-to-date: /home/gabrielmartins/Documents/github/ponderada_ros/install/cg/share/cg/package.xml
[5.080s] Invoked command in '/home/gabrielmartins/Documents/github/ponderada_ros/build/cg' returned '0': CMAKE_PREFIX_PATH=/home/gabrielmartins/Documents/github/ponderada_ros/install/cg_interfaces:/home/gabrielmartins/Documents/github/ponderada_ros/install/cg:/usr/lib64/ros-jazzy/opt/orocos_kdl_vendor:/usr/lib64/ros-jazzy/opt/gz_math_vendor:/usr/lib64/ros-jazzy/opt/gz_utils_vendor:/usr/lib64/ros-jazzy/opt/gz_cmake_vendor:/usr/lib64/ros-jazzy:/home/gabrielmartins/m/envs/ros_env:/home/gabrielmartins/m/envs/ros_env/x86_64-conda-linux-gnu/sysroot/usr:/home/gabrielmartins/Documents/github/ponderada_ros/install/cg_teleop CONDA_PROMPT_MODIFIER=(ros_env) DEBUGINFOD_URLS=https://debuginfod.fedoraproject.org/ PYTHONPATH=/home/gabrielmartins/Documents/github/ponderada_ros/install/cg_interfaces/lib/python3.13/site-packages:/home/gabrielmartins/Documents/github/ponderada_ros/install/my-test-package/lib/python3.13/site-packages:/home/gabrielmartins/Documents/github/ponderada_ros/install/cg_teleop/lib/python3.13/site-packages:/home/gabrielmartins/Documents/github/ponderada_ros/install/cg/lib/python3.13/site-packages:/usr/lib64/ros-jazzy/lib/python3.13/dist-packages:/usr/lib64/ros-jazzy/lib/python3.13/site-packages:/home/gabrielmartins/m/envs/ros_env/lib/python/site-packages:/home/gabrielmartins/m/envs/ros_env/lib/python3.12/site-packages _=/usr/bin/env /usr/bin/cmake --install /home/gabrielmartins/Documents/github/ponderada_ros/build/cg
