[0.013s] Invoking command in '/project_ws/build/cg_solver': CMAKE_PREFIX_PATH=/project_ws/install/cg_interfaces:/project_ws/install/cg_solver:/project_ws/install/cg_teleop:/project_ws/install/cg:/opt/ros/humble /usr/bin/cmake --build /project_ws/build/cg_solver -- -j8 -l8
[0.050s] [35m[1mConsolidate compiler generated dependencies of target autonomous_navigator_node[0m
[0.068s] [100%] Built target autonomous_navigator_node
[0.078s] Invoked command in '/project_ws/build/cg_solver' returned '0': CMAKE_PREFIX_PATH=/project_ws/install/cg_interfaces:/project_ws/install/cg_solver:/project_ws/install/cg_teleop:/project_ws/install/cg:/opt/ros/humble /usr/bin/cmake --build /project_ws/build/cg_solver -- -j8 -l8
[0.087s] Invoking command in '/project_ws/build/cg_solver': CMAKE_PREFIX_PATH=/project_ws/install/cg_interfaces:/project_ws/install/cg_solver:/project_ws/install/cg_teleop:/project_ws/install/cg:/opt/ros/humble /usr/bin/cmake --install /project_ws/build/cg_solver
[0.094s] -- Install configuration: ""
[0.094s] -- Up-to-date: /project_ws/install/cg_solver/lib/cg_solver/autonomous_navigator_node
[0.094s] -- Up-to-date: /project_ws/install/cg_solver/share/ament_index/resource_index/package_run_dependencies/cg_solver
[0.094s] -- Up-to-date: /project_ws/install/cg_solver/share/ament_index/resource_index/parent_prefix_path/cg_solver
[0.094s] -- Up-to-date: /project_ws/install/cg_solver/share/cg_solver/environment/ament_prefix_path.sh
[0.094s] -- Up-to-date: /project_ws/install/cg_solver/share/cg_solver/environment/ament_prefix_path.dsv
[0.094s] -- Up-to-date: /project_ws/install/cg_solver/share/cg_solver/environment/path.sh
[0.095s] -- Up-to-date: /project_ws/install/cg_solver/share/cg_solver/environment/path.dsv
[0.095s] -- Up-to-date: /project_ws/install/cg_solver/share/cg_solver/local_setup.bash
[0.095s] -- Up-to-date: /project_ws/install/cg_solver/share/cg_solver/local_setup.sh
[0.095s] -- Up-to-date: /project_ws/install/cg_solver/share/cg_solver/local_setup.zsh
[0.095s] -- Up-to-date: /project_ws/install/cg_solver/share/cg_solver/local_setup.dsv
[0.095s] -- Installing: /project_ws/install/cg_solver/share/cg_solver/package.dsv
[0.095s] -- Up-to-date: /project_ws/install/cg_solver/share/ament_index/resource_index/packages/cg_solver
[0.095s] -- Up-to-date: /project_ws/install/cg_solver/share/cg_solver/cmake/cg_solverConfig.cmake
[0.096s] -- Up-to-date: /project_ws/install/cg_solver/share/cg_solver/cmake/cg_solverConfig-version.cmake
[0.096s] -- Up-to-date: /project_ws/install/cg_solver/share/cg_solver/package.xml
[0.096s] Invoked command in '/project_ws/build/cg_solver' returned '0': CMAKE_PREFIX_PATH=/project_ws/install/cg_interfaces:/project_ws/install/cg_solver:/project_ws/install/cg_teleop:/project_ws/install/cg:/opt/ros/humble /usr/bin/cmake --install /project_ws/build/cg_solver
