[0.000000] (-) TimerEvent: {}
[0.000376] (cg_interfaces) JobQueued: {'identifier': 'cg_interfaces', 'dependencies': OrderedDict()}
[0.000520] (cg) JobQueued: {'identifier': 'cg', 'dependencies': OrderedDict([('cg_interfaces', '/project_ws/install/cg_interfaces')])}
[0.000709] (cg_solver) JobQueued: {'identifier': 'cg_solver', 'dependencies': OrderedDict([('cg_interfaces', '/project_ws/install/cg_interfaces')])}
[0.000798] (cg_teleop) JobQueued: {'identifier': 'cg_teleop', 'dependencies': OrderedDict([('cg_interfaces', '/project_ws/install/cg_interfaces')])}
[0.000951] (cg_interfaces) JobStarted: {'identifier': 'cg_interfaces'}
[0.007967] (cg_interfaces) JobProgress: {'identifier': 'cg_interfaces', 'progress': 'cmake'}
[0.008418] (cg_interfaces) JobProgress: {'identifier': 'cg_interfaces', 'progress': 'build'}
[0.009092] (cg_interfaces) Command: {'cmd': ['/usr/bin/cmake', '--build', '/project_ws/build/cg_interfaces', '--', '-j8', '-l8'], 'cwd': '/project_ws/build/cg_interfaces', 'env': OrderedDict([('HOSTNAME', 'fedora'), ('SHLVL', '1'), ('LD_LIBRARY_PATH', '/project_ws/install/cg_interfaces/lib:/opt/ros/humble/lib/x86_64-linux-gnu:/opt/ros/humble/lib'), ('HOME', '/'), ('ROS_PYTHON_VERSION', '3'), ('ROS_LOG_DIR', '/project_ws/log'), ('COLCON_PREFIX_PATH', '/project_ws/install'), ('ROS_DISTRO', 'humble'), ('_', '/usr/bin/colcon'), ('ROS_VERSION', '2'), ('TERM', 'xterm'), ('ROS_LOCALHOST_ONLY', '0'), ('PATH', '/opt/ros/humble/bin:/usr/local/sbin:/usr/local/bin:/usr/sbin:/usr/bin:/sbin:/bin'), ('DISPLAY', ':0'), ('LANG', 'C.UTF-8'), ('XAUTHORITY', '/tmp/.Xauthority'), ('AMENT_PREFIX_PATH', '/project_ws/install/cg_teleop:/project_ws/install/cg_solver:/project_ws/install/cg:/project_ws/install/cg_interfaces:/opt/ros/humble'), ('PWD', '/project_ws/build/cg_interfaces'), ('LC_ALL', 'C.UTF-8'), ('PYTHONPATH', '/project_ws/install/cg_teleop/lib/python3.10/site-packages:/project_ws/install/cg/lib/python3.10/site-packages:/project_ws/install/cg_interfaces/local/lib/python3.10/dist-packages:/opt/ros/humble/lib/python3.10/site-packages:/opt/ros/humble/local/lib/python3.10/dist-packages'), ('COLCON', '1'), ('CMAKE_PREFIX_PATH', '/project_ws/install/cg_solver:/project_ws/install/cg_interfaces:/project_ws/install/cg_teleop:/project_ws/install/cg:/opt/ros/humble')]), 'shell': False}
[0.063820] (cg_interfaces) StdoutLine: {'line': b'[  1%] Built target cg_interfaces__cpp\n'}
[0.065042] (cg_interfaces) StdoutLine: {'line': b'[ 12%] Built target cg_interfaces__rosidl_generator_c\n'}
[0.079506] (cg_interfaces) StdoutLine: {'line': b'[ 12%] Built target ament_cmake_python_copy_cg_interfaces\n'}
[0.099818] (-) TimerEvent: {}
[0.101220] (cg_interfaces) StdoutLine: {'line': b'[ 23%] Built target cg_interfaces__rosidl_typesupport_fastrtps_cpp\n'}
[0.101444] (cg_interfaces) StdoutLine: {'line': b'[ 34%] Built target cg_interfaces__rosidl_typesupport_introspection_c\n'}
[0.102494] (cg_interfaces) StdoutLine: {'line': b'[ 45%] Built target cg_interfaces__rosidl_typesupport_cpp\n'}
[0.102647] (cg_interfaces) StdoutLine: {'line': b'[ 56%] Built target cg_interfaces__rosidl_typesupport_introspection_cpp\n'}
[0.103007] (cg_interfaces) StdoutLine: {'line': b'[ 76%] Built target cg_interfaces__rosidl_typesupport_c\n'}
[0.103117] (cg_interfaces) StdoutLine: {'line': b'[ 78%] Built target cg_interfaces__rosidl_typesupport_fastrtps_c\n'}
[0.120160] (cg_interfaces) StdoutLine: {'line': b'[ 78%] Built target cg_interfaces\n'}
[0.136883] (cg_interfaces) StdoutLine: {'line': b'[ 80%] Built target cg_interfaces__py\n'}
[0.155971] (cg_interfaces) StdoutLine: {'line': b'[ 89%] Built target cg_interfaces__rosidl_generator_py\n'}
[0.173898] (cg_interfaces) StdoutLine: {'line': b'[100%] Built target cg_interfaces__rosidl_typesupport_fastrtps_c__pyext\n'}
[0.174115] (cg_interfaces) StdoutLine: {'line': b'[100%] Built target cg_interfaces__rosidl_typesupport_c__pyext\n'}
[0.174210] (cg_interfaces) StdoutLine: {'line': b'[100%] Built target cg_interfaces__rosidl_typesupport_introspection_c__pyext\n'}
[0.199921] (-) TimerEvent: {}
[0.255527] (cg_interfaces) StdoutLine: {'line': b'running egg_info\n'}
[0.256004] (cg_interfaces) StdoutLine: {'line': b'writing cg_interfaces.egg-info/PKG-INFO\n'}
[0.256184] (cg_interfaces) StdoutLine: {'line': b'writing dependency_links to cg_interfaces.egg-info/dependency_links.txt\n'}
[0.256330] (cg_interfaces) StdoutLine: {'line': b'writing top-level names to cg_interfaces.egg-info/top_level.txt\n'}
[0.258063] (cg_interfaces) StdoutLine: {'line': b"reading manifest file 'cg_interfaces.egg-info/SOURCES.txt'\n"}
[0.258570] (cg_interfaces) StdoutLine: {'line': b"writing manifest file 'cg_interfaces.egg-info/SOURCES.txt'\n"}
[0.279971] (cg_interfaces) StdoutLine: {'line': b'[100%] Built target ament_cmake_python_build_cg_interfaces_egg\n'}
[0.289745] (cg_interfaces) CommandEnded: {'returncode': 0}
[0.290312] (cg_interfaces) JobProgress: {'identifier': 'cg_interfaces', 'progress': 'install'}
[0.297276] (cg_interfaces) Command: {'cmd': ['/usr/bin/cmake', '--install', '/project_ws/build/cg_interfaces'], 'cwd': '/project_ws/build/cg_interfaces', 'env': OrderedDict([('HOSTNAME', 'fedora'), ('SHLVL', '1'), ('LD_LIBRARY_PATH', '/project_ws/install/cg_interfaces/lib:/opt/ros/humble/lib/x86_64-linux-gnu:/opt/ros/humble/lib'), ('HOME', '/'), ('ROS_PYTHON_VERSION', '3'), ('ROS_LOG_DIR', '/project_ws/log'), ('COLCON_PREFIX_PATH', '/project_ws/install'), ('ROS_DISTRO', 'humble'), ('_', '/usr/bin/colcon'), ('ROS_VERSION', '2'), ('TERM', 'xterm'), ('ROS_LOCALHOST_ONLY', '0'), ('PATH', '/opt/ros/humble/bin:/usr/local/sbin:/usr/local/bin:/usr/sbin:/usr/bin:/sbin:/bin'), ('DISPLAY', ':0'), ('LANG', 'C.UTF-8'), ('XAUTHORITY', '/tmp/.Xauthority'), ('AMENT_PREFIX_PATH', '/project_ws/install/cg_teleop:/project_ws/install/cg_solver:/project_ws/install/cg:/project_ws/install/cg_interfaces:/opt/ros/humble'), ('PWD', '/project_ws/build/cg_interfaces'), ('LC_ALL', 'C.UTF-8'), ('PYTHONPATH', '/project_ws/install/cg_teleop/lib/python3.10/site-packages:/project_ws/install/cg/lib/python3.10/site-packages:/project_ws/install/cg_interfaces/local/lib/python3.10/dist-packages:/opt/ros/humble/lib/python3.10/site-packages:/opt/ros/humble/local/lib/python3.10/dist-packages'), ('COLCON', '1'), ('CMAKE_PREFIX_PATH', '/project_ws/install/cg_solver:/project_ws/install/cg_interfaces:/project_ws/install/cg_teleop:/project_ws/install/cg:/opt/ros/humble')]), 'shell': False}
[0.300000] (-) TimerEvent: {}
[0.304126] (cg_interfaces) StdoutLine: {'line': b'-- Install configuration: ""\n'}
[0.304346] (cg_interfaces) StdoutLine: {'line': b'-- Up-to-date: /project_ws/install/cg_interfaces/share/ament_index/resource_index/rosidl_interfaces/cg_interfaces\n'}
[0.304542] (cg_interfaces) StdoutLine: {'line': b'-- Up-to-date: /project_ws/install/cg_interfaces/include/cg_interfaces/cg_interfaces\n'}
[0.304658] (cg_interfaces) StdoutLine: {'line': b'-- Up-to-date: /project_ws/install/cg_interfaces/include/cg_interfaces/cg_interfaces/msg\n'}
[0.304730] (cg_interfaces) StdoutLine: {'line': b'-- Up-to-date: /project_ws/install/cg_interfaces/include/cg_interfaces/cg_interfaces/msg/rosidl_generator_c__visibility_control.h\n'}
[0.304790] (cg_interfaces) StdoutLine: {'line': b'-- Up-to-date: /project_ws/install/cg_interfaces/include/cg_interfaces/cg_interfaces/msg/robot_sensors.h\n'}
[0.304854] (cg_interfaces) StdoutLine: {'line': b'-- Up-to-date: /project_ws/install/cg_interfaces/include/cg_interfaces/cg_interfaces/msg/detail\n'}
[0.304914] (cg_interfaces) StdoutLine: {'line': b'-- Up-to-date: /project_ws/install/cg_interfaces/include/cg_interfaces/cg_interfaces/msg/detail/robot_sensors__functions.c\n'}
[0.305063] (cg_interfaces) StdoutLine: {'line': b'-- Up-to-date: /project_ws/install/cg_interfaces/include/cg_interfaces/cg_interfaces/msg/detail/robot_sensors__functions.h\n'}
[0.305157] (cg_interfaces) StdoutLine: {'line': b'-- Up-to-date: /project_ws/install/cg_interfaces/include/cg_interfaces/cg_interfaces/msg/detail/robot_sensors__struct.h\n'}
[0.305213] (cg_interfaces) StdoutLine: {'line': b'-- Up-to-date: /project_ws/install/cg_interfaces/include/cg_interfaces/cg_interfaces/msg/detail/robot_sensors__type_support.h\n'}
[0.305269] (cg_interfaces) StdoutLine: {'line': b'-- Up-to-date: /project_ws/install/cg_interfaces/include/cg_interfaces/cg_interfaces/srv\n'}
[0.305346] (cg_interfaces) StdoutLine: {'line': b'-- Up-to-date: /project_ws/install/cg_interfaces/include/cg_interfaces/cg_interfaces/srv/move_cmd.h\n'}
[0.305470] (cg_interfaces) StdoutLine: {'line': b'-- Up-to-date: /project_ws/install/cg_interfaces/include/cg_interfaces/cg_interfaces/srv/detail\n'}
[0.305602] (cg_interfaces) StdoutLine: {'line': b'-- Up-to-date: /project_ws/install/cg_interfaces/include/cg_interfaces/cg_interfaces/srv/detail/move_cmd__functions.c\n'}
[0.305659] (cg_interfaces) StdoutLine: {'line': b'-- Up-to-date: /project_ws/install/cg_interfaces/include/cg_interfaces/cg_interfaces/srv/detail/move_cmd__functions.h\n'}
[0.305715] (cg_interfaces) StdoutLine: {'line': b'-- Up-to-date: /project_ws/install/cg_interfaces/include/cg_interfaces/cg_interfaces/srv/detail/move_cmd__struct.h\n'}
[0.305771] (cg_interfaces) StdoutLine: {'line': b'-- Up-to-date: /project_ws/install/cg_interfaces/include/cg_interfaces/cg_interfaces/srv/detail/move_cmd__type_support.h\n'}
[0.305851] (cg_interfaces) StdoutLine: {'line': b'-- Up-to-date: /project_ws/install/cg_interfaces/include/cg_interfaces/cg_interfaces/srv/detail/get_map__functions.c\n'}
[0.305911] (cg_interfaces) StdoutLine: {'line': b'-- Up-to-date: /project_ws/install/cg_interfaces/include/cg_interfaces/cg_interfaces/srv/detail/get_map__functions.h\n'}
[0.305974] (cg_interfaces) StdoutLine: {'line': b'-- Up-to-date: /project_ws/install/cg_interfaces/include/cg_interfaces/cg_interfaces/srv/detail/get_map__struct.h\n'}
[0.306136] (cg_interfaces) StdoutLine: {'line': b'-- Up-to-date: /project_ws/install/cg_interfaces/include/cg_interfaces/cg_interfaces/srv/detail/get_map__type_support.h\n'}
[0.306254] (cg_interfaces) StdoutLine: {'line': b'-- Up-to-date: /project_ws/install/cg_interfaces/include/cg_interfaces/cg_interfaces/srv/detail/reset__functions.c\n'}
[0.306376] (cg_interfaces) StdoutLine: {'line': b'-- Up-to-date: /project_ws/install/cg_interfaces/include/cg_interfaces/cg_interfaces/srv/detail/reset__functions.h\n'}
[0.306514] (cg_interfaces) StdoutLine: {'line': b'-- Up-to-date: /project_ws/install/cg_interfaces/include/cg_interfaces/cg_interfaces/srv/detail/reset__struct.h\n'}
[0.306621] (cg_interfaces) StdoutLine: {'line': b'-- Up-to-date: /project_ws/install/cg_interfaces/include/cg_interfaces/cg_interfaces/srv/detail/reset__type_support.h\n'}
[0.306674] (cg_interfaces) StdoutLine: {'line': b'-- Up-to-date: /project_ws/install/cg_interfaces/include/cg_interfaces/cg_interfaces/srv/get_map.h\n'}
[0.306750] (cg_interfaces) StdoutLine: {'line': b'-- Up-to-date: /project_ws/install/cg_interfaces/include/cg_interfaces/cg_interfaces/srv/reset.h\n'}
[0.306810] (cg_interfaces) StdoutLine: {'line': b'-- Up-to-date: /project_ws/install/cg_interfaces/share/cg_interfaces/environment/library_path.sh\n'}
[0.306918] (cg_interfaces) StdoutLine: {'line': b'-- Up-to-date: /project_ws/install/cg_interfaces/share/cg_interfaces/environment/library_path.dsv\n'}
[0.307041] (cg_interfaces) StdoutLine: {'line': b'-- Up-to-date: /project_ws/install/cg_interfaces/lib/libcg_interfaces__rosidl_generator_c.so\n'}
[0.307094] (cg_interfaces) StdoutLine: {'line': b'-- Up-to-date: /project_ws/install/cg_interfaces/include/cg_interfaces/cg_interfaces\n'}
[0.307153] (cg_interfaces) StdoutLine: {'line': b'-- Up-to-date: /project_ws/install/cg_interfaces/include/cg_interfaces/cg_interfaces/msg\n'}
[0.307206] (cg_interfaces) StdoutLine: {'line': b'-- Up-to-date: /project_ws/install/cg_interfaces/include/cg_interfaces/cg_interfaces/msg/rosidl_typesupport_fastrtps_c__visibility_control.h\n'}
[0.307260] (cg_interfaces) StdoutLine: {'line': b'-- Up-to-date: /project_ws/install/cg_interfaces/include/cg_interfaces/cg_interfaces/msg/detail\n'}
[0.307335] (cg_interfaces) StdoutLine: {'line': b'-- Up-to-date: /project_ws/install/cg_interfaces/include/cg_interfaces/cg_interfaces/msg/detail/robot_sensors__rosidl_typesupport_fastrtps_c.h\n'}
[0.307387] (cg_interfaces) StdoutLine: {'line': b'-- Up-to-date: /project_ws/install/cg_interfaces/include/cg_interfaces/cg_interfaces/srv\n'}
[0.307481] (cg_interfaces) StdoutLine: {'line': b'-- Up-to-date: /project_ws/install/cg_interfaces/include/cg_interfaces/cg_interfaces/srv/detail\n'}
[0.307558] (cg_interfaces) StdoutLine: {'line': b'-- Up-to-date: /project_ws/install/cg_interfaces/include/cg_interfaces/cg_interfaces/srv/detail/move_cmd__rosidl_typesupport_fastrtps_c.h\n'}
[0.307610] (cg_interfaces) StdoutLine: {'line': b'-- Up-to-date: /project_ws/install/cg_interfaces/include/cg_interfaces/cg_interfaces/srv/detail/get_map__rosidl_typesupport_fastrtps_c.h\n'}
[0.307666] (cg_interfaces) StdoutLine: {'line': b'-- Up-to-date: /project_ws/install/cg_interfaces/include/cg_interfaces/cg_interfaces/srv/detail/reset__rosidl_typesupport_fastrtps_c.h\n'}
[0.307723] (cg_interfaces) StdoutLine: {'line': b'-- Up-to-date: /project_ws/install/cg_interfaces/lib/libcg_interfaces__rosidl_typesupport_fastrtps_c.so\n'}
[0.307779] (cg_interfaces) StdoutLine: {'line': b'-- Up-to-date: /project_ws/install/cg_interfaces/include/cg_interfaces/cg_interfaces\n'}
[0.307834] (cg_interfaces) StdoutLine: {'line': b'-- Up-to-date: /project_ws/install/cg_interfaces/include/cg_interfaces/cg_interfaces/msg\n'}
[0.307931] (cg_interfaces) StdoutLine: {'line': b'-- Up-to-date: /project_ws/install/cg_interfaces/include/cg_interfaces/cg_interfaces/msg/rosidl_typesupport_introspection_c__visibility_control.h\n'}
[0.308055] (cg_interfaces) StdoutLine: {'line': b'-- Up-to-date: /project_ws/install/cg_interfaces/include/cg_interfaces/cg_interfaces/msg/detail\n'}
[0.308169] (cg_interfaces) StdoutLine: {'line': b'-- Up-to-date: /project_ws/install/cg_interfaces/include/cg_interfaces/cg_interfaces/msg/detail/robot_sensors__rosidl_typesupport_introspection_c.h\n'}
[0.308224] (cg_interfaces) StdoutLine: {'line': b'-- Up-to-date: /project_ws/install/cg_interfaces/include/cg_interfaces/cg_interfaces/msg/detail/robot_sensors__type_support.c\n'}
[0.308277] (cg_interfaces) StdoutLine: {'line': b'-- Up-to-date: /project_ws/install/cg_interfaces/include/cg_interfaces/cg_interfaces/srv\n'}
[0.308330] (cg_interfaces) StdoutLine: {'line': b'-- Up-to-date: /project_ws/install/cg_interfaces/include/cg_interfaces/cg_interfaces/srv/detail\n'}
[0.308383] (cg_interfaces) StdoutLine: {'line': b'-- Up-to-date: /project_ws/install/cg_interfaces/include/cg_interfaces/cg_interfaces/srv/detail/move_cmd__rosidl_typesupport_introspection_c.h\n'}
[0.308513] (cg_interfaces) StdoutLine: {'line': b'-- Up-to-date: /project_ws/install/cg_interfaces/include/cg_interfaces/cg_interfaces/srv/detail/move_cmd__type_support.c\n'}
[0.308571] (cg_interfaces) StdoutLine: {'line': b'-- Up-to-date: /project_ws/install/cg_interfaces/include/cg_interfaces/cg_interfaces/srv/detail/get_map__rosidl_typesupport_introspection_c.h\n'}
[0.308622] (cg_interfaces) StdoutLine: {'line': b'-- Up-to-date: /project_ws/install/cg_interfaces/include/cg_interfaces/cg_interfaces/srv/detail/get_map__type_support.c\n'}
[0.308676] (cg_interfaces) StdoutLine: {'line': b'-- Up-to-date: /project_ws/install/cg_interfaces/include/cg_interfaces/cg_interfaces/srv/detail/reset__rosidl_typesupport_introspection_c.h\n'}
[0.308729] (cg_interfaces) StdoutLine: {'line': b'-- Up-to-date: /project_ws/install/cg_interfaces/include/cg_interfaces/cg_interfaces/srv/detail/reset__type_support.c\n'}
[0.308781] (cg_interfaces) StdoutLine: {'line': b'-- Up-to-date: /project_ws/install/cg_interfaces/lib/libcg_interfaces__rosidl_typesupport_introspection_c.so\n'}
[0.308833] (cg_interfaces) StdoutLine: {'line': b'-- Up-to-date: /project_ws/install/cg_interfaces/lib/libcg_interfaces__rosidl_typesupport_c.so\n'}
[0.308886] (cg_interfaces) StdoutLine: {'line': b'-- Up-to-date: /project_ws/install/cg_interfaces/include/cg_interfaces/cg_interfaces\n'}
[0.308937] (cg_interfaces) StdoutLine: {'line': b'-- Up-to-date: /project_ws/install/cg_interfaces/include/cg_interfaces/cg_interfaces/msg\n'}
[0.308988] (cg_interfaces) StdoutLine: {'line': b'-- Up-to-date: /project_ws/install/cg_interfaces/include/cg_interfaces/cg_interfaces/msg/rosidl_generator_cpp__visibility_control.hpp\n'}
[0.309043] (cg_interfaces) StdoutLine: {'line': b'-- Up-to-date: /project_ws/install/cg_interfaces/include/cg_interfaces/cg_interfaces/msg/robot_sensors.hpp\n'}
[0.309096] (cg_interfaces) StdoutLine: {'line': b'-- Up-to-date: /project_ws/install/cg_interfaces/include/cg_interfaces/cg_interfaces/msg/detail\n'}
[0.309148] (cg_interfaces) StdoutLine: {'line': b'-- Up-to-date: /project_ws/install/cg_interfaces/include/cg_interfaces/cg_interfaces/msg/detail/robot_sensors__builder.hpp\n'}
[0.309210] (cg_interfaces) StdoutLine: {'line': b'-- Up-to-date: /project_ws/install/cg_interfaces/include/cg_interfaces/cg_interfaces/msg/detail/robot_sensors__struct.hpp\n'}
[0.309263] (cg_interfaces) StdoutLine: {'line': b'-- Up-to-date: /project_ws/install/cg_interfaces/include/cg_interfaces/cg_interfaces/msg/detail/robot_sensors__traits.hpp\n'}
[0.309314] (cg_interfaces) StdoutLine: {'line': b'-- Up-to-date: /project_ws/install/cg_interfaces/include/cg_interfaces/cg_interfaces/msg/detail/robot_sensors__type_support.hpp\n'}
[0.309366] (cg_interfaces) StdoutLine: {'line': b'-- Up-to-date: /project_ws/install/cg_interfaces/include/cg_interfaces/cg_interfaces/srv\n'}
[0.309424] (cg_interfaces) StdoutLine: {'line': b'-- Up-to-date: /project_ws/install/cg_interfaces/include/cg_interfaces/cg_interfaces/srv/move_cmd.hpp\n'}
[0.309478] (cg_interfaces) StdoutLine: {'line': b'-- Up-to-date: /project_ws/install/cg_interfaces/include/cg_interfaces/cg_interfaces/srv/detail\n'}
[0.309531] (cg_interfaces) StdoutLine: {'line': b'-- Up-to-date: /project_ws/install/cg_interfaces/include/cg_interfaces/cg_interfaces/srv/detail/move_cmd__builder.hpp\n'}
[0.309581] (cg_interfaces) StdoutLine: {'line': b'-- Up-to-date: /project_ws/install/cg_interfaces/include/cg_interfaces/cg_interfaces/srv/detail/move_cmd__struct.hpp\n'}
[0.309633] (cg_interfaces) StdoutLine: {'line': b'-- Up-to-date: /project_ws/install/cg_interfaces/include/cg_interfaces/cg_interfaces/srv/detail/move_cmd__traits.hpp\n'}
[0.309685] (cg_interfaces) StdoutLine: {'line': b'-- Up-to-date: /project_ws/install/cg_interfaces/include/cg_interfaces/cg_interfaces/srv/detail/move_cmd__type_support.hpp\n'}
[0.309736] (cg_interfaces) StdoutLine: {'line': b'-- Up-to-date: /project_ws/install/cg_interfaces/include/cg_interfaces/cg_interfaces/srv/detail/get_map__builder.hpp\n'}
[0.309785] (cg_interfaces) StdoutLine: {'line': b'-- Up-to-date: /project_ws/install/cg_interfaces/include/cg_interfaces/cg_interfaces/srv/detail/get_map__struct.hpp\n'}
[0.309834] (cg_interfaces) StdoutLine: {'line': b'-- Up-to-date: /project_ws/install/cg_interfaces/include/cg_interfaces/cg_interfaces/srv/detail/get_map__traits.hpp\n'}
[0.309883] (cg_interfaces) StdoutLine: {'line': b'-- Up-to-date: /project_ws/install/cg_interfaces/include/cg_interfaces/cg_interfaces/srv/detail/get_map__type_support.hpp\n'}
[0.309932] (cg_interfaces) StdoutLine: {'line': b'-- Up-to-date: /project_ws/install/cg_interfaces/include/cg_interfaces/cg_interfaces/srv/detail/reset__builder.hpp\n'}
[0.309981] (cg_interfaces) StdoutLine: {'line': b'-- Up-to-date: /project_ws/install/cg_interfaces/include/cg_interfaces/cg_interfaces/srv/detail/reset__struct.hpp\n'}
[0.310030] (cg_interfaces) StdoutLine: {'line': b'-- Up-to-date: /project_ws/install/cg_interfaces/include/cg_interfaces/cg_interfaces/srv/detail/reset__traits.hpp\n'}
[0.310078] (cg_interfaces) StdoutLine: {'line': b'-- Up-to-date: /project_ws/install/cg_interfaces/include/cg_interfaces/cg_interfaces/srv/detail/reset__type_support.hpp\n'}
[0.310129] (cg_interfaces) StdoutLine: {'line': b'-- Up-to-date: /project_ws/install/cg_interfaces/include/cg_interfaces/cg_interfaces/srv/get_map.hpp\n'}
[0.310179] (cg_interfaces) StdoutLine: {'line': b'-- Up-to-date: /project_ws/install/cg_interfaces/include/cg_interfaces/cg_interfaces/srv/reset.hpp\n'}
[0.310227] (cg_interfaces) StdoutLine: {'line': b'-- Up-to-date: /project_ws/install/cg_interfaces/include/cg_interfaces/cg_interfaces\n'}
[0.310280] (cg_interfaces) StdoutLine: {'line': b'-- Up-to-date: /project_ws/install/cg_interfaces/include/cg_interfaces/cg_interfaces/msg\n'}
[0.310335] (cg_interfaces) StdoutLine: {'line': b'-- Up-to-date: /project_ws/install/cg_interfaces/include/cg_interfaces/cg_interfaces/msg/rosidl_typesupport_fastrtps_cpp__visibility_control.h\n'}
[0.310386] (cg_interfaces) StdoutLine: {'line': b'-- Up-to-date: /project_ws/install/cg_interfaces/include/cg_interfaces/cg_interfaces/msg/detail\n'}
[0.310445] (cg_interfaces) StdoutLine: {'line': b'-- Up-to-date: /project_ws/install/cg_interfaces/include/cg_interfaces/cg_interfaces/msg/detail/robot_sensors__rosidl_typesupport_fastrtps_cpp.hpp\n'}
[0.310495] (cg_interfaces) StdoutLine: {'line': b'-- Up-to-date: /project_ws/install/cg_interfaces/include/cg_interfaces/cg_interfaces/msg/detail/dds_fastrtps\n'}
[0.310544] (cg_interfaces) StdoutLine: {'line': b'-- Up-to-date: /project_ws/install/cg_interfaces/include/cg_interfaces/cg_interfaces/srv\n'}
[0.310594] (cg_interfaces) StdoutLine: {'line': b'-- Up-to-date: /project_ws/install/cg_interfaces/include/cg_interfaces/cg_interfaces/srv/detail\n'}
[0.310643] (cg_interfaces) StdoutLine: {'line': b'-- Up-to-date: /project_ws/install/cg_interfaces/include/cg_interfaces/cg_interfaces/srv/detail/move_cmd__rosidl_typesupport_fastrtps_cpp.hpp\n'}
[0.310697] (cg_interfaces) StdoutLine: {'line': b'-- Up-to-date: /project_ws/install/cg_interfaces/include/cg_interfaces/cg_interfaces/srv/detail/dds_fastrtps\n'}
[0.310747] (cg_interfaces) StdoutLine: {'line': b'-- Up-to-date: /project_ws/install/cg_interfaces/include/cg_interfaces/cg_interfaces/srv/detail/get_map__rosidl_typesupport_fastrtps_cpp.hpp\n'}
[0.310796] (cg_interfaces) StdoutLine: {'line': b'-- Up-to-date: /project_ws/install/cg_interfaces/include/cg_interfaces/cg_interfaces/srv/detail/reset__rosidl_typesupport_fastrtps_cpp.hpp\n'}
[0.310846] (cg_interfaces) StdoutLine: {'line': b'-- Up-to-date: /project_ws/install/cg_interfaces/lib/libcg_interfaces__rosidl_typesupport_fastrtps_cpp.so\n'}
[0.310896] (cg_interfaces) StdoutLine: {'line': b'-- Up-to-date: /project_ws/install/cg_interfaces/include/cg_interfaces/cg_interfaces\n'}
[0.310945] (cg_interfaces) StdoutLine: {'line': b'-- Up-to-date: /project_ws/install/cg_interfaces/include/cg_interfaces/cg_interfaces/srv\n'}
[0.310994] (cg_interfaces) StdoutLine: {'line': b'-- Up-to-date: /project_ws/install/cg_interfaces/include/cg_interfaces/cg_interfaces/srv/detail\n'}
[0.311049] (cg_interfaces) StdoutLine: {'line': b'-- Up-to-date: /project_ws/install/cg_interfaces/include/cg_interfaces/cg_interfaces/srv/detail/move_cmd__rosidl_typesupport_introspection_cpp.hpp\n'}
[0.311102] (cg_interfaces) StdoutLine: {'line': b'-- Up-to-date: /project_ws/install/cg_interfaces/include/cg_interfaces/cg_interfaces/srv/detail/move_cmd__type_support.cpp\n'}
[0.311153] (cg_interfaces) StdoutLine: {'line': b'-- Up-to-date: /project_ws/install/cg_interfaces/include/cg_interfaces/cg_interfaces/srv/detail/get_map__rosidl_typesupport_introspection_cpp.hpp\n'}
[0.311203] (cg_interfaces) StdoutLine: {'line': b'-- Up-to-date: /project_ws/install/cg_interfaces/include/cg_interfaces/cg_interfaces/srv/detail/get_map__type_support.cpp\n'}
[0.311254] (cg_interfaces) StdoutLine: {'line': b'-- Up-to-date: /project_ws/install/cg_interfaces/include/cg_interfaces/cg_interfaces/srv/detail/reset__rosidl_typesupport_introspection_cpp.hpp\n'}
[0.311305] (cg_interfaces) StdoutLine: {'line': b'-- Up-to-date: /project_ws/install/cg_interfaces/include/cg_interfaces/cg_interfaces/srv/detail/reset__type_support.cpp\n'}
[0.311355] (cg_interfaces) StdoutLine: {'line': b'-- Up-to-date: /project_ws/install/cg_interfaces/include/cg_interfaces/cg_interfaces/msg\n'}
[0.311403] (cg_interfaces) StdoutLine: {'line': b'-- Up-to-date: /project_ws/install/cg_interfaces/include/cg_interfaces/cg_interfaces/msg/detail\n'}
[0.311462] (cg_interfaces) StdoutLine: {'line': b'-- Up-to-date: /project_ws/install/cg_interfaces/include/cg_interfaces/cg_interfaces/msg/detail/robot_sensors__rosidl_typesupport_introspection_cpp.hpp\n'}
[0.311511] (cg_interfaces) StdoutLine: {'line': b'-- Up-to-date: /project_ws/install/cg_interfaces/include/cg_interfaces/cg_interfaces/msg/detail/robot_sensors__type_support.cpp\n'}
[0.311563] (cg_interfaces) StdoutLine: {'line': b'-- Up-to-date: /project_ws/install/cg_interfaces/lib/libcg_interfaces__rosidl_typesupport_introspection_cpp.so\n'}
[0.311613] (cg_interfaces) StdoutLine: {'line': b'-- Up-to-date: /project_ws/install/cg_interfaces/lib/libcg_interfaces__rosidl_typesupport_cpp.so\n'}
[0.311662] (cg_interfaces) StdoutLine: {'line': b'-- Up-to-date: /project_ws/install/cg_interfaces/share/cg_interfaces/environment/pythonpath.sh\n'}
[0.311711] (cg_interfaces) StdoutLine: {'line': b'-- Up-to-date: /project_ws/install/cg_interfaces/share/cg_interfaces/environment/pythonpath.dsv\n'}
[0.311759] (cg_interfaces) StdoutLine: {'line': b'-- Up-to-date: /project_ws/install/cg_interfaces/local/lib/python3.10/dist-packages/cg_interfaces-0.0.0-py3.10.egg-info\n'}
[0.311809] (cg_interfaces) StdoutLine: {'line': b'-- Installing: /project_ws/install/cg_interfaces/local/lib/python3.10/dist-packages/cg_interfaces-0.0.0-py3.10.egg-info/PKG-INFO\n'}
[0.311859] (cg_interfaces) StdoutLine: {'line': b'-- Installing: /project_ws/install/cg_interfaces/local/lib/python3.10/dist-packages/cg_interfaces-0.0.0-py3.10.egg-info/dependency_links.txt\n'}
[0.311909] (cg_interfaces) StdoutLine: {'line': b'-- Installing: /project_ws/install/cg_interfaces/local/lib/python3.10/dist-packages/cg_interfaces-0.0.0-py3.10.egg-info/top_level.txt\n'}
[0.311961] (cg_interfaces) StdoutLine: {'line': b'-- Installing: /project_ws/install/cg_interfaces/local/lib/python3.10/dist-packages/cg_interfaces-0.0.0-py3.10.egg-info/SOURCES.txt\n'}
[0.312012] (cg_interfaces) StdoutLine: {'line': b'-- Up-to-date: /project_ws/install/cg_interfaces/local/lib/python3.10/dist-packages/cg_interfaces\n'}
[0.312065] (cg_interfaces) StdoutLine: {'line': b'-- Up-to-date: /project_ws/install/cg_interfaces/local/lib/python3.10/dist-packages/cg_interfaces/__init__.py\n'}
[0.312114] (cg_interfaces) StdoutLine: {'line': b'-- Up-to-date: /project_ws/install/cg_interfaces/local/lib/python3.10/dist-packages/cg_interfaces/srv\n'}
[0.312163] (cg_interfaces) StdoutLine: {'line': b'-- Up-to-date: /project_ws/install/cg_interfaces/local/lib/python3.10/dist-packages/cg_interfaces/srv/_move_cmd.py\n'}
[0.312211] (cg_interfaces) StdoutLine: {'line': b'-- Up-to-date: /project_ws/install/cg_interfaces/local/lib/python3.10/dist-packages/cg_interfaces/srv/_move_cmd_s.c\n'}
[0.312261] (cg_interfaces) StdoutLine: {'line': b'-- Up-to-date: /project_ws/install/cg_interfaces/local/lib/python3.10/dist-packages/cg_interfaces/srv/_get_map.py\n'}
[0.312310] (cg_interfaces) StdoutLine: {'line': b'-- Up-to-date: /project_ws/install/cg_interfaces/local/lib/python3.10/dist-packages/cg_interfaces/srv/_get_map_s.c\n'}
[0.312359] (cg_interfaces) StdoutLine: {'line': b'-- Up-to-date: /project_ws/install/cg_interfaces/local/lib/python3.10/dist-packages/cg_interfaces/srv/_reset.py\n'}
[0.312409] (cg_interfaces) StdoutLine: {'line': b'-- Up-to-date: /project_ws/install/cg_interfaces/local/lib/python3.10/dist-packages/cg_interfaces/srv/_reset_s.c\n'}
[0.312463] (cg_interfaces) StdoutLine: {'line': b'-- Up-to-date: /project_ws/install/cg_interfaces/local/lib/python3.10/dist-packages/cg_interfaces/srv/__init__.py\n'}
[0.312512] (cg_interfaces) StdoutLine: {'line': b'-- Up-to-date: /project_ws/install/cg_interfaces/local/lib/python3.10/dist-packages/cg_interfaces/msg\n'}
[0.312562] (cg_interfaces) StdoutLine: {'line': b'-- Up-to-date: /project_ws/install/cg_interfaces/local/lib/python3.10/dist-packages/cg_interfaces/msg/_robot_sensors.py\n'}
[0.312611] (cg_interfaces) StdoutLine: {'line': b'-- Up-to-date: /project_ws/install/cg_interfaces/local/lib/python3.10/dist-packages/cg_interfaces/msg/_robot_sensors_s.c\n'}
[0.312660] (cg_interfaces) StdoutLine: {'line': b'-- Up-to-date: /project_ws/install/cg_interfaces/local/lib/python3.10/dist-packages/cg_interfaces/msg/__init__.py\n'}
[0.312708] (cg_interfaces) StdoutLine: {'line': b'-- Up-to-date: /project_ws/install/cg_interfaces/local/lib/python3.10/dist-packages/cg_interfaces/_cg_interfaces_s.ep.rosidl_typesupport_fastrtps_c.c\n'}
[0.312760] (cg_interfaces) StdoutLine: {'line': b'-- Up-to-date: /project_ws/install/cg_interfaces/local/lib/python3.10/dist-packages/cg_interfaces/_cg_interfaces_s.ep.rosidl_typesupport_introspection_c.c\n'}
[0.312815] (cg_interfaces) StdoutLine: {'line': b'-- Up-to-date: /project_ws/install/cg_interfaces/local/lib/python3.10/dist-packages/cg_interfaces/_cg_interfaces_s.ep.rosidl_typesupport_c.c\n'}
[0.312866] (cg_interfaces) StdoutLine: {'line': b'-- Up-to-date: /project_ws/install/cg_interfaces/local/lib/python3.10/dist-packages/cg_interfaces/libcg_interfaces__rosidl_generator_py.so\n'}
[0.312915] (cg_interfaces) StdoutLine: {'line': b'-- Up-to-date: /project_ws/install/cg_interfaces/local/lib/python3.10/dist-packages/cg_interfaces/cg_interfaces_s__rosidl_typesupport_c.cpython-310-x86_64-linux-gnu.so\n'}
[0.312964] (cg_interfaces) StdoutLine: {'line': b'-- Up-to-date: /project_ws/install/cg_interfaces/local/lib/python3.10/dist-packages/cg_interfaces/cg_interfaces_s__rosidl_typesupport_introspection_c.cpython-310-x86_64-linux-gnu.so\n'}
[0.313013] (cg_interfaces) StdoutLine: {'line': b'-- Up-to-date: /project_ws/install/cg_interfaces/local/lib/python3.10/dist-packages/cg_interfaces/cg_interfaces_s__rosidl_typesupport_fastrtps_c.cpython-310-x86_64-linux-gnu.so\n'}
[0.362495] (cg_interfaces) StdoutLine: {'line': b"Listing '/project_ws/install/cg_interfaces/local/lib/python3.10/dist-packages/cg_interfaces'...\n"}
[0.362839] (cg_interfaces) StdoutLine: {'line': b"Listing '/project_ws/install/cg_interfaces/local/lib/python3.10/dist-packages/cg_interfaces/msg'...\n"}
[0.363010] (cg_interfaces) StdoutLine: {'line': b"Listing '/project_ws/install/cg_interfaces/local/lib/python3.10/dist-packages/cg_interfaces/srv'...\n"}
[0.372512] (cg_interfaces) StdoutLine: {'line': b'-- Up-to-date: /project_ws/install/cg_interfaces/local/lib/python3.10/dist-packages/cg_interfaces/cg_interfaces_s__rosidl_typesupport_fastrtps_c.cpython-310-x86_64-linux-gnu.so\n'}
[0.372911] (cg_interfaces) StdoutLine: {'line': b'-- Up-to-date: /project_ws/install/cg_interfaces/local/lib/python3.10/dist-packages/cg_interfaces/cg_interfaces_s__rosidl_typesupport_introspection_c.cpython-310-x86_64-linux-gnu.so\n'}
[0.373102] (cg_interfaces) StdoutLine: {'line': b'-- Up-to-date: /project_ws/install/cg_interfaces/local/lib/python3.10/dist-packages/cg_interfaces/cg_interfaces_s__rosidl_typesupport_c.cpython-310-x86_64-linux-gnu.so\n'}
[0.374172] (cg_interfaces) StdoutLine: {'line': b'-- Up-to-date: /project_ws/install/cg_interfaces/lib/libcg_interfaces__rosidl_generator_py.so\n'}
[0.374490] (cg_interfaces) StdoutLine: {'line': b'-- Up-to-date: /project_ws/install/cg_interfaces/share/cg_interfaces/srv/MoveCmd.idl\n'}
[0.374893] (cg_interfaces) StdoutLine: {'line': b'-- Up-to-date: /project_ws/install/cg_interfaces/share/cg_interfaces/srv/GetMap.idl\n'}
[0.375086] (cg_interfaces) StdoutLine: {'line': b'-- Up-to-date: /project_ws/install/cg_interfaces/share/cg_interfaces/msg/RobotSensors.idl\n'}
[0.375261] (cg_interfaces) StdoutLine: {'line': b'-- Up-to-date: /project_ws/install/cg_interfaces/share/cg_interfaces/srv/Reset.idl\n'}
[0.375446] (cg_interfaces) StdoutLine: {'line': b'-- Up-to-date: /project_ws/install/cg_interfaces/share/cg_interfaces/srv/MoveCmd.srv\n'}
[0.375619] (cg_interfaces) StdoutLine: {'line': b'-- Up-to-date: /project_ws/install/cg_interfaces/share/cg_interfaces/srv/MoveCmd_Request.msg\n'}
[0.375796] (cg_interfaces) StdoutLine: {'line': b'-- Up-to-date: /project_ws/install/cg_interfaces/share/cg_interfaces/srv/MoveCmd_Response.msg\n'}
[0.375969] (cg_interfaces) StdoutLine: {'line': b'-- Up-to-date: /project_ws/install/cg_interfaces/share/cg_interfaces/srv/GetMap.srv\n'}
[0.376145] (cg_interfaces) StdoutLine: {'line': b'-- Up-to-date: /project_ws/install/cg_interfaces/share/cg_interfaces/srv/GetMap_Request.msg\n'}
[0.376323] (cg_interfaces) StdoutLine: {'line': b'-- Up-to-date: /project_ws/install/cg_interfaces/share/cg_interfaces/srv/GetMap_Response.msg\n'}
[0.376526] (cg_interfaces) StdoutLine: {'line': b'-- Up-to-date: /project_ws/install/cg_interfaces/share/cg_interfaces/msg/RobotSensors.msg\n'}
[0.376711] (cg_interfaces) StdoutLine: {'line': b'-- Up-to-date: /project_ws/install/cg_interfaces/share/cg_interfaces/srv/Reset.srv\n'}
[0.376889] (cg_interfaces) StdoutLine: {'line': b'-- Up-to-date: /project_ws/install/cg_interfaces/share/cg_interfaces/srv/Reset_Request.msg\n'}
[0.377062] (cg_interfaces) StdoutLine: {'line': b'-- Up-to-date: /project_ws/install/cg_interfaces/share/cg_interfaces/srv/Reset_Response.msg\n'}
[0.377234] (cg_interfaces) StdoutLine: {'line': b'-- Up-to-date: /project_ws/install/cg_interfaces/share/ament_index/resource_index/package_run_dependencies/cg_interfaces\n'}
[0.377423] (cg_interfaces) StdoutLine: {'line': b'-- Up-to-date: /project_ws/install/cg_interfaces/share/ament_index/resource_index/parent_prefix_path/cg_interfaces\n'}
[0.377607] (cg_interfaces) StdoutLine: {'line': b'-- Up-to-date: /project_ws/install/cg_interfaces/share/cg_interfaces/environment/ament_prefix_path.sh\n'}
[0.377786] (cg_interfaces) StdoutLine: {'line': b'-- Up-to-date: /project_ws/install/cg_interfaces/share/cg_interfaces/environment/ament_prefix_path.dsv\n'}
[0.377960] (cg_interfaces) StdoutLine: {'line': b'-- Up-to-date: /project_ws/install/cg_interfaces/share/cg_interfaces/environment/path.sh\n'}
[0.378136] (cg_interfaces) StdoutLine: {'line': b'-- Up-to-date: /project_ws/install/cg_interfaces/share/cg_interfaces/environment/path.dsv\n'}
[0.378311] (cg_interfaces) StdoutLine: {'line': b'-- Up-to-date: /project_ws/install/cg_interfaces/share/cg_interfaces/local_setup.bash\n'}
[0.378796] (cg_interfaces) StdoutLine: {'line': b'-- Up-to-date: /project_ws/install/cg_interfaces/share/cg_interfaces/local_setup.sh\n'}
[0.378989] (cg_interfaces) StdoutLine: {'line': b'-- Up-to-date: /project_ws/install/cg_interfaces/share/cg_interfaces/local_setup.zsh\n'}
[0.379174] (cg_interfaces) StdoutLine: {'line': b'-- Up-to-date: /project_ws/install/cg_interfaces/share/cg_interfaces/local_setup.dsv\n'}
[0.379356] (cg_interfaces) StdoutLine: {'line': b'-- Installing: /project_ws/install/cg_interfaces/share/cg_interfaces/package.dsv\n'}
[0.379828] (cg_interfaces) StdoutLine: {'line': b'-- Up-to-date: /project_ws/install/cg_interfaces/share/ament_index/resource_index/packages/cg_interfaces\n'}
[0.380033] (cg_interfaces) StdoutLine: {'line': b'-- Up-to-date: /project_ws/install/cg_interfaces/share/cg_interfaces/cmake/export_cg_interfaces__rosidl_generator_cExport.cmake\n'}
[0.380219] (cg_interfaces) StdoutLine: {'line': b'-- Up-to-date: /project_ws/install/cg_interfaces/share/cg_interfaces/cmake/export_cg_interfaces__rosidl_generator_cExport-noconfig.cmake\n'}
[0.380400] (cg_interfaces) StdoutLine: {'line': b'-- Up-to-date: /project_ws/install/cg_interfaces/share/cg_interfaces/cmake/export_cg_interfaces__rosidl_typesupport_fastrtps_cExport.cmake\n'}
[0.380598] (cg_interfaces) StdoutLine: {'line': b'-- Up-to-date: /project_ws/install/cg_interfaces/share/cg_interfaces/cmake/export_cg_interfaces__rosidl_typesupport_fastrtps_cExport-noconfig.cmake\n'}
[0.380779] (cg_interfaces) StdoutLine: {'line': b'-- Up-to-date: /project_ws/install/cg_interfaces/share/cg_interfaces/cmake/cg_interfaces__rosidl_typesupport_introspection_cExport.cmake\n'}
[0.380966] (cg_interfaces) StdoutLine: {'line': b'-- Up-to-date: /project_ws/install/cg_interfaces/share/cg_interfaces/cmake/cg_interfaces__rosidl_typesupport_introspection_cExport-noconfig.cmake\n'}
[0.381152] (cg_interfaces) StdoutLine: {'line': b'-- Up-to-date: /project_ws/install/cg_interfaces/share/cg_interfaces/cmake/cg_interfaces__rosidl_typesupport_cExport.cmake\n'}
[0.381333] (cg_interfaces) StdoutLine: {'line': b'-- Up-to-date: /project_ws/install/cg_interfaces/share/cg_interfaces/cmake/cg_interfaces__rosidl_typesupport_cExport-noconfig.cmake\n'}
[0.381521] (cg_interfaces) StdoutLine: {'line': b'-- Up-to-date: /project_ws/install/cg_interfaces/share/cg_interfaces/cmake/export_cg_interfaces__rosidl_generator_cppExport.cmake\n'}
[0.381706] (cg_interfaces) StdoutLine: {'line': b'-- Up-to-date: /project_ws/install/cg_interfaces/share/cg_interfaces/cmake/export_cg_interfaces__rosidl_typesupport_fastrtps_cppExport.cmake\n'}
[0.381889] (cg_interfaces) StdoutLine: {'line': b'-- Up-to-date: /project_ws/install/cg_interfaces/share/cg_interfaces/cmake/export_cg_interfaces__rosidl_typesupport_fastrtps_cppExport-noconfig.cmake\n'}
[0.382079] (cg_interfaces) StdoutLine: {'line': b'-- Up-to-date: /project_ws/install/cg_interfaces/share/cg_interfaces/cmake/cg_interfaces__rosidl_typesupport_introspection_cppExport.cmake\n'}
[0.382273] (cg_interfaces) StdoutLine: {'line': b'-- Up-to-date: /project_ws/install/cg_interfaces/share/cg_interfaces/cmake/cg_interfaces__rosidl_typesupport_introspection_cppExport-noconfig.cmake\n'}
[0.382741] (cg_interfaces) StdoutLine: {'line': b'-- Up-to-date: /project_ws/install/cg_interfaces/share/cg_interfaces/cmake/cg_interfaces__rosidl_typesupport_cppExport.cmake\n'}
[0.382929] (cg_interfaces) StdoutLine: {'line': b'-- Up-to-date: /project_ws/install/cg_interfaces/share/cg_interfaces/cmake/cg_interfaces__rosidl_typesupport_cppExport-noconfig.cmake\n'}
[0.383109] (cg_interfaces) StdoutLine: {'line': b'-- Up-to-date: /project_ws/install/cg_interfaces/share/cg_interfaces/cmake/export_cg_interfaces__rosidl_generator_pyExport.cmake\n'}
[0.383291] (cg_interfaces) StdoutLine: {'line': b'-- Up-to-date: /project_ws/install/cg_interfaces/share/cg_interfaces/cmake/export_cg_interfaces__rosidl_generator_pyExport-noconfig.cmake\n'}
[0.383486] (cg_interfaces) StdoutLine: {'line': b'-- Up-to-date: /project_ws/install/cg_interfaces/share/cg_interfaces/cmake/rosidl_cmake-extras.cmake\n'}
[0.383662] (cg_interfaces) StdoutLine: {'line': b'-- Up-to-date: /project_ws/install/cg_interfaces/share/cg_interfaces/cmake/ament_cmake_export_include_directories-extras.cmake\n'}
[0.383844] (cg_interfaces) StdoutLine: {'line': b'-- Up-to-date: /project_ws/install/cg_interfaces/share/cg_interfaces/cmake/ament_cmake_export_libraries-extras.cmake\n'}
[0.384019] (cg_interfaces) StdoutLine: {'line': b'-- Up-to-date: /project_ws/install/cg_interfaces/share/cg_interfaces/cmake/ament_cmake_export_targets-extras.cmake\n'}
[0.384198] (cg_interfaces) StdoutLine: {'line': b'-- Up-to-date: /project_ws/install/cg_interfaces/share/cg_interfaces/cmake/rosidl_cmake_export_typesupport_targets-extras.cmake\n'}
[0.384375] (cg_interfaces) StdoutLine: {'line': b'-- Up-to-date: /project_ws/install/cg_interfaces/share/cg_interfaces/cmake/ament_cmake_export_dependencies-extras.cmake\n'}
[0.384576] (cg_interfaces) StdoutLine: {'line': b'-- Up-to-date: /project_ws/install/cg_interfaces/share/cg_interfaces/cmake/rosidl_cmake_export_typesupport_libraries-extras.cmake\n'}
[0.384757] (cg_interfaces) StdoutLine: {'line': b'-- Up-to-date: /project_ws/install/cg_interfaces/share/cg_interfaces/cmake/cg_interfacesConfig.cmake\n'}
[0.384939] (cg_interfaces) StdoutLine: {'line': b'-- Up-to-date: /project_ws/install/cg_interfaces/share/cg_interfaces/cmake/cg_interfacesConfig-version.cmake\n'}
[0.385118] (cg_interfaces) StdoutLine: {'line': b'-- Up-to-date: /project_ws/install/cg_interfaces/share/cg_interfaces/package.xml\n'}
[0.391482] (cg_interfaces) CommandEnded: {'returncode': 0}
[0.400138] (-) TimerEvent: {}
[0.440572] (cg_interfaces) JobEnded: {'identifier': 'cg_interfaces', 'rc': 0}
[0.441523] (cg) JobStarted: {'identifier': 'cg'}
[0.446962] (cg_solver) JobStarted: {'identifier': 'cg_solver'}
[0.450350] (cg_teleop) JobStarted: {'identifier': 'cg_teleop'}
[0.500298] (-) TimerEvent: {}
[0.600738] (-) TimerEvent: {}
[0.662236] (cg_solver) JobProgress: {'identifier': 'cg_solver', 'progress': 'cmake'}
[0.662908] (cg_solver) JobProgress: {'identifier': 'cg_solver', 'progress': 'build'}
[0.663279] (cg_solver) Command: {'cmd': ['/usr/bin/cmake', '--build', '/project_ws/build/cg_solver', '--', '-j8', '-l8'], 'cwd': '/project_ws/build/cg_solver', 'env': OrderedDict([('HOSTNAME', 'fedora'), ('SHLVL', '1'), ('LD_LIBRARY_PATH', '/project_ws/install/cg_interfaces/lib:/opt/ros/humble/lib/x86_64-linux-gnu:/opt/ros/humble/lib'), ('HOME', '/'), ('ROS_PYTHON_VERSION', '3'), ('ROS_LOG_DIR', '/project_ws/log'), ('COLCON_PREFIX_PATH', '/project_ws/install'), ('ROS_DISTRO', 'humble'), ('_', '/usr/bin/colcon'), ('ROS_VERSION', '2'), ('TERM', 'xterm'), ('ROS_LOCALHOST_ONLY', '0'), ('PATH', '/opt/ros/humble/bin:/usr/local/sbin:/usr/local/bin:/usr/sbin:/usr/bin:/sbin:/bin'), ('DISPLAY', ':0'), ('LANG', 'C.UTF-8'), ('XAUTHORITY', '/tmp/.Xauthority'), ('AMENT_PREFIX_PATH', '/project_ws/install/cg_teleop:/project_ws/install/cg_solver:/project_ws/install/cg:/project_ws/install/cg_interfaces:/opt/ros/humble'), ('PWD', '/project_ws/build/cg_solver'), ('LC_ALL', 'C.UTF-8'), ('PYTHONPATH', '/project_ws/install/cg_teleop/lib/python3.10/site-packages:/project_ws/install/cg/lib/python3.10/site-packages:/project_ws/install/cg_interfaces/local/lib/python3.10/dist-packages:/opt/ros/humble/lib/python3.10/site-packages:/opt/ros/humble/local/lib/python3.10/dist-packages'), ('COLCON', '1'), ('CMAKE_PREFIX_PATH', '/project_ws/install/cg_interfaces:/project_ws/install/cg_solver:/project_ws/install/cg_teleop:/project_ws/install/cg:/opt/ros/humble')]), 'shell': False}
[0.698649] (cg_solver) StdoutLine: {'line': b'\x1b[35m\x1b[1mConsolidate compiler generated dependencies of target autonomous_navigator_node\x1b[0m\n'}
[0.700806] (-) TimerEvent: {}
[0.716600] (cg_solver) StdoutLine: {'line': b'[ 50%] \x1b[32mBuilding CXX object CMakeFiles/autonomous_navigator_node.dir/src/autonomous_navigator_node.cpp.o\x1b[0m\n'}
[0.800910] (-) TimerEvent: {}
[0.901239] (-) TimerEvent: {}
[1.001541] (-) TimerEvent: {}
[1.091782] (cg) Command: {'cmd': ['/usr/bin/python3', '-W', 'ignore:setup.py install is deprecated', '-W', 'ignore:easy_install command is deprecated', 'setup.py', 'egg_info', '--egg-base', '../../build/cg', 'build', '--build-base', '/project_ws/build/cg/build', 'install', '--record', '/project_ws/build/cg/install.log', '--single-version-externally-managed', 'install_data'], 'cwd': '/project_ws/src/cg', 'env': {'HOSTNAME': 'fedora', 'SHLVL': '1', 'LD_LIBRARY_PATH': '/project_ws/install/cg_interfaces/lib:/opt/ros/humble/lib/x86_64-linux-gnu:/opt/ros/humble/lib', 'HOME': '/', 'ROS_PYTHON_VERSION': '3', 'ROS_LOG_DIR': '/project_ws/log', 'COLCON_PREFIX_PATH': '/project_ws/install', 'ROS_DISTRO': 'humble', '_': '/usr/bin/colcon', 'ROS_VERSION': '2', 'TERM': 'xterm', 'ROS_LOCALHOST_ONLY': '0', 'PATH': '/opt/ros/humble/bin:/usr/local/sbin:/usr/local/bin:/usr/sbin:/usr/bin:/sbin:/bin', 'DISPLAY': ':0', 'LANG': 'C.UTF-8', 'XAUTHORITY': '/tmp/.Xauthority', 'AMENT_PREFIX_PATH': '/project_ws/install/cg_teleop:/project_ws/install/cg_solver:/project_ws/install/cg:/project_ws/install/cg_interfaces:/opt/ros/humble', 'PWD': '/project_ws/build/cg', 'LC_ALL': 'C.UTF-8', 'PYTHONPATH': '/project_ws/build/cg/prefix_override:/usr/lib/python3/dist-packages/colcon_core/task/python/colcon_distutils_commands:/project_ws/install/cg/lib/python3.10/site-packages:/project_ws/install/cg_teleop/lib/python3.10/site-packages:/project_ws/install/cg/lib/python3.10/site-packages:/project_ws/install/cg_interfaces/local/lib/python3.10/dist-packages:/opt/ros/humble/lib/python3.10/site-packages:/opt/ros/humble/local/lib/python3.10/dist-packages', 'COLCON': '1', 'CMAKE_PREFIX_PATH': '/project_ws/install/cg_interfaces:/project_ws/install/cg_solver'}, 'shell': False}
[1.094422] (cg_teleop) Command: {'cmd': ['/usr/bin/python3', '-W', 'ignore:setup.py install is deprecated', '-W', 'ignore:easy_install command is deprecated', 'setup.py', 'egg_info', '--egg-base', '../../build/cg_teleop', 'build', '--build-base', '/project_ws/build/cg_teleop/build', 'install', '--record', '/project_ws/build/cg_teleop/install.log', '--single-version-externally-managed', 'install_data'], 'cwd': '/project_ws/src/cg_teleop', 'env': {'HOSTNAME': 'fedora', 'SHLVL': '1', 'LD_LIBRARY_PATH': '/project_ws/install/cg_interfaces/lib:/opt/ros/humble/lib/x86_64-linux-gnu:/opt/ros/humble/lib', 'HOME': '/', 'ROS_PYTHON_VERSION': '3', 'ROS_LOG_DIR': '/project_ws/log', 'COLCON_PREFIX_PATH': '/project_ws/install', 'ROS_DISTRO': 'humble', '_': '/usr/bin/colcon', 'ROS_VERSION': '2', 'TERM': 'xterm', 'ROS_LOCALHOST_ONLY': '0', 'PATH': '/opt/ros/humble/bin:/usr/local/sbin:/usr/local/bin:/usr/sbin:/usr/bin:/sbin:/bin', 'DISPLAY': ':0', 'LANG': 'C.UTF-8', 'XAUTHORITY': '/tmp/.Xauthority', 'AMENT_PREFIX_PATH': '/project_ws/install/cg_teleop:/project_ws/install/cg_solver:/project_ws/install/cg:/project_ws/install/cg_interfaces:/opt/ros/humble', 'PWD': '/project_ws/build/cg_teleop', 'LC_ALL': 'C.UTF-8', 'PYTHONPATH': '/project_ws/build/cg_teleop/prefix_override:/usr/lib/python3/dist-packages/colcon_core/task/python/colcon_distutils_commands:/project_ws/install/cg_teleop/lib/python3.10/site-packages:/project_ws/install/cg_teleop/lib/python3.10/site-packages:/project_ws/install/cg/lib/python3.10/site-packages:/project_ws/install/cg_interfaces/local/lib/python3.10/dist-packages:/opt/ros/humble/lib/python3.10/site-packages:/opt/ros/humble/local/lib/python3.10/dist-packages', 'COLCON': '1', 'CMAKE_PREFIX_PATH': '/project_ws/install/cg_interfaces:/project_ws/install/cg_solver'}, 'shell': False}
[1.101628] (-) TimerEvent: {}
[1.201939] (-) TimerEvent: {}
[1.257050] (cg_teleop) StdoutLine: {'line': b'running egg_info\n'}
[1.257322] (cg) StdoutLine: {'line': b'running egg_info\n'}
[1.257569] (cg_teleop) StdoutLine: {'line': b'writing ../../build/cg_teleop/cg_teleop.egg-info/PKG-INFO\n'}
[1.257798] (cg_teleop) StdoutLine: {'line': b'writing dependency_links to ../../build/cg_teleop/cg_teleop.egg-info/dependency_links.txt\n'}
[1.257947] (cg_teleop) StdoutLine: {'line': b'writing entry points to ../../build/cg_teleop/cg_teleop.egg-info/entry_points.txt\n'}
[1.258093] (cg_teleop) StdoutLine: {'line': b'writing requirements to ../../build/cg_teleop/cg_teleop.egg-info/requires.txt\n'}
[1.258192] (cg_teleop) StdoutLine: {'line': b'writing top-level names to ../../build/cg_teleop/cg_teleop.egg-info/top_level.txt\n'}
[1.258294] (cg) StdoutLine: {'line': b'writing ../../build/cg/cg.egg-info/PKG-INFO\n'}
[1.258436] (cg) StdoutLine: {'line': b'writing dependency_links to ../../build/cg/cg.egg-info/dependency_links.txt\n'}
[1.258572] (cg) StdoutLine: {'line': b'writing entry points to ../../build/cg/cg.egg-info/entry_points.txt\n'}
[1.258707] (cg) StdoutLine: {'line': b'writing requirements to ../../build/cg/cg.egg-info/requires.txt\n'}
[1.258829] (cg) StdoutLine: {'line': b'writing top-level names to ../../build/cg/cg.egg-info/top_level.txt\n'}
[1.259462] (cg_teleop) StdoutLine: {'line': b"reading manifest file '../../build/cg_teleop/cg_teleop.egg-info/SOURCES.txt'\n"}
[1.260248] (cg_teleop) StdoutLine: {'line': b"writing manifest file '../../build/cg_teleop/cg_teleop.egg-info/SOURCES.txt'\n"}
[1.260371] (cg_teleop) StdoutLine: {'line': b'running build\n'}
[1.260434] (cg_teleop) StdoutLine: {'line': b'running build_py\n'}
[1.260622] (cg_teleop) StdoutLine: {'line': b'running install\n'}
[1.260813] (cg) StdoutLine: {'line': b"reading manifest file '../../build/cg/cg.egg-info/SOURCES.txt'\n"}
[1.260911] (cg_teleop) StdoutLine: {'line': b'running install_lib\n'}
[1.261007] (cg) StdoutLine: {'line': b"adding license file 'LICENSE'\n"}
[1.261802] (cg_teleop) StdoutLine: {'line': b'running install_data\n'}
[1.261887] (cg_teleop) StdoutLine: {'line': b'running install_egg_info\n'}
[1.262609] (cg) StdoutLine: {'line': b"writing manifest file '../../build/cg/cg.egg-info/SOURCES.txt'\n"}
[1.262742] (cg) StdoutLine: {'line': b'running build\n'}
[1.262802] (cg) StdoutLine: {'line': b'running build_py\n'}
[1.263629] (cg) StdoutLine: {'line': b'running install\n'}
[1.263865] (cg) StdoutLine: {'line': b'running install_lib\n'}
[1.264194] (cg_teleop) StdoutLine: {'line': b"removing '/project_ws/install/cg_teleop/lib/python3.10/site-packages/cg_teleop-0.0.0-py3.10.egg-info' (and everything under it)\n"}
[1.264563] (cg_teleop) StdoutLine: {'line': b'Copying ../../build/cg_teleop/cg_teleop.egg-info to /project_ws/install/cg_teleop/lib/python3.10/site-packages/cg_teleop-0.0.0-py3.10.egg-info\n'}
[1.265272] (cg) StdoutLine: {'line': b'running install_data\n'}
[1.265392] (cg_teleop) StdoutLine: {'line': b'running install_scripts\n'}
[1.265918] (cg) StdoutLine: {'line': b'running install_egg_info\n'}
[1.267524] (cg) StdoutLine: {'line': b"removing '/project_ws/install/cg/lib/python3.10/site-packages/cg-0.0.0-py3.10.egg-info' (and everything under it)\n"}
[1.267640] (cg) StdoutLine: {'line': b'Copying ../../build/cg/cg.egg-info to /project_ws/install/cg/lib/python3.10/site-packages/cg-0.0.0-py3.10.egg-info\n'}
[1.268358] (cg) StdoutLine: {'line': b'running install_scripts\n'}
[1.284066] (cg_teleop) StdoutLine: {'line': b'Installing teleop_keyboard script to /project_ws/install/cg_teleop/lib/cg_teleop\n'}
[1.284279] (cg_teleop) StdoutLine: {'line': b"writing list of installed files to '/project_ws/build/cg_teleop/install.log'\n"}
[1.286984] (cg) StdoutLine: {'line': b'Installing edit script to /project_ws/install/cg/lib/cg\n'}
[1.287185] (cg) StdoutLine: {'line': b'Installing maze script to /project_ws/install/cg/lib/cg\n'}
[1.287260] (cg) StdoutLine: {'line': b'Installing test script to /project_ws/install/cg/lib/cg\n'}
[1.287618] (cg) StdoutLine: {'line': b"writing list of installed files to '/project_ws/build/cg/install.log'\n"}
[1.302137] (-) TimerEvent: {}
[1.308803] (cg_teleop) CommandEnded: {'returncode': 0}
[1.314184] (cg_teleop) JobEnded: {'identifier': 'cg_teleop', 'rc': 0}
[1.315390] (cg) CommandEnded: {'returncode': 0}
[1.320888] (cg) JobEnded: {'identifier': 'cg', 'rc': 0}
[1.402236] (-) TimerEvent: {}
[1.502651] (-) TimerEvent: {}
[1.603056] (-) TimerEvent: {}
[1.703478] (-) TimerEvent: {}
[1.803902] (-) TimerEvent: {}
[1.904232] (-) TimerEvent: {}
[2.004597] (-) TimerEvent: {}
[2.104968] (-) TimerEvent: {}
[2.205309] (-) TimerEvent: {}
[2.305779] (-) TimerEvent: {}
[2.406078] (-) TimerEvent: {}
[2.506465] (-) TimerEvent: {}
[2.606856] (-) TimerEvent: {}
[2.707283] (-) TimerEvent: {}
[2.807680] (-) TimerEvent: {}
[2.907999] (-) TimerEvent: {}
[3.008362] (-) TimerEvent: {}
[3.108701] (-) TimerEvent: {}
[3.209094] (-) TimerEvent: {}
[3.309480] (-) TimerEvent: {}
[3.409789] (-) TimerEvent: {}
[3.510170] (-) TimerEvent: {}
[3.610562] (-) TimerEvent: {}
[3.710959] (-) TimerEvent: {}
[3.811402] (-) TimerEvent: {}
[3.911772] (-) TimerEvent: {}
[4.012152] (-) TimerEvent: {}
[4.112477] (-) TimerEvent: {}
[4.212868] (-) TimerEvent: {}
[4.313301] (-) TimerEvent: {}
[4.413651] (-) TimerEvent: {}
[4.514042] (-) TimerEvent: {}
[4.614475] (-) TimerEvent: {}
[4.714894] (-) TimerEvent: {}
[4.815303] (-) TimerEvent: {}
[4.915626] (-) TimerEvent: {}
[5.016010] (-) TimerEvent: {}
[5.116407] (-) TimerEvent: {}
[5.216744] (-) TimerEvent: {}
[5.317154] (-) TimerEvent: {}
[5.417467] (-) TimerEvent: {}
[5.517848] (-) TimerEvent: {}
[5.618240] (-) TimerEvent: {}
[5.718646] (-) TimerEvent: {}
[5.819055] (-) TimerEvent: {}
[5.919372] (-) TimerEvent: {}
[6.019767] (-) TimerEvent: {}
[6.120149] (-) TimerEvent: {}
[6.220530] (-) TimerEvent: {}
[6.320931] (-) TimerEvent: {}
[6.421310] (-) TimerEvent: {}
[6.521608] (-) TimerEvent: {}
[6.621996] (-) TimerEvent: {}
[6.722394] (-) TimerEvent: {}
[6.822768] (-) TimerEvent: {}
[6.923117] (-) TimerEvent: {}
[7.023484] (-) TimerEvent: {}
[7.123797] (-) TimerEvent: {}
[7.224168] (-) TimerEvent: {}
[7.324551] (-) TimerEvent: {}
[7.424890] (-) TimerEvent: {}
[7.525263] (-) TimerEvent: {}
[7.625651] (-) TimerEvent: {}
[7.726072] (-) TimerEvent: {}
[7.826484] (-) TimerEvent: {}
[7.926901] (-) TimerEvent: {}
[8.027213] (-) TimerEvent: {}
[8.127568] (-) TimerEvent: {}
[8.227856] (-) TimerEvent: {}
[8.328263] (-) TimerEvent: {}
[8.428570] (-) TimerEvent: {}
[8.528973] (-) TimerEvent: {}
[8.629390] (-) TimerEvent: {}
[8.729771] (-) TimerEvent: {}
[8.830202] (-) TimerEvent: {}
[8.930486] (-) TimerEvent: {}
[9.030859] (-) TimerEvent: {}
[9.132484] (-) TimerEvent: {}
[9.232894] (-) TimerEvent: {}
[9.333272] (-) TimerEvent: {}
[9.433570] (-) TimerEvent: {}
[9.533972] (-) TimerEvent: {}
[9.634401] (-) TimerEvent: {}
[9.734769] (-) TimerEvent: {}
[9.781347] (cg_solver) StdoutLine: {'line': b'[100%] \x1b[32m\x1b[1mLinking CXX executable autonomous_navigator_node\x1b[0m\n'}
[9.834900] (-) TimerEvent: {}
[9.935297] (-) TimerEvent: {}
[10.035713] (-) TimerEvent: {}
[10.136118] (-) TimerEvent: {}
[10.236543] (-) TimerEvent: {}
[10.265064] (cg_solver) StdoutLine: {'line': b'[100%] Built target autonomous_navigator_node\n'}
[10.274172] (cg_solver) CommandEnded: {'returncode': 0}
[10.274749] (cg_solver) JobProgress: {'identifier': 'cg_solver', 'progress': 'install'}
[10.274996] (cg_solver) Command: {'cmd': ['/usr/bin/cmake', '--install', '/project_ws/build/cg_solver'], 'cwd': '/project_ws/build/cg_solver', 'env': OrderedDict([('HOSTNAME', 'fedora'), ('SHLVL', '1'), ('LD_LIBRARY_PATH', '/project_ws/install/cg_interfaces/lib:/opt/ros/humble/lib/x86_64-linux-gnu:/opt/ros/humble/lib'), ('HOME', '/'), ('ROS_PYTHON_VERSION', '3'), ('ROS_LOG_DIR', '/project_ws/log'), ('COLCON_PREFIX_PATH', '/project_ws/install'), ('ROS_DISTRO', 'humble'), ('_', '/usr/bin/colcon'), ('ROS_VERSION', '2'), ('TERM', 'xterm'), ('ROS_LOCALHOST_ONLY', '0'), ('PATH', '/opt/ros/humble/bin:/usr/local/sbin:/usr/local/bin:/usr/sbin:/usr/bin:/sbin:/bin'), ('DISPLAY', ':0'), ('LANG', 'C.UTF-8'), ('XAUTHORITY', '/tmp/.Xauthority'), ('AMENT_PREFIX_PATH', '/project_ws/install/cg_teleop:/project_ws/install/cg_solver:/project_ws/install/cg:/project_ws/install/cg_interfaces:/opt/ros/humble'), ('PWD', '/project_ws/build/cg_solver'), ('LC_ALL', 'C.UTF-8'), ('PYTHONPATH', '/project_ws/install/cg_teleop/lib/python3.10/site-packages:/project_ws/install/cg/lib/python3.10/site-packages:/project_ws/install/cg_interfaces/local/lib/python3.10/dist-packages:/opt/ros/humble/lib/python3.10/site-packages:/opt/ros/humble/local/lib/python3.10/dist-packages'), ('COLCON', '1'), ('CMAKE_PREFIX_PATH', '/project_ws/install/cg_interfaces:/project_ws/install/cg_solver:/project_ws/install/cg_teleop:/project_ws/install/cg:/opt/ros/humble')]), 'shell': False}
[10.281263] (cg_solver) StdoutLine: {'line': b'-- Install configuration: ""\n'}
[10.281431] (cg_solver) StdoutLine: {'line': b'-- Installing: /project_ws/install/cg_solver/lib/cg_solver/autonomous_navigator_node\n'}
[10.289160] (cg_solver) StdoutLine: {'line': b'-- Set runtime path of "/project_ws/install/cg_solver/lib/cg_solver/autonomous_navigator_node" to ""\n'}
[10.289304] (cg_solver) StdoutLine: {'line': b'-- Up-to-date: /project_ws/install/cg_solver/share/ament_index/resource_index/package_run_dependencies/cg_solver\n'}
[10.289388] (cg_solver) StdoutLine: {'line': b'-- Up-to-date: /project_ws/install/cg_solver/share/ament_index/resource_index/parent_prefix_path/cg_solver\n'}
[10.289466] (cg_solver) StdoutLine: {'line': b'-- Up-to-date: /project_ws/install/cg_solver/share/cg_solver/environment/ament_prefix_path.sh\n'}
[10.289546] (cg_solver) StdoutLine: {'line': b'-- Up-to-date: /project_ws/install/cg_solver/share/cg_solver/environment/ament_prefix_path.dsv\n'}
[10.289613] (cg_solver) StdoutLine: {'line': b'-- Up-to-date: /project_ws/install/cg_solver/share/cg_solver/environment/path.sh\n'}
[10.289678] (cg_solver) StdoutLine: {'line': b'-- Up-to-date: /project_ws/install/cg_solver/share/cg_solver/environment/path.dsv\n'}
[10.289731] (cg_solver) StdoutLine: {'line': b'-- Up-to-date: /project_ws/install/cg_solver/share/cg_solver/local_setup.bash\n'}
[10.289781] (cg_solver) StdoutLine: {'line': b'-- Up-to-date: /project_ws/install/cg_solver/share/cg_solver/local_setup.sh\n'}
[10.289831] (cg_solver) StdoutLine: {'line': b'-- Up-to-date: /project_ws/install/cg_solver/share/cg_solver/local_setup.zsh\n'}
[10.289901] (cg_solver) StdoutLine: {'line': b'-- Up-to-date: /project_ws/install/cg_solver/share/cg_solver/local_setup.dsv\n'}
[10.289979] (cg_solver) StdoutLine: {'line': b'-- Installing: /project_ws/install/cg_solver/share/cg_solver/package.dsv\n'}
[10.290047] (cg_solver) StdoutLine: {'line': b'-- Up-to-date: /project_ws/install/cg_solver/share/ament_index/resource_index/packages/cg_solver\n'}
[10.290108] (cg_solver) StdoutLine: {'line': b'-- Up-to-date: /project_ws/install/cg_solver/share/cg_solver/cmake/cg_solverConfig.cmake\n'}
[10.290171] (cg_solver) StdoutLine: {'line': b'-- Up-to-date: /project_ws/install/cg_solver/share/cg_solver/cmake/cg_solverConfig-version.cmake\n'}
[10.290228] (cg_solver) StdoutLine: {'line': b'-- Up-to-date: /project_ws/install/cg_solver/share/cg_solver/package.xml\n'}
[10.292006] (cg_solver) CommandEnded: {'returncode': 0}
[10.303226] (cg_solver) JobEnded: {'identifier': 'cg_solver', 'rc': 0}
[10.303861] (-) EventReactorShutdown: {}
