[0.433s] Invoking command in '/project_ws/src/cg_teleop': AMENT_PREFIX_PATH=/project_ws/install/cg_interfaces:${AMENT_PREFIX_PATH} CMAKE_PREFIX_PATH=/project_ws/install/cg_interfaces LD_LIBRARY_PATH=/project_ws/install/cg_interfaces/lib:${LD_LIBRARY_PATH} PYTHONPATH=/project_ws/build/cg_teleop/prefix_override:/usr/lib/python3/dist-packages/colcon_core/task/python/colcon_distutils_commands:/project_ws/install/cg_teleop/lib/python3.10/site-packages:/project_ws/install/cg_interfaces/local/lib/python3.10/dist-packages:${PYTHONPATH} /usr/bin/python3 -W ignore:setup.py install is deprecated -W ignore:easy_install command is deprecated setup.py egg_info --egg-base ../../build/cg_teleop build --build-base /project_ws/build/cg_teleop/build install --record /project_ws/build/cg_teleop/install.log --single-version-externally-managed install_data
[0.542s] running egg_info
[0.543s] writing ../../build/cg_teleop/cg_teleop.egg-info/PKG-INFO
[0.543s] writing dependency_links to ../../build/cg_teleop/cg_teleop.egg-info/dependency_links.txt
[0.543s] writing entry points to ../../build/cg_teleop/cg_teleop.egg-info/entry_points.txt
[0.543s] writing requirements to ../../build/cg_teleop/cg_teleop.egg-info/requires.txt
[0.543s] writing top-level names to ../../build/cg_teleop/cg_teleop.egg-info/top_level.txt
[0.544s] reading manifest file '../../build/cg_teleop/cg_teleop.egg-info/SOURCES.txt'
[0.545s] writing manifest file '../../build/cg_teleop/cg_teleop.egg-info/SOURCES.txt'
[0.545s] running build
[0.545s] running build_py
[0.545s] running install
[0.545s] running install_lib
[0.546s] running install_data
[0.546s] running install_egg_info
[0.549s] removing '/project_ws/install/cg_teleop/lib/python3.10/site-packages/cg_teleop-0.0.0-py3.10.egg-info' (and everything under it)
[0.549s] Copying ../../build/cg_teleop/cg_teleop.egg-info to /project_ws/install/cg_teleop/lib/python3.10/site-packages/cg_teleop-0.0.0-py3.10.egg-info
[0.550s] running install_scripts
[0.563s] Installing teleop_keyboard script to /project_ws/install/cg_teleop/lib/cg_teleop
[0.563s] writing list of installed files to '/project_ws/build/cg_teleop/install.log'
[0.582s] Invoked command in '/project_ws/src/cg_teleop' returned '0': AMENT_PREFIX_PATH=/project_ws/install/cg_interfaces:${AMENT_PREFIX_PATH} CMAKE_PREFIX_PATH=/project_ws/install/cg_interfaces LD_LIBRARY_PATH=/project_ws/install/cg_interfaces/lib:${LD_LIBRARY_PATH} PYTHONPATH=/project_ws/build/cg_teleop/prefix_override:/usr/lib/python3/dist-packages/colcon_core/task/python/colcon_distutils_commands:/project_ws/install/cg_teleop/lib/python3.10/site-packages:/project_ws/install/cg_interfaces/local/lib/python3.10/dist-packages:${PYTHONPATH} /usr/bin/python3 -W ignore:setup.py install is deprecated -W ignore:easy_install command is deprecated setup.py egg_info --egg-base ../../build/cg_teleop build --build-base /project_ws/build/cg_teleop/build install --record /project_ws/build/cg_teleop/install.log --single-version-externally-managed install_data
