[0.010s] Invoking command in '/project_ws/build/cg_solver': CMAKE_PREFIX_PATH=/project_ws/install/cg_interfaces:/project_ws/install/cg_solver:/project_ws/install/cg_teleop:/project_ws/install/cg:/opt/ros/humble /usr/bin/cmake --build /project_ws/build/cg_solver -- -j8 -l8
[0.044s] [ 50%] [32mBuilding CXX object CMakeFiles/autonomous_navigator_node.dir/src/autonomous_navigator_node.cpp.o[0m
[6.492s] [100%] [32m[1mLinking CXX executable autonomous_navigator_node[0m
[6.817s] [100%] Built target autonomous_navigator_node
[6.823s] Invoked command in '/project_ws/build/cg_solver' returned '0': CMAKE_PREFIX_PATH=/project_ws/install/cg_interfaces:/project_ws/install/cg_solver:/project_ws/install/cg_teleop:/project_ws/install/cg:/opt/ros/humble /usr/bin/cmake --build /project_ws/build/cg_solver -- -j8 -l8
[6.829s] Invoking command in '/project_ws/build/cg_solver': CMAKE_PREFIX_PATH=/project_ws/install/cg_interfaces:/project_ws/install/cg_solver:/project_ws/install/cg_teleop:/project_ws/install/cg:/opt/ros/humble /usr/bin/cmake --install /project_ws/build/cg_solver
[6.834s] -- Install configuration: ""
[6.834s] -- Installing: /project_ws/install/cg_solver/lib/cg_solver/autonomous_navigator_node
[6.841s] -- Set runtime path of "/project_ws/install/cg_solver/lib/cg_solver/autonomous_navigator_node" to ""
[6.841s] -- Up-to-date: /project_ws/install/cg_solver/share/ament_index/resource_index/package_run_dependencies/cg_solver
[6.841s] -- Up-to-date: /project_ws/install/cg_solver/share/ament_index/resource_index/parent_prefix_path/cg_solver
[6.842s] -- Up-to-date: /project_ws/install/cg_solver/share/cg_solver/environment/ament_prefix_path.sh
[6.842s] -- Up-to-date: /project_ws/install/cg_solver/share/cg_solver/environment/ament_prefix_path.dsv
[6.842s] -- Up-to-date: /project_ws/install/cg_solver/share/cg_solver/environment/path.sh
[6.842s] -- Up-to-date: /project_ws/install/cg_solver/share/cg_solver/environment/path.dsv
[6.842s] -- Up-to-date: /project_ws/install/cg_solver/share/cg_solver/local_setup.bash
[6.842s] -- Up-to-date: /project_ws/install/cg_solver/share/cg_solver/local_setup.sh
[6.842s] -- Up-to-date: /project_ws/install/cg_solver/share/cg_solver/local_setup.zsh
[6.842s] -- Up-to-date: /project_ws/install/cg_solver/share/cg_solver/local_setup.dsv
[6.842s] -- Installing: /project_ws/install/cg_solver/share/cg_solver/package.dsv
[6.842s] -- Up-to-date: /project_ws/install/cg_solver/share/ament_index/resource_index/packages/cg_solver
[6.842s] -- Up-to-date: /project_ws/install/cg_solver/share/cg_solver/cmake/cg_solverConfig.cmake
[6.842s] -- Up-to-date: /project_ws/install/cg_solver/share/cg_solver/cmake/cg_solverConfig-version.cmake
[6.842s] -- Up-to-date: /project_ws/install/cg_solver/share/cg_solver/package.xml
[6.843s] Invoked command in '/project_ws/build/cg_solver' returned '0': CMAKE_PREFIX_PATH=/project_ws/install/cg_interfaces:/project_ws/install/cg_solver:/project_ws/install/cg_teleop:/project_ws/install/cg:/opt/ros/humble /usr/bin/cmake --install /project_ws/build/cg_solver
