[0.025s] Invoking command in '/home/gabrielmartins/Documents/github/ponderada_ros/build/cg': CMAKE_PREFIX_PATH=/home/gabrielmartins/Documents/github/ponderada_ros/install/cg_interfaces:/home/gabrielmartins/Documents/github/ponderada_ros/install/cg:/usr/lib64/ros-jazzy/opt/orocos_kdl_vendor:/usr/lib64/ros-jazzy/opt/gz_math_vendor:/usr/lib64/ros-jazzy/opt/gz_utils_vendor:/usr/lib64/ros-jazzy/opt/gz_cmake_vendor:/usr/lib64/ros-jazzy:/home/gabrielmartins/Documents/github/ponderada_ros/install/cg_teleop CONDA_PROMPT_MODIFIER=(ros_env) DEBUGINFOD_URLS=https://debuginfod.fedoraproject.org/ PYTHONPATH=/home/gabrielmartins/Documents/github/ponderada_ros/install/cg_interfaces/lib/python3.13/site-packages:/home/gabrielmartins/Documents/github/ponderada_ros/install/my-test-package/lib/python3.13/site-packages:/home/gabrielmartins/Documents/github/ponderada_ros/install/cg_teleop/lib/python3.13/site-packages:/home/gabrielmartins/Documents/github/ponderada_ros/install/cg/lib/python3.13/site-packages:/usr/lib64/ros-jazzy/lib/python3.13/dist-packages:/usr/lib64/ros-jazzy/lib/python3.13/site-packages:/home/gabrielmartins/m/envs/ros_env/lib/python/site-packages:/home/gabrielmartins/m/envs/ros_env/lib/python3.12/site-packages _=/usr/bin/env /usr/bin/cmake --build /home/gabrielmartins/Documents/github/ponderada_ros/build/cg -- -j8 -l8
[0.060s] -- Found ament_cmake: 2.5.4 (/usr/lib64/ros-jazzy/share/ament_cmake/cmake)
[0.294s] -- Found rclcpp: 28.1.12 (/usr/lib64/ros-jazzy/share/rclcpp/cmake)
[0.316s] -- Found rosidl_generator_c: 4.6.6 (/usr/lib64/ros-jazzy/share/rosidl_generator_c/cmake)
[0.325s] -- Found rosidl_generator_cpp: 4.6.6 (/usr/lib64/ros-jazzy/share/rosidl_generator_cpp/cmake)
[0.336s] -- Using all available rosidl_typesupport_c: rosidl_typesupport_fastrtps_c;rosidl_typesupport_introspection_c
[0.349s] -- Using all available rosidl_typesupport_cpp: rosidl_typesupport_fastrtps_cpp;rosidl_typesupport_introspection_cpp
[0.415s] -- Found rmw_implementation_cmake: 7.3.2 (/usr/lib64/ros-jazzy/share/rmw_implementation_cmake/cmake)
[0.417s] -- Found rmw_fastrtps_cpp: 8.4.3 (/usr/lib64/ros-jazzy/share/rmw_fastrtps_cpp/cmake)
[0.513s] -- Using RMW implementation 'rmw_fastrtps_cpp' as default
[0.576s] -- Found cg_interfaces: 0.0.0 (/home/gabrielmartins/Documents/github/ponderada_ros/install/cg_interfaces/share/cg_interfaces/cmake)
[0.752s] -- Configuring done (0.7s)
[0.767s] -- Generating done (0.0s)
[0.770s] -- Build files have been written to: /home/gabrielmartins/Documents/github/ponderada_ros/build/cg
[0.824s] [ 50%] [32mBuilding CXX object CMakeFiles/cg_autonomous_navigator.dir/cg_autonomous_navigator.cpp.o[0m
[11.771s] [100%] [32m[1mLinking CXX executable cg_autonomous_navigator[0m
[11.899s] [100%] Built target cg_autonomous_navigator
[11.908s] Invoked command in '/home/gabrielmartins/Documents/github/ponderada_ros/build/cg' returned '0': CMAKE_PREFIX_PATH=/home/gabrielmartins/Documents/github/ponderada_ros/install/cg_interfaces:/home/gabrielmartins/Documents/github/ponderada_ros/install/cg:/usr/lib64/ros-jazzy/opt/orocos_kdl_vendor:/usr/lib64/ros-jazzy/opt/gz_math_vendor:/usr/lib64/ros-jazzy/opt/gz_utils_vendor:/usr/lib64/ros-jazzy/opt/gz_cmake_vendor:/usr/lib64/ros-jazzy:/home/gabrielmartins/Documents/github/ponderada_ros/install/cg_teleop CONDA_PROMPT_MODIFIER=(ros_env) DEBUGINFOD_URLS=https://debuginfod.fedoraproject.org/ PYTHONPATH=/home/gabrielmartins/Documents/github/ponderada_ros/install/cg_interfaces/lib/python3.13/site-packages:/home/gabrielmartins/Documents/github/ponderada_ros/install/my-test-package/lib/python3.13/site-packages:/home/gabrielmartins/Documents/github/ponderada_ros/install/cg_teleop/lib/python3.13/site-packages:/home/gabrielmartins/Documents/github/ponderada_ros/install/cg/lib/python3.13/site-packages:/usr/lib64/ros-jazzy/lib/python3.13/dist-packages:/usr/lib64/ros-jazzy/lib/python3.13/site-packages:/home/gabrielmartins/m/envs/ros_env/lib/python/site-packages:/home/gabrielmartins/m/envs/ros_env/lib/python3.12/site-packages _=/usr/bin/env /usr/bin/cmake --build /home/gabrielmartins/Documents/github/ponderada_ros/build/cg -- -j8 -l8
[11.910s] Invoking command in '/home/gabrielmartins/Documents/github/ponderada_ros/build/cg': CMAKE_PREFIX_PATH=/home/gabrielmartins/Documents/github/ponderada_ros/install/cg_interfaces:/home/gabrielmartins/Documents/github/ponderada_ros/install/cg:/usr/lib64/ros-jazzy/opt/orocos_kdl_vendor:/usr/lib64/ros-jazzy/opt/gz_math_vendor:/usr/lib64/ros-jazzy/opt/gz_utils_vendor:/usr/lib64/ros-jazzy/opt/gz_cmake_vendor:/usr/lib64/ros-jazzy:/home/gabrielmartins/Documents/github/ponderada_ros/install/cg_teleop CONDA_PROMPT_MODIFIER=(ros_env) DEBUGINFOD_URLS=https://debuginfod.fedoraproject.org/ PYTHONPATH=/home/gabrielmartins/Documents/github/ponderada_ros/install/cg_interfaces/lib/python3.13/site-packages:/home/gabrielmartins/Documents/github/ponderada_ros/install/my-test-package/lib/python3.13/site-packages:/home/gabrielmartins/Documents/github/ponderada_ros/install/cg_teleop/lib/python3.13/site-packages:/home/gabrielmartins/Documents/github/ponderada_ros/install/cg/lib/python3.13/site-packages:/usr/lib64/ros-jazzy/lib/python3.13/dist-packages:/usr/lib64/ros-jazzy/lib/python3.13/site-packages:/home/gabrielmartins/m/envs/ros_env/lib/python/site-packages:/home/gabrielmartins/m/envs/ros_env/lib/python3.12/site-packages _=/usr/bin/env /usr/bin/cmake --install /home/gabrielmartins/Documents/github/ponderada_ros/build/cg
[11.916s] -- Install configuration: ""
[11.916s] -- Installing: /home/gabrielmartins/Documents/github/ponderada_ros/install/cg/lib/cg/cg_autonomous_navigator
[11.919s] -- Set non-toolchain portion of runtime path of "/home/gabrielmartins/Documents/github/ponderada_ros/install/cg/lib/cg/cg_autonomous_navigator" to ""
[11.919s] -- Installing: /home/gabrielmartins/Documents/github/ponderada_ros/install/cg/lib/cg/maze.py
[11.920s] -- Installing: /home/gabrielmartins/Documents/github/ponderada_ros/install/cg/lib/cg/maze
[11.920s] -- Up-to-date: /home/gabrielmartins/Documents/github/ponderada_ros/install/cg/lib/python3.13/site-packages/cg
[11.920s] -- Up-to-date: /home/gabrielmartins/Documents/github/ponderada_ros/install/cg/lib/python3.13/site-packages/cg/Editor.py
[11.920s] -- Installing: /home/gabrielmartins/Documents/github/ponderada_ros/install/cg/lib/python3.13/site-packages/cg/Game.py
[11.920s] -- Up-to-date: /home/gabrielmartins/Documents/github/ponderada_ros/install/cg/lib/python3.13/site-packages/cg/Maze.py
[11.920s] -- Up-to-date: /home/gabrielmartins/Documents/github/ponderada_ros/install/cg/lib/python3.13/site-packages/cg/Robot.py
[11.920s] -- Up-to-date: /home/gabrielmartins/Documents/github/ponderada_ros/install/cg/lib/python3.13/site-packages/cg/Utils
[11.920s] -- Up-to-date: /home/gabrielmartins/Documents/github/ponderada_ros/install/cg/lib/python3.13/site-packages/cg/Utils/Csv.py
[11.920s] -- Up-to-date: /home/gabrielmartins/Documents/github/ponderada_ros/install/cg/lib/python3.13/site-packages/cg/Utils/Finders.py
[11.920s] -- Up-to-date: /home/gabrielmartins/Documents/github/ponderada_ros/install/cg/lib/python3.13/site-packages/cg/Utils/Grid.py
[11.921s] -- Up-to-date: /home/gabrielmartins/Documents/github/ponderada_ros/install/cg/lib/python3.13/site-packages/cg/Utils/Screen.py
[11.921s] -- Up-to-date: /home/gabrielmartins/Documents/github/ponderada_ros/install/cg/lib/python3.13/site-packages/cg/Utils/__init__.py
[11.921s] -- Up-to-date: /home/gabrielmartins/Documents/github/ponderada_ros/install/cg/lib/python3.13/site-packages/cg/Utils/__pycache__
[11.921s] -- Up-to-date: /home/gabrielmartins/Documents/github/ponderada_ros/install/cg/lib/python3.13/site-packages/cg/__init__.py
[11.921s] -- Up-to-date: /home/gabrielmartins/Documents/github/ponderada_ros/install/cg/lib/python3.13/site-packages/cg/main.py
[11.921s] -- Up-to-date: /home/gabrielmartins/Documents/github/ponderada_ros/install/cg/lib/python3.13/site-packages/cg/teste.py
[11.921s] -- Up-to-date: /home/gabrielmartins/Documents/github/ponderada_ros/install/cg/lib/python3.13/site-packages/cg/__pycache__
[11.921s] -- Up-to-date: /home/gabrielmartins/Documents/github/ponderada_ros/install/cg/lib/python3.13/site-packages/cg/cg_autonomous_navigator.py
[11.921s] -- Up-to-date: /home/gabrielmartins/Documents/github/ponderada_ros/install/cg/lib/python3.13/site-packages/cg/log
[11.921s] -- Up-to-date: /home/gabrielmartins/Documents/github/ponderada_ros/install/cg/lib/python3.13/site-packages/cg/log/build_2025-11-23_20-45-25
[11.922s] -- Up-to-date: /home/gabrielmartins/Documents/github/ponderada_ros/install/cg/lib/python3.13/site-packages/cg/log/latest_build
[11.922s] -- Up-to-date: /home/gabrielmartins/Documents/github/ponderada_ros/install/cg/lib/python3.13/site-packages/cg/log/latest
[11.922s] -- Up-to-date: /home/gabrielmartins/Documents/github/ponderada_ros/install/cg/lib/python3.13/site-packages/cg/build
[11.922s] -- Up-to-date: /home/gabrielmartins/Documents/github/ponderada_ros/install/cg/lib/python3.13/site-packages/cg/install
[11.922s] -- Up-to-date: /home/gabrielmartins/Documents/github/ponderada_ros/install/cg/lib/python3.13/site-packages/cg/install/_local_setup_util_ps1.py
[11.922s] -- Up-to-date: /home/gabrielmartins/Documents/github/ponderada_ros/install/cg/lib/python3.13/site-packages/cg/install/_local_setup_util_sh.py
[11.922s] -- Up-to-date: /home/gabrielmartins/Documents/github/ponderada_ros/install/cg/share/cg/maps
[11.922s] -- Up-to-date: /home/gabrielmartins/Documents/github/ponderada_ros/install/cg/share/cg/maps/1.csv
[11.922s] -- Up-to-date: /home/gabrielmartins/Documents/github/ponderada_ros/install/cg/share/cg/maps/10.csv
[11.922s] -- Up-to-date: /home/gabrielmartins/Documents/github/ponderada_ros/install/cg/share/cg/maps/2.csv
[11.922s] -- Up-to-date: /home/gabrielmartins/Documents/github/ponderada_ros/install/cg/share/cg/maps/3.csv
[11.922s] -- Up-to-date: /home/gabrielmartins/Documents/github/ponderada_ros/install/cg/share/cg/maps/4.csv
[11.923s] -- Up-to-date: /home/gabrielmartins/Documents/github/ponderada_ros/install/cg/share/cg/maps/5.csv
[11.923s] -- Up-to-date: /home/gabrielmartins/Documents/github/ponderada_ros/install/cg/share/cg/maps/6.csv
[11.923s] -- Up-to-date: /home/gabrielmartins/Documents/github/ponderada_ros/install/cg/share/cg/maps/7.csv
[11.923s] -- Up-to-date: /home/gabrielmartins/Documents/github/ponderada_ros/install/cg/share/cg/maps/8.csv
[11.923s] -- Up-to-date: /home/gabrielmartins/Documents/github/ponderada_ros/install/cg/share/cg/maps/9.csv
[11.923s] -- Up-to-date: /home/gabrielmartins/Documents/github/ponderada_ros/install/cg/share/cg/maps/test.csv
[11.923s] -- Up-to-date: /home/gabrielmartins/Documents/github/ponderada_ros/install/cg/share/cg/lobotomy_kaisen
[11.923s] -- Up-to-date: /home/gabrielmartins/Documents/github/ponderada_ros/install/cg/share/cg/lobotomy_kaisen/brain_damage.jpg
[11.923s] -- Up-to-date: /home/gabrielmartins/Documents/github/ponderada_ros/install/cg/share/cg/lobotomy_kaisen/cinema.jpg
[11.923s] -- Up-to-date: /home/gabrielmartins/Documents/github/ponderada_ros/install/cg/share/cg/lobotomy_kaisen/cook.jpg
[11.923s] -- Up-to-date: /home/gabrielmartins/Documents/github/ponderada_ros/install/cg/share/cg/lobotomy_kaisen/dabura.png
[11.923s] -- Up-to-date: /home/gabrielmartins/Documents/github/ponderada_ros/install/cg/share/cg/lobotomy_kaisen/dies_from_peak.jpg
[11.923s] -- Up-to-date: /home/gabrielmartins/Documents/github/ponderada_ros/install/cg/share/cg/lobotomy_kaisen/fax.jpg
[11.923s] -- Up-to-date: /home/gabrielmartins/Documents/github/ponderada_ros/install/cg/share/cg/lobotomy_kaisen/fax3.jpg
[11.924s] -- Up-to-date: /home/gabrielmartins/Documents/github/ponderada_ros/install/cg/share/cg/lobotomy_kaisen/freddy.jpg
[11.924s] -- Up-to-date: /home/gabrielmartins/Documents/github/ponderada_ros/install/cg/share/cg/lobotomy_kaisen/goatjo.jpg
[11.924s] -- Up-to-date: /home/gabrielmartins/Documents/github/ponderada_ros/install/cg/share/cg/lobotomy_kaisen/idwin.jpg
[11.924s] -- Up-to-date: /home/gabrielmartins/Documents/github/ponderada_ros/install/cg/share/cg/lobotomy_kaisen/megumi.jpg
[11.924s] -- Up-to-date: /home/gabrielmartins/Documents/github/ponderada_ros/install/cg/share/cg/lobotomy_kaisen/mental_damage.jpg
[11.924s] -- Up-to-date: /home/gabrielmartins/Documents/github/ponderada_ros/install/cg/share/cg/lobotomy_kaisen/mou.jpg
[11.924s] -- Up-to-date: /home/gabrielmartins/Documents/github/ponderada_ros/install/cg/share/cg/lobotomy_kaisen/potential_man.jpg
[11.924s] -- Up-to-date: /home/gabrielmartins/Documents/github/ponderada_ros/install/cg/share/cg/lobotomy_kaisen/remembered.jpg
[11.924s] -- Up-to-date: /home/gabrielmartins/Documents/github/ponderada_ros/install/cg/share/cg/lobotomy_kaisen/shibuya.jpeg
[11.924s] -- Up-to-date: /home/gabrielmartins/Documents/github/ponderada_ros/install/cg/share/cg/lobotomy_kaisen/suksuk.jpg
[11.925s] -- Up-to-date: /home/gabrielmartins/Documents/github/ponderada_ros/install/cg/share/cg/lobotomy_kaisen/wuji.jpg
[11.925s] -- Up-to-date: /home/gabrielmartins/Documents/github/ponderada_ros/install/cg/share/ament_index/resource_index/package_run_dependencies/cg
[11.925s] -- Up-to-date: /home/gabrielmartins/Documents/github/ponderada_ros/install/cg/share/ament_index/resource_index/parent_prefix_path/cg
[11.926s] -- Up-to-date: /home/gabrielmartins/Documents/github/ponderada_ros/install/cg/share/cg/environment/ament_prefix_path.sh
[11.926s] -- Up-to-date: /home/gabrielmartins/Documents/github/ponderada_ros/install/cg/share/cg/environment/ament_prefix_path.dsv
[11.926s] -- Up-to-date: /home/gabrielmartins/Documents/github/ponderada_ros/install/cg/share/cg/environment/path.sh
[11.926s] -- Up-to-date: /home/gabrielmartins/Documents/github/ponderada_ros/install/cg/share/cg/environment/path.dsv
[11.926s] -- Up-to-date: /home/gabrielmartins/Documents/github/ponderada_ros/install/cg/share/cg/local_setup.bash
[11.926s] -- Up-to-date: /home/gabrielmartins/Documents/github/ponderada_ros/install/cg/share/cg/local_setup.sh
[11.926s] -- Up-to-date: /home/gabrielmartins/Documents/github/ponderada_ros/install/cg/share/cg/local_setup.zsh
[11.926s] -- Up-to-date: /home/gabrielmartins/Documents/github/ponderada_ros/install/cg/share/cg/local_setup.dsv
[11.926s] -- Installing: /home/gabrielmartins/Documents/github/ponderada_ros/install/cg/share/cg/package.dsv
[11.927s] -- Up-to-date: /home/gabrielmartins/Documents/github/ponderada_ros/install/cg/share/ament_index/resource_index/packages/cg
[11.927s] -- Up-to-date: /home/gabrielmartins/Documents/github/ponderada_ros/install/cg/share/cg/cmake/cgConfig.cmake
[11.927s] -- Up-to-date: /home/gabrielmartins/Documents/github/ponderada_ros/install/cg/share/cg/cmake/cgConfig-version.cmake
[11.927s] -- Installing: /home/gabrielmartins/Documents/github/ponderada_ros/install/cg/share/cg/package.xml
[11.927s] Invoked command in '/home/gabrielmartins/Documents/github/ponderada_ros/build/cg' returned '0': CMAKE_PREFIX_PATH=/home/gabrielmartins/Documents/github/ponderada_ros/install/cg_interfaces:/home/gabrielmartins/Documents/github/ponderada_ros/install/cg:/usr/lib64/ros-jazzy/opt/orocos_kdl_vendor:/usr/lib64/ros-jazzy/opt/gz_math_vendor:/usr/lib64/ros-jazzy/opt/gz_utils_vendor:/usr/lib64/ros-jazzy/opt/gz_cmake_vendor:/usr/lib64/ros-jazzy:/home/gabrielmartins/Documents/github/ponderada_ros/install/cg_teleop CONDA_PROMPT_MODIFIER=(ros_env) DEBUGINFOD_URLS=https://debuginfod.fedoraproject.org/ PYTHONPATH=/home/gabrielmartins/Documents/github/ponderada_ros/install/cg_interfaces/lib/python3.13/site-packages:/home/gabrielmartins/Documents/github/ponderada_ros/install/my-test-package/lib/python3.13/site-packages:/home/gabrielmartins/Documents/github/ponderada_ros/install/cg_teleop/lib/python3.13/site-packages:/home/gabrielmartins/Documents/github/ponderada_ros/install/cg/lib/python3.13/site-packages:/usr/lib64/ros-jazzy/lib/python3.13/dist-packages:/usr/lib64/ros-jazzy/lib/python3.13/site-packages:/home/gabrielmartins/m/envs/ros_env/lib/python/site-packages:/home/gabrielmartins/m/envs/ros_env/lib/python3.12/site-packages _=/usr/bin/env /usr/bin/cmake --install /home/gabrielmartins/Documents/github/ponderada_ros/build/cg
