[0.623s] Invoking command in '/project_ws/src/cg_teleop': CMAKE_PREFIX_PATH=/project_ws/install/cg_interfaces:/project_ws/install/cg_solver PYTHONPATH=/project_ws/build/cg_teleop/prefix_override:/usr/lib/python3/dist-packages/colcon_core/task/python/colcon_distutils_commands:/project_ws/install/cg_teleop/lib/python3.10/site-packages:${PYTHONPATH} /usr/bin/python3 -W ignore:setup.py install is deprecated -W ignore:easy_install command is deprecated setup.py egg_info --egg-base ../../build/cg_teleop build --build-base /project_ws/build/cg_teleop/build install --record /project_ws/build/cg_teleop/install.log --single-version-externally-managed install_data
[0.786s] running egg_info
[0.786s] writing ../../build/cg_teleop/cg_teleop.egg-info/PKG-INFO
[0.787s] writing dependency_links to ../../build/cg_teleop/cg_teleop.egg-info/dependency_links.txt
[0.787s] writing entry points to ../../build/cg_teleop/cg_teleop.egg-info/entry_points.txt
[0.787s] writing requirements to ../../build/cg_teleop/cg_teleop.egg-info/requires.txt
[0.787s] writing top-level names to ../../build/cg_teleop/cg_teleop.egg-info/top_level.txt
[0.789s] reading manifest file '../../build/cg_teleop/cg_teleop.egg-info/SOURCES.txt'
[0.790s] writing manifest file '../../build/cg_teleop/cg_teleop.egg-info/SOURCES.txt'
[0.790s] running build
[0.790s] running build_py
[0.791s] running install
[0.791s] running install_lib
[0.792s] running install_data
[0.792s] running install_egg_info
[0.796s] removing '/project_ws/install/cg_teleop/lib/python3.10/site-packages/cg_teleop-0.0.0-py3.10.egg-info' (and everything under it)
[0.796s] Copying ../../build/cg_teleop/cg_teleop.egg-info to /project_ws/install/cg_teleop/lib/python3.10/site-packages/cg_teleop-0.0.0-py3.10.egg-info
[0.797s] running install_scripts
[0.817s] Installing teleop_keyboard script to /project_ws/install/cg_teleop/lib/cg_teleop
[0.817s] writing list of installed files to '/project_ws/build/cg_teleop/install.log'
[0.847s] Invoked command in '/project_ws/src/cg_teleop' returned '0': CMAKE_PREFIX_PATH=/project_ws/install/cg_interfaces:/project_ws/install/cg_solver PYTHONPATH=/project_ws/build/cg_teleop/prefix_override:/usr/lib/python3/dist-packages/colcon_core/task/python/colcon_distutils_commands:/project_ws/install/cg_teleop/lib/python3.10/site-packages:${PYTHONPATH} /usr/bin/python3 -W ignore:setup.py install is deprecated -W ignore:easy_install command is deprecated setup.py egg_info --egg-base ../../build/cg_teleop build --build-base /project_ws/build/cg_teleop/build install --record /project_ws/build/cg_teleop/install.log --single-version-externally-managed install_data
