[0.026s] Invoking command in '/home/gabrielmartins/Documents/github/ponderada_ros/build/cg_interfaces': CMAKE_PREFIX_PATH=${CMAKE_PREFIX_PATH}:/home/gabrielmartins/Documents/github/ponderada_ros/install/cg_teleop CONDA_PROMPT_MODIFIER=(ros_env) DEBUGINFOD_URLS=https://debuginfod.fedoraproject.org/ _=/usr/bin/env /usr/bin/cmake --build /home/gabrielmartins/Documents/github/ponderada_ros/build/cg_interfaces -- -j8 -l8
[0.078s] [  1%] Built target cg_interfaces__rosidl_generator_type_description
[0.087s] [  1%] Built target ament_cmake_python_copy_cg_interfaces
[0.099s] [  3%] Built target cg_interfaces__cpp
[0.100s] [ 25%] Built target cg_interfaces__rosidl_generator_c
[0.132s] [ 48%] Built target cg_interfaces__rosidl_typesupport_c
[0.133s] [ 48%] Built target cg_interfaces__rosidl_typesupport_introspection_cpp
[0.134s] [ 53%] Built target cg_interfaces__rosidl_typesupport_cpp
[0.135s] [ 62%] Built target cg_interfaces__rosidl_typesupport_introspection_c
[0.137s] [ 71%] Built target cg_interfaces__rosidl_typesupport_fastrtps_c
[0.158s] [ 81%] Built target cg_interfaces__rosidl_typesupport_fastrtps_cpp
[0.177s] [ 81%] Built target cg_interfaces
[0.196s] [ 82%] Built target cg_interfaces__py
[0.221s] [ 90%] Built target cg_interfaces__rosidl_generator_py
[0.246s] [ 96%] Built target cg_interfaces_s__rosidl_typesupport_c
[0.246s] [ 96%] Built target cg_interfaces_s__rosidl_typesupport_introspection_c
[0.250s] [100%] Built target cg_interfaces_s__rosidl_typesupport_fastrtps_c
[0.441s] running egg_info
[0.463s] writing cg_interfaces.egg-info/PKG-INFO
[0.463s] writing dependency_links to cg_interfaces.egg-info/dependency_links.txt
[0.463s] writing top-level names to cg_interfaces.egg-info/top_level.txt
[0.522s] reading manifest file 'cg_interfaces.egg-info/SOURCES.txt'
[0.523s] writing manifest file 'cg_interfaces.egg-info/SOURCES.txt'
[0.557s] [100%] Built target ament_cmake_python_build_cg_interfaces_egg
[0.569s] Invoked command in '/home/gabrielmartins/Documents/github/ponderada_ros/build/cg_interfaces' returned '0': CMAKE_PREFIX_PATH=${CMAKE_PREFIX_PATH}:/home/gabrielmartins/Documents/github/ponderada_ros/install/cg_teleop CONDA_PROMPT_MODIFIER=(ros_env) DEBUGINFOD_URLS=https://debuginfod.fedoraproject.org/ _=/usr/bin/env /usr/bin/cmake --build /home/gabrielmartins/Documents/github/ponderada_ros/build/cg_interfaces -- -j8 -l8
[0.578s] Invoking command in '/home/gabrielmartins/Documents/github/ponderada_ros/build/cg_interfaces': CMAKE_PREFIX_PATH=${CMAKE_PREFIX_PATH}:/home/gabrielmartins/Documents/github/ponderada_ros/install/cg_teleop CONDA_PROMPT_MODIFIER=(ros_env) DEBUGINFOD_URLS=https://debuginfod.fedoraproject.org/ _=/usr/bin/env /usr/bin/cmake --install /home/gabrielmartins/Documents/github/ponderada_ros/build/cg_interfaces
[0.585s] -- Install configuration: ""
[0.586s] -- Up-to-date: /home/gabrielmartins/Documents/github/ponderada_ros/install/cg_interfaces/share/ament_index/resource_index/rosidl_interfaces/cg_interfaces
[0.586s] -- Up-to-date: /home/gabrielmartins/Documents/github/ponderada_ros/install/cg_interfaces/share/cg_interfaces/srv/MoveCmd.json
[0.586s] -- Up-to-date: /home/gabrielmartins/Documents/github/ponderada_ros/install/cg_interfaces/share/cg_interfaces/srv/GetMap.json
[0.586s] -- Up-to-date: /home/gabrielmartins/Documents/github/ponderada_ros/install/cg_interfaces/share/cg_interfaces/msg/RobotSensors.json
[0.586s] -- Up-to-date: /home/gabrielmartins/Documents/github/ponderada_ros/install/cg_interfaces/share/cg_interfaces/srv/Reset.json
[0.586s] -- Up-to-date: /home/gabrielmartins/Documents/github/ponderada_ros/install/cg_interfaces/include/cg_interfaces/cg_interfaces
[0.586s] -- Up-to-date: /home/gabrielmartins/Documents/github/ponderada_ros/install/cg_interfaces/include/cg_interfaces/cg_interfaces/msg
[0.586s] -- Up-to-date: /home/gabrielmartins/Documents/github/ponderada_ros/install/cg_interfaces/include/cg_interfaces/cg_interfaces/msg/rosidl_generator_c__visibility_control.h
[0.587s] -- Up-to-date: /home/gabrielmartins/Documents/github/ponderada_ros/install/cg_interfaces/include/cg_interfaces/cg_interfaces/msg/robot_sensors.h
[0.587s] -- Up-to-date: /home/gabrielmartins/Documents/github/ponderada_ros/install/cg_interfaces/include/cg_interfaces/cg_interfaces/msg/detail
[0.587s] -- Up-to-date: /home/gabrielmartins/Documents/github/ponderada_ros/install/cg_interfaces/include/cg_interfaces/cg_interfaces/msg/detail/robot_sensors__description.c
[0.587s] -- Up-to-date: /home/gabrielmartins/Documents/github/ponderada_ros/install/cg_interfaces/include/cg_interfaces/cg_interfaces/msg/detail/robot_sensors__functions.c
[0.587s] -- Up-to-date: /home/gabrielmartins/Documents/github/ponderada_ros/install/cg_interfaces/include/cg_interfaces/cg_interfaces/msg/detail/robot_sensors__functions.h
[0.587s] -- Up-to-date: /home/gabrielmartins/Documents/github/ponderada_ros/install/cg_interfaces/include/cg_interfaces/cg_interfaces/msg/detail/robot_sensors__struct.h
[0.587s] -- Up-to-date: /home/gabrielmartins/Documents/github/ponderada_ros/install/cg_interfaces/include/cg_interfaces/cg_interfaces/msg/detail/robot_sensors__type_support.c
[0.587s] -- Up-to-date: /home/gabrielmartins/Documents/github/ponderada_ros/install/cg_interfaces/include/cg_interfaces/cg_interfaces/msg/detail/robot_sensors__type_support.h
[0.587s] -- Up-to-date: /home/gabrielmartins/Documents/github/ponderada_ros/install/cg_interfaces/include/cg_interfaces/cg_interfaces/srv
[0.587s] -- Up-to-date: /home/gabrielmartins/Documents/github/ponderada_ros/install/cg_interfaces/include/cg_interfaces/cg_interfaces/srv/move_cmd.h
[0.587s] -- Up-to-date: /home/gabrielmartins/Documents/github/ponderada_ros/install/cg_interfaces/include/cg_interfaces/cg_interfaces/srv/detail
[0.587s] -- Up-to-date: /home/gabrielmartins/Documents/github/ponderada_ros/install/cg_interfaces/include/cg_interfaces/cg_interfaces/srv/detail/move_cmd__description.c
[0.587s] -- Up-to-date: /home/gabrielmartins/Documents/github/ponderada_ros/install/cg_interfaces/include/cg_interfaces/cg_interfaces/srv/detail/move_cmd__functions.c
[0.587s] -- Up-to-date: /home/gabrielmartins/Documents/github/ponderada_ros/install/cg_interfaces/include/cg_interfaces/cg_interfaces/srv/detail/move_cmd__functions.h
[0.587s] -- Up-to-date: /home/gabrielmartins/Documents/github/ponderada_ros/install/cg_interfaces/include/cg_interfaces/cg_interfaces/srv/detail/move_cmd__struct.h
[0.587s] -- Up-to-date: /home/gabrielmartins/Documents/github/ponderada_ros/install/cg_interfaces/include/cg_interfaces/cg_interfaces/srv/detail/move_cmd__type_support.c
[0.588s] -- Up-to-date: /home/gabrielmartins/Documents/github/ponderada_ros/install/cg_interfaces/include/cg_interfaces/cg_interfaces/srv/detail/move_cmd__type_support.h
[0.588s] -- Up-to-date: /home/gabrielmartins/Documents/github/ponderada_ros/install/cg_interfaces/include/cg_interfaces/cg_interfaces/srv/detail/get_map__description.c
[0.588s] -- Up-to-date: /home/gabrielmartins/Documents/github/ponderada_ros/install/cg_interfaces/include/cg_interfaces/cg_interfaces/srv/detail/get_map__functions.c
[0.588s] -- Up-to-date: /home/gabrielmartins/Documents/github/ponderada_ros/install/cg_interfaces/include/cg_interfaces/cg_interfaces/srv/detail/get_map__functions.h
[0.588s] -- Up-to-date: /home/gabrielmartins/Documents/github/ponderada_ros/install/cg_interfaces/include/cg_interfaces/cg_interfaces/srv/detail/get_map__struct.h
[0.588s] -- Up-to-date: /home/gabrielmartins/Documents/github/ponderada_ros/install/cg_interfaces/include/cg_interfaces/cg_interfaces/srv/detail/get_map__type_support.c
[0.588s] -- Up-to-date: /home/gabrielmartins/Documents/github/ponderada_ros/install/cg_interfaces/include/cg_interfaces/cg_interfaces/srv/detail/get_map__type_support.h
[0.588s] -- Up-to-date: /home/gabrielmartins/Documents/github/ponderada_ros/install/cg_interfaces/include/cg_interfaces/cg_interfaces/srv/detail/reset__description.c
[0.588s] -- Up-to-date: /home/gabrielmartins/Documents/github/ponderada_ros/install/cg_interfaces/include/cg_interfaces/cg_interfaces/srv/detail/reset__functions.c
[0.588s] -- Up-to-date: /home/gabrielmartins/Documents/github/ponderada_ros/install/cg_interfaces/include/cg_interfaces/cg_interfaces/srv/detail/reset__functions.h
[0.588s] -- Up-to-date: /home/gabrielmartins/Documents/github/ponderada_ros/install/cg_interfaces/include/cg_interfaces/cg_interfaces/srv/detail/reset__struct.h
[0.588s] -- Up-to-date: /home/gabrielmartins/Documents/github/ponderada_ros/install/cg_interfaces/include/cg_interfaces/cg_interfaces/srv/detail/reset__type_support.c
[0.588s] -- Up-to-date: /home/gabrielmartins/Documents/github/ponderada_ros/install/cg_interfaces/include/cg_interfaces/cg_interfaces/srv/detail/reset__type_support.h
[0.588s] -- Up-to-date: /home/gabrielmartins/Documents/github/ponderada_ros/install/cg_interfaces/include/cg_interfaces/cg_interfaces/srv/get_map.h
[0.588s] -- Up-to-date: /home/gabrielmartins/Documents/github/ponderada_ros/install/cg_interfaces/include/cg_interfaces/cg_interfaces/srv/reset.h
[0.588s] -- Up-to-date: /home/gabrielmartins/Documents/github/ponderada_ros/install/cg_interfaces/share/cg_interfaces/environment/library_path.sh
[0.589s] -- Up-to-date: /home/gabrielmartins/Documents/github/ponderada_ros/install/cg_interfaces/share/cg_interfaces/environment/library_path.dsv
[0.589s] -- Installing: /home/gabrielmartins/Documents/github/ponderada_ros/install/cg_interfaces/lib/libcg_interfaces__rosidl_generator_c.so
[0.589s] -- Set non-toolchain portion of runtime path of "/home/gabrielmartins/Documents/github/ponderada_ros/install/cg_interfaces/lib/libcg_interfaces__rosidl_generator_c.so" to ""
[0.589s] -- Up-to-date: /home/gabrielmartins/Documents/github/ponderada_ros/install/cg_interfaces/include/cg_interfaces/cg_interfaces
[0.590s] -- Up-to-date: /home/gabrielmartins/Documents/github/ponderada_ros/install/cg_interfaces/include/cg_interfaces/cg_interfaces/msg
[0.590s] -- Up-to-date: /home/gabrielmartins/Documents/github/ponderada_ros/install/cg_interfaces/include/cg_interfaces/cg_interfaces/msg/rosidl_typesupport_fastrtps_c__visibility_control.h
[0.590s] -- Up-to-date: /home/gabrielmartins/Documents/github/ponderada_ros/install/cg_interfaces/include/cg_interfaces/cg_interfaces/msg/detail
[0.590s] -- Up-to-date: /home/gabrielmartins/Documents/github/ponderada_ros/install/cg_interfaces/include/cg_interfaces/cg_interfaces/msg/detail/robot_sensors__rosidl_typesupport_fastrtps_c.h
[0.590s] -- Up-to-date: /home/gabrielmartins/Documents/github/ponderada_ros/install/cg_interfaces/include/cg_interfaces/cg_interfaces/srv
[0.590s] -- Up-to-date: /home/gabrielmartins/Documents/github/ponderada_ros/install/cg_interfaces/include/cg_interfaces/cg_interfaces/srv/detail
[0.590s] -- Up-to-date: /home/gabrielmartins/Documents/github/ponderada_ros/install/cg_interfaces/include/cg_interfaces/cg_interfaces/srv/detail/move_cmd__rosidl_typesupport_fastrtps_c.h
[0.590s] -- Up-to-date: /home/gabrielmartins/Documents/github/ponderada_ros/install/cg_interfaces/include/cg_interfaces/cg_interfaces/srv/detail/get_map__rosidl_typesupport_fastrtps_c.h
[0.590s] -- Up-to-date: /home/gabrielmartins/Documents/github/ponderada_ros/install/cg_interfaces/include/cg_interfaces/cg_interfaces/srv/detail/reset__rosidl_typesupport_fastrtps_c.h
[0.591s] -- Installing: /home/gabrielmartins/Documents/github/ponderada_ros/install/cg_interfaces/lib/libcg_interfaces__rosidl_typesupport_fastrtps_c.so
[0.591s] -- Set non-toolchain portion of runtime path of "/home/gabrielmartins/Documents/github/ponderada_ros/install/cg_interfaces/lib/libcg_interfaces__rosidl_typesupport_fastrtps_c.so" to ""
[0.591s] -- Up-to-date: /home/gabrielmartins/Documents/github/ponderada_ros/install/cg_interfaces/include/cg_interfaces/cg_interfaces
[0.591s] -- Up-to-date: /home/gabrielmartins/Documents/github/ponderada_ros/install/cg_interfaces/include/cg_interfaces/cg_interfaces/msg
[0.591s] -- Up-to-date: /home/gabrielmartins/Documents/github/ponderada_ros/install/cg_interfaces/include/cg_interfaces/cg_interfaces/msg/rosidl_typesupport_introspection_c__visibility_control.h
[0.591s] -- Up-to-date: /home/gabrielmartins/Documents/github/ponderada_ros/install/cg_interfaces/include/cg_interfaces/cg_interfaces/msg/detail
[0.591s] -- Up-to-date: /home/gabrielmartins/Documents/github/ponderada_ros/install/cg_interfaces/include/cg_interfaces/cg_interfaces/msg/detail/robot_sensors__rosidl_typesupport_introspection_c.h
[0.591s] -- Up-to-date: /home/gabrielmartins/Documents/github/ponderada_ros/install/cg_interfaces/include/cg_interfaces/cg_interfaces/msg/detail/robot_sensors__type_support.c
[0.592s] -- Up-to-date: /home/gabrielmartins/Documents/github/ponderada_ros/install/cg_interfaces/include/cg_interfaces/cg_interfaces/srv
[0.592s] -- Up-to-date: /home/gabrielmartins/Documents/github/ponderada_ros/install/cg_interfaces/include/cg_interfaces/cg_interfaces/srv/detail
[0.592s] -- Up-to-date: /home/gabrielmartins/Documents/github/ponderada_ros/install/cg_interfaces/include/cg_interfaces/cg_interfaces/srv/detail/move_cmd__rosidl_typesupport_introspection_c.h
[0.592s] -- Up-to-date: /home/gabrielmartins/Documents/github/ponderada_ros/install/cg_interfaces/include/cg_interfaces/cg_interfaces/srv/detail/move_cmd__type_support.c
[0.592s] -- Up-to-date: /home/gabrielmartins/Documents/github/ponderada_ros/install/cg_interfaces/include/cg_interfaces/cg_interfaces/srv/detail/get_map__rosidl_typesupport_introspection_c.h
[0.592s] -- Up-to-date: /home/gabrielmartins/Documents/github/ponderada_ros/install/cg_interfaces/include/cg_interfaces/cg_interfaces/srv/detail/get_map__type_support.c
[0.592s] -- Up-to-date: /home/gabrielmartins/Documents/github/ponderada_ros/install/cg_interfaces/include/cg_interfaces/cg_interfaces/srv/detail/reset__rosidl_typesupport_introspection_c.h
[0.592s] -- Up-to-date: /home/gabrielmartins/Documents/github/ponderada_ros/install/cg_interfaces/include/cg_interfaces/cg_interfaces/srv/detail/reset__type_support.c
[0.592s] -- Installing: /home/gabrielmartins/Documents/github/ponderada_ros/install/cg_interfaces/lib/libcg_interfaces__rosidl_typesupport_introspection_c.so
[0.592s] -- Set non-toolchain portion of runtime path of "/home/gabrielmartins/Documents/github/ponderada_ros/install/cg_interfaces/lib/libcg_interfaces__rosidl_typesupport_introspection_c.so" to ""
[0.593s] -- Installing: /home/gabrielmartins/Documents/github/ponderada_ros/install/cg_interfaces/lib/libcg_interfaces__rosidl_typesupport_c.so
[0.593s] -- Set non-toolchain portion of runtime path of "/home/gabrielmartins/Documents/github/ponderada_ros/install/cg_interfaces/lib/libcg_interfaces__rosidl_typesupport_c.so" to ""
[0.593s] -- Up-to-date: /home/gabrielmartins/Documents/github/ponderada_ros/install/cg_interfaces/include/cg_interfaces/cg_interfaces
[0.593s] -- Up-to-date: /home/gabrielmartins/Documents/github/ponderada_ros/install/cg_interfaces/include/cg_interfaces/cg_interfaces/msg
[0.593s] -- Up-to-date: /home/gabrielmartins/Documents/github/ponderada_ros/install/cg_interfaces/include/cg_interfaces/cg_interfaces/msg/rosidl_generator_cpp__visibility_control.hpp
[0.593s] -- Up-to-date: /home/gabrielmartins/Documents/github/ponderada_ros/install/cg_interfaces/include/cg_interfaces/cg_interfaces/msg/robot_sensors.hpp
[0.593s] -- Up-to-date: /home/gabrielmartins/Documents/github/ponderada_ros/install/cg_interfaces/include/cg_interfaces/cg_interfaces/msg/detail
[0.593s] -- Up-to-date: /home/gabrielmartins/Documents/github/ponderada_ros/install/cg_interfaces/include/cg_interfaces/cg_interfaces/msg/detail/robot_sensors__builder.hpp
[0.594s] -- Up-to-date: /home/gabrielmartins/Documents/github/ponderada_ros/install/cg_interfaces/include/cg_interfaces/cg_interfaces/msg/detail/robot_sensors__struct.hpp
[0.594s] -- Up-to-date: /home/gabrielmartins/Documents/github/ponderada_ros/install/cg_interfaces/include/cg_interfaces/cg_interfaces/msg/detail/robot_sensors__traits.hpp
[0.594s] -- Up-to-date: /home/gabrielmartins/Documents/github/ponderada_ros/install/cg_interfaces/include/cg_interfaces/cg_interfaces/msg/detail/robot_sensors__type_support.hpp
[0.594s] -- Up-to-date: /home/gabrielmartins/Documents/github/ponderada_ros/install/cg_interfaces/include/cg_interfaces/cg_interfaces/srv
[0.594s] -- Up-to-date: /home/gabrielmartins/Documents/github/ponderada_ros/install/cg_interfaces/include/cg_interfaces/cg_interfaces/srv/move_cmd.hpp
[0.594s] -- Up-to-date: /home/gabrielmartins/Documents/github/ponderada_ros/install/cg_interfaces/include/cg_interfaces/cg_interfaces/srv/detail
[0.594s] -- Up-to-date: /home/gabrielmartins/Documents/github/ponderada_ros/install/cg_interfaces/include/cg_interfaces/cg_interfaces/srv/detail/move_cmd__builder.hpp
[0.594s] -- Up-to-date: /home/gabrielmartins/Documents/github/ponderada_ros/install/cg_interfaces/include/cg_interfaces/cg_interfaces/srv/detail/move_cmd__struct.hpp
[0.594s] -- Up-to-date: /home/gabrielmartins/Documents/github/ponderada_ros/install/cg_interfaces/include/cg_interfaces/cg_interfaces/srv/detail/move_cmd__traits.hpp
[0.594s] -- Up-to-date: /home/gabrielmartins/Documents/github/ponderada_ros/install/cg_interfaces/include/cg_interfaces/cg_interfaces/srv/detail/move_cmd__type_support.hpp
[0.594s] -- Up-to-date: /home/gabrielmartins/Documents/github/ponderada_ros/install/cg_interfaces/include/cg_interfaces/cg_interfaces/srv/detail/get_map__builder.hpp
[0.594s] -- Up-to-date: /home/gabrielmartins/Documents/github/ponderada_ros/install/cg_interfaces/include/cg_interfaces/cg_interfaces/srv/detail/get_map__struct.hpp
[0.594s] -- Up-to-date: /home/gabrielmartins/Documents/github/ponderada_ros/install/cg_interfaces/include/cg_interfaces/cg_interfaces/srv/detail/get_map__traits.hpp
[0.595s] -- Up-to-date: /home/gabrielmartins/Documents/github/ponderada_ros/install/cg_interfaces/include/cg_interfaces/cg_interfaces/srv/detail/get_map__type_support.hpp
[0.595s] -- Up-to-date: /home/gabrielmartins/Documents/github/ponderada_ros/install/cg_interfaces/include/cg_interfaces/cg_interfaces/srv/detail/reset__builder.hpp
[0.595s] -- Up-to-date: /home/gabrielmartins/Documents/github/ponderada_ros/install/cg_interfaces/include/cg_interfaces/cg_interfaces/srv/detail/reset__struct.hpp
[0.595s] -- Up-to-date: /home/gabrielmartins/Documents/github/ponderada_ros/install/cg_interfaces/include/cg_interfaces/cg_interfaces/srv/detail/reset__traits.hpp
[0.595s] -- Up-to-date: /home/gabrielmartins/Documents/github/ponderada_ros/install/cg_interfaces/include/cg_interfaces/cg_interfaces/srv/detail/reset__type_support.hpp
[0.595s] -- Up-to-date: /home/gabrielmartins/Documents/github/ponderada_ros/install/cg_interfaces/include/cg_interfaces/cg_interfaces/srv/get_map.hpp
[0.595s] -- Up-to-date: /home/gabrielmartins/Documents/github/ponderada_ros/install/cg_interfaces/include/cg_interfaces/cg_interfaces/srv/reset.hpp
[0.595s] -- Up-to-date: /home/gabrielmartins/Documents/github/ponderada_ros/install/cg_interfaces/include/cg_interfaces/cg_interfaces
[0.595s] -- Up-to-date: /home/gabrielmartins/Documents/github/ponderada_ros/install/cg_interfaces/include/cg_interfaces/cg_interfaces/msg
[0.595s] -- Up-to-date: /home/gabrielmartins/Documents/github/ponderada_ros/install/cg_interfaces/include/cg_interfaces/cg_interfaces/msg/rosidl_typesupport_fastrtps_cpp__visibility_control.h
[0.595s] -- Up-to-date: /home/gabrielmartins/Documents/github/ponderada_ros/install/cg_interfaces/include/cg_interfaces/cg_interfaces/msg/detail
[0.595s] -- Up-to-date: /home/gabrielmartins/Documents/github/ponderada_ros/install/cg_interfaces/include/cg_interfaces/cg_interfaces/msg/detail/robot_sensors__rosidl_typesupport_fastrtps_cpp.hpp
[0.596s] -- Up-to-date: /home/gabrielmartins/Documents/github/ponderada_ros/install/cg_interfaces/include/cg_interfaces/cg_interfaces/msg/detail/dds_fastrtps
[0.596s] -- Up-to-date: /home/gabrielmartins/Documents/github/ponderada_ros/install/cg_interfaces/include/cg_interfaces/cg_interfaces/srv
[0.596s] -- Up-to-date: /home/gabrielmartins/Documents/github/ponderada_ros/install/cg_interfaces/include/cg_interfaces/cg_interfaces/srv/detail
[0.596s] -- Up-to-date: /home/gabrielmartins/Documents/github/ponderada_ros/install/cg_interfaces/include/cg_interfaces/cg_interfaces/srv/detail/move_cmd__rosidl_typesupport_fastrtps_cpp.hpp
[0.596s] -- Up-to-date: /home/gabrielmartins/Documents/github/ponderada_ros/install/cg_interfaces/include/cg_interfaces/cg_interfaces/srv/detail/dds_fastrtps
[0.596s] -- Up-to-date: /home/gabrielmartins/Documents/github/ponderada_ros/install/cg_interfaces/include/cg_interfaces/cg_interfaces/srv/detail/get_map__rosidl_typesupport_fastrtps_cpp.hpp
[0.596s] -- Up-to-date: /home/gabrielmartins/Documents/github/ponderada_ros/install/cg_interfaces/include/cg_interfaces/cg_interfaces/srv/detail/reset__rosidl_typesupport_fastrtps_cpp.hpp
[0.596s] -- Installing: /home/gabrielmartins/Documents/github/ponderada_ros/install/cg_interfaces/lib/libcg_interfaces__rosidl_typesupport_fastrtps_cpp.so
[0.596s] -- Set non-toolchain portion of runtime path of "/home/gabrielmartins/Documents/github/ponderada_ros/install/cg_interfaces/lib/libcg_interfaces__rosidl_typesupport_fastrtps_cpp.so" to ""
[0.596s] -- Up-to-date: /home/gabrielmartins/Documents/github/ponderada_ros/install/cg_interfaces/include/cg_interfaces/cg_interfaces
[0.597s] -- Up-to-date: /home/gabrielmartins/Documents/github/ponderada_ros/install/cg_interfaces/include/cg_interfaces/cg_interfaces/srv
[0.597s] -- Up-to-date: /home/gabrielmartins/Documents/github/ponderada_ros/install/cg_interfaces/include/cg_interfaces/cg_interfaces/srv/detail
[0.597s] -- Up-to-date: /home/gabrielmartins/Documents/github/ponderada_ros/install/cg_interfaces/include/cg_interfaces/cg_interfaces/srv/detail/move_cmd__rosidl_typesupport_introspection_cpp.hpp
[0.597s] -- Up-to-date: /home/gabrielmartins/Documents/github/ponderada_ros/install/cg_interfaces/include/cg_interfaces/cg_interfaces/srv/detail/move_cmd__type_support.cpp
[0.597s] -- Up-to-date: /home/gabrielmartins/Documents/github/ponderada_ros/install/cg_interfaces/include/cg_interfaces/cg_interfaces/srv/detail/get_map__rosidl_typesupport_introspection_cpp.hpp
[0.597s] -- Up-to-date: /home/gabrielmartins/Documents/github/ponderada_ros/install/cg_interfaces/include/cg_interfaces/cg_interfaces/srv/detail/get_map__type_support.cpp
[0.597s] -- Up-to-date: /home/gabrielmartins/Documents/github/ponderada_ros/install/cg_interfaces/include/cg_interfaces/cg_interfaces/srv/detail/reset__rosidl_typesupport_introspection_cpp.hpp
[0.597s] -- Up-to-date: /home/gabrielmartins/Documents/github/ponderada_ros/install/cg_interfaces/include/cg_interfaces/cg_interfaces/srv/detail/reset__type_support.cpp
[0.597s] -- Up-to-date: /home/gabrielmartins/Documents/github/ponderada_ros/install/cg_interfaces/include/cg_interfaces/cg_interfaces/msg
[0.598s] -- Up-to-date: /home/gabrielmartins/Documents/github/ponderada_ros/install/cg_interfaces/include/cg_interfaces/cg_interfaces/msg/detail
[0.598s] -- Up-to-date: /home/gabrielmartins/Documents/github/ponderada_ros/install/cg_interfaces/include/cg_interfaces/cg_interfaces/msg/detail/robot_sensors__rosidl_typesupport_introspection_cpp.hpp
[0.598s] -- Up-to-date: /home/gabrielmartins/Documents/github/ponderada_ros/install/cg_interfaces/include/cg_interfaces/cg_interfaces/msg/detail/robot_sensors__type_support.cpp
[0.598s] -- Installing: /home/gabrielmartins/Documents/github/ponderada_ros/install/cg_interfaces/lib/libcg_interfaces__rosidl_typesupport_introspection_cpp.so
[0.598s] -- Set non-toolchain portion of runtime path of "/home/gabrielmartins/Documents/github/ponderada_ros/install/cg_interfaces/lib/libcg_interfaces__rosidl_typesupport_introspection_cpp.so" to ""
[0.598s] -- Installing: /home/gabrielmartins/Documents/github/ponderada_ros/install/cg_interfaces/lib/libcg_interfaces__rosidl_typesupport_cpp.so
[0.598s] -- Set non-toolchain portion of runtime path of "/home/gabrielmartins/Documents/github/ponderada_ros/install/cg_interfaces/lib/libcg_interfaces__rosidl_typesupport_cpp.so" to ""
[0.598s] -- Up-to-date: /home/gabrielmartins/Documents/github/ponderada_ros/install/cg_interfaces/share/cg_interfaces/environment/pythonpath.sh
[0.599s] -- Up-to-date: /home/gabrielmartins/Documents/github/ponderada_ros/install/cg_interfaces/share/cg_interfaces/environment/pythonpath.dsv
[0.599s] -- Up-to-date: /home/gabrielmartins/Documents/github/ponderada_ros/install/cg_interfaces/lib/python3.13/site-packages/cg_interfaces-0.0.0-py3.13.egg-info
[0.599s] -- Installing: /home/gabrielmartins/Documents/github/ponderada_ros/install/cg_interfaces/lib/python3.13/site-packages/cg_interfaces-0.0.0-py3.13.egg-info/dependency_links.txt
[0.599s] -- Installing: /home/gabrielmartins/Documents/github/ponderada_ros/install/cg_interfaces/lib/python3.13/site-packages/cg_interfaces-0.0.0-py3.13.egg-info/top_level.txt
[0.599s] -- Installing: /home/gabrielmartins/Documents/github/ponderada_ros/install/cg_interfaces/lib/python3.13/site-packages/cg_interfaces-0.0.0-py3.13.egg-info/SOURCES.txt
[0.599s] -- Installing: /home/gabrielmartins/Documents/github/ponderada_ros/install/cg_interfaces/lib/python3.13/site-packages/cg_interfaces-0.0.0-py3.13.egg-info/PKG-INFO
[0.599s] -- Up-to-date: /home/gabrielmartins/Documents/github/ponderada_ros/install/cg_interfaces/lib/python3.13/site-packages/cg_interfaces
[0.599s] -- Up-to-date: /home/gabrielmartins/Documents/github/ponderada_ros/install/cg_interfaces/lib/python3.13/site-packages/cg_interfaces/__init__.py
[0.599s] -- Up-to-date: /home/gabrielmartins/Documents/github/ponderada_ros/install/cg_interfaces/lib/python3.13/site-packages/cg_interfaces/srv
[0.599s] -- Up-to-date: /home/gabrielmartins/Documents/github/ponderada_ros/install/cg_interfaces/lib/python3.13/site-packages/cg_interfaces/srv/_move_cmd.py
[0.599s] -- Up-to-date: /home/gabrielmartins/Documents/github/ponderada_ros/install/cg_interfaces/lib/python3.13/site-packages/cg_interfaces/srv/_move_cmd_s.c
[0.599s] -- Up-to-date: /home/gabrielmartins/Documents/github/ponderada_ros/install/cg_interfaces/lib/python3.13/site-packages/cg_interfaces/srv/_get_map.py
[0.599s] -- Up-to-date: /home/gabrielmartins/Documents/github/ponderada_ros/install/cg_interfaces/lib/python3.13/site-packages/cg_interfaces/srv/_get_map_s.c
[0.599s] -- Up-to-date: /home/gabrielmartins/Documents/github/ponderada_ros/install/cg_interfaces/lib/python3.13/site-packages/cg_interfaces/srv/_reset.py
[0.599s] -- Up-to-date: /home/gabrielmartins/Documents/github/ponderada_ros/install/cg_interfaces/lib/python3.13/site-packages/cg_interfaces/srv/_reset_s.c
[0.599s] -- Up-to-date: /home/gabrielmartins/Documents/github/ponderada_ros/install/cg_interfaces/lib/python3.13/site-packages/cg_interfaces/srv/__init__.py
[0.600s] -- Up-to-date: /home/gabrielmartins/Documents/github/ponderada_ros/install/cg_interfaces/lib/python3.13/site-packages/cg_interfaces/msg
[0.600s] -- Up-to-date: /home/gabrielmartins/Documents/github/ponderada_ros/install/cg_interfaces/lib/python3.13/site-packages/cg_interfaces/msg/_robot_sensors.py
[0.600s] -- Up-to-date: /home/gabrielmartins/Documents/github/ponderada_ros/install/cg_interfaces/lib/python3.13/site-packages/cg_interfaces/msg/_robot_sensors_s.c
[0.600s] -- Up-to-date: /home/gabrielmartins/Documents/github/ponderada_ros/install/cg_interfaces/lib/python3.13/site-packages/cg_interfaces/msg/__init__.py
[0.600s] -- Up-to-date: /home/gabrielmartins/Documents/github/ponderada_ros/install/cg_interfaces/lib/python3.13/site-packages/cg_interfaces/_cg_interfaces_s.ep.rosidl_typesupport_fastrtps_c.c
[0.600s] -- Up-to-date: /home/gabrielmartins/Documents/github/ponderada_ros/install/cg_interfaces/lib/python3.13/site-packages/cg_interfaces/_cg_interfaces_s.ep.rosidl_typesupport_introspection_c.c
[0.600s] -- Up-to-date: /home/gabrielmartins/Documents/github/ponderada_ros/install/cg_interfaces/lib/python3.13/site-packages/cg_interfaces/_cg_interfaces_s.ep.rosidl_typesupport_c.c
[0.600s] -- Up-to-date: /home/gabrielmartins/Documents/github/ponderada_ros/install/cg_interfaces/lib/python3.13/site-packages/cg_interfaces/cg_interfaces_s__rosidl_typesupport_c.so
[0.600s] -- Up-to-date: /home/gabrielmartins/Documents/github/ponderada_ros/install/cg_interfaces/lib/python3.13/site-packages/cg_interfaces/cg_interfaces_s__rosidl_typesupport_introspection_c.so
[0.600s] -- Up-to-date: /home/gabrielmartins/Documents/github/ponderada_ros/install/cg_interfaces/lib/python3.13/site-packages/cg_interfaces/cg_interfaces_s__rosidl_typesupport_fastrtps_c.so
[0.636s] Listing '/home/gabrielmartins/Documents/github/ponderada_ros/install/cg_interfaces/lib/python3.13/site-packages/cg_interfaces'...
[0.636s] Listing '/home/gabrielmartins/Documents/github/ponderada_ros/install/cg_interfaces/lib/python3.13/site-packages/cg_interfaces/msg'...
[0.636s] Listing '/home/gabrielmartins/Documents/github/ponderada_ros/install/cg_interfaces/lib/python3.13/site-packages/cg_interfaces/srv'...
[0.641s] -- Installing: /home/gabrielmartins/Documents/github/ponderada_ros/install/cg_interfaces/lib/python3.13/site-packages/cg_interfaces/cg_interfaces_s__rosidl_typesupport_fastrtps_c.so
[0.641s] -- Set non-toolchain portion of runtime path of "/home/gabrielmartins/Documents/github/ponderada_ros/install/cg_interfaces/lib/python3.13/site-packages/cg_interfaces/cg_interfaces_s__rosidl_typesupport_fastrtps_c.so" to ""
[0.642s] -- Installing: /home/gabrielmartins/Documents/github/ponderada_ros/install/cg_interfaces/lib/python3.13/site-packages/cg_interfaces/cg_interfaces_s__rosidl_typesupport_introspection_c.so
[0.642s] -- Set non-toolchain portion of runtime path of "/home/gabrielmartins/Documents/github/ponderada_ros/install/cg_interfaces/lib/python3.13/site-packages/cg_interfaces/cg_interfaces_s__rosidl_typesupport_introspection_c.so" to ""
[0.642s] -- Installing: /home/gabrielmartins/Documents/github/ponderada_ros/install/cg_interfaces/lib/python3.13/site-packages/cg_interfaces/cg_interfaces_s__rosidl_typesupport_c.so
[0.642s] -- Set non-toolchain portion of runtime path of "/home/gabrielmartins/Documents/github/ponderada_ros/install/cg_interfaces/lib/python3.13/site-packages/cg_interfaces/cg_interfaces_s__rosidl_typesupport_c.so" to ""
[0.643s] -- Installing: /home/gabrielmartins/Documents/github/ponderada_ros/install/cg_interfaces/lib/libcg_interfaces__rosidl_generator_py.so
[0.643s] -- Set non-toolchain portion of runtime path of "/home/gabrielmartins/Documents/github/ponderada_ros/install/cg_interfaces/lib/libcg_interfaces__rosidl_generator_py.so" to ""
[0.643s] -- Up-to-date: /home/gabrielmartins/Documents/github/ponderada_ros/install/cg_interfaces/share/cg_interfaces/srv/MoveCmd.idl
[0.644s] -- Up-to-date: /home/gabrielmartins/Documents/github/ponderada_ros/install/cg_interfaces/share/cg_interfaces/srv/GetMap.idl
[0.644s] -- Up-to-date: /home/gabrielmartins/Documents/github/ponderada_ros/install/cg_interfaces/share/cg_interfaces/msg/RobotSensors.idl
[0.644s] -- Up-to-date: /home/gabrielmartins/Documents/github/ponderada_ros/install/cg_interfaces/share/cg_interfaces/srv/Reset.idl
[0.644s] -- Up-to-date: /home/gabrielmartins/Documents/github/ponderada_ros/install/cg_interfaces/share/cg_interfaces/srv/MoveCmd.srv
[0.644s] -- Up-to-date: /home/gabrielmartins/Documents/github/ponderada_ros/install/cg_interfaces/share/cg_interfaces/srv/GetMap.srv
[0.644s] -- Up-to-date: /home/gabrielmartins/Documents/github/ponderada_ros/install/cg_interfaces/share/cg_interfaces/msg/RobotSensors.msg
[0.644s] -- Up-to-date: /home/gabrielmartins/Documents/github/ponderada_ros/install/cg_interfaces/share/cg_interfaces/srv/Reset.srv
[0.645s] -- Up-to-date: /home/gabrielmartins/Documents/github/ponderada_ros/install/cg_interfaces/share/ament_index/resource_index/package_run_dependencies/cg_interfaces
[0.645s] -- Up-to-date: /home/gabrielmartins/Documents/github/ponderada_ros/install/cg_interfaces/share/ament_index/resource_index/parent_prefix_path/cg_interfaces
[0.645s] -- Up-to-date: /home/gabrielmartins/Documents/github/ponderada_ros/install/cg_interfaces/share/cg_interfaces/environment/ament_prefix_path.sh
[0.645s] -- Up-to-date: /home/gabrielmartins/Documents/github/ponderada_ros/install/cg_interfaces/share/cg_interfaces/environment/ament_prefix_path.dsv
[0.645s] -- Up-to-date: /home/gabrielmartins/Documents/github/ponderada_ros/install/cg_interfaces/share/cg_interfaces/environment/path.sh
[0.645s] -- Up-to-date: /home/gabrielmartins/Documents/github/ponderada_ros/install/cg_interfaces/share/cg_interfaces/environment/path.dsv
[0.645s] -- Up-to-date: /home/gabrielmartins/Documents/github/ponderada_ros/install/cg_interfaces/share/cg_interfaces/local_setup.bash
[0.645s] -- Up-to-date: /home/gabrielmartins/Documents/github/ponderada_ros/install/cg_interfaces/share/cg_interfaces/local_setup.sh
[0.645s] -- Up-to-date: /home/gabrielmartins/Documents/github/ponderada_ros/install/cg_interfaces/share/cg_interfaces/local_setup.zsh
[0.645s] -- Up-to-date: /home/gabrielmartins/Documents/github/ponderada_ros/install/cg_interfaces/share/cg_interfaces/local_setup.dsv
[0.645s] -- Installing: /home/gabrielmartins/Documents/github/ponderada_ros/install/cg_interfaces/share/cg_interfaces/package.dsv
[0.645s] -- Up-to-date: /home/gabrielmartins/Documents/github/ponderada_ros/install/cg_interfaces/share/ament_index/resource_index/packages/cg_interfaces
[0.646s] -- Up-to-date: /home/gabrielmartins/Documents/github/ponderada_ros/install/cg_interfaces/share/cg_interfaces/cmake/export_cg_interfaces__rosidl_generator_cExport.cmake
[0.646s] -- Up-to-date: /home/gabrielmartins/Documents/github/ponderada_ros/install/cg_interfaces/share/cg_interfaces/cmake/export_cg_interfaces__rosidl_generator_cExport-noconfig.cmake
[0.646s] -- Up-to-date: /home/gabrielmartins/Documents/github/ponderada_ros/install/cg_interfaces/share/cg_interfaces/cmake/export_cg_interfaces__rosidl_typesupport_fastrtps_cExport.cmake
[0.646s] -- Up-to-date: /home/gabrielmartins/Documents/github/ponderada_ros/install/cg_interfaces/share/cg_interfaces/cmake/export_cg_interfaces__rosidl_typesupport_fastrtps_cExport-noconfig.cmake
[0.646s] -- Up-to-date: /home/gabrielmartins/Documents/github/ponderada_ros/install/cg_interfaces/share/cg_interfaces/cmake/cg_interfaces__rosidl_typesupport_introspection_cExport.cmake
[0.646s] -- Up-to-date: /home/gabrielmartins/Documents/github/ponderada_ros/install/cg_interfaces/share/cg_interfaces/cmake/cg_interfaces__rosidl_typesupport_introspection_cExport-noconfig.cmake
[0.646s] -- Up-to-date: /home/gabrielmartins/Documents/github/ponderada_ros/install/cg_interfaces/share/cg_interfaces/cmake/cg_interfaces__rosidl_typesupport_cExport.cmake
[0.646s] -- Up-to-date: /home/gabrielmartins/Documents/github/ponderada_ros/install/cg_interfaces/share/cg_interfaces/cmake/cg_interfaces__rosidl_typesupport_cExport-noconfig.cmake
[0.646s] -- Up-to-date: /home/gabrielmartins/Documents/github/ponderada_ros/install/cg_interfaces/share/cg_interfaces/cmake/export_cg_interfaces__rosidl_generator_cppExport.cmake
[0.646s] -- Up-to-date: /home/gabrielmartins/Documents/github/ponderada_ros/install/cg_interfaces/share/cg_interfaces/cmake/export_cg_interfaces__rosidl_typesupport_fastrtps_cppExport.cmake
[0.646s] -- Up-to-date: /home/gabrielmartins/Documents/github/ponderada_ros/install/cg_interfaces/share/cg_interfaces/cmake/export_cg_interfaces__rosidl_typesupport_fastrtps_cppExport-noconfig.cmake
[0.646s] -- Up-to-date: /home/gabrielmartins/Documents/github/ponderada_ros/install/cg_interfaces/share/cg_interfaces/cmake/cg_interfaces__rosidl_typesupport_introspection_cppExport.cmake
[0.646s] -- Up-to-date: /home/gabrielmartins/Documents/github/ponderada_ros/install/cg_interfaces/share/cg_interfaces/cmake/cg_interfaces__rosidl_typesupport_introspection_cppExport-noconfig.cmake
[0.646s] -- Up-to-date: /home/gabrielmartins/Documents/github/ponderada_ros/install/cg_interfaces/share/cg_interfaces/cmake/cg_interfaces__rosidl_typesupport_cppExport.cmake
[0.647s] -- Up-to-date: /home/gabrielmartins/Documents/github/ponderada_ros/install/cg_interfaces/share/cg_interfaces/cmake/cg_interfaces__rosidl_typesupport_cppExport-noconfig.cmake
[0.647s] -- Up-to-date: /home/gabrielmartins/Documents/github/ponderada_ros/install/cg_interfaces/share/cg_interfaces/cmake/export_cg_interfaces__rosidl_generator_pyExport.cmake
[0.647s] -- Up-to-date: /home/gabrielmartins/Documents/github/ponderada_ros/install/cg_interfaces/share/cg_interfaces/cmake/export_cg_interfaces__rosidl_generator_pyExport-noconfig.cmake
[0.647s] -- Up-to-date: /home/gabrielmartins/Documents/github/ponderada_ros/install/cg_interfaces/share/cg_interfaces/cmake/rosidl_cmake-extras.cmake
[0.647s] -- Up-to-date: /home/gabrielmartins/Documents/github/ponderada_ros/install/cg_interfaces/share/cg_interfaces/cmake/ament_cmake_export_dependencies-extras.cmake
[0.647s] -- Up-to-date: /home/gabrielmartins/Documents/github/ponderada_ros/install/cg_interfaces/share/cg_interfaces/cmake/ament_cmake_export_include_directories-extras.cmake
[0.647s] -- Up-to-date: /home/gabrielmartins/Documents/github/ponderada_ros/install/cg_interfaces/share/cg_interfaces/cmake/ament_cmake_export_libraries-extras.cmake
[0.647s] -- Up-to-date: /home/gabrielmartins/Documents/github/ponderada_ros/install/cg_interfaces/share/cg_interfaces/cmake/ament_cmake_export_targets-extras.cmake
[0.647s] -- Up-to-date: /home/gabrielmartins/Documents/github/ponderada_ros/install/cg_interfaces/share/cg_interfaces/cmake/rosidl_cmake_export_typesupport_targets-extras.cmake
[0.647s] -- Up-to-date: /home/gabrielmartins/Documents/github/ponderada_ros/install/cg_interfaces/share/cg_interfaces/cmake/rosidl_cmake_export_typesupport_libraries-extras.cmake
[0.647s] -- Up-to-date: /home/gabrielmartins/Documents/github/ponderada_ros/install/cg_interfaces/share/cg_interfaces/cmake/cg_interfacesConfig.cmake
[0.647s] -- Up-to-date: /home/gabrielmartins/Documents/github/ponderada_ros/install/cg_interfaces/share/cg_interfaces/cmake/cg_interfacesConfig-version.cmake
[0.648s] -- Up-to-date: /home/gabrielmartins/Documents/github/ponderada_ros/install/cg_interfaces/share/cg_interfaces/package.xml
[0.648s] Invoked command in '/home/gabrielmartins/Documents/github/ponderada_ros/build/cg_interfaces' returned '0': CMAKE_PREFIX_PATH=${CMAKE_PREFIX_PATH}:/home/gabrielmartins/Documents/github/ponderada_ros/install/cg_teleop CONDA_PROMPT_MODIFIER=(ros_env) DEBUGINFOD_URLS=https://debuginfod.fedoraproject.org/ _=/usr/bin/env /usr/bin/cmake --install /home/gabrielmartins/Documents/github/ponderada_ros/build/cg_interfaces
