-- The C compiler identification is GNU 11.4.0
-- The CXX compiler identification is GNU 11.4.0
-- Detecting C compiler ABI info
-- Detecting C compiler ABI info - done
-- Check for working C compiler: /usr/bin/cc - skipped
-- Detecting C compile features
-- Detecting C compile features - done
-- Detecting CXX compiler ABI info
-- Detecting CXX compiler ABI info - done
-- Check for working CXX compiler: /usr/bin/c++ - skipped
-- Detecting CXX compile features
-- Detecting CXX compile features - done
-- Found ament_cmake: 1.3.12 (/opt/ros/humble/share/ament_cmake/cmake)
-- Found Python3: /usr/bin/python3 (found version "3.10.12") found components: Interpreter 
-- Found rosidl_default_generators: 1.2.0 (/opt/ros/humble/share/rosidl_default_generators/cmake)
-- Using all available rosidl_typesupport_c: rosidl_typesupport_fastrtps_c;rosidl_typesupport_introspection_c
-- Found rosidl_adapter: 3.1.7 (/opt/ros/humble/share/rosidl_adapter/cmake)
-- Using all available rosidl_typesupport_cpp: rosidl_typesupport_fastrtps_cpp;rosidl_typesupport_introspection_cpp
-- Found ament_cmake_ros: 0.10.0 (/opt/ros/humble/share/ament_cmake_ros/cmake)
-- Using all available rosidl_typesupport_c: rosidl_typesupport_fastrtps_c;rosidl_typesupport_introspection_c
-- Using all available rosidl_typesupport_cpp: rosidl_typesupport_fastrtps_cpp;rosidl_typesupport_introspection_cpp
-- Found PythonInterp: /usr/bin/python3 (found suitable version "3.10.12", minimum required is "3.6") 
-- Found python_cmake_module: 0.10.0 (/opt/ros/humble/share/python_cmake_module/cmake)
-- Found PythonLibs: /usr/lib/x86_64-linux-gnu/libpython3.10.so (found suitable version "3.10.12", minimum required is "3.5") 
-- Using PYTHON_EXECUTABLE: /usr/bin/python3
-- Using PYTHON_INCLUDE_DIRS: /usr/include/python3.10
-- Using PYTHON_LIBRARIES: /usr/lib/x86_64-linux-gnu/libpython3.10.so
-- Found PythonExtra: .so  
-- Configuring done
-- Generating done
-- Build files have been written to: /project_ws/build/cg_interfaces
[  1%] [34m[1mGenerating C code for ROS interfaces[0m
[  3%] [34m[1mGenerating C++ code for ROS interfaces[0m
[  3%] Built target ament_cmake_python_copy_cg_interfaces
running egg_info
creating cg_interfaces.egg-info
writing cg_interfaces.egg-info/PKG-INFO
writing dependency_links to cg_interfaces.egg-info/dependency_links.txt
writing top-level names to cg_interfaces.egg-info/top_level.txt
writing manifest file 'cg_interfaces.egg-info/SOURCES.txt'
reading manifest file 'cg_interfaces.egg-info/SOURCES.txt'
writing manifest file 'cg_interfaces.egg-info/SOURCES.txt'
[  3%] Built target ament_cmake_python_build_cg_interfaces_egg
[  3%] Built target cg_interfaces__cpp
[  9%] [34m[1mGenerating C++ type support dispatch for ROS interfaces[0m
[  9%] [34m[1mGenerating C++ type support for eProsima Fast-RTPS[0m
[  9%] [34m[1mGenerating C++ introspection for ROS interfaces[0m
[ 10%] [32mBuilding C object CMakeFiles/cg_interfaces__rosidl_generator_c.dir/rosidl_generator_c/cg_interfaces/srv/detail/get_map__functions.c.o[0m
[ 16%] [32mBuilding C object CMakeFiles/cg_interfaces__rosidl_generator_c.dir/rosidl_generator_c/cg_interfaces/srv/detail/move_cmd__functions.c.o[0m
[ 16%] [32mBuilding C object CMakeFiles/cg_interfaces__rosidl_generator_c.dir/rosidl_generator_c/cg_interfaces/srv/detail/reset__functions.c.o[0m
[ 16%] [32mBuilding C object CMakeFiles/cg_interfaces__rosidl_generator_c.dir/rosidl_generator_c/cg_interfaces/msg/detail/robot_sensors__functions.c.o[0m
[ 18%] [32m[1mLinking C shared library libcg_interfaces__rosidl_generator_c.so[0m
[ 18%] Built target cg_interfaces__rosidl_generator_c
[ 20%] [34m[1mGenerating C type support for eProsima Fast-RTPS[0m
[ 23%] [34m[1mGenerating C introspection for ROS interfaces[0m
[ 23%] [34m[1mGenerating C type support dispatch for ROS interfaces[0m
[ 29%] [32mBuilding CXX object CMakeFiles/cg_interfaces__rosidl_typesupport_cpp.dir/rosidl_typesupport_cpp/cg_interfaces/msg/robot_sensors__type_support.cpp.o[0m
[ 29%] [32mBuilding CXX object CMakeFiles/cg_interfaces__rosidl_typesupport_cpp.dir/rosidl_typesupport_cpp/cg_interfaces/srv/move_cmd__type_support.cpp.o[0m
[ 29%] [32mBuilding CXX object CMakeFiles/cg_interfaces__rosidl_typesupport_cpp.dir/rosidl_typesupport_cpp/cg_interfaces/srv/get_map__type_support.cpp.o[0m
[ 30%] [32mBuilding CXX object CMakeFiles/cg_interfaces__rosidl_typesupport_fastrtps_cpp.dir/rosidl_typesupport_fastrtps_cpp/cg_interfaces/srv/detail/dds_fastrtps/move_cmd__type_support.cpp.o[0m
[ 32%] [32mBuilding CXX object CMakeFiles/cg_interfaces__rosidl_typesupport_introspection_cpp.dir/rosidl_typesupport_introspection_cpp/cg_interfaces/srv/detail/move_cmd__type_support.cpp.o[0m
[ 34%] [32mBuilding CXX object CMakeFiles/cg_interfaces__rosidl_typesupport_introspection_cpp.dir/rosidl_typesupport_introspection_cpp/cg_interfaces/srv/detail/get_map__type_support.cpp.o[0m
[ 36%] [32mBuilding CXX object CMakeFiles/cg_interfaces__rosidl_typesupport_cpp.dir/rosidl_typesupport_cpp/cg_interfaces/srv/reset__type_support.cpp.o[0m
[ 38%] [32mBuilding CXX object CMakeFiles/cg_interfaces__rosidl_typesupport_c.dir/rosidl_typesupport_c/cg_interfaces/srv/move_cmd__type_support.cpp.o[0m
[ 40%] [32mBuilding CXX object CMakeFiles/cg_interfaces__rosidl_typesupport_c.dir/rosidl_typesupport_c/cg_interfaces/srv/get_map__type_support.cpp.o[0m
[ 41%] [32mBuilding CXX object CMakeFiles/cg_interfaces__rosidl_typesupport_fastrtps_cpp.dir/rosidl_typesupport_fastrtps_cpp/cg_interfaces/srv/detail/dds_fastrtps/get_map__type_support.cpp.o[0m
[ 43%] [32mBuilding CXX object CMakeFiles/cg_interfaces__rosidl_typesupport_c.dir/rosidl_typesupport_c/cg_interfaces/msg/robot_sensors__type_support.cpp.o[0m
[ 45%] [32mBuilding CXX object CMakeFiles/cg_interfaces__rosidl_typesupport_c.dir/rosidl_typesupport_c/cg_interfaces/srv/reset__type_support.cpp.o[0m
[ 47%] [32m[1mLinking CXX shared library libcg_interfaces__rosidl_typesupport_c.so[0m
[ 49%] [32mBuilding C object CMakeFiles/cg_interfaces__rosidl_typesupport_introspection_c.dir/rosidl_typesupport_introspection_c/cg_interfaces/srv/detail/move_cmd__type_support.c.o[0m
[ 50%] [32mBuilding CXX object CMakeFiles/cg_interfaces__rosidl_typesupport_fastrtps_c.dir/rosidl_typesupport_fastrtps_c/cg_interfaces/srv/detail/move_cmd__type_support_c.cpp.o[0m
[ 50%] Built target cg_interfaces__rosidl_typesupport_c
[ 52%] [32mBuilding C object CMakeFiles/cg_interfaces__rosidl_typesupport_introspection_c.dir/rosidl_typesupport_introspection_c/cg_interfaces/srv/detail/get_map__type_support.c.o[0m
[ 54%] [32mBuilding CXX object CMakeFiles/cg_interfaces__rosidl_typesupport_fastrtps_cpp.dir/rosidl_typesupport_fastrtps_cpp/cg_interfaces/msg/detail/dds_fastrtps/robot_sensors__type_support.cpp.o[0m
[ 56%] [32mBuilding C object CMakeFiles/cg_interfaces__rosidl_typesupport_introspection_c.dir/rosidl_typesupport_introspection_c/cg_interfaces/msg/detail/robot_sensors__type_support.c.o[0m
[ 58%] [32mBuilding C object CMakeFiles/cg_interfaces__rosidl_typesupport_introspection_c.dir/rosidl_typesupport_introspection_c/cg_interfaces/srv/detail/reset__type_support.c.o[0m
[ 60%] [32m[1mLinking C shared library libcg_interfaces__rosidl_typesupport_introspection_c.so[0m
[ 61%] [32m[1mLinking CXX shared library libcg_interfaces__rosidl_typesupport_cpp.so[0m
[ 61%] Built target cg_interfaces__rosidl_typesupport_introspection_c
[ 63%] [32mBuilding CXX object CMakeFiles/cg_interfaces__rosidl_typesupport_introspection_cpp.dir/rosidl_typesupport_introspection_cpp/cg_interfaces/msg/detail/robot_sensors__type_support.cpp.o[0m
[ 65%] [32mBuilding CXX object CMakeFiles/cg_interfaces__rosidl_typesupport_introspection_cpp.dir/rosidl_typesupport_introspection_cpp/cg_interfaces/srv/detail/reset__type_support.cpp.o[0m
[ 65%] Built target cg_interfaces__rosidl_typesupport_cpp
[ 67%] [32mBuilding CXX object CMakeFiles/cg_interfaces__rosidl_typesupport_fastrtps_cpp.dir/rosidl_typesupport_fastrtps_cpp/cg_interfaces/srv/detail/dds_fastrtps/reset__type_support.cpp.o[0m
[ 69%] [32mBuilding CXX object CMakeFiles/cg_interfaces__rosidl_typesupport_fastrtps_c.dir/rosidl_typesupport_fastrtps_c/cg_interfaces/srv/detail/get_map__type_support_c.cpp.o[0m
[ 70%] [32mBuilding CXX object CMakeFiles/cg_interfaces__rosidl_typesupport_fastrtps_c.dir/rosidl_typesupport_fastrtps_c/cg_interfaces/msg/detail/robot_sensors__type_support_c.cpp.o[0m
[ 72%] [32mBuilding CXX object CMakeFiles/cg_interfaces__rosidl_typesupport_fastrtps_c.dir/rosidl_typesupport_fastrtps_c/cg_interfaces/srv/detail/reset__type_support_c.cpp.o[0m
[ 74%] [32m[1mLinking CXX shared library libcg_interfaces__rosidl_typesupport_fastrtps_cpp.so[0m
[ 76%] [32m[1mLinking CXX shared library libcg_interfaces__rosidl_typesupport_introspection_cpp.so[0m
[ 76%] Built target cg_interfaces__rosidl_typesupport_fastrtps_cpp
[ 76%] Built target cg_interfaces__rosidl_typesupport_introspection_cpp
[ 78%] [32m[1mLinking CXX shared library libcg_interfaces__rosidl_typesupport_fastrtps_c.so[0m
[ 78%] Built target cg_interfaces__rosidl_typesupport_fastrtps_c
[ 78%] Built target cg_interfaces
[ 80%] [34m[1mGenerating Python code for ROS interfaces[0m
[ 80%] Built target cg_interfaces__py
[ 87%] [32mBuilding C object CMakeFiles/cg_interfaces__rosidl_generator_py.dir/rosidl_generator_py/cg_interfaces/srv/_get_map_s.c.o[0m
[ 85%] [32mBuilding C object CMakeFiles/cg_interfaces__rosidl_generator_py.dir/rosidl_generator_py/cg_interfaces/msg/_robot_sensors_s.c.o[0m
[ 85%] [32mBuilding C object CMakeFiles/cg_interfaces__rosidl_generator_py.dir/rosidl_generator_py/cg_interfaces/srv/_move_cmd_s.c.o[0m
[ 87%] [32mBuilding C object CMakeFiles/cg_interfaces__rosidl_generator_py.dir/rosidl_generator_py/cg_interfaces/srv/_reset_s.c.o[0m
[ 89%] [32m[1mLinking C shared library rosidl_generator_py/cg_interfaces/libcg_interfaces__rosidl_generator_py.so[0m
[ 89%] Built target cg_interfaces__rosidl_generator_py
[ 94%] [32mBuilding C object CMakeFiles/cg_interfaces__rosidl_typesupport_c__pyext.dir/rosidl_generator_py/cg_interfaces/_cg_interfaces_s.ep.rosidl_typesupport_c.c.o[0m
[ 94%] [32mBuilding C object CMakeFiles/cg_interfaces__rosidl_typesupport_fastrtps_c__pyext.dir/rosidl_generator_py/cg_interfaces/_cg_interfaces_s.ep.rosidl_typesupport_fastrtps_c.c.o[0m
[ 94%] [32mBuilding C object CMakeFiles/cg_interfaces__rosidl_typesupport_introspection_c__pyext.dir/rosidl_generator_py/cg_interfaces/_cg_interfaces_s.ep.rosidl_typesupport_introspection_c.c.o[0m
[ 96%] [32m[1mLinking C shared library rosidl_generator_py/cg_interfaces/cg_interfaces_s__rosidl_typesupport_c.cpython-310-x86_64-linux-gnu.so[0m
[ 98%] [32m[1mLinking C shared library rosidl_generator_py/cg_interfaces/cg_interfaces_s__rosidl_typesupport_introspection_c.cpython-310-x86_64-linux-gnu.so[0m
[100%] [32m[1mLinking C shared library rosidl_generator_py/cg_interfaces/cg_interfaces_s__rosidl_typesupport_fastrtps_c.cpython-310-x86_64-linux-gnu.so[0m
[100%] Built target cg_interfaces__rosidl_typesupport_introspection_c__pyext
[100%] Built target cg_interfaces__rosidl_typesupport_c__pyext
[100%] Built target cg_interfaces__rosidl_typesupport_fastrtps_c__pyext
-- Install configuration: ""
-- Installing: /project_ws/install/cg_interfaces/share/ament_index/resource_index/rosidl_interfaces/cg_interfaces
-- Installing: /project_ws/install/cg_interfaces/include/cg_interfaces/cg_interfaces
-- Installing: /project_ws/install/cg_interfaces/include/cg_interfaces/cg_interfaces/msg
-- Installing: /project_ws/install/cg_interfaces/include/cg_interfaces/cg_interfaces/msg/rosidl_generator_c__visibility_control.h
-- Installing: /project_ws/install/cg_interfaces/include/cg_interfaces/cg_interfaces/msg/robot_sensors.h
-- Installing: /project_ws/install/cg_interfaces/include/cg_interfaces/cg_interfaces/msg/detail
-- Installing: /project_ws/install/cg_interfaces/include/cg_interfaces/cg_interfaces/msg/detail/robot_sensors__functions.c
-- Installing: /project_ws/install/cg_interfaces/include/cg_interfaces/cg_interfaces/msg/detail/robot_sensors__functions.h
-- Installing: /project_ws/install/cg_interfaces/include/cg_interfaces/cg_interfaces/msg/detail/robot_sensors__struct.h
-- Installing: /project_ws/install/cg_interfaces/include/cg_interfaces/cg_interfaces/msg/detail/robot_sensors__type_support.h
-- Installing: /project_ws/install/cg_interfaces/include/cg_interfaces/cg_interfaces/srv
-- Installing: /project_ws/install/cg_interfaces/include/cg_interfaces/cg_interfaces/srv/move_cmd.h
-- Installing: /project_ws/install/cg_interfaces/include/cg_interfaces/cg_interfaces/srv/detail
-- Installing: /project_ws/install/cg_interfaces/include/cg_interfaces/cg_interfaces/srv/detail/move_cmd__functions.c
-- Installing: /project_ws/install/cg_interfaces/include/cg_interfaces/cg_interfaces/srv/detail/move_cmd__functions.h
-- Installing: /project_ws/install/cg_interfaces/include/cg_interfaces/cg_interfaces/srv/detail/move_cmd__struct.h
-- Installing: /project_ws/install/cg_interfaces/include/cg_interfaces/cg_interfaces/srv/detail/move_cmd__type_support.h
-- Installing: /project_ws/install/cg_interfaces/include/cg_interfaces/cg_interfaces/srv/detail/get_map__functions.c
-- Installing: /project_ws/install/cg_interfaces/include/cg_interfaces/cg_interfaces/srv/detail/get_map__functions.h
-- Installing: /project_ws/install/cg_interfaces/include/cg_interfaces/cg_interfaces/srv/detail/get_map__struct.h
-- Installing: /project_ws/install/cg_interfaces/include/cg_interfaces/cg_interfaces/srv/detail/get_map__type_support.h
-- Installing: /project_ws/install/cg_interfaces/include/cg_interfaces/cg_interfaces/srv/detail/reset__functions.c
-- Installing: /project_ws/install/cg_interfaces/include/cg_interfaces/cg_interfaces/srv/detail/reset__functions.h
-- Installing: /project_ws/install/cg_interfaces/include/cg_interfaces/cg_interfaces/srv/detail/reset__struct.h
-- Installing: /project_ws/install/cg_interfaces/include/cg_interfaces/cg_interfaces/srv/detail/reset__type_support.h
-- Installing: /project_ws/install/cg_interfaces/include/cg_interfaces/cg_interfaces/srv/get_map.h
-- Installing: /project_ws/install/cg_interfaces/include/cg_interfaces/cg_interfaces/srv/reset.h
-- Installing: /project_ws/install/cg_interfaces/share/cg_interfaces/environment/library_path.sh
-- Installing: /project_ws/install/cg_interfaces/share/cg_interfaces/environment/library_path.dsv
-- Installing: /project_ws/install/cg_interfaces/lib/libcg_interfaces__rosidl_generator_c.so
-- Set runtime path of "/project_ws/install/cg_interfaces/lib/libcg_interfaces__rosidl_generator_c.so" to ""
-- Up-to-date: /project_ws/install/cg_interfaces/include/cg_interfaces/cg_interfaces
-- Up-to-date: /project_ws/install/cg_interfaces/include/cg_interfaces/cg_interfaces/msg
-- Installing: /project_ws/install/cg_interfaces/include/cg_interfaces/cg_interfaces/msg/rosidl_typesupport_fastrtps_c__visibility_control.h
-- Up-to-date: /project_ws/install/cg_interfaces/include/cg_interfaces/cg_interfaces/msg/detail
-- Installing: /project_ws/install/cg_interfaces/include/cg_interfaces/cg_interfaces/msg/detail/robot_sensors__rosidl_typesupport_fastrtps_c.h
-- Up-to-date: /project_ws/install/cg_interfaces/include/cg_interfaces/cg_interfaces/srv
-- Up-to-date: /project_ws/install/cg_interfaces/include/cg_interfaces/cg_interfaces/srv/detail
-- Installing: /project_ws/install/cg_interfaces/include/cg_interfaces/cg_interfaces/srv/detail/move_cmd__rosidl_typesupport_fastrtps_c.h
-- Installing: /project_ws/install/cg_interfaces/include/cg_interfaces/cg_interfaces/srv/detail/get_map__rosidl_typesupport_fastrtps_c.h
-- Installing: /project_ws/install/cg_interfaces/include/cg_interfaces/cg_interfaces/srv/detail/reset__rosidl_typesupport_fastrtps_c.h
-- Installing: /project_ws/install/cg_interfaces/lib/libcg_interfaces__rosidl_typesupport_fastrtps_c.so
-- Set runtime path of "/project_ws/install/cg_interfaces/lib/libcg_interfaces__rosidl_typesupport_fastrtps_c.so" to ""
-- Up-to-date: /project_ws/install/cg_interfaces/include/cg_interfaces/cg_interfaces
-- Up-to-date: /project_ws/install/cg_interfaces/include/cg_interfaces/cg_interfaces/msg
-- Installing: /project_ws/install/cg_interfaces/include/cg_interfaces/cg_interfaces/msg/rosidl_typesupport_introspection_c__visibility_control.h
-- Up-to-date: /project_ws/install/cg_interfaces/include/cg_interfaces/cg_interfaces/msg/detail
-- Installing: /project_ws/install/cg_interfaces/include/cg_interfaces/cg_interfaces/msg/detail/robot_sensors__rosidl_typesupport_introspection_c.h
-- Installing: /project_ws/install/cg_interfaces/include/cg_interfaces/cg_interfaces/msg/detail/robot_sensors__type_support.c
-- Up-to-date: /project_ws/install/cg_interfaces/include/cg_interfaces/cg_interfaces/srv
-- Up-to-date: /project_ws/install/cg_interfaces/include/cg_interfaces/cg_interfaces/srv/detail
-- Installing: /project_ws/install/cg_interfaces/include/cg_interfaces/cg_interfaces/srv/detail/move_cmd__rosidl_typesupport_introspection_c.h
-- Installing: /project_ws/install/cg_interfaces/include/cg_interfaces/cg_interfaces/srv/detail/move_cmd__type_support.c
-- Installing: /project_ws/install/cg_interfaces/include/cg_interfaces/cg_interfaces/srv/detail/get_map__rosidl_typesupport_introspection_c.h
-- Installing: /project_ws/install/cg_interfaces/include/cg_interfaces/cg_interfaces/srv/detail/get_map__type_support.c
-- Installing: /project_ws/install/cg_interfaces/include/cg_interfaces/cg_interfaces/srv/detail/reset__rosidl_typesupport_introspection_c.h
-- Installing: /project_ws/install/cg_interfaces/include/cg_interfaces/cg_interfaces/srv/detail/reset__type_support.c
-- Installing: /project_ws/install/cg_interfaces/lib/libcg_interfaces__rosidl_typesupport_introspection_c.so
-- Set runtime path of "/project_ws/install/cg_interfaces/lib/libcg_interfaces__rosidl_typesupport_introspection_c.so" to ""
-- Installing: /project_ws/install/cg_interfaces/lib/libcg_interfaces__rosidl_typesupport_c.so
-- Set runtime path of "/project_ws/install/cg_interfaces/lib/libcg_interfaces__rosidl_typesupport_c.so" to ""
-- Up-to-date: /project_ws/install/cg_interfaces/include/cg_interfaces/cg_interfaces
-- Up-to-date: /project_ws/install/cg_interfaces/include/cg_interfaces/cg_interfaces/msg
-- Installing: /project_ws/install/cg_interfaces/include/cg_interfaces/cg_interfaces/msg/rosidl_generator_cpp__visibility_control.hpp
-- Installing: /project_ws/install/cg_interfaces/include/cg_interfaces/cg_interfaces/msg/robot_sensors.hpp
-- Up-to-date: /project_ws/install/cg_interfaces/include/cg_interfaces/cg_interfaces/msg/detail
-- Installing: /project_ws/install/cg_interfaces/include/cg_interfaces/cg_interfaces/msg/detail/robot_sensors__builder.hpp
-- Installing: /project_ws/install/cg_interfaces/include/cg_interfaces/cg_interfaces/msg/detail/robot_sensors__struct.hpp
-- Installing: /project_ws/install/cg_interfaces/include/cg_interfaces/cg_interfaces/msg/detail/robot_sensors__traits.hpp
-- Installing: /project_ws/install/cg_interfaces/include/cg_interfaces/cg_interfaces/msg/detail/robot_sensors__type_support.hpp
-- Up-to-date: /project_ws/install/cg_interfaces/include/cg_interfaces/cg_interfaces/srv
-- Installing: /project_ws/install/cg_interfaces/include/cg_interfaces/cg_interfaces/srv/move_cmd.hpp
-- Up-to-date: /project_ws/install/cg_interfaces/include/cg_interfaces/cg_interfaces/srv/detail
-- Installing: /project_ws/install/cg_interfaces/include/cg_interfaces/cg_interfaces/srv/detail/move_cmd__builder.hpp
-- Installing: /project_ws/install/cg_interfaces/include/cg_interfaces/cg_interfaces/srv/detail/move_cmd__struct.hpp
-- Installing: /project_ws/install/cg_interfaces/include/cg_interfaces/cg_interfaces/srv/detail/move_cmd__traits.hpp
-- Installing: /project_ws/install/cg_interfaces/include/cg_interfaces/cg_interfaces/srv/detail/move_cmd__type_support.hpp
-- Installing: /project_ws/install/cg_interfaces/include/cg_interfaces/cg_interfaces/srv/detail/get_map__builder.hpp
-- Installing: /project_ws/install/cg_interfaces/include/cg_interfaces/cg_interfaces/srv/detail/get_map__struct.hpp
-- Installing: /project_ws/install/cg_interfaces/include/cg_interfaces/cg_interfaces/srv/detail/get_map__traits.hpp
-- Installing: /project_ws/install/cg_interfaces/include/cg_interfaces/cg_interfaces/srv/detail/get_map__type_support.hpp
-- Installing: /project_ws/install/cg_interfaces/include/cg_interfaces/cg_interfaces/srv/detail/reset__builder.hpp
-- Installing: /project_ws/install/cg_interfaces/include/cg_interfaces/cg_interfaces/srv/detail/reset__struct.hpp
-- Installing: /project_ws/install/cg_interfaces/include/cg_interfaces/cg_interfaces/srv/detail/reset__traits.hpp
-- Installing: /project_ws/install/cg_interfaces/include/cg_interfaces/cg_interfaces/srv/detail/reset__type_support.hpp
-- Installing: /project_ws/install/cg_interfaces/include/cg_interfaces/cg_interfaces/srv/get_map.hpp
-- Installing: /project_ws/install/cg_interfaces/include/cg_interfaces/cg_interfaces/srv/reset.hpp
-- Up-to-date: /project_ws/install/cg_interfaces/include/cg_interfaces/cg_interfaces
-- Up-to-date: /project_ws/install/cg_interfaces/include/cg_interfaces/cg_interfaces/msg
-- Installing: /project_ws/install/cg_interfaces/include/cg_interfaces/cg_interfaces/msg/rosidl_typesupport_fastrtps_cpp__visibility_control.h
-- Up-to-date: /project_ws/install/cg_interfaces/include/cg_interfaces/cg_interfaces/msg/detail
-- Installing: /project_ws/install/cg_interfaces/include/cg_interfaces/cg_interfaces/msg/detail/robot_sensors__rosidl_typesupport_fastrtps_cpp.hpp
-- Installing: /project_ws/install/cg_interfaces/include/cg_interfaces/cg_interfaces/msg/detail/dds_fastrtps
-- Up-to-date: /project_ws/install/cg_interfaces/include/cg_interfaces/cg_interfaces/srv
-- Up-to-date: /project_ws/install/cg_interfaces/include/cg_interfaces/cg_interfaces/srv/detail
-- Installing: /project_ws/install/cg_interfaces/include/cg_interfaces/cg_interfaces/srv/detail/move_cmd__rosidl_typesupport_fastrtps_cpp.hpp
-- Installing: /project_ws/install/cg_interfaces/include/cg_interfaces/cg_interfaces/srv/detail/dds_fastrtps
-- Installing: /project_ws/install/cg_interfaces/include/cg_interfaces/cg_interfaces/srv/detail/get_map__rosidl_typesupport_fastrtps_cpp.hpp
-- Installing: /project_ws/install/cg_interfaces/include/cg_interfaces/cg_interfaces/srv/detail/reset__rosidl_typesupport_fastrtps_cpp.hpp
-- Installing: /project_ws/install/cg_interfaces/lib/libcg_interfaces__rosidl_typesupport_fastrtps_cpp.so
-- Set runtime path of "/project_ws/install/cg_interfaces/lib/libcg_interfaces__rosidl_typesupport_fastrtps_cpp.so" to ""
-- Up-to-date: /project_ws/install/cg_interfaces/include/cg_interfaces/cg_interfaces
-- Up-to-date: /project_ws/install/cg_interfaces/include/cg_interfaces/cg_interfaces/srv
-- Up-to-date: /project_ws/install/cg_interfaces/include/cg_interfaces/cg_interfaces/srv/detail
-- Installing: /project_ws/install/cg_interfaces/include/cg_interfaces/cg_interfaces/srv/detail/move_cmd__rosidl_typesupport_introspection_cpp.hpp
-- Installing: /project_ws/install/cg_interfaces/include/cg_interfaces/cg_interfaces/srv/detail/move_cmd__type_support.cpp
-- Installing: /project_ws/install/cg_interfaces/include/cg_interfaces/cg_interfaces/srv/detail/get_map__rosidl_typesupport_introspection_cpp.hpp
-- Installing: /project_ws/install/cg_interfaces/include/cg_interfaces/cg_interfaces/srv/detail/get_map__type_support.cpp
-- Installing: /project_ws/install/cg_interfaces/include/cg_interfaces/cg_interfaces/srv/detail/reset__rosidl_typesupport_introspection_cpp.hpp
-- Installing: /project_ws/install/cg_interfaces/include/cg_interfaces/cg_interfaces/srv/detail/reset__type_support.cpp
-- Up-to-date: /project_ws/install/cg_interfaces/include/cg_interfaces/cg_interfaces/msg
-- Up-to-date: /project_ws/install/cg_interfaces/include/cg_interfaces/cg_interfaces/msg/detail
-- Installing: /project_ws/install/cg_interfaces/include/cg_interfaces/cg_interfaces/msg/detail/robot_sensors__rosidl_typesupport_introspection_cpp.hpp
-- Installing: /project_ws/install/cg_interfaces/include/cg_interfaces/cg_interfaces/msg/detail/robot_sensors__type_support.cpp
-- Installing: /project_ws/install/cg_interfaces/lib/libcg_interfaces__rosidl_typesupport_introspection_cpp.so
-- Set runtime path of "/project_ws/install/cg_interfaces/lib/libcg_interfaces__rosidl_typesupport_introspection_cpp.so" to ""
-- Installing: /project_ws/install/cg_interfaces/lib/libcg_interfaces__rosidl_typesupport_cpp.so
-- Set runtime path of "/project_ws/install/cg_interfaces/lib/libcg_interfaces__rosidl_typesupport_cpp.so" to ""
-- Installing: /project_ws/install/cg_interfaces/share/cg_interfaces/environment/pythonpath.sh
-- Installing: /project_ws/install/cg_interfaces/share/cg_interfaces/environment/pythonpath.dsv
-- Installing: /project_ws/install/cg_interfaces/local/lib/python3.10/dist-packages/cg_interfaces-0.0.0-py3.10.egg-info
-- Installing: /project_ws/install/cg_interfaces/local/lib/python3.10/dist-packages/cg_interfaces-0.0.0-py3.10.egg-info/PKG-INFO
-- Installing: /project_ws/install/cg_interfaces/local/lib/python3.10/dist-packages/cg_interfaces-0.0.0-py3.10.egg-info/dependency_links.txt
-- Installing: /project_ws/install/cg_interfaces/local/lib/python3.10/dist-packages/cg_interfaces-0.0.0-py3.10.egg-info/top_level.txt
-- Installing: /project_ws/install/cg_interfaces/local/lib/python3.10/dist-packages/cg_interfaces-0.0.0-py3.10.egg-info/SOURCES.txt
-- Installing: /project_ws/install/cg_interfaces/local/lib/python3.10/dist-packages/cg_interfaces
-- Installing: /project_ws/install/cg_interfaces/local/lib/python3.10/dist-packages/cg_interfaces/__init__.py
-- Installing: /project_ws/install/cg_interfaces/local/lib/python3.10/dist-packages/cg_interfaces/srv
-- Installing: /project_ws/install/cg_interfaces/local/lib/python3.10/dist-packages/cg_interfaces/srv/_move_cmd.py
-- Installing: /project_ws/install/cg_interfaces/local/lib/python3.10/dist-packages/cg_interfaces/srv/_move_cmd_s.c
-- Installing: /project_ws/install/cg_interfaces/local/lib/python3.10/dist-packages/cg_interfaces/srv/_get_map.py
-- Installing: /project_ws/install/cg_interfaces/local/lib/python3.10/dist-packages/cg_interfaces/srv/_get_map_s.c
-- Installing: /project_ws/install/cg_interfaces/local/lib/python3.10/dist-packages/cg_interfaces/srv/_reset.py
-- Installing: /project_ws/install/cg_interfaces/local/lib/python3.10/dist-packages/cg_interfaces/srv/_reset_s.c
-- Installing: /project_ws/install/cg_interfaces/local/lib/python3.10/dist-packages/cg_interfaces/srv/__init__.py
-- Installing: /project_ws/install/cg_interfaces/local/lib/python3.10/dist-packages/cg_interfaces/msg
-- Installing: /project_ws/install/cg_interfaces/local/lib/python3.10/dist-packages/cg_interfaces/msg/_robot_sensors.py
-- Installing: /project_ws/install/cg_interfaces/local/lib/python3.10/dist-packages/cg_interfaces/msg/_robot_sensors_s.c
-- Installing: /project_ws/install/cg_interfaces/local/lib/python3.10/dist-packages/cg_interfaces/msg/__init__.py
-- Installing: /project_ws/install/cg_interfaces/local/lib/python3.10/dist-packages/cg_interfaces/_cg_interfaces_s.ep.rosidl_typesupport_fastrtps_c.c
-- Installing: /project_ws/install/cg_interfaces/local/lib/python3.10/dist-packages/cg_interfaces/_cg_interfaces_s.ep.rosidl_typesupport_introspection_c.c
-- Installing: /project_ws/install/cg_interfaces/local/lib/python3.10/dist-packages/cg_interfaces/_cg_interfaces_s.ep.rosidl_typesupport_c.c
-- Installing: /project_ws/install/cg_interfaces/local/lib/python3.10/dist-packages/cg_interfaces/libcg_interfaces__rosidl_generator_py.so
-- Installing: /project_ws/install/cg_interfaces/local/lib/python3.10/dist-packages/cg_interfaces/cg_interfaces_s__rosidl_typesupport_c.cpython-310-x86_64-linux-gnu.so
-- Installing: /project_ws/install/cg_interfaces/local/lib/python3.10/dist-packages/cg_interfaces/cg_interfaces_s__rosidl_typesupport_introspection_c.cpython-310-x86_64-linux-gnu.so
-- Installing: /project_ws/install/cg_interfaces/local/lib/python3.10/dist-packages/cg_interfaces/cg_interfaces_s__rosidl_typesupport_fastrtps_c.cpython-310-x86_64-linux-gnu.so
Listing '/project_ws/install/cg_interfaces/local/lib/python3.10/dist-packages/cg_interfaces'...
Compiling '/project_ws/install/cg_interfaces/local/lib/python3.10/dist-packages/cg_interfaces/__init__.py'...
Listing '/project_ws/install/cg_interfaces/local/lib/python3.10/dist-packages/cg_interfaces/msg'...
Compiling '/project_ws/install/cg_interfaces/local/lib/python3.10/dist-packages/cg_interfaces/msg/__init__.py'...
Compiling '/project_ws/install/cg_interfaces/local/lib/python3.10/dist-packages/cg_interfaces/msg/_robot_sensors.py'...
Listing '/project_ws/install/cg_interfaces/local/lib/python3.10/dist-packages/cg_interfaces/srv'...
Compiling '/project_ws/install/cg_interfaces/local/lib/python3.10/dist-packages/cg_interfaces/srv/__init__.py'...
Compiling '/project_ws/install/cg_interfaces/local/lib/python3.10/dist-packages/cg_interfaces/srv/_get_map.py'...
Compiling '/project_ws/install/cg_interfaces/local/lib/python3.10/dist-packages/cg_interfaces/srv/_move_cmd.py'...
Compiling '/project_ws/install/cg_interfaces/local/lib/python3.10/dist-packages/cg_interfaces/srv/_reset.py'...
-- Installing: /project_ws/install/cg_interfaces/local/lib/python3.10/dist-packages/cg_interfaces/cg_interfaces_s__rosidl_typesupport_fastrtps_c.cpython-310-x86_64-linux-gnu.so
-- Set runtime path of "/project_ws/install/cg_interfaces/local/lib/python3.10/dist-packages/cg_interfaces/cg_interfaces_s__rosidl_typesupport_fastrtps_c.cpython-310-x86_64-linux-gnu.so" to ""
-- Installing: /project_ws/install/cg_interfaces/local/lib/python3.10/dist-packages/cg_interfaces/cg_interfaces_s__rosidl_typesupport_introspection_c.cpython-310-x86_64-linux-gnu.so
-- Set runtime path of "/project_ws/install/cg_interfaces/local/lib/python3.10/dist-packages/cg_interfaces/cg_interfaces_s__rosidl_typesupport_introspection_c.cpython-310-x86_64-linux-gnu.so" to ""
-- Installing: /project_ws/install/cg_interfaces/local/lib/python3.10/dist-packages/cg_interfaces/cg_interfaces_s__rosidl_typesupport_c.cpython-310-x86_64-linux-gnu.so
-- Set runtime path of "/project_ws/install/cg_interfaces/local/lib/python3.10/dist-packages/cg_interfaces/cg_interfaces_s__rosidl_typesupport_c.cpython-310-x86_64-linux-gnu.so" to ""
-- Installing: /project_ws/install/cg_interfaces/lib/libcg_interfaces__rosidl_generator_py.so
-- Set runtime path of "/project_ws/install/cg_interfaces/lib/libcg_interfaces__rosidl_generator_py.so" to ""
-- Installing: /project_ws/install/cg_interfaces/share/cg_interfaces/srv/MoveCmd.idl
-- Installing: /project_ws/install/cg_interfaces/share/cg_interfaces/srv/GetMap.idl
-- Installing: /project_ws/install/cg_interfaces/share/cg_interfaces/msg/RobotSensors.idl
-- Installing: /project_ws/install/cg_interfaces/share/cg_interfaces/srv/Reset.idl
-- Installing: /project_ws/install/cg_interfaces/share/cg_interfaces/srv/MoveCmd.srv
-- Installing: /project_ws/install/cg_interfaces/share/cg_interfaces/srv/MoveCmd_Request.msg
-- Installing: /project_ws/install/cg_interfaces/share/cg_interfaces/srv/MoveCmd_Response.msg
-- Installing: /project_ws/install/cg_interfaces/share/cg_interfaces/srv/GetMap.srv
-- Installing: /project_ws/install/cg_interfaces/share/cg_interfaces/srv/GetMap_Request.msg
-- Installing: /project_ws/install/cg_interfaces/share/cg_interfaces/srv/GetMap_Response.msg
-- Installing: /project_ws/install/cg_interfaces/share/cg_interfaces/msg/RobotSensors.msg
-- Installing: /project_ws/install/cg_interfaces/share/cg_interfaces/srv/Reset.srv
-- Installing: /project_ws/install/cg_interfaces/share/cg_interfaces/srv/Reset_Request.msg
-- Installing: /project_ws/install/cg_interfaces/share/cg_interfaces/srv/Reset_Response.msg
-- Installing: /project_ws/install/cg_interfaces/share/ament_index/resource_index/package_run_dependencies/cg_interfaces
-- Installing: /project_ws/install/cg_interfaces/share/ament_index/resource_index/parent_prefix_path/cg_interfaces
-- Installing: /project_ws/install/cg_interfaces/share/cg_interfaces/environment/ament_prefix_path.sh
-- Installing: /project_ws/install/cg_interfaces/share/cg_interfaces/environment/ament_prefix_path.dsv
-- Installing: /project_ws/install/cg_interfaces/share/cg_interfaces/environment/path.sh
-- Installing: /project_ws/install/cg_interfaces/share/cg_interfaces/environment/path.dsv
-- Installing: /project_ws/install/cg_interfaces/share/cg_interfaces/local_setup.bash
-- Installing: /project_ws/install/cg_interfaces/share/cg_interfaces/local_setup.sh
-- Installing: /project_ws/install/cg_interfaces/share/cg_interfaces/local_setup.zsh
-- Installing: /project_ws/install/cg_interfaces/share/cg_interfaces/local_setup.dsv
-- Installing: /project_ws/install/cg_interfaces/share/cg_interfaces/package.dsv
-- Installing: /project_ws/install/cg_interfaces/share/ament_index/resource_index/packages/cg_interfaces
-- Installing: /project_ws/install/cg_interfaces/share/cg_interfaces/cmake/export_cg_interfaces__rosidl_generator_cExport.cmake
-- Installing: /project_ws/install/cg_interfaces/share/cg_interfaces/cmake/export_cg_interfaces__rosidl_generator_cExport-noconfig.cmake
-- Installing: /project_ws/install/cg_interfaces/share/cg_interfaces/cmake/export_cg_interfaces__rosidl_typesupport_fastrtps_cExport.cmake
-- Installing: /project_ws/install/cg_interfaces/share/cg_interfaces/cmake/export_cg_interfaces__rosidl_typesupport_fastrtps_cExport-noconfig.cmake
-- Installing: /project_ws/install/cg_interfaces/share/cg_interfaces/cmake/cg_interfaces__rosidl_typesupport_introspection_cExport.cmake
-- Installing: /project_ws/install/cg_interfaces/share/cg_interfaces/cmake/cg_interfaces__rosidl_typesupport_introspection_cExport-noconfig.cmake
-- Installing: /project_ws/install/cg_interfaces/share/cg_interfaces/cmake/cg_interfaces__rosidl_typesupport_cExport.cmake
-- Installing: /project_ws/install/cg_interfaces/share/cg_interfaces/cmake/cg_interfaces__rosidl_typesupport_cExport-noconfig.cmake
-- Installing: /project_ws/install/cg_interfaces/share/cg_interfaces/cmake/export_cg_interfaces__rosidl_generator_cppExport.cmake
-- Installing: /project_ws/install/cg_interfaces/share/cg_interfaces/cmake/export_cg_interfaces__rosidl_typesupport_fastrtps_cppExport.cmake
-- Installing: /project_ws/install/cg_interfaces/share/cg_interfaces/cmake/export_cg_interfaces__rosidl_typesupport_fastrtps_cppExport-noconfig.cmake
-- Installing: /project_ws/install/cg_interfaces/share/cg_interfaces/cmake/cg_interfaces__rosidl_typesupport_introspection_cppExport.cmake
-- Installing: /project_ws/install/cg_interfaces/share/cg_interfaces/cmake/cg_interfaces__rosidl_typesupport_introspection_cppExport-noconfig.cmake
-- Installing: /project_ws/install/cg_interfaces/share/cg_interfaces/cmake/cg_interfaces__rosidl_typesupport_cppExport.cmake
-- Installing: /project_ws/install/cg_interfaces/share/cg_interfaces/cmake/cg_interfaces__rosidl_typesupport_cppExport-noconfig.cmake
-- Installing: /project_ws/install/cg_interfaces/share/cg_interfaces/cmake/export_cg_interfaces__rosidl_generator_pyExport.cmake
-- Installing: /project_ws/install/cg_interfaces/share/cg_interfaces/cmake/export_cg_interfaces__rosidl_generator_pyExport-noconfig.cmake
-- Installing: /project_ws/install/cg_interfaces/share/cg_interfaces/cmake/rosidl_cmake-extras.cmake
-- Installing: /project_ws/install/cg_interfaces/share/cg_interfaces/cmake/ament_cmake_export_include_directories-extras.cmake
-- Installing: /project_ws/install/cg_interfaces/share/cg_interfaces/cmake/ament_cmake_export_libraries-extras.cmake
-- Installing: /project_ws/install/cg_interfaces/share/cg_interfaces/cmake/ament_cmake_export_targets-extras.cmake
-- Installing: /project_ws/install/cg_interfaces/share/cg_interfaces/cmake/rosidl_cmake_export_typesupport_targets-extras.cmake
-- Installing: /project_ws/install/cg_interfaces/share/cg_interfaces/cmake/ament_cmake_export_dependencies-extras.cmake
-- Installing: /project_ws/install/cg_interfaces/share/cg_interfaces/cmake/rosidl_cmake_export_typesupport_libraries-extras.cmake
-- Installing: /project_ws/install/cg_interfaces/share/cg_interfaces/cmake/cg_interfacesConfig.cmake
-- Installing: /project_ws/install/cg_interfaces/share/cg_interfaces/cmake/cg_interfacesConfig-version.cmake
-- Installing: /project_ws/install/cg_interfaces/share/cg_interfaces/package.xml
