[0.007s] Invoking command in '/project_ws/build/cg_interfaces': CMAKE_PREFIX_PATH=/opt/ros/humble /usr/bin/cmake /project_ws/src/cg_interfaces -DCMAKE_INSTALL_PREFIX=/project_ws/install/cg_interfaces
[0.068s] -- The C compiler identification is GNU 11.4.0
[0.119s] -- The CXX compiler identification is GNU 11.4.0
[0.123s] -- Detecting C compiler ABI info
[0.170s] -- Detecting C compiler ABI info - done
[0.178s] -- Check for working C compiler: /usr/bin/cc - skipped
[0.179s] -- Detecting C compile features
[0.179s] -- Detecting C compile features - done
[0.182s] -- Detecting CXX compiler ABI info
[0.238s] -- Detecting CXX compiler ABI info - done
[0.244s] -- Check for working CXX compiler: /usr/bin/c++ - skipped
[0.245s] -- Detecting CXX compile features
[0.245s] -- Detecting CXX compile features - done
[0.247s] -- Found ament_cmake: 1.3.12 (/opt/ros/humble/share/ament_cmake/cmake)
[0.326s] -- Found Python3: /usr/bin/python3 (found version "3.10.12") found components: Interpreter 
[0.375s] -- Found rosidl_default_generators: 1.2.0 (/opt/ros/humble/share/rosidl_default_generators/cmake)
[0.377s] -- Using all available rosidl_typesupport_c: rosidl_typesupport_fastrtps_c;rosidl_typesupport_introspection_c
[0.379s] -- Found rosidl_adapter: 3.1.7 (/opt/ros/humble/share/rosidl_adapter/cmake)
[0.397s] -- Using all available rosidl_typesupport_cpp: rosidl_typesupport_fastrtps_cpp;rosidl_typesupport_introspection_cpp
[0.569s] -- Found ament_cmake_ros: 0.10.0 (/opt/ros/humble/share/ament_cmake_ros/cmake)
[0.662s] -- Using all available rosidl_typesupport_c: rosidl_typesupport_fastrtps_c;rosidl_typesupport_introspection_c
[0.783s] -- Using all available rosidl_typesupport_cpp: rosidl_typesupport_fastrtps_cpp;rosidl_typesupport_introspection_cpp
[0.798s] -- Found PythonInterp: /usr/bin/python3 (found suitable version "3.10.12", minimum required is "3.6") 
[0.798s] -- Found python_cmake_module: 0.10.0 (/opt/ros/humble/share/python_cmake_module/cmake)
[0.810s] -- Found PythonLibs: /usr/lib/x86_64-linux-gnu/libpython3.10.so (found suitable version "3.10.12", minimum required is "3.5") 
[0.810s] -- Using PYTHON_EXECUTABLE: /usr/bin/python3
[0.810s] -- Using PYTHON_INCLUDE_DIRS: /usr/include/python3.10
[0.810s] -- Using PYTHON_LIBRARIES: /usr/lib/x86_64-linux-gnu/libpython3.10.so
[0.819s] -- Found PythonExtra: .so  
[0.840s] -- Configuring done
[0.860s] -- Generating done
[0.866s] -- Build files have been written to: /project_ws/build/cg_interfaces
[0.869s] Invoked command in '/project_ws/build/cg_interfaces' returned '0': CMAKE_PREFIX_PATH=/opt/ros/humble /usr/bin/cmake /project_ws/src/cg_interfaces -DCMAKE_INSTALL_PREFIX=/project_ws/install/cg_interfaces
[0.871s] Invoking command in '/project_ws/build/cg_interfaces': CMAKE_PREFIX_PATH=/opt/ros/humble /usr/bin/cmake --build /project_ws/build/cg_interfaces -- -j8 -l8
[0.894s] [  1%] [34m[1mGenerating C code for ROS interfaces[0m
[0.900s] [  3%] [34m[1mGenerating C++ code for ROS interfaces[0m
[0.905s] [  3%] Built target ament_cmake_python_copy_cg_interfaces
[1.028s] running egg_info
[1.028s] creating cg_interfaces.egg-info
[1.028s] writing cg_interfaces.egg-info/PKG-INFO
[1.028s] writing dependency_links to cg_interfaces.egg-info/dependency_links.txt
[1.028s] writing top-level names to cg_interfaces.egg-info/top_level.txt
[1.028s] writing manifest file 'cg_interfaces.egg-info/SOURCES.txt'
[1.029s] reading manifest file 'cg_interfaces.egg-info/SOURCES.txt'
[1.030s] writing manifest file 'cg_interfaces.egg-info/SOURCES.txt'
[1.051s] [  3%] Built target ament_cmake_python_build_cg_interfaces_egg
[1.252s] [  3%] Built target cg_interfaces__cpp
[1.258s] [  9%] [34m[1mGenerating C++ type support dispatch for ROS interfaces[0m
[1.258s] [  9%] [34m[1mGenerating C++ type support for eProsima Fast-RTPS[0m
[1.258s] [  9%] [34m[1mGenerating C++ introspection for ROS interfaces[0m
[1.265s] [ 10%] [32mBuilding C object CMakeFiles/cg_interfaces__rosidl_generator_c.dir/rosidl_generator_c/cg_interfaces/srv/detail/get_map__functions.c.o[0m
[1.266s] [ 16%] [32mBuilding C object CMakeFiles/cg_interfaces__rosidl_generator_c.dir/rosidl_generator_c/cg_interfaces/srv/detail/move_cmd__functions.c.o[0m
[1.266s] [ 16%] [32mBuilding C object CMakeFiles/cg_interfaces__rosidl_generator_c.dir/rosidl_generator_c/cg_interfaces/srv/detail/reset__functions.c.o[0m
[1.266s] [ 16%] [32mBuilding C object CMakeFiles/cg_interfaces__rosidl_generator_c.dir/rosidl_generator_c/cg_interfaces/msg/detail/robot_sensors__functions.c.o[0m
[1.321s] [ 18%] [32m[1mLinking C shared library libcg_interfaces__rosidl_generator_c.so[0m
[1.344s] [ 18%] Built target cg_interfaces__rosidl_generator_c
[1.351s] [ 20%] [34m[1mGenerating C type support for eProsima Fast-RTPS[0m
[1.353s] [ 23%] [34m[1mGenerating C introspection for ROS interfaces[0m
[1.353s] [ 23%] [34m[1mGenerating C type support dispatch for ROS interfaces[0m
[1.536s] [ 29%] [32mBuilding CXX object CMakeFiles/cg_interfaces__rosidl_typesupport_cpp.dir/rosidl_typesupport_cpp/cg_interfaces/msg/robot_sensors__type_support.cpp.o[0m
[1.536s] [ 29%] [32mBuilding CXX object CMakeFiles/cg_interfaces__rosidl_typesupport_cpp.dir/rosidl_typesupport_cpp/cg_interfaces/srv/move_cmd__type_support.cpp.o[0m
[1.536s] [ 29%] [32mBuilding CXX object CMakeFiles/cg_interfaces__rosidl_typesupport_cpp.dir/rosidl_typesupport_cpp/cg_interfaces/srv/get_map__type_support.cpp.o[0m
[1.711s] [ 30%] [32mBuilding CXX object CMakeFiles/cg_interfaces__rosidl_typesupport_fastrtps_cpp.dir/rosidl_typesupport_fastrtps_cpp/cg_interfaces/srv/detail/dds_fastrtps/move_cmd__type_support.cpp.o[0m
[1.759s] [ 32%] [32mBuilding CXX object CMakeFiles/cg_interfaces__rosidl_typesupport_introspection_cpp.dir/rosidl_typesupport_introspection_cpp/cg_interfaces/srv/detail/move_cmd__type_support.cpp.o[0m
[1.814s] [ 34%] [32mBuilding CXX object CMakeFiles/cg_interfaces__rosidl_typesupport_introspection_cpp.dir/rosidl_typesupport_introspection_cpp/cg_interfaces/srv/detail/get_map__type_support.cpp.o[0m
[1.816s] [ 36%] [32mBuilding CXX object CMakeFiles/cg_interfaces__rosidl_typesupport_cpp.dir/rosidl_typesupport_cpp/cg_interfaces/srv/reset__type_support.cpp.o[0m
[1.817s] [ 38%] [32mBuilding CXX object CMakeFiles/cg_interfaces__rosidl_typesupport_c.dir/rosidl_typesupport_c/cg_interfaces/srv/move_cmd__type_support.cpp.o[0m
[1.838s] [ 40%] [32mBuilding CXX object CMakeFiles/cg_interfaces__rosidl_typesupport_c.dir/rosidl_typesupport_c/cg_interfaces/srv/get_map__type_support.cpp.o[0m
[1.848s] [ 41%] [32mBuilding CXX object CMakeFiles/cg_interfaces__rosidl_typesupport_fastrtps_cpp.dir/rosidl_typesupport_fastrtps_cpp/cg_interfaces/srv/detail/dds_fastrtps/get_map__type_support.cpp.o[0m
[1.871s] [ 43%] [32mBuilding CXX object CMakeFiles/cg_interfaces__rosidl_typesupport_c.dir/rosidl_typesupport_c/cg_interfaces/msg/robot_sensors__type_support.cpp.o[0m
[1.895s] [ 45%] [32mBuilding CXX object CMakeFiles/cg_interfaces__rosidl_typesupport_c.dir/rosidl_typesupport_c/cg_interfaces/srv/reset__type_support.cpp.o[0m
[1.925s] [ 47%] [32m[1mLinking CXX shared library libcg_interfaces__rosidl_typesupport_c.so[0m
[1.938s] [ 49%] [32mBuilding C object CMakeFiles/cg_interfaces__rosidl_typesupport_introspection_c.dir/rosidl_typesupport_introspection_c/cg_interfaces/srv/detail/move_cmd__type_support.c.o[0m
[1.954s] [ 50%] [32mBuilding CXX object CMakeFiles/cg_interfaces__rosidl_typesupport_fastrtps_c.dir/rosidl_typesupport_fastrtps_c/cg_interfaces/srv/detail/move_cmd__type_support_c.cpp.o[0m
[1.967s] [ 50%] Built target cg_interfaces__rosidl_typesupport_c
[1.975s] [ 52%] [32mBuilding C object CMakeFiles/cg_interfaces__rosidl_typesupport_introspection_c.dir/rosidl_typesupport_introspection_c/cg_interfaces/srv/detail/get_map__type_support.c.o[0m
[1.977s] [ 54%] [32mBuilding CXX object CMakeFiles/cg_interfaces__rosidl_typesupport_fastrtps_cpp.dir/rosidl_typesupport_fastrtps_cpp/cg_interfaces/msg/detail/dds_fastrtps/robot_sensors__type_support.cpp.o[0m
[2.018s] [ 56%] [32mBuilding C object CMakeFiles/cg_interfaces__rosidl_typesupport_introspection_c.dir/rosidl_typesupport_introspection_c/cg_interfaces/msg/detail/robot_sensors__type_support.c.o[0m
[2.051s] [ 58%] [32mBuilding C object CMakeFiles/cg_interfaces__rosidl_typesupport_introspection_c.dir/rosidl_typesupport_introspection_c/cg_interfaces/srv/detail/reset__type_support.c.o[0m
[2.089s] [ 60%] [32m[1mLinking C shared library libcg_interfaces__rosidl_typesupport_introspection_c.so[0m
[2.110s] [ 61%] [32m[1mLinking CXX shared library libcg_interfaces__rosidl_typesupport_cpp.so[0m
[2.121s] [ 61%] Built target cg_interfaces__rosidl_typesupport_introspection_c
[2.130s] [ 63%] [32mBuilding CXX object CMakeFiles/cg_interfaces__rosidl_typesupport_introspection_cpp.dir/rosidl_typesupport_introspection_cpp/cg_interfaces/msg/detail/robot_sensors__type_support.cpp.o[0m
[2.163s] [ 65%] [32mBuilding CXX object CMakeFiles/cg_interfaces__rosidl_typesupport_introspection_cpp.dir/rosidl_typesupport_introspection_cpp/cg_interfaces/srv/detail/reset__type_support.cpp.o[0m
[2.163s] [ 65%] Built target cg_interfaces__rosidl_typesupport_cpp
[2.175s] [ 67%] [32mBuilding CXX object CMakeFiles/cg_interfaces__rosidl_typesupport_fastrtps_cpp.dir/rosidl_typesupport_fastrtps_cpp/cg_interfaces/srv/detail/dds_fastrtps/reset__type_support.cpp.o[0m
[2.182s] [ 69%] [32mBuilding CXX object CMakeFiles/cg_interfaces__rosidl_typesupport_fastrtps_c.dir/rosidl_typesupport_fastrtps_c/cg_interfaces/srv/detail/get_map__type_support_c.cpp.o[0m
[2.303s] [ 70%] [32mBuilding CXX object CMakeFiles/cg_interfaces__rosidl_typesupport_fastrtps_c.dir/rosidl_typesupport_fastrtps_c/cg_interfaces/msg/detail/robot_sensors__type_support_c.cpp.o[0m
[2.332s] [ 72%] [32mBuilding CXX object CMakeFiles/cg_interfaces__rosidl_typesupport_fastrtps_c.dir/rosidl_typesupport_fastrtps_c/cg_interfaces/srv/detail/reset__type_support_c.cpp.o[0m
[2.527s] [ 74%] [32m[1mLinking CXX shared library libcg_interfaces__rosidl_typesupport_fastrtps_cpp.so[0m
[2.562s] [ 76%] [32m[1mLinking CXX shared library libcg_interfaces__rosidl_typesupport_introspection_cpp.so[0m
[2.579s] [ 76%] Built target cg_interfaces__rosidl_typesupport_fastrtps_cpp
[2.613s] [ 76%] Built target cg_interfaces__rosidl_typesupport_introspection_cpp
[2.619s] [ 78%] [32m[1mLinking CXX shared library libcg_interfaces__rosidl_typesupport_fastrtps_c.so[0m
[2.684s] [ 78%] Built target cg_interfaces__rosidl_typesupport_fastrtps_c
[2.699s] [ 78%] Built target cg_interfaces
[2.713s] [ 80%] [34m[1mGenerating Python code for ROS interfaces[0m
[3.224s] [ 80%] Built target cg_interfaces__py
[3.236s] [ 87%] [32mBuilding C object CMakeFiles/cg_interfaces__rosidl_generator_py.dir/rosidl_generator_py/cg_interfaces/srv/_get_map_s.c.o[0m
[3.237s] [ 85%] [32mBuilding C object CMakeFiles/cg_interfaces__rosidl_generator_py.dir/rosidl_generator_py/cg_interfaces/msg/_robot_sensors_s.c.o[0m
[3.237s] [ 85%] [32mBuilding C object CMakeFiles/cg_interfaces__rosidl_generator_py.dir/rosidl_generator_py/cg_interfaces/srv/_move_cmd_s.c.o[0m
[3.237s] [ 87%] [32mBuilding C object CMakeFiles/cg_interfaces__rosidl_generator_py.dir/rosidl_generator_py/cg_interfaces/srv/_reset_s.c.o[0m
[3.312s] [ 89%] [32m[1mLinking C shared library rosidl_generator_py/cg_interfaces/libcg_interfaces__rosidl_generator_py.so[0m
[3.337s] [ 89%] Built target cg_interfaces__rosidl_generator_py
[3.349s] [ 94%] [32mBuilding C object CMakeFiles/cg_interfaces__rosidl_typesupport_c__pyext.dir/rosidl_generator_py/cg_interfaces/_cg_interfaces_s.ep.rosidl_typesupport_c.c.o[0m
[3.349s] [ 94%] [32mBuilding C object CMakeFiles/cg_interfaces__rosidl_typesupport_fastrtps_c__pyext.dir/rosidl_generator_py/cg_interfaces/_cg_interfaces_s.ep.rosidl_typesupport_fastrtps_c.c.o[0m
[3.349s] [ 94%] [32mBuilding C object CMakeFiles/cg_interfaces__rosidl_typesupport_introspection_c__pyext.dir/rosidl_generator_py/cg_interfaces/_cg_interfaces_s.ep.rosidl_typesupport_introspection_c.c.o[0m
[3.421s] [ 96%] [32m[1mLinking C shared library rosidl_generator_py/cg_interfaces/cg_interfaces_s__rosidl_typesupport_c.cpython-310-x86_64-linux-gnu.so[0m
[3.422s] [ 98%] [32m[1mLinking C shared library rosidl_generator_py/cg_interfaces/cg_interfaces_s__rosidl_typesupport_introspection_c.cpython-310-x86_64-linux-gnu.so[0m
[3.424s] [100%] [32m[1mLinking C shared library rosidl_generator_py/cg_interfaces/cg_interfaces_s__rosidl_typesupport_fastrtps_c.cpython-310-x86_64-linux-gnu.so[0m
[3.443s] [100%] Built target cg_interfaces__rosidl_typesupport_introspection_c__pyext
[3.443s] [100%] Built target cg_interfaces__rosidl_typesupport_c__pyext
[3.446s] [100%] Built target cg_interfaces__rosidl_typesupport_fastrtps_c__pyext
[3.454s] Invoked command in '/project_ws/build/cg_interfaces' returned '0': CMAKE_PREFIX_PATH=/opt/ros/humble /usr/bin/cmake --build /project_ws/build/cg_interfaces -- -j8 -l8
[3.459s] Invoking command in '/project_ws/build/cg_interfaces': CMAKE_PREFIX_PATH=/opt/ros/humble /usr/bin/cmake --install /project_ws/build/cg_interfaces
[3.464s] -- Install configuration: ""
[3.464s] -- Installing: /project_ws/install/cg_interfaces/share/ament_index/resource_index/rosidl_interfaces/cg_interfaces
[3.464s] -- Installing: /project_ws/install/cg_interfaces/include/cg_interfaces/cg_interfaces
[3.464s] -- Installing: /project_ws/install/cg_interfaces/include/cg_interfaces/cg_interfaces/msg
[3.464s] -- Installing: /project_ws/install/cg_interfaces/include/cg_interfaces/cg_interfaces/msg/rosidl_generator_c__visibility_control.h
[3.464s] -- Installing: /project_ws/install/cg_interfaces/include/cg_interfaces/cg_interfaces/msg/robot_sensors.h
[3.464s] -- Installing: /project_ws/install/cg_interfaces/include/cg_interfaces/cg_interfaces/msg/detail
[3.464s] -- Installing: /project_ws/install/cg_interfaces/include/cg_interfaces/cg_interfaces/msg/detail/robot_sensors__functions.c
[3.464s] -- Installing: /project_ws/install/cg_interfaces/include/cg_interfaces/cg_interfaces/msg/detail/robot_sensors__functions.h
[3.465s] -- Installing: /project_ws/install/cg_interfaces/include/cg_interfaces/cg_interfaces/msg/detail/robot_sensors__struct.h
[3.465s] -- Installing: /project_ws/install/cg_interfaces/include/cg_interfaces/cg_interfaces/msg/detail/robot_sensors__type_support.h
[3.465s] -- Installing: /project_ws/install/cg_interfaces/include/cg_interfaces/cg_interfaces/srv
[3.465s] -- Installing: /project_ws/install/cg_interfaces/include/cg_interfaces/cg_interfaces/srv/move_cmd.h
[3.465s] -- Installing: /project_ws/install/cg_interfaces/include/cg_interfaces/cg_interfaces/srv/detail
[3.465s] -- Installing: /project_ws/install/cg_interfaces/include/cg_interfaces/cg_interfaces/srv/detail/move_cmd__functions.c
[3.465s] -- Installing: /project_ws/install/cg_interfaces/include/cg_interfaces/cg_interfaces/srv/detail/move_cmd__functions.h
[3.465s] -- Installing: /project_ws/install/cg_interfaces/include/cg_interfaces/cg_interfaces/srv/detail/move_cmd__struct.h
[3.465s] -- Installing: /project_ws/install/cg_interfaces/include/cg_interfaces/cg_interfaces/srv/detail/move_cmd__type_support.h
[3.465s] -- Installing: /project_ws/install/cg_interfaces/include/cg_interfaces/cg_interfaces/srv/detail/get_map__functions.c
[3.465s] -- Installing: /project_ws/install/cg_interfaces/include/cg_interfaces/cg_interfaces/srv/detail/get_map__functions.h
[3.465s] -- Installing: /project_ws/install/cg_interfaces/include/cg_interfaces/cg_interfaces/srv/detail/get_map__struct.h
[3.465s] -- Installing: /project_ws/install/cg_interfaces/include/cg_interfaces/cg_interfaces/srv/detail/get_map__type_support.h
[3.466s] -- Installing: /project_ws/install/cg_interfaces/include/cg_interfaces/cg_interfaces/srv/detail/reset__functions.c
[3.466s] -- Installing: /project_ws/install/cg_interfaces/include/cg_interfaces/cg_interfaces/srv/detail/reset__functions.h
[3.466s] -- Installing: /project_ws/install/cg_interfaces/include/cg_interfaces/cg_interfaces/srv/detail/reset__struct.h
[3.466s] -- Installing: /project_ws/install/cg_interfaces/include/cg_interfaces/cg_interfaces/srv/detail/reset__type_support.h
[3.466s] -- Installing: /project_ws/install/cg_interfaces/include/cg_interfaces/cg_interfaces/srv/get_map.h
[3.466s] -- Installing: /project_ws/install/cg_interfaces/include/cg_interfaces/cg_interfaces/srv/reset.h
[3.466s] -- Installing: /project_ws/install/cg_interfaces/share/cg_interfaces/environment/library_path.sh
[3.466s] -- Installing: /project_ws/install/cg_interfaces/share/cg_interfaces/environment/library_path.dsv
[3.466s] -- Installing: /project_ws/install/cg_interfaces/lib/libcg_interfaces__rosidl_generator_c.so
[3.467s] -- Set runtime path of "/project_ws/install/cg_interfaces/lib/libcg_interfaces__rosidl_generator_c.so" to ""
[3.468s] -- Up-to-date: /project_ws/install/cg_interfaces/include/cg_interfaces/cg_interfaces
[3.468s] -- Up-to-date: /project_ws/install/cg_interfaces/include/cg_interfaces/cg_interfaces/msg
[3.468s] -- Installing: /project_ws/install/cg_interfaces/include/cg_interfaces/cg_interfaces/msg/rosidl_typesupport_fastrtps_c__visibility_control.h
[3.468s] -- Up-to-date: /project_ws/install/cg_interfaces/include/cg_interfaces/cg_interfaces/msg/detail
[3.468s] -- Installing: /project_ws/install/cg_interfaces/include/cg_interfaces/cg_interfaces/msg/detail/robot_sensors__rosidl_typesupport_fastrtps_c.h
[3.468s] -- Up-to-date: /project_ws/install/cg_interfaces/include/cg_interfaces/cg_interfaces/srv
[3.468s] -- Up-to-date: /project_ws/install/cg_interfaces/include/cg_interfaces/cg_interfaces/srv/detail
[3.468s] -- Installing: /project_ws/install/cg_interfaces/include/cg_interfaces/cg_interfaces/srv/detail/move_cmd__rosidl_typesupport_fastrtps_c.h
[3.468s] -- Installing: /project_ws/install/cg_interfaces/include/cg_interfaces/cg_interfaces/srv/detail/get_map__rosidl_typesupport_fastrtps_c.h
[3.468s] -- Installing: /project_ws/install/cg_interfaces/include/cg_interfaces/cg_interfaces/srv/detail/reset__rosidl_typesupport_fastrtps_c.h
[3.468s] -- Installing: /project_ws/install/cg_interfaces/lib/libcg_interfaces__rosidl_typesupport_fastrtps_c.so
[3.469s] -- Set runtime path of "/project_ws/install/cg_interfaces/lib/libcg_interfaces__rosidl_typesupport_fastrtps_c.so" to ""
[3.469s] -- Up-to-date: /project_ws/install/cg_interfaces/include/cg_interfaces/cg_interfaces
[3.469s] -- Up-to-date: /project_ws/install/cg_interfaces/include/cg_interfaces/cg_interfaces/msg
[3.469s] -- Installing: /project_ws/install/cg_interfaces/include/cg_interfaces/cg_interfaces/msg/rosidl_typesupport_introspection_c__visibility_control.h
[3.469s] -- Up-to-date: /project_ws/install/cg_interfaces/include/cg_interfaces/cg_interfaces/msg/detail
[3.469s] -- Installing: /project_ws/install/cg_interfaces/include/cg_interfaces/cg_interfaces/msg/detail/robot_sensors__rosidl_typesupport_introspection_c.h
[3.469s] -- Installing: /project_ws/install/cg_interfaces/include/cg_interfaces/cg_interfaces/msg/detail/robot_sensors__type_support.c
[3.470s] -- Up-to-date: /project_ws/install/cg_interfaces/include/cg_interfaces/cg_interfaces/srv
[3.470s] -- Up-to-date: /project_ws/install/cg_interfaces/include/cg_interfaces/cg_interfaces/srv/detail
[3.470s] -- Installing: /project_ws/install/cg_interfaces/include/cg_interfaces/cg_interfaces/srv/detail/move_cmd__rosidl_typesupport_introspection_c.h
[3.470s] -- Installing: /project_ws/install/cg_interfaces/include/cg_interfaces/cg_interfaces/srv/detail/move_cmd__type_support.c
[3.470s] -- Installing: /project_ws/install/cg_interfaces/include/cg_interfaces/cg_interfaces/srv/detail/get_map__rosidl_typesupport_introspection_c.h
[3.470s] -- Installing: /project_ws/install/cg_interfaces/include/cg_interfaces/cg_interfaces/srv/detail/get_map__type_support.c
[3.470s] -- Installing: /project_ws/install/cg_interfaces/include/cg_interfaces/cg_interfaces/srv/detail/reset__rosidl_typesupport_introspection_c.h
[3.470s] -- Installing: /project_ws/install/cg_interfaces/include/cg_interfaces/cg_interfaces/srv/detail/reset__type_support.c
[3.470s] -- Installing: /project_ws/install/cg_interfaces/lib/libcg_interfaces__rosidl_typesupport_introspection_c.so
[3.471s] -- Set runtime path of "/project_ws/install/cg_interfaces/lib/libcg_interfaces__rosidl_typesupport_introspection_c.so" to ""
[3.471s] -- Installing: /project_ws/install/cg_interfaces/lib/libcg_interfaces__rosidl_typesupport_c.so
[3.472s] -- Set runtime path of "/project_ws/install/cg_interfaces/lib/libcg_interfaces__rosidl_typesupport_c.so" to ""
[3.472s] -- Up-to-date: /project_ws/install/cg_interfaces/include/cg_interfaces/cg_interfaces
[3.472s] -- Up-to-date: /project_ws/install/cg_interfaces/include/cg_interfaces/cg_interfaces/msg
[3.472s] -- Installing: /project_ws/install/cg_interfaces/include/cg_interfaces/cg_interfaces/msg/rosidl_generator_cpp__visibility_control.hpp
[3.472s] -- Installing: /project_ws/install/cg_interfaces/include/cg_interfaces/cg_interfaces/msg/robot_sensors.hpp
[3.473s] -- Up-to-date: /project_ws/install/cg_interfaces/include/cg_interfaces/cg_interfaces/msg/detail
[3.473s] -- Installing: /project_ws/install/cg_interfaces/include/cg_interfaces/cg_interfaces/msg/detail/robot_sensors__builder.hpp
[3.473s] -- Installing: /project_ws/install/cg_interfaces/include/cg_interfaces/cg_interfaces/msg/detail/robot_sensors__struct.hpp
[3.473s] -- Installing: /project_ws/install/cg_interfaces/include/cg_interfaces/cg_interfaces/msg/detail/robot_sensors__traits.hpp
[3.473s] -- Installing: /project_ws/install/cg_interfaces/include/cg_interfaces/cg_interfaces/msg/detail/robot_sensors__type_support.hpp
[3.473s] -- Up-to-date: /project_ws/install/cg_interfaces/include/cg_interfaces/cg_interfaces/srv
[3.473s] -- Installing: /project_ws/install/cg_interfaces/include/cg_interfaces/cg_interfaces/srv/move_cmd.hpp
[3.473s] -- Up-to-date: /project_ws/install/cg_interfaces/include/cg_interfaces/cg_interfaces/srv/detail
[3.473s] -- Installing: /project_ws/install/cg_interfaces/include/cg_interfaces/cg_interfaces/srv/detail/move_cmd__builder.hpp
[3.473s] -- Installing: /project_ws/install/cg_interfaces/include/cg_interfaces/cg_interfaces/srv/detail/move_cmd__struct.hpp
[3.473s] -- Installing: /project_ws/install/cg_interfaces/include/cg_interfaces/cg_interfaces/srv/detail/move_cmd__traits.hpp
[3.473s] -- Installing: /project_ws/install/cg_interfaces/include/cg_interfaces/cg_interfaces/srv/detail/move_cmd__type_support.hpp
[3.473s] -- Installing: /project_ws/install/cg_interfaces/include/cg_interfaces/cg_interfaces/srv/detail/get_map__builder.hpp
[3.473s] -- Installing: /project_ws/install/cg_interfaces/include/cg_interfaces/cg_interfaces/srv/detail/get_map__struct.hpp
[3.473s] -- Installing: /project_ws/install/cg_interfaces/include/cg_interfaces/cg_interfaces/srv/detail/get_map__traits.hpp
[3.474s] -- Installing: /project_ws/install/cg_interfaces/include/cg_interfaces/cg_interfaces/srv/detail/get_map__type_support.hpp
[3.474s] -- Installing: /project_ws/install/cg_interfaces/include/cg_interfaces/cg_interfaces/srv/detail/reset__builder.hpp
[3.474s] -- Installing: /project_ws/install/cg_interfaces/include/cg_interfaces/cg_interfaces/srv/detail/reset__struct.hpp
[3.474s] -- Installing: /project_ws/install/cg_interfaces/include/cg_interfaces/cg_interfaces/srv/detail/reset__traits.hpp
[3.474s] -- Installing: /project_ws/install/cg_interfaces/include/cg_interfaces/cg_interfaces/srv/detail/reset__type_support.hpp
[3.474s] -- Installing: /project_ws/install/cg_interfaces/include/cg_interfaces/cg_interfaces/srv/get_map.hpp
[3.474s] -- Installing: /project_ws/install/cg_interfaces/include/cg_interfaces/cg_interfaces/srv/reset.hpp
[3.474s] -- Up-to-date: /project_ws/install/cg_interfaces/include/cg_interfaces/cg_interfaces
[3.474s] -- Up-to-date: /project_ws/install/cg_interfaces/include/cg_interfaces/cg_interfaces/msg
[3.474s] -- Installing: /project_ws/install/cg_interfaces/include/cg_interfaces/cg_interfaces/msg/rosidl_typesupport_fastrtps_cpp__visibility_control.h
[3.474s] -- Up-to-date: /project_ws/install/cg_interfaces/include/cg_interfaces/cg_interfaces/msg/detail
[3.474s] -- Installing: /project_ws/install/cg_interfaces/include/cg_interfaces/cg_interfaces/msg/detail/robot_sensors__rosidl_typesupport_fastrtps_cpp.hpp
[3.474s] -- Installing: /project_ws/install/cg_interfaces/include/cg_interfaces/cg_interfaces/msg/detail/dds_fastrtps
[3.474s] -- Up-to-date: /project_ws/install/cg_interfaces/include/cg_interfaces/cg_interfaces/srv
[3.474s] -- Up-to-date: /project_ws/install/cg_interfaces/include/cg_interfaces/cg_interfaces/srv/detail
[3.475s] -- Installing: /project_ws/install/cg_interfaces/include/cg_interfaces/cg_interfaces/srv/detail/move_cmd__rosidl_typesupport_fastrtps_cpp.hpp
[3.475s] -- Installing: /project_ws/install/cg_interfaces/include/cg_interfaces/cg_interfaces/srv/detail/dds_fastrtps
[3.475s] -- Installing: /project_ws/install/cg_interfaces/include/cg_interfaces/cg_interfaces/srv/detail/get_map__rosidl_typesupport_fastrtps_cpp.hpp
[3.475s] -- Installing: /project_ws/install/cg_interfaces/include/cg_interfaces/cg_interfaces/srv/detail/reset__rosidl_typesupport_fastrtps_cpp.hpp
[3.475s] -- Installing: /project_ws/install/cg_interfaces/lib/libcg_interfaces__rosidl_typesupport_fastrtps_cpp.so
[3.477s] -- Set runtime path of "/project_ws/install/cg_interfaces/lib/libcg_interfaces__rosidl_typesupport_fastrtps_cpp.so" to ""
[3.477s] -- Up-to-date: /project_ws/install/cg_interfaces/include/cg_interfaces/cg_interfaces
[3.477s] -- Up-to-date: /project_ws/install/cg_interfaces/include/cg_interfaces/cg_interfaces/srv
[3.477s] -- Up-to-date: /project_ws/install/cg_interfaces/include/cg_interfaces/cg_interfaces/srv/detail
[3.477s] -- Installing: /project_ws/install/cg_interfaces/include/cg_interfaces/cg_interfaces/srv/detail/move_cmd__rosidl_typesupport_introspection_cpp.hpp
[3.477s] -- Installing: /project_ws/install/cg_interfaces/include/cg_interfaces/cg_interfaces/srv/detail/move_cmd__type_support.cpp
[3.477s] -- Installing: /project_ws/install/cg_interfaces/include/cg_interfaces/cg_interfaces/srv/detail/get_map__rosidl_typesupport_introspection_cpp.hpp
[3.477s] -- Installing: /project_ws/install/cg_interfaces/include/cg_interfaces/cg_interfaces/srv/detail/get_map__type_support.cpp
[3.477s] -- Installing: /project_ws/install/cg_interfaces/include/cg_interfaces/cg_interfaces/srv/detail/reset__rosidl_typesupport_introspection_cpp.hpp
[3.477s] -- Installing: /project_ws/install/cg_interfaces/include/cg_interfaces/cg_interfaces/srv/detail/reset__type_support.cpp
[3.478s] -- Up-to-date: /project_ws/install/cg_interfaces/include/cg_interfaces/cg_interfaces/msg
[3.478s] -- Up-to-date: /project_ws/install/cg_interfaces/include/cg_interfaces/cg_interfaces/msg/detail
[3.478s] -- Installing: /project_ws/install/cg_interfaces/include/cg_interfaces/cg_interfaces/msg/detail/robot_sensors__rosidl_typesupport_introspection_cpp.hpp
[3.478s] -- Installing: /project_ws/install/cg_interfaces/include/cg_interfaces/cg_interfaces/msg/detail/robot_sensors__type_support.cpp
[3.478s] -- Installing: /project_ws/install/cg_interfaces/lib/libcg_interfaces__rosidl_typesupport_introspection_cpp.so
[3.479s] -- Set runtime path of "/project_ws/install/cg_interfaces/lib/libcg_interfaces__rosidl_typesupport_introspection_cpp.so" to ""
[3.479s] -- Installing: /project_ws/install/cg_interfaces/lib/libcg_interfaces__rosidl_typesupport_cpp.so
[3.480s] -- Set runtime path of "/project_ws/install/cg_interfaces/lib/libcg_interfaces__rosidl_typesupport_cpp.so" to ""
[3.480s] -- Installing: /project_ws/install/cg_interfaces/share/cg_interfaces/environment/pythonpath.sh
[3.481s] -- Installing: /project_ws/install/cg_interfaces/share/cg_interfaces/environment/pythonpath.dsv
[3.481s] -- Installing: /project_ws/install/cg_interfaces/local/lib/python3.10/dist-packages/cg_interfaces-0.0.0-py3.10.egg-info
[3.481s] -- Installing: /project_ws/install/cg_interfaces/local/lib/python3.10/dist-packages/cg_interfaces-0.0.0-py3.10.egg-info/PKG-INFO
[3.481s] -- Installing: /project_ws/install/cg_interfaces/local/lib/python3.10/dist-packages/cg_interfaces-0.0.0-py3.10.egg-info/dependency_links.txt
[3.481s] -- Installing: /project_ws/install/cg_interfaces/local/lib/python3.10/dist-packages/cg_interfaces-0.0.0-py3.10.egg-info/top_level.txt
[3.481s] -- Installing: /project_ws/install/cg_interfaces/local/lib/python3.10/dist-packages/cg_interfaces-0.0.0-py3.10.egg-info/SOURCES.txt
[3.481s] -- Installing: /project_ws/install/cg_interfaces/local/lib/python3.10/dist-packages/cg_interfaces
[3.481s] -- Installing: /project_ws/install/cg_interfaces/local/lib/python3.10/dist-packages/cg_interfaces/__init__.py
[3.481s] -- Installing: /project_ws/install/cg_interfaces/local/lib/python3.10/dist-packages/cg_interfaces/srv
[3.481s] -- Installing: /project_ws/install/cg_interfaces/local/lib/python3.10/dist-packages/cg_interfaces/srv/_move_cmd.py
[3.481s] -- Installing: /project_ws/install/cg_interfaces/local/lib/python3.10/dist-packages/cg_interfaces/srv/_move_cmd_s.c
[3.481s] -- Installing: /project_ws/install/cg_interfaces/local/lib/python3.10/dist-packages/cg_interfaces/srv/_get_map.py
[3.482s] -- Installing: /project_ws/install/cg_interfaces/local/lib/python3.10/dist-packages/cg_interfaces/srv/_get_map_s.c
[3.482s] -- Installing: /project_ws/install/cg_interfaces/local/lib/python3.10/dist-packages/cg_interfaces/srv/_reset.py
[3.482s] -- Installing: /project_ws/install/cg_interfaces/local/lib/python3.10/dist-packages/cg_interfaces/srv/_reset_s.c
[3.482s] -- Installing: /project_ws/install/cg_interfaces/local/lib/python3.10/dist-packages/cg_interfaces/srv/__init__.py
[3.482s] -- Installing: /project_ws/install/cg_interfaces/local/lib/python3.10/dist-packages/cg_interfaces/msg
[3.482s] -- Installing: /project_ws/install/cg_interfaces/local/lib/python3.10/dist-packages/cg_interfaces/msg/_robot_sensors.py
[3.483s] -- Installing: /project_ws/install/cg_interfaces/local/lib/python3.10/dist-packages/cg_interfaces/msg/_robot_sensors_s.c
[3.483s] -- Installing: /project_ws/install/cg_interfaces/local/lib/python3.10/dist-packages/cg_interfaces/msg/__init__.py
[3.483s] -- Installing: /project_ws/install/cg_interfaces/local/lib/python3.10/dist-packages/cg_interfaces/_cg_interfaces_s.ep.rosidl_typesupport_fastrtps_c.c
[3.483s] -- Installing: /project_ws/install/cg_interfaces/local/lib/python3.10/dist-packages/cg_interfaces/_cg_interfaces_s.ep.rosidl_typesupport_introspection_c.c
[3.483s] -- Installing: /project_ws/install/cg_interfaces/local/lib/python3.10/dist-packages/cg_interfaces/_cg_interfaces_s.ep.rosidl_typesupport_c.c
[3.484s] -- Installing: /project_ws/install/cg_interfaces/local/lib/python3.10/dist-packages/cg_interfaces/libcg_interfaces__rosidl_generator_py.so
[3.484s] -- Installing: /project_ws/install/cg_interfaces/local/lib/python3.10/dist-packages/cg_interfaces/cg_interfaces_s__rosidl_typesupport_c.cpython-310-x86_64-linux-gnu.so
[3.484s] -- Installing: /project_ws/install/cg_interfaces/local/lib/python3.10/dist-packages/cg_interfaces/cg_interfaces_s__rosidl_typesupport_introspection_c.cpython-310-x86_64-linux-gnu.so
[3.484s] -- Installing: /project_ws/install/cg_interfaces/local/lib/python3.10/dist-packages/cg_interfaces/cg_interfaces_s__rosidl_typesupport_fastrtps_c.cpython-310-x86_64-linux-gnu.so
[3.515s] Listing '/project_ws/install/cg_interfaces/local/lib/python3.10/dist-packages/cg_interfaces'...
[3.515s] Compiling '/project_ws/install/cg_interfaces/local/lib/python3.10/dist-packages/cg_interfaces/__init__.py'...
[3.515s] Listing '/project_ws/install/cg_interfaces/local/lib/python3.10/dist-packages/cg_interfaces/msg'...
[3.515s] Compiling '/project_ws/install/cg_interfaces/local/lib/python3.10/dist-packages/cg_interfaces/msg/__init__.py'...
[3.515s] Compiling '/project_ws/install/cg_interfaces/local/lib/python3.10/dist-packages/cg_interfaces/msg/_robot_sensors.py'...
[3.515s] Listing '/project_ws/install/cg_interfaces/local/lib/python3.10/dist-packages/cg_interfaces/srv'...
[3.515s] Compiling '/project_ws/install/cg_interfaces/local/lib/python3.10/dist-packages/cg_interfaces/srv/__init__.py'...
[3.515s] Compiling '/project_ws/install/cg_interfaces/local/lib/python3.10/dist-packages/cg_interfaces/srv/_get_map.py'...
[3.515s] Compiling '/project_ws/install/cg_interfaces/local/lib/python3.10/dist-packages/cg_interfaces/srv/_move_cmd.py'...
[3.515s] Compiling '/project_ws/install/cg_interfaces/local/lib/python3.10/dist-packages/cg_interfaces/srv/_reset.py'...
[3.518s] -- Installing: /project_ws/install/cg_interfaces/local/lib/python3.10/dist-packages/cg_interfaces/cg_interfaces_s__rosidl_typesupport_fastrtps_c.cpython-310-x86_64-linux-gnu.so
[3.519s] -- Set runtime path of "/project_ws/install/cg_interfaces/local/lib/python3.10/dist-packages/cg_interfaces/cg_interfaces_s__rosidl_typesupport_fastrtps_c.cpython-310-x86_64-linux-gnu.so" to ""
[3.519s] -- Installing: /project_ws/install/cg_interfaces/local/lib/python3.10/dist-packages/cg_interfaces/cg_interfaces_s__rosidl_typesupport_introspection_c.cpython-310-x86_64-linux-gnu.so
[3.519s] -- Set runtime path of "/project_ws/install/cg_interfaces/local/lib/python3.10/dist-packages/cg_interfaces/cg_interfaces_s__rosidl_typesupport_introspection_c.cpython-310-x86_64-linux-gnu.so" to ""
[3.520s] -- Installing: /project_ws/install/cg_interfaces/local/lib/python3.10/dist-packages/cg_interfaces/cg_interfaces_s__rosidl_typesupport_c.cpython-310-x86_64-linux-gnu.so
[3.520s] -- Set runtime path of "/project_ws/install/cg_interfaces/local/lib/python3.10/dist-packages/cg_interfaces/cg_interfaces_s__rosidl_typesupport_c.cpython-310-x86_64-linux-gnu.so" to ""
[3.520s] -- Installing: /project_ws/install/cg_interfaces/lib/libcg_interfaces__rosidl_generator_py.so
[3.520s] -- Set runtime path of "/project_ws/install/cg_interfaces/lib/libcg_interfaces__rosidl_generator_py.so" to ""
[3.520s] -- Installing: /project_ws/install/cg_interfaces/share/cg_interfaces/srv/MoveCmd.idl
[3.520s] -- Installing: /project_ws/install/cg_interfaces/share/cg_interfaces/srv/GetMap.idl
[3.521s] -- Installing: /project_ws/install/cg_interfaces/share/cg_interfaces/msg/RobotSensors.idl
[3.521s] -- Installing: /project_ws/install/cg_interfaces/share/cg_interfaces/srv/Reset.idl
[3.521s] -- Installing: /project_ws/install/cg_interfaces/share/cg_interfaces/srv/MoveCmd.srv
[3.521s] -- Installing: /project_ws/install/cg_interfaces/share/cg_interfaces/srv/MoveCmd_Request.msg
[3.521s] -- Installing: /project_ws/install/cg_interfaces/share/cg_interfaces/srv/MoveCmd_Response.msg
[3.521s] -- Installing: /project_ws/install/cg_interfaces/share/cg_interfaces/srv/GetMap.srv
[3.521s] -- Installing: /project_ws/install/cg_interfaces/share/cg_interfaces/srv/GetMap_Request.msg
[3.521s] -- Installing: /project_ws/install/cg_interfaces/share/cg_interfaces/srv/GetMap_Response.msg
[3.522s] -- Installing: /project_ws/install/cg_interfaces/share/cg_interfaces/msg/RobotSensors.msg
[3.522s] -- Installing: /project_ws/install/cg_interfaces/share/cg_interfaces/srv/Reset.srv
[3.522s] -- Installing: /project_ws/install/cg_interfaces/share/cg_interfaces/srv/Reset_Request.msg
[3.522s] -- Installing: /project_ws/install/cg_interfaces/share/cg_interfaces/srv/Reset_Response.msg
[3.522s] -- Installing: /project_ws/install/cg_interfaces/share/ament_index/resource_index/package_run_dependencies/cg_interfaces
[3.522s] -- Installing: /project_ws/install/cg_interfaces/share/ament_index/resource_index/parent_prefix_path/cg_interfaces
[3.522s] -- Installing: /project_ws/install/cg_interfaces/share/cg_interfaces/environment/ament_prefix_path.sh
[3.522s] -- Installing: /project_ws/install/cg_interfaces/share/cg_interfaces/environment/ament_prefix_path.dsv
[3.523s] -- Installing: /project_ws/install/cg_interfaces/share/cg_interfaces/environment/path.sh
[3.523s] -- Installing: /project_ws/install/cg_interfaces/share/cg_interfaces/environment/path.dsv
[3.523s] -- Installing: /project_ws/install/cg_interfaces/share/cg_interfaces/local_setup.bash
[3.523s] -- Installing: /project_ws/install/cg_interfaces/share/cg_interfaces/local_setup.sh
[3.523s] -- Installing: /project_ws/install/cg_interfaces/share/cg_interfaces/local_setup.zsh
[3.523s] -- Installing: /project_ws/install/cg_interfaces/share/cg_interfaces/local_setup.dsv
[3.523s] -- Installing: /project_ws/install/cg_interfaces/share/cg_interfaces/package.dsv
[3.523s] -- Installing: /project_ws/install/cg_interfaces/share/ament_index/resource_index/packages/cg_interfaces
[3.524s] -- Installing: /project_ws/install/cg_interfaces/share/cg_interfaces/cmake/export_cg_interfaces__rosidl_generator_cExport.cmake
[3.524s] -- Installing: /project_ws/install/cg_interfaces/share/cg_interfaces/cmake/export_cg_interfaces__rosidl_generator_cExport-noconfig.cmake
[3.524s] -- Installing: /project_ws/install/cg_interfaces/share/cg_interfaces/cmake/export_cg_interfaces__rosidl_typesupport_fastrtps_cExport.cmake
[3.524s] -- Installing: /project_ws/install/cg_interfaces/share/cg_interfaces/cmake/export_cg_interfaces__rosidl_typesupport_fastrtps_cExport-noconfig.cmake
[3.524s] -- Installing: /project_ws/install/cg_interfaces/share/cg_interfaces/cmake/cg_interfaces__rosidl_typesupport_introspection_cExport.cmake
[3.524s] -- Installing: /project_ws/install/cg_interfaces/share/cg_interfaces/cmake/cg_interfaces__rosidl_typesupport_introspection_cExport-noconfig.cmake
[3.525s] -- Installing: /project_ws/install/cg_interfaces/share/cg_interfaces/cmake/cg_interfaces__rosidl_typesupport_cExport.cmake
[3.525s] -- Installing: /project_ws/install/cg_interfaces/share/cg_interfaces/cmake/cg_interfaces__rosidl_typesupport_cExport-noconfig.cmake
[3.525s] -- Installing: /project_ws/install/cg_interfaces/share/cg_interfaces/cmake/export_cg_interfaces__rosidl_generator_cppExport.cmake
[3.525s] -- Installing: /project_ws/install/cg_interfaces/share/cg_interfaces/cmake/export_cg_interfaces__rosidl_typesupport_fastrtps_cppExport.cmake
[3.526s] -- Installing: /project_ws/install/cg_interfaces/share/cg_interfaces/cmake/export_cg_interfaces__rosidl_typesupport_fastrtps_cppExport-noconfig.cmake
[3.526s] -- Installing: /project_ws/install/cg_interfaces/share/cg_interfaces/cmake/cg_interfaces__rosidl_typesupport_introspection_cppExport.cmake
[3.526s] -- Installing: /project_ws/install/cg_interfaces/share/cg_interfaces/cmake/cg_interfaces__rosidl_typesupport_introspection_cppExport-noconfig.cmake
[3.526s] -- Installing: /project_ws/install/cg_interfaces/share/cg_interfaces/cmake/cg_interfaces__rosidl_typesupport_cppExport.cmake
[3.526s] -- Installing: /project_ws/install/cg_interfaces/share/cg_interfaces/cmake/cg_interfaces__rosidl_typesupport_cppExport-noconfig.cmake
[3.526s] -- Installing: /project_ws/install/cg_interfaces/share/cg_interfaces/cmake/export_cg_interfaces__rosidl_generator_pyExport.cmake
[3.527s] -- Installing: /project_ws/install/cg_interfaces/share/cg_interfaces/cmake/export_cg_interfaces__rosidl_generator_pyExport-noconfig.cmake
[3.527s] -- Installing: /project_ws/install/cg_interfaces/share/cg_interfaces/cmake/rosidl_cmake-extras.cmake
[3.527s] -- Installing: /project_ws/install/cg_interfaces/share/cg_interfaces/cmake/ament_cmake_export_include_directories-extras.cmake
[3.527s] -- Installing: /project_ws/install/cg_interfaces/share/cg_interfaces/cmake/ament_cmake_export_libraries-extras.cmake
[3.527s] -- Installing: /project_ws/install/cg_interfaces/share/cg_interfaces/cmake/ament_cmake_export_targets-extras.cmake
[3.527s] -- Installing: /project_ws/install/cg_interfaces/share/cg_interfaces/cmake/rosidl_cmake_export_typesupport_targets-extras.cmake
[3.528s] -- Installing: /project_ws/install/cg_interfaces/share/cg_interfaces/cmake/ament_cmake_export_dependencies-extras.cmake
[3.528s] -- Installing: /project_ws/install/cg_interfaces/share/cg_interfaces/cmake/rosidl_cmake_export_typesupport_libraries-extras.cmake
[3.528s] -- Installing: /project_ws/install/cg_interfaces/share/cg_interfaces/cmake/cg_interfacesConfig.cmake
[3.528s] -- Installing: /project_ws/install/cg_interfaces/share/cg_interfaces/cmake/cg_interfacesConfig-version.cmake
[3.528s] -- Installing: /project_ws/install/cg_interfaces/share/cg_interfaces/package.xml
[3.530s] Invoked command in '/project_ws/build/cg_interfaces' returned '0': CMAKE_PREFIX_PATH=/opt/ros/humble /usr/bin/cmake --install /project_ws/build/cg_interfaces
