[1.185s] Invoking command in '/home/gabrielmartins/Documents/github/ponderada_ros/culling_games/src/cg_teleop': CMAKE_PREFIX_PATH=/home/gabrielmartins/Documents/github/ponderada_ros/install/cg_interfaces:/home/gabrielmartins/Documents/github/ponderada_ros/install/cg:/usr/lib64/ros-jazzy/opt/orocos_kdl_vendor:/usr/lib64/ros-jazzy/opt/gz_math_vendor:/usr/lib64/ros-jazzy/opt/gz_utils_vendor:/usr/lib64/ros-jazzy/opt/gz_cmake_vendor:/usr/lib64/ros-jazzy CONDA_PROMPT_MODIFIER=(ros_env) DEBUGINFOD_URLS=https://debuginfod.fedoraproject.org/ PYTHONPATH=/home/gabrielmartins/Documents/github/ponderada_ros/build/cg_teleop/prefix_override:/usr/lib/python3.13/site-packages/colcon_core/task/python/colcon_distutils_commands:/home/gabrielmartins/Documents/github/ponderada_ros/install/cg_teleop/lib/python3.13/site-packages:/home/gabrielmartins/Documents/github/ponderada_ros/install/cg_interfaces/lib/python3.13/site-packages:/home/gabrielmartins/Documents/github/ponderada_ros/install/my-test-package/lib/python3.13/site-packages:/home/gabrielmartins/Documents/github/ponderada_ros/install/cg_teleop/lib/python3.13/site-packages:/home/gabrielmartins/Documents/github/ponderada_ros/install/cg/lib/python3.13/site-packages:/usr/lib64/ros-jazzy/lib/python3.13/dist-packages:/usr/lib64/ros-jazzy/lib/python3.13/site-packages:/home/gabrielmartins/m/envs/ros_env/lib/python/site-packages:/home/gabrielmartins/m/envs/ros_env/lib/python3.12/site-packages _=/usr/bin/env /usr/bin/python3 -W ignore:setup.py install is deprecated -W ignore:easy_install command is deprecated setup.py egg_info --egg-base ../../../build/cg_teleop build --build-base /home/gabrielmartins/Documents/github/ponderada_ros/build/cg_teleop/build install --record /home/gabrielmartins/Documents/github/ponderada_ros/build/cg_teleop/install.log --single-version-externally-managed install_data
[1.516s] running egg_info
[1.516s] creating ../../../build/cg_teleop/cg_teleop.egg-info
[1.531s] writing ../../../build/cg_teleop/cg_teleop.egg-info/PKG-INFO
[1.532s] writing dependency_links to ../../../build/cg_teleop/cg_teleop.egg-info/dependency_links.txt
[1.532s] writing entry points to ../../../build/cg_teleop/cg_teleop.egg-info/entry_points.txt
[1.532s] writing requirements to ../../../build/cg_teleop/cg_teleop.egg-info/requires.txt
[1.532s] writing top-level names to ../../../build/cg_teleop/cg_teleop.egg-info/top_level.txt
[1.532s] writing manifest file '../../../build/cg_teleop/cg_teleop.egg-info/SOURCES.txt'
[1.574s] reading manifest file '../../../build/cg_teleop/cg_teleop.egg-info/SOURCES.txt'
[1.574s] writing manifest file '../../../build/cg_teleop/cg_teleop.egg-info/SOURCES.txt'
[1.575s] running build
[1.575s] running build_py
[1.575s] creating /home/gabrielmartins/Documents/github/ponderada_ros/build/cg_teleop/build
[1.575s] creating /home/gabrielmartins/Documents/github/ponderada_ros/build/cg_teleop/build/lib
[1.575s] creating /home/gabrielmartins/Documents/github/ponderada_ros/build/cg_teleop/build/lib/cg_teleop
[1.575s] copying cg_teleop/__init__.py -> /home/gabrielmartins/Documents/github/ponderada_ros/build/cg_teleop/build/lib/cg_teleop
[1.575s] copying cg_teleop/teleop_node.py -> /home/gabrielmartins/Documents/github/ponderada_ros/build/cg_teleop/build/lib/cg_teleop
[1.575s] running install
[1.581s] running install_lib
[1.598s] creating /home/gabrielmartins/Documents/github/ponderada_ros/install/cg_teleop/lib/python3.13/site-packages/cg_teleop
[1.598s] copying /home/gabrielmartins/Documents/github/ponderada_ros/build/cg_teleop/build/lib/cg_teleop/__init__.py -> /home/gabrielmartins/Documents/github/ponderada_ros/install/cg_teleop/lib/python3.13/site-packages/cg_teleop
[1.598s] copying /home/gabrielmartins/Documents/github/ponderada_ros/build/cg_teleop/build/lib/cg_teleop/teleop_node.py -> /home/gabrielmartins/Documents/github/ponderada_ros/install/cg_teleop/lib/python3.13/site-packages/cg_teleop
[1.599s] byte-compiling /home/gabrielmartins/Documents/github/ponderada_ros/install/cg_teleop/lib/python3.13/site-packages/cg_teleop/__init__.py to __init__.cpython-313.pyc
[1.599s] byte-compiling /home/gabrielmartins/Documents/github/ponderada_ros/install/cg_teleop/lib/python3.13/site-packages/cg_teleop/teleop_node.py to teleop_node.cpython-313.pyc
[1.601s] running install_data
[1.601s] creating /home/gabrielmartins/Documents/github/ponderada_ros/install/cg_teleop/share/ament_index
[1.601s] creating /home/gabrielmartins/Documents/github/ponderada_ros/install/cg_teleop/share/ament_index/resource_index
[1.601s] creating /home/gabrielmartins/Documents/github/ponderada_ros/install/cg_teleop/share/ament_index/resource_index/packages
[1.601s] copying resource/cg_teleop -> /home/gabrielmartins/Documents/github/ponderada_ros/install/cg_teleop/share/ament_index/resource_index/packages
[1.601s] copying package.xml -> /home/gabrielmartins/Documents/github/ponderada_ros/install/cg_teleop/share/cg_teleop
[1.601s] running install_egg_info
[1.619s] Copying ../../../build/cg_teleop/cg_teleop.egg-info to /home/gabrielmartins/Documents/github/ponderada_ros/install/cg_teleop/lib/python3.13/site-packages/cg_teleop-0.0.0-py3.13.egg-info
[1.619s] running install_scripts
[1.749s] Installing teleop_keyboard script to /home/gabrielmartins/Documents/github/ponderada_ros/install/cg_teleop/lib/cg_teleop
[1.749s] writing list of installed files to '/home/gabrielmartins/Documents/github/ponderada_ros/build/cg_teleop/install.log'
[1.781s] Invoked command in '/home/gabrielmartins/Documents/github/ponderada_ros/culling_games/src/cg_teleop' returned '0': CMAKE_PREFIX_PATH=/home/gabrielmartins/Documents/github/ponderada_ros/install/cg_interfaces:/home/gabrielmartins/Documents/github/ponderada_ros/install/cg:/usr/lib64/ros-jazzy/opt/orocos_kdl_vendor:/usr/lib64/ros-jazzy/opt/gz_math_vendor:/usr/lib64/ros-jazzy/opt/gz_utils_vendor:/usr/lib64/ros-jazzy/opt/gz_cmake_vendor:/usr/lib64/ros-jazzy CONDA_PROMPT_MODIFIER=(ros_env) DEBUGINFOD_URLS=https://debuginfod.fedoraproject.org/ PYTHONPATH=/home/gabrielmartins/Documents/github/ponderada_ros/build/cg_teleop/prefix_override:/usr/lib/python3.13/site-packages/colcon_core/task/python/colcon_distutils_commands:/home/gabrielmartins/Documents/github/ponderada_ros/install/cg_teleop/lib/python3.13/site-packages:/home/gabrielmartins/Documents/github/ponderada_ros/install/cg_interfaces/lib/python3.13/site-packages:/home/gabrielmartins/Documents/github/ponderada_ros/install/my-test-package/lib/python3.13/site-packages:/home/gabrielmartins/Documents/github/ponderada_ros/install/cg_teleop/lib/python3.13/site-packages:/home/gabrielmartins/Documents/github/ponderada_ros/install/cg/lib/python3.13/site-packages:/usr/lib64/ros-jazzy/lib/python3.13/dist-packages:/usr/lib64/ros-jazzy/lib/python3.13/site-packages:/home/gabrielmartins/m/envs/ros_env/lib/python/site-packages:/home/gabrielmartins/m/envs/ros_env/lib/python3.12/site-packages _=/usr/bin/env /usr/bin/python3 -W ignore:setup.py install is deprecated -W ignore:easy_install command is deprecated setup.py egg_info --egg-base ../../../build/cg_teleop build --build-base /home/gabrielmartins/Documents/github/ponderada_ros/build/cg_teleop/build install --record /home/gabrielmartins/Documents/github/ponderada_ros/build/cg_teleop/install.log --single-version-externally-managed install_data
