[0.000000] (-) TimerEvent: {}
[0.000155] (-) JobUnselected: {'identifier': 'cg'}
[0.000286] (-) JobUnselected: {'identifier': 'cg_interfaces'}
[0.000448] (-) JobUnselected: {'identifier': 'cg_teleop'}
[0.000537] (cg_solver) JobQueued: {'identifier': 'cg_solver', 'dependencies': OrderedDict([('cg_interfaces', '/project_ws/install/cg_interfaces')])}
[0.000629] (cg_solver) JobStarted: {'identifier': 'cg_solver'}
[0.007284] (cg_solver) JobProgress: {'identifier': 'cg_solver', 'progress': 'cmake'}
[0.007652] (cg_solver) JobProgress: {'identifier': 'cg_solver', 'progress': 'build'}
[0.008094] (cg_solver) Command: {'cmd': ['/usr/bin/cmake', '--build', '/project_ws/build/cg_solver', '--', '-j8', '-l8'], 'cwd': '/project_ws/build/cg_solver', 'env': OrderedDict([('HOSTNAME', 'fedora'), ('SHLVL', '1'), ('LD_LIBRARY_PATH', '/project_ws/install/cg_interfaces/lib:/opt/ros/humble/lib/x86_64-linux-gnu:/opt/ros/humble/lib'), ('HOME', '/'), ('ROS_PYTHON_VERSION', '3'), ('ROS_LOG_DIR', '/project_ws/log'), ('COLCON_PREFIX_PATH', '/project_ws/install'), ('ROS_DISTRO', 'humble'), ('_', '/usr/bin/colcon'), ('ROS_VERSION', '2'), ('TERM', 'xterm'), ('ROS_LOCALHOST_ONLY', '0'), ('PATH', '/opt/ros/humble/bin:/usr/local/sbin:/usr/local/bin:/usr/sbin:/usr/bin:/sbin:/bin'), ('DISPLAY', ':0'), ('LANG', 'C.UTF-8'), ('XAUTHORITY', '/tmp/.Xauthority'), ('AMENT_PREFIX_PATH', '/project_ws/install/cg_teleop:/project_ws/install/cg_solver:/project_ws/install/cg:/project_ws/install/cg_interfaces:/opt/ros/humble'), ('PWD', '/project_ws/build/cg_solver'), ('LC_ALL', 'C.UTF-8'), ('PYTHONPATH', '/project_ws/install/cg_teleop/lib/python3.10/site-packages:/project_ws/install/cg/lib/python3.10/site-packages:/project_ws/install/cg_interfaces/local/lib/python3.10/dist-packages:/opt/ros/humble/lib/python3.10/site-packages:/opt/ros/humble/local/lib/python3.10/dist-packages'), ('COLCON', '1'), ('CMAKE_PREFIX_PATH', '/project_ws/install/cg_interfaces:/project_ws/install/cg_solver:/project_ws/install/cg_teleop:/project_ws/install/cg:/opt/ros/humble')]), 'shell': False}
[0.043353] (cg_solver) StdoutLine: {'line': b'[ 50%] \x1b[32mBuilding CXX object CMakeFiles/autonomous_navigator_node.dir/src/autonomous_navigator_node.cpp.o\x1b[0m\n'}
[0.099942] (-) TimerEvent: {}
[0.200193] (-) TimerEvent: {}
[0.300477] (-) TimerEvent: {}
[0.400764] (-) TimerEvent: {}
[0.501015] (-) TimerEvent: {}
[0.601279] (-) TimerEvent: {}
[0.701563] (-) TimerEvent: {}
[0.801854] (-) TimerEvent: {}
[0.902091] (-) TimerEvent: {}
[1.002354] (-) TimerEvent: {}
[1.102634] (-) TimerEvent: {}
[1.202877] (-) TimerEvent: {}
[1.303130] (-) TimerEvent: {}
[1.403414] (-) TimerEvent: {}
[1.503699] (-) TimerEvent: {}
[1.603957] (-) TimerEvent: {}
[1.704254] (-) TimerEvent: {}
[1.804517] (-) TimerEvent: {}
[1.904803] (-) TimerEvent: {}
[2.005085] (-) TimerEvent: {}
[2.105332] (-) TimerEvent: {}
[2.205679] (-) TimerEvent: {}
[2.305951] (-) TimerEvent: {}
[2.406214] (-) TimerEvent: {}
[2.506486] (-) TimerEvent: {}
[2.606733] (-) TimerEvent: {}
[2.707089] (-) TimerEvent: {}
[2.807386] (-) TimerEvent: {}
[2.907598] (-) TimerEvent: {}
[3.007927] (-) TimerEvent: {}
[3.108187] (-) TimerEvent: {}
[3.208427] (-) TimerEvent: {}
[3.308765] (-) TimerEvent: {}
[3.409060] (-) TimerEvent: {}
[3.509352] (-) TimerEvent: {}
[3.609612] (-) TimerEvent: {}
[3.709940] (-) TimerEvent: {}
[3.810294] (-) TimerEvent: {}
[3.910664] (-) TimerEvent: {}
[4.011068] (-) TimerEvent: {}
[4.111336] (-) TimerEvent: {}
[4.211658] (-) TimerEvent: {}
[4.311995] (-) TimerEvent: {}
[4.412341] (-) TimerEvent: {}
[4.512677] (-) TimerEvent: {}
[4.612880] (-) TimerEvent: {}
[4.713213] (-) TimerEvent: {}
[4.813555] (-) TimerEvent: {}
[4.913890] (-) TimerEvent: {}
[5.014222] (-) TimerEvent: {}
[5.114516] (-) TimerEvent: {}
[5.214843] (-) TimerEvent: {}
[5.315168] (-) TimerEvent: {}
[5.415425] (-) TimerEvent: {}
[5.515753] (-) TimerEvent: {}
[5.616054] (-) TimerEvent: {}
[5.716409] (-) TimerEvent: {}
[5.816733] (-) TimerEvent: {}
[5.917089] (-) TimerEvent: {}
[6.017392] (-) TimerEvent: {}
[6.117713] (-) TimerEvent: {}
[6.217992] (-) TimerEvent: {}
[6.318322] (-) TimerEvent: {}
[6.418635] (-) TimerEvent: {}
[6.518967] (-) TimerEvent: {}
[6.619293] (-) TimerEvent: {}
[6.697209] (cg_solver) StdoutLine: {'line': b'[100%] \x1b[32m\x1b[1mLinking CXX executable autonomous_navigator_node\x1b[0m\n'}
[6.719476] (-) TimerEvent: {}
[6.819762] (-) TimerEvent: {}
[6.920037] (-) TimerEvent: {}
[7.020290] (-) TimerEvent: {}
[7.057962] (cg_solver) StdoutLine: {'line': b'[100%] Built target autonomous_navigator_node\n'}
[7.065295] (cg_solver) CommandEnded: {'returncode': 0}
[7.065960] (cg_solver) JobProgress: {'identifier': 'cg_solver', 'progress': 'install'}
[7.071555] (cg_solver) Command: {'cmd': ['/usr/bin/cmake', '--install', '/project_ws/build/cg_solver'], 'cwd': '/project_ws/build/cg_solver', 'env': OrderedDict([('HOSTNAME', 'fedora'), ('SHLVL', '1'), ('LD_LIBRARY_PATH', '/project_ws/install/cg_interfaces/lib:/opt/ros/humble/lib/x86_64-linux-gnu:/opt/ros/humble/lib'), ('HOME', '/'), ('ROS_PYTHON_VERSION', '3'), ('ROS_LOG_DIR', '/project_ws/log'), ('COLCON_PREFIX_PATH', '/project_ws/install'), ('ROS_DISTRO', 'humble'), ('_', '/usr/bin/colcon'), ('ROS_VERSION', '2'), ('TERM', 'xterm'), ('ROS_LOCALHOST_ONLY', '0'), ('PATH', '/opt/ros/humble/bin:/usr/local/sbin:/usr/local/bin:/usr/sbin:/usr/bin:/sbin:/bin'), ('DISPLAY', ':0'), ('LANG', 'C.UTF-8'), ('XAUTHORITY', '/tmp/.Xauthority'), ('AMENT_PREFIX_PATH', '/project_ws/install/cg_teleop:/project_ws/install/cg_solver:/project_ws/install/cg:/project_ws/install/cg_interfaces:/opt/ros/humble'), ('PWD', '/project_ws/build/cg_solver'), ('LC_ALL', 'C.UTF-8'), ('PYTHONPATH', '/project_ws/install/cg_teleop/lib/python3.10/site-packages:/project_ws/install/cg/lib/python3.10/site-packages:/project_ws/install/cg_interfaces/local/lib/python3.10/dist-packages:/opt/ros/humble/lib/python3.10/site-packages:/opt/ros/humble/local/lib/python3.10/dist-packages'), ('COLCON', '1'), ('CMAKE_PREFIX_PATH', '/project_ws/install/cg_interfaces:/project_ws/install/cg_solver:/project_ws/install/cg_teleop:/project_ws/install/cg:/opt/ros/humble')]), 'shell': False}
[7.076988] (cg_solver) StdoutLine: {'line': b'-- Install configuration: ""\n'}
[7.077183] (cg_solver) StdoutLine: {'line': b'-- Installing: /project_ws/install/cg_solver/lib/cg_solver/autonomous_navigator_node\n'}
[7.082251] (cg_solver) StdoutLine: {'line': b'-- Set runtime path of "/project_ws/install/cg_solver/lib/cg_solver/autonomous_navigator_node" to ""\n'}
[7.082450] (cg_solver) StdoutLine: {'line': b'-- Up-to-date: /project_ws/install/cg_solver/share/ament_index/resource_index/package_run_dependencies/cg_solver\n'}
[7.082574] (cg_solver) StdoutLine: {'line': b'-- Up-to-date: /project_ws/install/cg_solver/share/ament_index/resource_index/parent_prefix_path/cg_solver\n'}
[7.082672] (cg_solver) StdoutLine: {'line': b'-- Up-to-date: /project_ws/install/cg_solver/share/cg_solver/environment/ament_prefix_path.sh\n'}
[7.082742] (cg_solver) StdoutLine: {'line': b'-- Up-to-date: /project_ws/install/cg_solver/share/cg_solver/environment/ament_prefix_path.dsv\n'}
[7.082815] (cg_solver) StdoutLine: {'line': b'-- Up-to-date: /project_ws/install/cg_solver/share/cg_solver/environment/path.sh\n'}
[7.082893] (cg_solver) StdoutLine: {'line': b'-- Up-to-date: /project_ws/install/cg_solver/share/cg_solver/environment/path.dsv\n'}
[7.082984] (cg_solver) StdoutLine: {'line': b'-- Up-to-date: /project_ws/install/cg_solver/share/cg_solver/local_setup.bash\n'}
[7.083054] (cg_solver) StdoutLine: {'line': b'-- Up-to-date: /project_ws/install/cg_solver/share/cg_solver/local_setup.sh\n'}
[7.083123] (cg_solver) StdoutLine: {'line': b'-- Up-to-date: /project_ws/install/cg_solver/share/cg_solver/local_setup.zsh\n'}
[7.083191] (cg_solver) StdoutLine: {'line': b'-- Up-to-date: /project_ws/install/cg_solver/share/cg_solver/local_setup.dsv\n'}
[7.083257] (cg_solver) StdoutLine: {'line': b'-- Installing: /project_ws/install/cg_solver/share/cg_solver/package.dsv\n'}
[7.083325] (cg_solver) StdoutLine: {'line': b'-- Up-to-date: /project_ws/install/cg_solver/share/ament_index/resource_index/packages/cg_solver\n'}
[7.083394] (cg_solver) StdoutLine: {'line': b'-- Up-to-date: /project_ws/install/cg_solver/share/cg_solver/cmake/cg_solverConfig.cmake\n'}
[7.083467] (cg_solver) StdoutLine: {'line': b'-- Up-to-date: /project_ws/install/cg_solver/share/cg_solver/cmake/cg_solverConfig-version.cmake\n'}
[7.083538] (cg_solver) StdoutLine: {'line': b'-- Up-to-date: /project_ws/install/cg_solver/share/cg_solver/package.xml\n'}
[7.084750] (cg_solver) CommandEnded: {'returncode': 0}
[7.098657] (cg_solver) JobEnded: {'identifier': 'cg_solver', 'rc': 0}
[7.099221] (-) EventReactorShutdown: {}
