[0.130s] Invoking command in '/project_ws/build/cg_solver': AMENT_PREFIX_PATH=/project_ws/install/cg_interfaces:${AMENT_PREFIX_PATH} CMAKE_PREFIX_PATH=/project_ws/install/cg_interfaces:/opt/ros/humble LD_LIBRARY_PATH=/project_ws/install/cg_interfaces/lib:${LD_LIBRARY_PATH} PYTHONPATH=/project_ws/install/cg_interfaces/local/lib/python3.10/dist-packages:${PYTHONPATH} /usr/bin/cmake /project_ws/src/cg_solver -DCMAKE_INSTALL_PREFIX=/project_ws/install/cg_solver
[0.166s] -- The C compiler identification is GNU 11.4.0
[0.204s] -- The CXX compiler identification is GNU 11.4.0
[0.209s] -- Detecting C compiler ABI info
[0.259s] -- Detecting C compiler ABI info - done
[0.264s] -- Check for working C compiler: /usr/bin/cc - skipped
[0.264s] -- Detecting C compile features
[0.265s] -- Detecting C compile features - done
[0.267s] -- Detecting CXX compiler ABI info
[0.319s] -- Detecting CXX compiler ABI info - done
[0.326s] -- Check for working CXX compiler: /usr/bin/c++ - skipped
[0.326s] -- Detecting CXX compile features
[0.326s] -- Detecting CXX compile features - done
[0.328s] -- Found ament_cmake: 1.3.12 (/opt/ros/humble/share/ament_cmake/cmake)
[0.412s] -- Found Python3: /usr/bin/python3 (found version "3.10.12") found components: Interpreter 
[0.470s] -- Found rclcpp: 16.0.15 (/opt/ros/humble/share/rclcpp/cmake)
[0.490s] -- Found rosidl_generator_c: 3.1.7 (/opt/ros/humble/share/rosidl_generator_c/cmake)
[0.493s] -- Found rosidl_adapter: 3.1.7 (/opt/ros/humble/share/rosidl_adapter/cmake)
[0.498s] -- Found rosidl_generator_cpp: 3.1.7 (/opt/ros/humble/share/rosidl_generator_cpp/cmake)
[0.506s] -- Using all available rosidl_typesupport_c: rosidl_typesupport_fastrtps_c;rosidl_typesupport_introspection_c
[0.516s] -- Using all available rosidl_typesupport_cpp: rosidl_typesupport_fastrtps_cpp;rosidl_typesupport_introspection_cpp
[0.543s] -- Found rmw_implementation_cmake: 6.1.2 (/opt/ros/humble/share/rmw_implementation_cmake/cmake)
[0.544s] -- Found rmw_fastrtps_cpp: 6.2.9 (/opt/ros/humble/share/rmw_fastrtps_cpp/cmake)
[0.590s] -- Found OpenSSL: /usr/lib/x86_64-linux-gnu/libcrypto.so (found version "3.0.2")  
[0.601s] -- Found FastRTPS: /opt/ros/humble/include  
[0.622s] -- Using RMW implementation 'rmw_fastrtps_cpp' as default
[0.627s] -- Looking for pthread.h
[0.674s] -- Looking for pthread.h - found
[0.674s] -- Performing Test CMAKE_HAVE_LIBC_PTHREAD
[0.721s] -- Performing Test CMAKE_HAVE_LIBC_PTHREAD - Success
[0.722s] -- Found Threads: TRUE  
[0.755s] -- Found cg_interfaces: 0.0.0 (/project_ws/install/cg_interfaces/share/cg_interfaces/cmake)
[0.763s] -- Found ament_lint_auto: 0.12.14 (/opt/ros/humble/share/ament_lint_auto/cmake)
[0.809s] -- Added test 'cppcheck' to perform static code analysis on C / C++ code
[0.809s] -- Configured cppcheck include dirs: 
[0.809s] -- Configured cppcheck exclude dirs and/or files: 
[0.810s] -- Added test 'cpplint' to check C / C++ code against the Google style
[0.810s] -- Configured cpplint exclude dirs and/or files: 
[0.810s] -- Added test 'lint_cmake' to check CMake code style
[0.811s] -- Added test 'uncrustify' to check C / C++ code style
[0.811s] -- Configured uncrustify additional arguments: 
[0.811s] -- Added test 'xmllint' to check XML markup files
[0.812s] -- Configuring done
[0.818s] -- Generating done
[0.820s] -- Build files have been written to: /project_ws/build/cg_solver
[0.826s] Invoked command in '/project_ws/build/cg_solver' returned '0': AMENT_PREFIX_PATH=/project_ws/install/cg_interfaces:${AMENT_PREFIX_PATH} CMAKE_PREFIX_PATH=/project_ws/install/cg_interfaces:/opt/ros/humble LD_LIBRARY_PATH=/project_ws/install/cg_interfaces/lib:${LD_LIBRARY_PATH} PYTHONPATH=/project_ws/install/cg_interfaces/local/lib/python3.10/dist-packages:${PYTHONPATH} /usr/bin/cmake /project_ws/src/cg_solver -DCMAKE_INSTALL_PREFIX=/project_ws/install/cg_solver
[0.827s] Invoking command in '/project_ws/build/cg_solver': AMENT_PREFIX_PATH=/project_ws/install/cg_interfaces:${AMENT_PREFIX_PATH} CMAKE_PREFIX_PATH=/project_ws/install/cg_interfaces:/opt/ros/humble LD_LIBRARY_PATH=/project_ws/install/cg_interfaces/lib:${LD_LIBRARY_PATH} PYTHONPATH=/project_ws/install/cg_interfaces/local/lib/python3.10/dist-packages:${PYTHONPATH} /usr/bin/cmake --build /project_ws/build/cg_solver -- -j8 -l8
[0.859s] [ 50%] [32mBuilding CXX object CMakeFiles/autonomous_navigator_node.dir/src/autonomous_navigator_node.cpp.o[0m
[7.168s] [100%] [32m[1mLinking CXX executable autonomous_navigator_node[0m
[7.482s] [100%] Built target autonomous_navigator_node
[7.489s] Invoked command in '/project_ws/build/cg_solver' returned '0': AMENT_PREFIX_PATH=/project_ws/install/cg_interfaces:${AMENT_PREFIX_PATH} CMAKE_PREFIX_PATH=/project_ws/install/cg_interfaces:/opt/ros/humble LD_LIBRARY_PATH=/project_ws/install/cg_interfaces/lib:${LD_LIBRARY_PATH} PYTHONPATH=/project_ws/install/cg_interfaces/local/lib/python3.10/dist-packages:${PYTHONPATH} /usr/bin/cmake --build /project_ws/build/cg_solver -- -j8 -l8
[7.490s] Invoking command in '/project_ws/build/cg_solver': AMENT_PREFIX_PATH=/project_ws/install/cg_interfaces:${AMENT_PREFIX_PATH} CMAKE_PREFIX_PATH=/project_ws/install/cg_interfaces:/opt/ros/humble LD_LIBRARY_PATH=/project_ws/install/cg_interfaces/lib:${LD_LIBRARY_PATH} PYTHONPATH=/project_ws/install/cg_interfaces/local/lib/python3.10/dist-packages:${PYTHONPATH} /usr/bin/cmake --install /project_ws/build/cg_solver
[7.495s] -- Install configuration: ""
[7.495s] -- Installing: /project_ws/install/cg_solver/lib/cg_solver/autonomous_navigator_node
[7.502s] -- Set runtime path of "/project_ws/install/cg_solver/lib/cg_solver/autonomous_navigator_node" to ""
[7.502s] -- Installing: /project_ws/install/cg_solver/share/ament_index/resource_index/package_run_dependencies/cg_solver
[7.502s] -- Installing: /project_ws/install/cg_solver/share/ament_index/resource_index/parent_prefix_path/cg_solver
[7.502s] -- Installing: /project_ws/install/cg_solver/share/cg_solver/environment/ament_prefix_path.sh
[7.502s] -- Installing: /project_ws/install/cg_solver/share/cg_solver/environment/ament_prefix_path.dsv
[7.502s] -- Installing: /project_ws/install/cg_solver/share/cg_solver/environment/path.sh
[7.502s] -- Installing: /project_ws/install/cg_solver/share/cg_solver/environment/path.dsv
[7.502s] -- Installing: /project_ws/install/cg_solver/share/cg_solver/local_setup.bash
[7.503s] -- Installing: /project_ws/install/cg_solver/share/cg_solver/local_setup.sh
[7.503s] -- Installing: /project_ws/install/cg_solver/share/cg_solver/local_setup.zsh
[7.503s] -- Installing: /project_ws/install/cg_solver/share/cg_solver/local_setup.dsv
[7.503s] -- Installing: /project_ws/install/cg_solver/share/cg_solver/package.dsv
[7.503s] -- Installing: /project_ws/install/cg_solver/share/ament_index/resource_index/packages/cg_solver
[7.503s] -- Installing: /project_ws/install/cg_solver/share/cg_solver/cmake/cg_solverConfig.cmake
[7.503s] -- Installing: /project_ws/install/cg_solver/share/cg_solver/cmake/cg_solverConfig-version.cmake
[7.503s] -- Installing: /project_ws/install/cg_solver/share/cg_solver/package.xml
[7.505s] Invoked command in '/project_ws/build/cg_solver' returned '0': AMENT_PREFIX_PATH=/project_ws/install/cg_interfaces:${AMENT_PREFIX_PATH} CMAKE_PREFIX_PATH=/project_ws/install/cg_interfaces:/opt/ros/humble LD_LIBRARY_PATH=/project_ws/install/cg_interfaces/lib:${LD_LIBRARY_PATH} PYTHONPATH=/project_ws/install/cg_interfaces/local/lib/python3.10/dist-packages:${PYTHONPATH} /usr/bin/cmake --install /project_ws/build/cg_solver
