[-1763942223746201344.000s] [34mcolcon[0m [1;30mDEBUG[0m [32mCommand line arguments: ['/usr/bin/colcon', 'build'][0m
[-1763942223746201344.000s] [34mcolcon[0m [1;30mDEBUG[0m [32mParsed command line arguments: Namespace(log_base=None, log_level=None, verb_name='build', build_base='build', install_base='install', merge_install=False, symlink_install=False, test_result_base=None, continue_on_error=False, executor='parallel', parallel_workers=8, event_handlers=None, ignore_user_meta=False, metas=['./colcon.meta'], base_paths=['.'], packages_ignore=None, packages_ignore_regex=None, paths=None, packages_up_to=None, packages_up_to_regex=None, packages_above=None, packages_above_and_dependencies=None, packages_above_depth=None, packages_select_by_dep=None, packages_skip_by_dep=None, packages_skip_up_to=None, packages_select_build_failed=False, packages_skip_build_finished=False, packages_select_test_failures=False, packages_skip_test_passed=False, packages_select=None, packages_skip=None, packages_select_regex=None, packages_skip_regex=None, packages_start=None, packages_end=None, allow_overriding=[], cmake_args=None, cmake_target=None, cmake_target_skip_unavailable=False, cmake_clean_cache=False, cmake_clean_first=False, cmake_force_configure=False, ament_cmake_args=None, catkin_cmake_args=None, catkin_skip_building_tests=False, verb_parser=<colcon_defaults.argument_parser.defaults.DefaultArgumentsDecorator object at 0x7f2432d32490>, verb_extension=<colcon_core.verb.build.BuildVerb object at 0x7f2432ad3770>, main=<bound method BuildVerb.main of <colcon_core.verb.build.BuildVerb object at 0x7f2432ad3770>>)[0m
[-1763942223746201344.000s] [34mcolcon.colcon_core.package_discovery[0m [1;30mLevel 1[0m discover_packages(colcon_meta) check parameters
[-1763942223746201344.000s] [34mcolcon.colcon_core.package_discovery[0m [1;30mLevel 1[0m discover_packages(recursive) check parameters
[-1763942223746201344.000s] [34mcolcon.colcon_core.package_discovery[0m [1;30mLevel 1[0m discover_packages(ignore) check parameters
[-1763942223746201344.000s] [34mcolcon.colcon_core.package_discovery[0m [1;30mLevel 1[0m discover_packages(path) check parameters
[-1763942223746201344.000s] [34mcolcon.colcon_core.package_discovery[0m [1;30mLevel 1[0m discover_packages(colcon_meta) discover
[-1763942223746201344.000s] [34mcolcon.colcon_core.package_discovery[0m [1;30mLevel 1[0m discover_packages(recursive) discover
[-1763942223746201344.000s] [34mcolcon.colcon_core.package_discovery[0m [1;30mINFO[0m Crawling recursively for packages in '/home/gabrielmartins/Documents/github/ponderada_ros/cg'
[-1763942223746201344.000s] [34mcolcon.colcon_core.package_identification[0m [1;30mLevel 1[0m _identify(.) by extensions ['ignore', 'ignore_ament_install']
[-1763942223746201344.000s] [34mcolcon.colcon_core.package_identification[0m [1;30mLevel 1[0m _identify(.) by extension 'ignore'
[-1763942223746201344.000s] [34mcolcon.colcon_core.package_identification[0m [1;30mLevel 1[0m _identify(.) by extension 'ignore_ament_install'
[-1763942223746201344.000s] [34mcolcon.colcon_core.package_identification[0m [1;30mLevel 1[0m _identify(.) by extensions ['colcon_pkg']
[-1763942223746201344.000s] [34mcolcon.colcon_core.package_identification[0m [1;30mLevel 1[0m _identify(.) by extension 'colcon_pkg'
[-1763942223746201344.000s] [34mcolcon.colcon_core.package_identification[0m [1;30mLevel 1[0m _identify(.) by extensions ['colcon_meta']
[-1763942223746201344.000s] [34mcolcon.colcon_core.package_identification[0m [1;30mLevel 1[0m _identify(.) by extension 'colcon_meta'
[-1763942223746201344.000s] [34mcolcon.colcon_core.package_identification[0m [1;30mLevel 1[0m _identify(.) by extensions ['ros']
[-1763942223746201344.000s] [34mcolcon.colcon_core.package_identification[0m [1;30mLevel 1[0m _identify(.) by extension 'ros'
[-1763942223746201344.000s] [34mcolcon.colcon_core.package_identification[0m [1;30mDEBUG[0m [32mPackage '.' with type 'ros.ament_cmake' and name 'cg'[0m
[-1763942223746201344.000s] [34mcolcon.colcon_core.package_discovery[0m [1;30mLevel 1[0m discover_packages(recursive) using defaults
[-1763942223746201344.000s] [34mcolcon.colcon_core.package_discovery[0m [1;30mLevel 1[0m discover_packages(ignore) discover
[-1763942223746201344.000s] [34mcolcon.colcon_core.package_discovery[0m [1;30mLevel 1[0m discover_packages(ignore) using defaults
[-1763942223746201344.000s] [34mcolcon.colcon_core.package_discovery[0m [1;30mLevel 1[0m discover_packages(path) discover
[-1763942223746201344.000s] [34mcolcon.colcon_core.package_discovery[0m [1;30mLevel 1[0m discover_packages(path) using defaults
[-1763942223746201344.000s] [34mcolcon.colcon_core.package_discovery[0m [1;30mLevel 1[0m discover_packages(prefix_path) check parameters
[-1763942223746201344.000s] [34mcolcon.colcon_core.package_discovery[0m [1;30mLevel 1[0m discover_packages(prefix_path) discover
[-1763942223746201344.000s] [34mcolcon.colcon_installed_package_information.package_discovery[0m [1;30mDEBUG[0m [32mFound 1 installed packages in /home/gabrielmartins/Documents/github/ponderada_ros/cg/install[0m
[-1763942223746201344.000s] [34mcolcon.colcon_installed_package_information.package_discovery[0m [1;30mDEBUG[0m [32mFound 4 installed packages in /home/gabrielmartins/Documents/github/ponderada_ros/install[0m
[-1763942223746201344.000s] [34mcolcon.colcon_installed_package_information.package_discovery[0m [1;30mDEBUG[0m [32mFound 301 installed packages in /usr/lib64/ros-jazzy[0m
[-1763942223746201344.000s] [34mcolcon.colcon_installed_package_information.package_discovery[0m [1;30mDEBUG[0m [32mFound 0 installed packages in /home/gabrielmartins/Documents/github/ponderada_ros/cg/cg/install[0m
[-1763942223746201344.000s] [34mcolcon.colcon_core.package_discovery[0m [1;30mLevel 1[0m discover_packages(prefix_path) using defaults
[-1763942223746201344.000s] [34mcolcon.colcon_core.verb[0m [1;30mLevel 5[0m set package 'cg' build argument 'cmake_args' from command line to 'None'
[-1763942223746201344.000s] [34mcolcon.colcon_core.verb[0m [1;30mLevel 5[0m set package 'cg' build argument 'cmake_target' from command line to 'None'
[-1763942223746201344.000s] [34mcolcon.colcon_core.verb[0m [1;30mLevel 5[0m set package 'cg' build argument 'cmake_target_skip_unavailable' from command line to 'False'
[-1763942223746201344.000s] [34mcolcon.colcon_core.verb[0m [1;30mLevel 5[0m set package 'cg' build argument 'cmake_clean_cache' from command line to 'False'
[-1763942223746201344.000s] [34mcolcon.colcon_core.verb[0m [1;30mLevel 5[0m set package 'cg' build argument 'cmake_clean_first' from command line to 'False'
[-1763942223746201344.000s] [34mcolcon.colcon_core.verb[0m [1;30mLevel 5[0m set package 'cg' build argument 'cmake_force_configure' from command line to 'False'
[-1763942223746201344.000s] [34mcolcon.colcon_core.verb[0m [1;30mLevel 5[0m set package 'cg' build argument 'ament_cmake_args' from command line to 'None'
[-1763942223746201344.000s] [34mcolcon.colcon_core.verb[0m [1;30mLevel 5[0m set package 'cg' build argument 'catkin_cmake_args' from command line to 'None'
[-1763942223746201344.000s] [34mcolcon.colcon_core.verb[0m [1;30mLevel 5[0m set package 'cg' build argument 'catkin_skip_building_tests' from command line to 'False'
[-1763942223746201344.000s] [34mcolcon.colcon_core.verb[0m [1;30mDEBUG[0m [32mBuilding package 'cg' with the following arguments: {'ament_cmake_args': None, 'build_base': '/home/gabrielmartins/Documents/github/ponderada_ros/cg/build/cg', 'catkin_cmake_args': None, 'catkin_skip_building_tests': False, 'cmake_args': None, 'cmake_clean_cache': False, 'cmake_clean_first': False, 'cmake_force_configure': False, 'cmake_target': None, 'cmake_target_skip_unavailable': False, 'install_base': '/home/gabrielmartins/Documents/github/ponderada_ros/cg/install/cg', 'merge_install': False, 'path': '/home/gabrielmartins/Documents/github/ponderada_ros/cg', 'symlink_install': False, 'test_result_base': None}[0m
[-1763942223746201344.000s] [34mcolcon.colcon_core.executor[0m [1;30mINFO[0m Executing jobs using 'parallel' executor
[-1763942223746201344.000s] [34mcolcon.colcon_parallel_executor.executor.parallel[0m [1;30mDEBUG[0m [32mrun_until_complete[0m
[-1763942223746201344.000s] [34mcolcon.colcon_ros.task.ament_cmake.build[0m [1;30mINFO[0m Building ROS package in '/home/gabrielmartins/Documents/github/ponderada_ros/cg' with build type 'ament_cmake'
[-1763942223746201344.000s] [34mcolcon.colcon_cmake.task.cmake.build[0m [1;30mINFO[0m Building CMake package in '/home/gabrielmartins/Documents/github/ponderada_ros/cg'
[-1763942223746201344.000s] [34mcolcon.colcon_core.plugin_system[0m [1;30mINFO[0m Skipping extension 'colcon_core.shell.bat': Not used on non-Windows systems
[-1763942223746201344.000s] [34mcolcon.colcon_core.shell[0m [1;30mINFO[0m Skip shell extension 'powershell' for command environment: Not usable outside of PowerShell
[-1763942223746201344.000s] [34mcolcon.colcon_core.shell[0m [1;30mDEBUG[0m [32mSkip shell extension 'dsv' for command environment[0m
[-1763942223746201344.000s] [34mcolcon.colcon_core.event_handler.log_command[0m [1;30mDEBUG[0m [32mInvoking command in '/home/gabrielmartins/Documents/github/ponderada_ros/cg/build/cg': CMAKE_PREFIX_PATH=${CMAKE_PREFIX_PATH}:/home/gabrielmartins/Documents/github/ponderada_ros/install/cg_teleop CONDA_PROMPT_MODIFIER=(ros_env) DEBUGINFOD_URLS=https://debuginfod.fedoraproject.org/ _=/usr/bin/env /usr/bin/cmake --build /home/gabrielmartins/Documents/github/ponderada_ros/cg/build/cg -- -j8 -l8[0m
[-1763942223746201344.000s] [34mcolcon.colcon_core.event_handler.log_command[0m [1;30mDEBUG[0m [32mInvoked command in '/home/gabrielmartins/Documents/github/ponderada_ros/cg/build/cg' returned '0': CMAKE_PREFIX_PATH=${CMAKE_PREFIX_PATH}:/home/gabrielmartins/Documents/github/ponderada_ros/install/cg_teleop CONDA_PROMPT_MODIFIER=(ros_env) DEBUGINFOD_URLS=https://debuginfod.fedoraproject.org/ _=/usr/bin/env /usr/bin/cmake --build /home/gabrielmartins/Documents/github/ponderada_ros/cg/build/cg -- -j8 -l8[0m
[-1763942223746201344.000s] [34mcolcon.colcon_core.event_handler.log_command[0m [1;30mDEBUG[0m [32mInvoking command in '/home/gabrielmartins/Documents/github/ponderada_ros/cg/build/cg': CMAKE_PREFIX_PATH=${CMAKE_PREFIX_PATH}:/home/gabrielmartins/Documents/github/ponderada_ros/install/cg_teleop CONDA_PROMPT_MODIFIER=(ros_env) DEBUGINFOD_URLS=https://debuginfod.fedoraproject.org/ _=/usr/bin/env /usr/bin/cmake --install /home/gabrielmartins/Documents/github/ponderada_ros/cg/build/cg[0m
[-1763942223746201344.000s] [34mcolcon.colcon_core.environment[0m [1;30mLevel 1[0m create_environment_scripts_only(cg)
[-1763942223746201344.000s] [34mcolcon.colcon_core.event_handler.log_command[0m [1;30mDEBUG[0m [32mInvoked command in '/home/gabrielmartins/Documents/github/ponderada_ros/cg/build/cg' returned '0': CMAKE_PREFIX_PATH=${CMAKE_PREFIX_PATH}:/home/gabrielmartins/Documents/github/ponderada_ros/install/cg_teleop CONDA_PROMPT_MODIFIER=(ros_env) DEBUGINFOD_URLS=https://debuginfod.fedoraproject.org/ _=/usr/bin/env /usr/bin/cmake --install /home/gabrielmartins/Documents/github/ponderada_ros/cg/build/cg[0m
[-1763942223746201344.000s] [34mcolcon.colcon_core.environment[0m [1;30mLevel 1[0m checking '/home/gabrielmartins/Documents/github/ponderada_ros/cg/install/cg' for CMake module files
[-1763942223746201344.000s] [34mcolcon.colcon_core.environment[0m [1;30mLevel 1[0m checking '/home/gabrielmartins/Documents/github/ponderada_ros/cg/install/cg' for CMake config files
[-1763942223746201344.000s] [34mcolcon.colcon_core.shell[0m [1;30mLevel 1[0m create_environment_hook('cg', 'cmake_prefix_path')
[-1763942223746201344.000s] [34mcolcon.colcon_core.shell[0m [1;30mINFO[0m Creating environment hook '/home/gabrielmartins/Documents/github/ponderada_ros/cg/install/cg/share/cg/hook/cmake_prefix_path.ps1'
[-1763942223746201344.000s] [34mcolcon.colcon_core.shell[0m [1;30mINFO[0m Creating environment descriptor '/home/gabrielmartins/Documents/github/ponderada_ros/cg/install/cg/share/cg/hook/cmake_prefix_path.dsv'
[-1763942223746201344.000s] [34mcolcon.colcon_core.shell[0m [1;30mINFO[0m Creating environment hook '/home/gabrielmartins/Documents/github/ponderada_ros/cg/install/cg/share/cg/hook/cmake_prefix_path.sh'
[-1763942223746201344.000s] [34mcolcon.colcon_core.environment[0m [1;30mLevel 1[0m checking '/home/gabrielmartins/Documents/github/ponderada_ros/cg/install/cg/lib'
[-1763942223746201344.000s] [34mcolcon.colcon_core.environment[0m [1;30mLevel 1[0m checking '/home/gabrielmartins/Documents/github/ponderada_ros/cg/install/cg/bin'
[-1763942223746201344.000s] [34mcolcon.colcon_core.environment[0m [1;30mLevel 1[0m checking '/home/gabrielmartins/Documents/github/ponderada_ros/cg/install/cg/lib/pkgconfig/cg.pc'
[-1763942223746201344.000s] [34mcolcon.colcon_core.environment[0m [1;30mLevel 1[0m checking '/home/gabrielmartins/Documents/github/ponderada_ros/cg/install/cg/lib/python3.13/site-packages'
[-1763942223746201344.000s] [34mcolcon.colcon_core.environment[0m [1;30mLevel 1[0m checking '/home/gabrielmartins/Documents/github/ponderada_ros/cg/install/cg/lib64/python3.13/site-packages'
[-1763942223746201344.000s] [34mcolcon.colcon_core.environment[0m [1;30mLevel 1[0m checking '/home/gabrielmartins/Documents/github/ponderada_ros/cg/install/cg/bin'
[-1763942223746201344.000s] [34mcolcon.colcon_core.shell[0m [1;30mINFO[0m Creating package script '/home/gabrielmartins/Documents/github/ponderada_ros/cg/install/cg/share/cg/package.ps1'
[-1763942223746201344.000s] [34mcolcon.colcon_core.shell[0m [1;30mINFO[0m Creating package descriptor '/home/gabrielmartins/Documents/github/ponderada_ros/cg/install/cg/share/cg/package.dsv'
[-1763942223746201344.000s] [34mcolcon.colcon_core.shell[0m [1;30mINFO[0m Creating package script '/home/gabrielmartins/Documents/github/ponderada_ros/cg/install/cg/share/cg/package.sh'
[-1763942223746201344.000s] [34mcolcon.colcon_core.shell[0m [1;30mINFO[0m Creating package script '/home/gabrielmartins/Documents/github/ponderada_ros/cg/install/cg/share/cg/package.bash'
[-1763942223746201344.000s] [34mcolcon.colcon_core.shell[0m [1;30mINFO[0m Creating package script '/home/gabrielmartins/Documents/github/ponderada_ros/cg/install/cg/share/cg/package.zsh'
[-1763942223746201344.000s] [34mcolcon.colcon_core.environment[0m [1;30mLevel 1[0m create_file_with_runtime_dependencies(/home/gabrielmartins/Documents/github/ponderada_ros/cg/install/cg/share/colcon-core/packages/cg)
[-1763942223746201344.000s] [34mcolcon.colcon_core.environment[0m [1;30mLevel 1[0m create_environment_scripts_only(cg)
[-1763942223746201344.000s] [34mcolcon.colcon_core.environment[0m [1;30mLevel 1[0m checking '/home/gabrielmartins/Documents/github/ponderada_ros/cg/install/cg' for CMake module files
[-1763942223746201344.000s] [34mcolcon.colcon_core.environment[0m [1;30mLevel 1[0m checking '/home/gabrielmartins/Documents/github/ponderada_ros/cg/install/cg' for CMake config files
[-1763942223746201344.000s] [34mcolcon.colcon_core.shell[0m [1;30mLevel 1[0m create_environment_hook('cg', 'cmake_prefix_path')
[-1763942223746201344.000s] [34mcolcon.colcon_core.shell[0m [1;30mINFO[0m Creating environment hook '/home/gabrielmartins/Documents/github/ponderada_ros/cg/install/cg/share/cg/hook/cmake_prefix_path.ps1'
[-1763942223746201344.000s] [34mcolcon.colcon_core.shell[0m [1;30mINFO[0m Creating environment descriptor '/home/gabrielmartins/Documents/github/ponderada_ros/cg/install/cg/share/cg/hook/cmake_prefix_path.dsv'
[-1763942223746201344.000s] [34mcolcon.colcon_core.shell[0m [1;30mINFO[0m Creating environment hook '/home/gabrielmartins/Documents/github/ponderada_ros/cg/install/cg/share/cg/hook/cmake_prefix_path.sh'
[-1763942223746201344.000s] [34mcolcon.colcon_core.environment[0m [1;30mLevel 1[0m checking '/home/gabrielmartins/Documents/github/ponderada_ros/cg/install/cg/lib'
[-1763942223746201344.000s] [34mcolcon.colcon_core.environment[0m [1;30mLevel 1[0m checking '/home/gabrielmartins/Documents/github/ponderada_ros/cg/install/cg/bin'
[-1763942223746201344.000s] [34mcolcon.colcon_core.environment[0m [1;30mLevel 1[0m checking '/home/gabrielmartins/Documents/github/ponderada_ros/cg/install/cg/lib/pkgconfig/cg.pc'
[-1763942223746201344.000s] [34mcolcon.colcon_core.environment[0m [1;30mLevel 1[0m checking '/home/gabrielmartins/Documents/github/ponderada_ros/cg/install/cg/lib/python3.13/site-packages'
[-1763942223746201344.000s] [34mcolcon.colcon_core.environment[0m [1;30mLevel 1[0m checking '/home/gabrielmartins/Documents/github/ponderada_ros/cg/install/cg/lib64/python3.13/site-packages'
[-1763942223746201344.000s] [34mcolcon.colcon_core.environment[0m [1;30mLevel 1[0m checking '/home/gabrielmartins/Documents/github/ponderada_ros/cg/install/cg/bin'
[-1763942223746201344.000s] [34mcolcon.colcon_core.shell[0m [1;30mINFO[0m Creating package script '/home/gabrielmartins/Documents/github/ponderada_ros/cg/install/cg/share/cg/package.ps1'
[-1763942223746201344.000s] [34mcolcon.colcon_core.shell[0m [1;30mINFO[0m Creating package descriptor '/home/gabrielmartins/Documents/github/ponderada_ros/cg/install/cg/share/cg/package.dsv'
[-1763942223746201344.000s] [34mcolcon.colcon_core.shell[0m [1;30mINFO[0m Creating package script '/home/gabrielmartins/Documents/github/ponderada_ros/cg/install/cg/share/cg/package.sh'
[-1763942223746201344.000s] [34mcolcon.colcon_core.shell[0m [1;30mINFO[0m Creating package script '/home/gabrielmartins/Documents/github/ponderada_ros/cg/install/cg/share/cg/package.bash'
[-1763942223746201344.000s] [34mcolcon.colcon_core.shell[0m [1;30mINFO[0m Creating package script '/home/gabrielmartins/Documents/github/ponderada_ros/cg/install/cg/share/cg/package.zsh'
[-1763942223746201344.000s] [34mcolcon.colcon_core.environment[0m [1;30mLevel 1[0m create_file_with_runtime_dependencies(/home/gabrielmartins/Documents/github/ponderada_ros/cg/install/cg/share/colcon-core/packages/cg)
[-1763942223746201344.000s] [34mcolcon.colcon_parallel_executor.executor.parallel[0m [1;30mDEBUG[0m [32mclosing loop[0m
[-1763942223746201344.000s] [34mcolcon.colcon_parallel_executor.executor.parallel[0m [1;30mDEBUG[0m [32mloop closed[0m
[-1763942223746201344.000s] [34mcolcon.colcon_parallel_executor.executor.parallel[0m [1;30mDEBUG[0m [32mrun_until_complete finished with '0'[0m
[-1763942223746201344.000s] [34mcolcon.colcon_core.event_reactor[0m [1;30mDEBUG[0m [32mjoining thread[0m
[-1763942223746201344.000s] [34mcolcon.colcon_core.plugin_system[0m [1;30mINFO[0m Skipping extension 'colcon_notification.desktop_notification.terminal_notifier': Not used on non-Darwin systems
[-1763942223746201344.000s] [34mcolcon.colcon_core.plugin_system[0m [1;30mINFO[0m Skipping extension 'colcon_notification.desktop_notification.win32': Not used on non-Windows systems
[-1763942223746201344.000s] [34mcolcon.colcon_notification.desktop_notification[0m [1;30mINFO[0m Sending desktop notification using 'notify2'
[-1763942223746201344.000s] [34mcolcon.colcon_core.event_reactor[0m [1;30mDEBUG[0m [32mjoined thread[0m
[-1763942223746201344.000s] [34mcolcon.colcon_core.shell[0m [1;30mINFO[0m Creating prefix script '/home/gabrielmartins/Documents/github/ponderada_ros/cg/install/local_setup.ps1'
[-1763942223746201344.000s] [34mcolcon.colcon_core.shell[0m [1;30mINFO[0m Creating prefix util module '/home/gabrielmartins/Documents/github/ponderada_ros/cg/install/_local_setup_util_ps1.py'
[-1763942223746201344.000s] [34mcolcon.colcon_core.shell[0m [1;30mINFO[0m Creating prefix chain script '/home/gabrielmartins/Documents/github/ponderada_ros/cg/install/setup.ps1'
[-1763942223746201344.000s] [34mcolcon.colcon_core.shell[0m [1;30mINFO[0m Creating prefix script '/home/gabrielmartins/Documents/github/ponderada_ros/cg/install/local_setup.sh'
[-1763942223746201344.000s] [34mcolcon.colcon_core.shell[0m [1;30mINFO[0m Creating prefix util module '/home/gabrielmartins/Documents/github/ponderada_ros/cg/install/_local_setup_util_sh.py'
[-1763942223746201344.000s] [34mcolcon.colcon_core.shell[0m [1;30mINFO[0m Creating prefix chain script '/home/gabrielmartins/Documents/github/ponderada_ros/cg/install/setup.sh'
[-1763942223746201344.000s] [34mcolcon.colcon_core.shell[0m [1;30mINFO[0m Creating prefix script '/home/gabrielmartins/Documents/github/ponderada_ros/cg/install/local_setup.bash'
[-1763942223746201344.000s] [34mcolcon.colcon_core.shell[0m [1;30mINFO[0m Creating prefix chain script '/home/gabrielmartins/Documents/github/ponderada_ros/cg/install/setup.bash'
[-1763942223746201344.000s] [34mcolcon.colcon_core.shell[0m [1;30mINFO[0m Creating prefix script '/home/gabrielmartins/Documents/github/ponderada_ros/cg/install/local_setup.zsh'
[-1763942223746201344.000s] [34mcolcon.colcon_core.shell[0m [1;30mINFO[0m Creating prefix chain script '/home/gabrielmartins/Documents/github/ponderada_ros/cg/install/setup.zsh'
