[0.000000] (-) TimerEvent: {}
[0.000200] (-) JobUnselected: {'identifier': 'cg'}
[0.000402] (-) JobUnselected: {'identifier': 'cg_interfaces'}
[0.000502] (-) JobUnselected: {'identifier': 'cg_teleop'}
[0.000630] (cg_solver) JobQueued: {'identifier': 'cg_solver', 'dependencies': OrderedDict([('cg_interfaces', '/project_ws/install/cg_interfaces')])}
[0.000677] (cg_solver) JobStarted: {'identifier': 'cg_solver'}
[0.007538] (cg_solver) JobProgress: {'identifier': 'cg_solver', 'progress': 'cmake'}
[0.007967] (cg_solver) JobProgress: {'identifier': 'cg_solver', 'progress': 'build'}
[0.008439] (cg_solver) Command: {'cmd': ['/usr/bin/cmake', '--build', '/project_ws/build/cg_solver', '--', '-j8', '-l8'], 'cwd': '/project_ws/build/cg_solver', 'env': OrderedDict([('HOSTNAME', 'fedora'), ('SHLVL', '1'), ('LD_LIBRARY_PATH', '/project_ws/install/cg_interfaces/lib:/opt/ros/humble/lib/x86_64-linux-gnu:/opt/ros/humble/lib'), ('HOME', '/'), ('ROS_PYTHON_VERSION', '3'), ('ROS_LOG_DIR', '/project_ws/log'), ('COLCON_PREFIX_PATH', '/project_ws/install'), ('ROS_DISTRO', 'humble'), ('_', '/usr/bin/colcon'), ('ROS_VERSION', '2'), ('TERM', 'xterm'), ('ROS_LOCALHOST_ONLY', '0'), ('PATH', '/opt/ros/humble/bin:/usr/local/sbin:/usr/local/bin:/usr/sbin:/usr/bin:/sbin:/bin'), ('DISPLAY', ':0'), ('LANG', 'C.UTF-8'), ('XAUTHORITY', '/tmp/.Xauthority'), ('AMENT_PREFIX_PATH', '/project_ws/install/cg_teleop:/project_ws/install/cg_solver:/project_ws/install/cg:/project_ws/install/cg_interfaces:/opt/ros/humble'), ('PWD', '/project_ws/build/cg_solver'), ('LC_ALL', 'C.UTF-8'), ('PYTHONPATH', '/project_ws/install/cg_teleop/lib/python3.10/site-packages:/project_ws/install/cg/lib/python3.10/site-packages:/project_ws/install/cg_interfaces/local/lib/python3.10/dist-packages:/opt/ros/humble/lib/python3.10/site-packages:/opt/ros/humble/local/lib/python3.10/dist-packages'), ('COLCON', '1'), ('CMAKE_PREFIX_PATH', '/project_ws/install/cg_interfaces:/project_ws/install/cg_solver:/project_ws/install/cg_teleop:/project_ws/install/cg:/opt/ros/humble')]), 'shell': False}
[0.044862] (cg_solver) StdoutLine: {'line': b'[ 50%] \x1b[32mBuilding CXX object CMakeFiles/autonomous_navigator_node.dir/src/autonomous_navigator_node.cpp.o\x1b[0m\n'}
[0.099903] (-) TimerEvent: {}
[0.200208] (-) TimerEvent: {}
[0.300487] (-) TimerEvent: {}
[0.400824] (-) TimerEvent: {}
[0.501106] (-) TimerEvent: {}
[0.601355] (-) TimerEvent: {}
[0.701664] (-) TimerEvent: {}
[0.802000] (-) TimerEvent: {}
[0.902296] (-) TimerEvent: {}
[1.002596] (-) TimerEvent: {}
[1.102907] (-) TimerEvent: {}
[1.203159] (-) TimerEvent: {}
[1.303413] (-) TimerEvent: {}
[1.403668] (-) TimerEvent: {}
[1.503957] (-) TimerEvent: {}
[1.604241] (-) TimerEvent: {}
[1.704509] (-) TimerEvent: {}
[1.804794] (-) TimerEvent: {}
[1.905129] (-) TimerEvent: {}
[2.005412] (-) TimerEvent: {}
[2.105739] (-) TimerEvent: {}
[2.206016] (-) TimerEvent: {}
[2.306254] (-) TimerEvent: {}
[2.406534] (-) TimerEvent: {}
[2.506819] (-) TimerEvent: {}
[2.607095] (-) TimerEvent: {}
[2.707376] (-) TimerEvent: {}
[2.807640] (-) TimerEvent: {}
[2.907926] (-) TimerEvent: {}
[3.008218] (-) TimerEvent: {}
[3.108599] (-) TimerEvent: {}
[3.208893] (-) TimerEvent: {}
[3.309156] (-) TimerEvent: {}
[3.409449] (-) TimerEvent: {}
[3.509849] (-) TimerEvent: {}
[3.610239] (-) TimerEvent: {}
[3.710522] (-) TimerEvent: {}
[3.810776] (-) TimerEvent: {}
[3.911029] (-) TimerEvent: {}
[4.011297] (-) TimerEvent: {}
[4.111677] (-) TimerEvent: {}
[4.211951] (-) TimerEvent: {}
[4.312214] (-) TimerEvent: {}
[4.412487] (-) TimerEvent: {}
[4.512743] (-) TimerEvent: {}
[4.613024] (-) TimerEvent: {}
[4.713281] (-) TimerEvent: {}
[4.813539] (-) TimerEvent: {}
[4.913763] (-) TimerEvent: {}
[5.013984] (-) TimerEvent: {}
[5.114226] (-) TimerEvent: {}
[5.214508] (-) TimerEvent: {}
[5.314736] (-) TimerEvent: {}
[5.414969] (-) TimerEvent: {}
[5.515212] (-) TimerEvent: {}
[5.615452] (-) TimerEvent: {}
[5.715776] (-) TimerEvent: {}
[5.816023] (-) TimerEvent: {}
[5.916249] (-) TimerEvent: {}
[6.016494] (-) TimerEvent: {}
[6.116737] (-) TimerEvent: {}
[6.216982] (-) TimerEvent: {}
[6.317223] (-) TimerEvent: {}
[6.417573] (-) TimerEvent: {}
[6.517810] (-) TimerEvent: {}
[6.618100] (-) TimerEvent: {}
[6.718367] (-) TimerEvent: {}
[6.818745] (-) TimerEvent: {}
[6.919039] (-) TimerEvent: {}
[6.934078] (cg_solver) StdoutLine: {'line': b'[100%] \x1b[32m\x1b[1mLinking CXX executable autonomous_navigator_node\x1b[0m\n'}
[7.019232] (-) TimerEvent: {}
[7.119580] (-) TimerEvent: {}
[7.219852] (-) TimerEvent: {}
[7.258452] (cg_solver) StdoutLine: {'line': b'[100%] Built target autonomous_navigator_node\n'}
[7.265553] (cg_solver) CommandEnded: {'returncode': 0}
[7.265928] (cg_solver) JobProgress: {'identifier': 'cg_solver', 'progress': 'install'}
[7.271521] (cg_solver) Command: {'cmd': ['/usr/bin/cmake', '--install', '/project_ws/build/cg_solver'], 'cwd': '/project_ws/build/cg_solver', 'env': OrderedDict([('HOSTNAME', 'fedora'), ('SHLVL', '1'), ('LD_LIBRARY_PATH', '/project_ws/install/cg_interfaces/lib:/opt/ros/humble/lib/x86_64-linux-gnu:/opt/ros/humble/lib'), ('HOME', '/'), ('ROS_PYTHON_VERSION', '3'), ('ROS_LOG_DIR', '/project_ws/log'), ('COLCON_PREFIX_PATH', '/project_ws/install'), ('ROS_DISTRO', 'humble'), ('_', '/usr/bin/colcon'), ('ROS_VERSION', '2'), ('TERM', 'xterm'), ('ROS_LOCALHOST_ONLY', '0'), ('PATH', '/opt/ros/humble/bin:/usr/local/sbin:/usr/local/bin:/usr/sbin:/usr/bin:/sbin:/bin'), ('DISPLAY', ':0'), ('LANG', 'C.UTF-8'), ('XAUTHORITY', '/tmp/.Xauthority'), ('AMENT_PREFIX_PATH', '/project_ws/install/cg_teleop:/project_ws/install/cg_solver:/project_ws/install/cg:/project_ws/install/cg_interfaces:/opt/ros/humble'), ('PWD', '/project_ws/build/cg_solver'), ('LC_ALL', 'C.UTF-8'), ('PYTHONPATH', '/project_ws/install/cg_teleop/lib/python3.10/site-packages:/project_ws/install/cg/lib/python3.10/site-packages:/project_ws/install/cg_interfaces/local/lib/python3.10/dist-packages:/opt/ros/humble/lib/python3.10/site-packages:/opt/ros/humble/local/lib/python3.10/dist-packages'), ('COLCON', '1'), ('CMAKE_PREFIX_PATH', '/project_ws/install/cg_interfaces:/project_ws/install/cg_solver:/project_ws/install/cg_teleop:/project_ws/install/cg:/opt/ros/humble')]), 'shell': False}
[7.276020] (cg_solver) StdoutLine: {'line': b'-- Install configuration: ""\n'}
[7.276108] (cg_solver) StdoutLine: {'line': b'-- Installing: /project_ws/install/cg_solver/lib/cg_solver/autonomous_navigator_node\n'}
[7.280672] (cg_solver) StdoutLine: {'line': b'-- Set runtime path of "/project_ws/install/cg_solver/lib/cg_solver/autonomous_navigator_node" to ""\n'}
[7.280805] (cg_solver) StdoutLine: {'line': b'-- Up-to-date: /project_ws/install/cg_solver/share/ament_index/resource_index/package_run_dependencies/cg_solver\n'}
[7.280868] (cg_solver) StdoutLine: {'line': b'-- Up-to-date: /project_ws/install/cg_solver/share/ament_index/resource_index/parent_prefix_path/cg_solver\n'}
[7.280918] (cg_solver) StdoutLine: {'line': b'-- Up-to-date: /project_ws/install/cg_solver/share/cg_solver/environment/ament_prefix_path.sh\n'}
[7.280975] (cg_solver) StdoutLine: {'line': b'-- Up-to-date: /project_ws/install/cg_solver/share/cg_solver/environment/ament_prefix_path.dsv\n'}
[7.281023] (cg_solver) StdoutLine: {'line': b'-- Up-to-date: /project_ws/install/cg_solver/share/cg_solver/environment/path.sh\n'}
[7.281074] (cg_solver) StdoutLine: {'line': b'-- Up-to-date: /project_ws/install/cg_solver/share/cg_solver/environment/path.dsv\n'}
[7.281113] (cg_solver) StdoutLine: {'line': b'-- Up-to-date: /project_ws/install/cg_solver/share/cg_solver/local_setup.bash\n'}
[7.281152] (cg_solver) StdoutLine: {'line': b'-- Up-to-date: /project_ws/install/cg_solver/share/cg_solver/local_setup.sh\n'}
[7.281191] (cg_solver) StdoutLine: {'line': b'-- Up-to-date: /project_ws/install/cg_solver/share/cg_solver/local_setup.zsh\n'}
[7.281247] (cg_solver) StdoutLine: {'line': b'-- Up-to-date: /project_ws/install/cg_solver/share/cg_solver/local_setup.dsv\n'}
[7.281304] (cg_solver) StdoutLine: {'line': b'-- Installing: /project_ws/install/cg_solver/share/cg_solver/package.dsv\n'}
[7.281344] (cg_solver) StdoutLine: {'line': b'-- Up-to-date: /project_ws/install/cg_solver/share/ament_index/resource_index/packages/cg_solver\n'}
[7.281407] (cg_solver) StdoutLine: {'line': b'-- Up-to-date: /project_ws/install/cg_solver/share/cg_solver/cmake/cg_solverConfig.cmake\n'}
[7.281451] (cg_solver) StdoutLine: {'line': b'-- Up-to-date: /project_ws/install/cg_solver/share/cg_solver/cmake/cg_solverConfig-version.cmake\n'}
[7.281503] (cg_solver) StdoutLine: {'line': b'-- Up-to-date: /project_ws/install/cg_solver/share/cg_solver/package.xml\n'}
[7.282905] (cg_solver) CommandEnded: {'returncode': 0}
[7.296898] (cg_solver) JobEnded: {'identifier': 'cg_solver', 'rc': 0}
[7.297331] (-) EventReactorShutdown: {}
