running egg_info
creating ../../build/cg_teleop/cg_teleop.egg-info
writing ../../build/cg_teleop/cg_teleop.egg-info/PKG-INFO
writing dependency_links to ../../build/cg_teleop/cg_teleop.egg-info/dependency_links.txt
writing entry points to ../../build/cg_teleop/cg_teleop.egg-info/entry_points.txt
writing requirements to ../../build/cg_teleop/cg_teleop.egg-info/requires.txt
writing top-level names to ../../build/cg_teleop/cg_teleop.egg-info/top_level.txt
writing manifest file '../../build/cg_teleop/cg_teleop.egg-info/SOURCES.txt'
reading manifest file '../../build/cg_teleop/cg_teleop.egg-info/SOURCES.txt'
writing manifest file '../../build/cg_teleop/cg_teleop.egg-info/SOURCES.txt'
running build
running build_py
creating /project_ws/build/cg_teleop/build
creating /project_ws/build/cg_teleop/build/lib
creating /project_ws/build/cg_teleop/build/lib/cg_teleop
copying cg_teleop/__init__.py -> /project_ws/build/cg_teleop/build/lib/cg_teleop
copying cg_teleop/teleop_node.py -> /project_ws/build/cg_teleop/build/lib/cg_teleop
running install
running install_lib
creating /project_ws/install/cg_teleop/lib/python3.10/site-packages/cg_teleop
copying /project_ws/build/cg_teleop/build/lib/cg_teleop/__init__.py -> /project_ws/install/cg_teleop/lib/python3.10/site-packages/cg_teleop
copying /project_ws/build/cg_teleop/build/lib/cg_teleop/teleop_node.py -> /project_ws/install/cg_teleop/lib/python3.10/site-packages/cg_teleop
byte-compiling /project_ws/install/cg_teleop/lib/python3.10/site-packages/cg_teleop/__init__.py to __init__.cpython-310.pyc
byte-compiling /project_ws/install/cg_teleop/lib/python3.10/site-packages/cg_teleop/teleop_node.py to teleop_node.cpython-310.pyc
running install_data
creating /project_ws/install/cg_teleop/share/ament_index
creating /project_ws/install/cg_teleop/share/ament_index/resource_index
creating /project_ws/install/cg_teleop/share/ament_index/resource_index/packages
copying resource/cg_teleop -> /project_ws/install/cg_teleop/share/ament_index/resource_index/packages
copying package.xml -> /project_ws/install/cg_teleop/share/cg_teleop
running install_egg_info
Copying ../../build/cg_teleop/cg_teleop.egg-info to /project_ws/install/cg_teleop/lib/python3.10/site-packages/cg_teleop-0.0.0-py3.10.egg-info
running install_scripts
Installing teleop_keyboard script to /project_ws/install/cg_teleop/lib/cg_teleop
writing list of installed files to '/project_ws/build/cg_teleop/install.log'
