[0.652s] Invoking command in '/project_ws/src/cg': CMAKE_PREFIX_PATH=/project_ws/install/cg_interfaces:/project_ws/install/cg_solver PYTHONPATH=/project_ws/build/cg/prefix_override:/usr/lib/python3/dist-packages/colcon_core/task/python/colcon_distutils_commands:/project_ws/install/cg/lib/python3.10/site-packages:${PYTHONPATH} /usr/bin/python3 -W ignore:setup.py install is deprecated -W ignore:easy_install command is deprecated setup.py egg_info --egg-base ../../build/cg build --build-base /project_ws/build/cg/build install --record /project_ws/build/cg/install.log --single-version-externally-managed install_data
[0.816s] running egg_info
[0.817s] writing ../../build/cg/cg.egg-info/PKG-INFO
[0.817s] writing dependency_links to ../../build/cg/cg.egg-info/dependency_links.txt
[0.817s] writing entry points to ../../build/cg/cg.egg-info/entry_points.txt
[0.817s] writing requirements to ../../build/cg/cg.egg-info/requires.txt
[0.817s] writing top-level names to ../../build/cg/cg.egg-info/top_level.txt
[0.819s] reading manifest file '../../build/cg/cg.egg-info/SOURCES.txt'
[0.820s] adding license file 'LICENSE'
[0.821s] writing manifest file '../../build/cg/cg.egg-info/SOURCES.txt'
[0.821s] running build
[0.821s] running build_py
[0.822s] running install
[0.822s] running install_lib
[0.824s] running install_data
[0.824s] running install_egg_info
[0.826s] removing '/project_ws/install/cg/lib/python3.10/site-packages/cg-0.0.0-py3.10.egg-info' (and everything under it)
[0.826s] Copying ../../build/cg/cg.egg-info to /project_ws/install/cg/lib/python3.10/site-packages/cg-0.0.0-py3.10.egg-info
[0.827s] running install_scripts
[0.846s] Installing edit script to /project_ws/install/cg/lib/cg
[0.846s] Installing maze script to /project_ws/install/cg/lib/cg
[0.846s] Installing test script to /project_ws/install/cg/lib/cg
[0.846s] writing list of installed files to '/project_ws/build/cg/install.log'
[0.874s] Invoked command in '/project_ws/src/cg' returned '0': CMAKE_PREFIX_PATH=/project_ws/install/cg_interfaces:/project_ws/install/cg_solver PYTHONPATH=/project_ws/build/cg/prefix_override:/usr/lib/python3/dist-packages/colcon_core/task/python/colcon_distutils_commands:/project_ws/install/cg/lib/python3.10/site-packages:${PYTHONPATH} /usr/bin/python3 -W ignore:setup.py install is deprecated -W ignore:easy_install command is deprecated setup.py egg_info --egg-base ../../build/cg build --build-base /project_ws/build/cg/build install --record /project_ws/build/cg/install.log --single-version-externally-managed install_data
