-- The C compiler identification is GNU 15.2.1
-- The CXX compiler identification is GNU 15.2.1
-- Detecting C compiler ABI info
-- Detecting C compiler ABI info - done
-- Check for working C compiler: /usr/bin/cc - skipped
-- Detecting C compile features
-- Detecting C compile features - done
-- Detecting CXX compiler ABI info
-- Detecting CXX compiler ABI info - done
-- Check for working CXX compiler: /usr/bin/c++ - skipped
-- Detecting CXX compile features
-- Detecting CXX compile features - done
-- Found ament_cmake: 2.5.4 (/usr/lib64/ros-jazzy/share/ament_cmake/cmake)
-- Found Python3: /usr/bin/python3 (found version "3.13.9") found components: Interpreter
-- Found rclcpp: 28.1.12 (/usr/lib64/ros-jazzy/share/rclcpp/cmake)
-- Found rosidl_generator_c: 4.6.6 (/usr/lib64/ros-jazzy/share/rosidl_generator_c/cmake)
-- Found rosidl_generator_cpp: 4.6.6 (/usr/lib64/ros-jazzy/share/rosidl_generator_cpp/cmake)
-- Using all available rosidl_typesupport_c: rosidl_typesupport_fastrtps_c;rosidl_typesupport_introspection_c
-- Using all available rosidl_typesupport_cpp: rosidl_typesupport_fastrtps_cpp;rosidl_typesupport_introspection_cpp
-- Found rmw_implementation_cmake: 7.3.2 (/usr/lib64/ros-jazzy/share/rmw_implementation_cmake/cmake)
-- Found rmw_fastrtps_cpp: 8.4.3 (/usr/lib64/ros-jazzy/share/rmw_fastrtps_cpp/cmake)
-- Found OpenSSL: /usr/lib64/libcrypto.so (found version "3.2.6")
-- Found FastRTPS: /usr/lib64/ros-jazzy/include (Required is at least version "2.13")
-- Using RMW implementation 'rmw_fastrtps_cpp' as default
-- Found cg_interfaces: 0.0.0 (/home/gabrielmartins/Documents/github/ponderada_ros/install/cg_interfaces/share/cg_interfaces/cmake)
-- Configuring done (1.2s)
-- Generating done (0.0s)
-- Build files have been written to: /home/gabrielmartins/Documents/github/ponderada_ros/build/cg
[ 50%] [32mBuilding CXX object CMakeFiles/cg_autonomous_navigator.dir/cg_autonomous_navigator.cpp.o[0m
[100%] [32m[1mLinking CXX executable cg_autonomous_navigator[0m
[100%] Built target cg_autonomous_navigator
-- Install configuration: ""
-- Installing: /home/gabrielmartins/Documents/github/ponderada_ros/install/cg/lib/cg/cg_autonomous_navigator
-- Set non-toolchain portion of runtime path of "/home/gabrielmartins/Documents/github/ponderada_ros/install/cg/lib/cg/cg_autonomous_navigator" to ""
-- Installing: /home/gabrielmartins/Documents/github/ponderada_ros/install/cg/lib/cg/maze.py
-- Installing: /home/gabrielmartins/Documents/github/ponderada_ros/install/cg/lib/cg/maze
-- Installing: /home/gabrielmartins/Documents/github/ponderada_ros/install/cg/lib/python3.13/site-packages/cg
-- Installing: /home/gabrielmartins/Documents/github/ponderada_ros/install/cg/lib/python3.13/site-packages/cg/Editor.py
-- Installing: /home/gabrielmartins/Documents/github/ponderada_ros/install/cg/lib/python3.13/site-packages/cg/Game.py
-- Installing: /home/gabrielmartins/Documents/github/ponderada_ros/install/cg/lib/python3.13/site-packages/cg/Maze.py
-- Installing: /home/gabrielmartins/Documents/github/ponderada_ros/install/cg/lib/python3.13/site-packages/cg/Robot.py
-- Installing: /home/gabrielmartins/Documents/github/ponderada_ros/install/cg/lib/python3.13/site-packages/cg/Utils
-- Installing: /home/gabrielmartins/Documents/github/ponderada_ros/install/cg/lib/python3.13/site-packages/cg/Utils/Csv.py
-- Installing: /home/gabrielmartins/Documents/github/ponderada_ros/install/cg/lib/python3.13/site-packages/cg/Utils/Finders.py
-- Installing: /home/gabrielmartins/Documents/github/ponderada_ros/install/cg/lib/python3.13/site-packages/cg/Utils/Grid.py
-- Installing: /home/gabrielmartins/Documents/github/ponderada_ros/install/cg/lib/python3.13/site-packages/cg/Utils/Screen.py
-- Installing: /home/gabrielmartins/Documents/github/ponderada_ros/install/cg/lib/python3.13/site-packages/cg/Utils/__init__.py
-- Installing: /home/gabrielmartins/Documents/github/ponderada_ros/install/cg/lib/python3.13/site-packages/cg/Utils/__pycache__
-- Installing: /home/gabrielmartins/Documents/github/ponderada_ros/install/cg/lib/python3.13/site-packages/cg/__init__.py
-- Installing: /home/gabrielmartins/Documents/github/ponderada_ros/install/cg/lib/python3.13/site-packages/cg/main.py
-- Installing: /home/gabrielmartins/Documents/github/ponderada_ros/install/cg/lib/python3.13/site-packages/cg/teste.py
-- Installing: /home/gabrielmartins/Documents/github/ponderada_ros/install/cg/lib/python3.13/site-packages/cg/__pycache__
-- Installing: /home/gabrielmartins/Documents/github/ponderada_ros/install/cg/lib/python3.13/site-packages/cg/cg_autonomous_navigator.py
-- Installing: /home/gabrielmartins/Documents/github/ponderada_ros/install/cg/lib/python3.13/site-packages/cg/log
-- Installing: /home/gabrielmartins/Documents/github/ponderada_ros/install/cg/lib/python3.13/site-packages/cg/log/build_2025-11-23_20-45-25
-- Installing: /home/gabrielmartins/Documents/github/ponderada_ros/install/cg/lib/python3.13/site-packages/cg/log/latest_build
-- Installing: /home/gabrielmartins/Documents/github/ponderada_ros/install/cg/lib/python3.13/site-packages/cg/log/latest
-- Installing: /home/gabrielmartins/Documents/github/ponderada_ros/install/cg/lib/python3.13/site-packages/cg/build
-- Installing: /home/gabrielmartins/Documents/github/ponderada_ros/install/cg/lib/python3.13/site-packages/cg/install
-- Installing: /home/gabrielmartins/Documents/github/ponderada_ros/install/cg/lib/python3.13/site-packages/cg/install/_local_setup_util_ps1.py
-- Installing: /home/gabrielmartins/Documents/github/ponderada_ros/install/cg/lib/python3.13/site-packages/cg/install/_local_setup_util_sh.py
-- Installing: /home/gabrielmartins/Documents/github/ponderada_ros/install/cg/share/cg/maps
-- Installing: /home/gabrielmartins/Documents/github/ponderada_ros/install/cg/share/cg/maps/1.csv
-- Installing: /home/gabrielmartins/Documents/github/ponderada_ros/install/cg/share/cg/maps/10.csv
-- Installing: /home/gabrielmartins/Documents/github/ponderada_ros/install/cg/share/cg/maps/2.csv
-- Installing: /home/gabrielmartins/Documents/github/ponderada_ros/install/cg/share/cg/maps/3.csv
-- Installing: /home/gabrielmartins/Documents/github/ponderada_ros/install/cg/share/cg/maps/4.csv
-- Installing: /home/gabrielmartins/Documents/github/ponderada_ros/install/cg/share/cg/maps/5.csv
-- Installing: /home/gabrielmartins/Documents/github/ponderada_ros/install/cg/share/cg/maps/6.csv
-- Installing: /home/gabrielmartins/Documents/github/ponderada_ros/install/cg/share/cg/maps/7.csv
-- Installing: /home/gabrielmartins/Documents/github/ponderada_ros/install/cg/share/cg/maps/8.csv
-- Installing: /home/gabrielmartins/Documents/github/ponderada_ros/install/cg/share/cg/maps/9.csv
-- Installing: /home/gabrielmartins/Documents/github/ponderada_ros/install/cg/share/cg/maps/test.csv
-- Installing: /home/gabrielmartins/Documents/github/ponderada_ros/install/cg/share/cg/lobotomy_kaisen
-- Installing: /home/gabrielmartins/Documents/github/ponderada_ros/install/cg/share/cg/lobotomy_kaisen/brain_damage.jpg
-- Installing: /home/gabrielmartins/Documents/github/ponderada_ros/install/cg/share/cg/lobotomy_kaisen/cinema.jpg
-- Installing: /home/gabrielmartins/Documents/github/ponderada_ros/install/cg/share/cg/lobotomy_kaisen/cook.jpg
-- Installing: /home/gabrielmartins/Documents/github/ponderada_ros/install/cg/share/cg/lobotomy_kaisen/dabura.png
-- Installing: /home/gabrielmartins/Documents/github/ponderada_ros/install/cg/share/cg/lobotomy_kaisen/dies_from_peak.jpg
-- Installing: /home/gabrielmartins/Documents/github/ponderada_ros/install/cg/share/cg/lobotomy_kaisen/fax.jpg
-- Installing: /home/gabrielmartins/Documents/github/ponderada_ros/install/cg/share/cg/lobotomy_kaisen/fax3.jpg
-- Installing: /home/gabrielmartins/Documents/github/ponderada_ros/install/cg/share/cg/lobotomy_kaisen/freddy.jpg
-- Installing: /home/gabrielmartins/Documents/github/ponderada_ros/install/cg/share/cg/lobotomy_kaisen/goatjo.jpg
-- Installing: /home/gabrielmartins/Documents/github/ponderada_ros/install/cg/share/cg/lobotomy_kaisen/idwin.jpg
-- Installing: /home/gabrielmartins/Documents/github/ponderada_ros/install/cg/share/cg/lobotomy_kaisen/megumi.jpg
-- Installing: /home/gabrielmartins/Documents/github/ponderada_ros/install/cg/share/cg/lobotomy_kaisen/mental_damage.jpg
-- Installing: /home/gabrielmartins/Documents/github/ponderada_ros/install/cg/share/cg/lobotomy_kaisen/mou.jpg
-- Installing: /home/gabrielmartins/Documents/github/ponderada_ros/install/cg/share/cg/lobotomy_kaisen/potential_man.jpg
-- Installing: /home/gabrielmartins/Documents/github/ponderada_ros/install/cg/share/cg/lobotomy_kaisen/remembered.jpg
-- Installing: /home/gabrielmartins/Documents/github/ponderada_ros/install/cg/share/cg/lobotomy_kaisen/shibuya.jpeg
-- Installing: /home/gabrielmartins/Documents/github/ponderada_ros/install/cg/share/cg/lobotomy_kaisen/suksuk.jpg
-- Installing: /home/gabrielmartins/Documents/github/ponderada_ros/install/cg/share/cg/lobotomy_kaisen/wuji.jpg
-- Installing: /home/gabrielmartins/Documents/github/ponderada_ros/install/cg/share/ament_index/resource_index/package_run_dependencies/cg
-- Installing: /home/gabrielmartins/Documents/github/ponderada_ros/install/cg/share/ament_index/resource_index/parent_prefix_path/cg
-- Installing: /home/gabrielmartins/Documents/github/ponderada_ros/install/cg/share/cg/environment/ament_prefix_path.sh
-- Installing: /home/gabrielmartins/Documents/github/ponderada_ros/install/cg/share/cg/environment/ament_prefix_path.dsv
-- Installing: /home/gabrielmartins/Documents/github/ponderada_ros/install/cg/share/cg/environment/path.sh
-- Installing: /home/gabrielmartins/Documents/github/ponderada_ros/install/cg/share/cg/environment/path.dsv
-- Installing: /home/gabrielmartins/Documents/github/ponderada_ros/install/cg/share/cg/local_setup.bash
-- Installing: /home/gabrielmartins/Documents/github/ponderada_ros/install/cg/share/cg/local_setup.sh
-- Installing: /home/gabrielmartins/Documents/github/ponderada_ros/install/cg/share/cg/local_setup.zsh
-- Installing: /home/gabrielmartins/Documents/github/ponderada_ros/install/cg/share/cg/local_setup.dsv
-- Installing: /home/gabrielmartins/Documents/github/ponderada_ros/install/cg/share/cg/package.dsv
-- Installing: /home/gabrielmartins/Documents/github/ponderada_ros/install/cg/share/ament_index/resource_index/packages/cg
-- Installing: /home/gabrielmartins/Documents/github/ponderada_ros/install/cg/share/cg/cmake/cgConfig.cmake
-- Installing: /home/gabrielmartins/Documents/github/ponderada_ros/install/cg/share/cg/cmake/cgConfig-version.cmake
-- Installing: /home/gabrielmartins/Documents/github/ponderada_ros/install/cg/share/cg/package.xml
