[0.021s] Invoking command in '/home/gabrielmartins/Documents/github/ponderada_ros/build/cg': CMAKE_PREFIX_PATH=/home/gabrielmartins/Documents/github/ponderada_ros/install/cg_interfaces:/home/gabrielmartins/Documents/github/ponderada_ros/install/cg:/usr/lib64/ros-jazzy/opt/orocos_kdl_vendor:/usr/lib64/ros-jazzy/opt/gz_math_vendor:/usr/lib64/ros-jazzy/opt/gz_utils_vendor:/usr/lib64/ros-jazzy/opt/gz_cmake_vendor:/usr/lib64/ros-jazzy:/home/gabrielmartins/Documents/github/ponderada_ros/install/cg_teleop CONDA_PROMPT_MODIFIER=(ros_env) DEBUGINFOD_URLS=https://debuginfod.fedoraproject.org/ PYTHONPATH=/home/gabrielmartins/Documents/github/ponderada_ros/install/cg_interfaces/lib/python3.13/site-packages:/home/gabrielmartins/Documents/github/ponderada_ros/install/my-test-package/lib/python3.13/site-packages:/home/gabrielmartins/Documents/github/ponderada_ros/install/cg_teleop/lib/python3.13/site-packages:/home/gabrielmartins/Documents/github/ponderada_ros/install/cg/lib/python3.13/site-packages:/usr/lib64/ros-jazzy/lib/python3.13/dist-packages:/usr/lib64/ros-jazzy/lib/python3.13/site-packages:/home/gabrielmartins/m/envs/ros_env/lib/python/site-packages:/home/gabrielmartins/m/envs/ros_env/lib/python3.12/site-packages _=/usr/bin/env /usr/bin/cmake /home/gabrielmartins/Documents/github/ponderada_ros/cg -DCMAKE_INSTALL_PREFIX=/home/gabrielmartins/Documents/github/ponderada_ros/install/cg
[0.071s] -- The C compiler identification is GNU 15.2.1
[0.136s] -- The CXX compiler identification is GNU 15.2.1
[0.142s] -- Detecting C compiler ABI info
[0.217s] -- Detecting C compiler ABI info - done
[0.230s] -- Check for working C compiler: /usr/bin/cc - skipped
[0.230s] -- Detecting C compile features
[0.230s] -- Detecting C compile features - done
[0.240s] -- Detecting CXX compiler ABI info
[0.326s] -- Detecting CXX compiler ABI info - done
[0.339s] -- Check for working CXX compiler: /usr/bin/c++ - skipped
[0.339s] -- Detecting CXX compile features
[0.340s] -- Detecting CXX compile features - done
[0.347s] -- Found ament_cmake: 2.5.4 (/usr/lib64/ros-jazzy/share/ament_cmake/cmake)
[0.513s] -- Found Python3: /usr/bin/python3 (found version "3.13.9") found components: Interpreter
[0.609s] -- Found rclcpp: 28.1.12 (/usr/lib64/ros-jazzy/share/rclcpp/cmake)
[0.638s] -- Found rosidl_generator_c: 4.6.6 (/usr/lib64/ros-jazzy/share/rosidl_generator_c/cmake)
[0.646s] -- Found rosidl_generator_cpp: 4.6.6 (/usr/lib64/ros-jazzy/share/rosidl_generator_cpp/cmake)
[0.658s] -- Using all available rosidl_typesupport_c: rosidl_typesupport_fastrtps_c;rosidl_typesupport_introspection_c
[0.672s] -- Using all available rosidl_typesupport_cpp: rosidl_typesupport_fastrtps_cpp;rosidl_typesupport_introspection_cpp
[0.724s] -- Found rmw_implementation_cmake: 7.3.2 (/usr/lib64/ros-jazzy/share/rmw_implementation_cmake/cmake)
[0.726s] -- Found rmw_fastrtps_cpp: 8.4.3 (/usr/lib64/ros-jazzy/share/rmw_fastrtps_cpp/cmake)
[0.934s] -- Found OpenSSL: /usr/lib64/libcrypto.so (found version "3.2.6")
[0.960s] -- Found FastRTPS: /usr/lib64/ros-jazzy/include (Required is at least version "2.13")
[0.995s] -- Using RMW implementation 'rmw_fastrtps_cpp' as default
[1.043s] -- Found cg_interfaces: 0.0.0 (/home/gabrielmartins/Documents/github/ponderada_ros/install/cg_interfaces/share/cg_interfaces/cmake)
[1.187s] -- Configuring done (1.2s)
[1.198s] -- Generating done (0.0s)
[1.200s] -- Build files have been written to: /home/gabrielmartins/Documents/github/ponderada_ros/build/cg
[1.208s] Invoked command in '/home/gabrielmartins/Documents/github/ponderada_ros/build/cg' returned '0': CMAKE_PREFIX_PATH=/home/gabrielmartins/Documents/github/ponderada_ros/install/cg_interfaces:/home/gabrielmartins/Documents/github/ponderada_ros/install/cg:/usr/lib64/ros-jazzy/opt/orocos_kdl_vendor:/usr/lib64/ros-jazzy/opt/gz_math_vendor:/usr/lib64/ros-jazzy/opt/gz_utils_vendor:/usr/lib64/ros-jazzy/opt/gz_cmake_vendor:/usr/lib64/ros-jazzy:/home/gabrielmartins/Documents/github/ponderada_ros/install/cg_teleop CONDA_PROMPT_MODIFIER=(ros_env) DEBUGINFOD_URLS=https://debuginfod.fedoraproject.org/ PYTHONPATH=/home/gabrielmartins/Documents/github/ponderada_ros/install/cg_interfaces/lib/python3.13/site-packages:/home/gabrielmartins/Documents/github/ponderada_ros/install/my-test-package/lib/python3.13/site-packages:/home/gabrielmartins/Documents/github/ponderada_ros/install/cg_teleop/lib/python3.13/site-packages:/home/gabrielmartins/Documents/github/ponderada_ros/install/cg/lib/python3.13/site-packages:/usr/lib64/ros-jazzy/lib/python3.13/dist-packages:/usr/lib64/ros-jazzy/lib/python3.13/site-packages:/home/gabrielmartins/m/envs/ros_env/lib/python/site-packages:/home/gabrielmartins/m/envs/ros_env/lib/python3.12/site-packages _=/usr/bin/env /usr/bin/cmake /home/gabrielmartins/Documents/github/ponderada_ros/cg -DCMAKE_INSTALL_PREFIX=/home/gabrielmartins/Documents/github/ponderada_ros/install/cg
[1.209s] Invoking command in '/home/gabrielmartins/Documents/github/ponderada_ros/build/cg': CMAKE_PREFIX_PATH=/home/gabrielmartins/Documents/github/ponderada_ros/install/cg_interfaces:/home/gabrielmartins/Documents/github/ponderada_ros/install/cg:/usr/lib64/ros-jazzy/opt/orocos_kdl_vendor:/usr/lib64/ros-jazzy/opt/gz_math_vendor:/usr/lib64/ros-jazzy/opt/gz_utils_vendor:/usr/lib64/ros-jazzy/opt/gz_cmake_vendor:/usr/lib64/ros-jazzy:/home/gabrielmartins/Documents/github/ponderada_ros/install/cg_teleop CONDA_PROMPT_MODIFIER=(ros_env) DEBUGINFOD_URLS=https://debuginfod.fedoraproject.org/ PYTHONPATH=/home/gabrielmartins/Documents/github/ponderada_ros/install/cg_interfaces/lib/python3.13/site-packages:/home/gabrielmartins/Documents/github/ponderada_ros/install/my-test-package/lib/python3.13/site-packages:/home/gabrielmartins/Documents/github/ponderada_ros/install/cg_teleop/lib/python3.13/site-packages:/home/gabrielmartins/Documents/github/ponderada_ros/install/cg/lib/python3.13/site-packages:/usr/lib64/ros-jazzy/lib/python3.13/dist-packages:/usr/lib64/ros-jazzy/lib/python3.13/site-packages:/home/gabrielmartins/m/envs/ros_env/lib/python/site-packages:/home/gabrielmartins/m/envs/ros_env/lib/python3.12/site-packages _=/usr/bin/env /usr/bin/cmake --build /home/gabrielmartins/Documents/github/ponderada_ros/build/cg -- -j8 -l8
[1.248s] [ 50%] [32mBuilding CXX object CMakeFiles/cg_autonomous_navigator.dir/cg_autonomous_navigator.cpp.o[0m
[5.307s] [100%] [32m[1mLinking CXX executable cg_autonomous_navigator[0m
[5.413s] [100%] Built target cg_autonomous_navigator
[5.422s] Invoked command in '/home/gabrielmartins/Documents/github/ponderada_ros/build/cg' returned '0': CMAKE_PREFIX_PATH=/home/gabrielmartins/Documents/github/ponderada_ros/install/cg_interfaces:/home/gabrielmartins/Documents/github/ponderada_ros/install/cg:/usr/lib64/ros-jazzy/opt/orocos_kdl_vendor:/usr/lib64/ros-jazzy/opt/gz_math_vendor:/usr/lib64/ros-jazzy/opt/gz_utils_vendor:/usr/lib64/ros-jazzy/opt/gz_cmake_vendor:/usr/lib64/ros-jazzy:/home/gabrielmartins/Documents/github/ponderada_ros/install/cg_teleop CONDA_PROMPT_MODIFIER=(ros_env) DEBUGINFOD_URLS=https://debuginfod.fedoraproject.org/ PYTHONPATH=/home/gabrielmartins/Documents/github/ponderada_ros/install/cg_interfaces/lib/python3.13/site-packages:/home/gabrielmartins/Documents/github/ponderada_ros/install/my-test-package/lib/python3.13/site-packages:/home/gabrielmartins/Documents/github/ponderada_ros/install/cg_teleop/lib/python3.13/site-packages:/home/gabrielmartins/Documents/github/ponderada_ros/install/cg/lib/python3.13/site-packages:/usr/lib64/ros-jazzy/lib/python3.13/dist-packages:/usr/lib64/ros-jazzy/lib/python3.13/site-packages:/home/gabrielmartins/m/envs/ros_env/lib/python/site-packages:/home/gabrielmartins/m/envs/ros_env/lib/python3.12/site-packages _=/usr/bin/env /usr/bin/cmake --build /home/gabrielmartins/Documents/github/ponderada_ros/build/cg -- -j8 -l8
[5.423s] Invoking command in '/home/gabrielmartins/Documents/github/ponderada_ros/build/cg': CMAKE_PREFIX_PATH=/home/gabrielmartins/Documents/github/ponderada_ros/install/cg_interfaces:/home/gabrielmartins/Documents/github/ponderada_ros/install/cg:/usr/lib64/ros-jazzy/opt/orocos_kdl_vendor:/usr/lib64/ros-jazzy/opt/gz_math_vendor:/usr/lib64/ros-jazzy/opt/gz_utils_vendor:/usr/lib64/ros-jazzy/opt/gz_cmake_vendor:/usr/lib64/ros-jazzy:/home/gabrielmartins/Documents/github/ponderada_ros/install/cg_teleop CONDA_PROMPT_MODIFIER=(ros_env) DEBUGINFOD_URLS=https://debuginfod.fedoraproject.org/ PYTHONPATH=/home/gabrielmartins/Documents/github/ponderada_ros/install/cg_interfaces/lib/python3.13/site-packages:/home/gabrielmartins/Documents/github/ponderada_ros/install/my-test-package/lib/python3.13/site-packages:/home/gabrielmartins/Documents/github/ponderada_ros/install/cg_teleop/lib/python3.13/site-packages:/home/gabrielmartins/Documents/github/ponderada_ros/install/cg/lib/python3.13/site-packages:/usr/lib64/ros-jazzy/lib/python3.13/dist-packages:/usr/lib64/ros-jazzy/lib/python3.13/site-packages:/home/gabrielmartins/m/envs/ros_env/lib/python/site-packages:/home/gabrielmartins/m/envs/ros_env/lib/python3.12/site-packages _=/usr/bin/env /usr/bin/cmake --install /home/gabrielmartins/Documents/github/ponderada_ros/build/cg
[5.429s] -- Install configuration: ""
[5.429s] -- Installing: /home/gabrielmartins/Documents/github/ponderada_ros/install/cg/lib/cg/cg_autonomous_navigator
[5.431s] -- Set non-toolchain portion of runtime path of "/home/gabrielmartins/Documents/github/ponderada_ros/install/cg/lib/cg/cg_autonomous_navigator" to ""
[5.431s] -- Installing: /home/gabrielmartins/Documents/github/ponderada_ros/install/cg/lib/cg/maze.py
[5.431s] -- Installing: /home/gabrielmartins/Documents/github/ponderada_ros/install/cg/lib/cg/maze
[5.432s] -- Installing: /home/gabrielmartins/Documents/github/ponderada_ros/install/cg/lib/python3.13/site-packages/cg
[5.432s] -- Installing: /home/gabrielmartins/Documents/github/ponderada_ros/install/cg/lib/python3.13/site-packages/cg/Editor.py
[5.432s] -- Installing: /home/gabrielmartins/Documents/github/ponderada_ros/install/cg/lib/python3.13/site-packages/cg/Game.py
[5.432s] -- Installing: /home/gabrielmartins/Documents/github/ponderada_ros/install/cg/lib/python3.13/site-packages/cg/Maze.py
[5.432s] -- Installing: /home/gabrielmartins/Documents/github/ponderada_ros/install/cg/lib/python3.13/site-packages/cg/Robot.py
[5.432s] -- Installing: /home/gabrielmartins/Documents/github/ponderada_ros/install/cg/lib/python3.13/site-packages/cg/Utils
[5.432s] -- Installing: /home/gabrielmartins/Documents/github/ponderada_ros/install/cg/lib/python3.13/site-packages/cg/Utils/Csv.py
[5.432s] -- Installing: /home/gabrielmartins/Documents/github/ponderada_ros/install/cg/lib/python3.13/site-packages/cg/Utils/Finders.py
[5.433s] -- Installing: /home/gabrielmartins/Documents/github/ponderada_ros/install/cg/lib/python3.13/site-packages/cg/Utils/Grid.py
[5.433s] -- Installing: /home/gabrielmartins/Documents/github/ponderada_ros/install/cg/lib/python3.13/site-packages/cg/Utils/Screen.py
[5.433s] -- Installing: /home/gabrielmartins/Documents/github/ponderada_ros/install/cg/lib/python3.13/site-packages/cg/Utils/__init__.py
[5.433s] -- Installing: /home/gabrielmartins/Documents/github/ponderada_ros/install/cg/lib/python3.13/site-packages/cg/Utils/__pycache__
[5.433s] -- Installing: /home/gabrielmartins/Documents/github/ponderada_ros/install/cg/lib/python3.13/site-packages/cg/__init__.py
[5.433s] -- Installing: /home/gabrielmartins/Documents/github/ponderada_ros/install/cg/lib/python3.13/site-packages/cg/main.py
[5.433s] -- Installing: /home/gabrielmartins/Documents/github/ponderada_ros/install/cg/lib/python3.13/site-packages/cg/teste.py
[5.433s] -- Installing: /home/gabrielmartins/Documents/github/ponderada_ros/install/cg/lib/python3.13/site-packages/cg/__pycache__
[5.433s] -- Installing: /home/gabrielmartins/Documents/github/ponderada_ros/install/cg/lib/python3.13/site-packages/cg/cg_autonomous_navigator.py
[5.434s] -- Installing: /home/gabrielmartins/Documents/github/ponderada_ros/install/cg/lib/python3.13/site-packages/cg/log
[5.434s] -- Installing: /home/gabrielmartins/Documents/github/ponderada_ros/install/cg/lib/python3.13/site-packages/cg/log/build_2025-11-23_20-45-25
[5.434s] -- Installing: /home/gabrielmartins/Documents/github/ponderada_ros/install/cg/lib/python3.13/site-packages/cg/log/latest_build
[5.434s] -- Installing: /home/gabrielmartins/Documents/github/ponderada_ros/install/cg/lib/python3.13/site-packages/cg/log/latest
[5.434s] -- Installing: /home/gabrielmartins/Documents/github/ponderada_ros/install/cg/lib/python3.13/site-packages/cg/build
[5.434s] -- Installing: /home/gabrielmartins/Documents/github/ponderada_ros/install/cg/lib/python3.13/site-packages/cg/install
[5.434s] -- Installing: /home/gabrielmartins/Documents/github/ponderada_ros/install/cg/lib/python3.13/site-packages/cg/install/_local_setup_util_ps1.py
[5.434s] -- Installing: /home/gabrielmartins/Documents/github/ponderada_ros/install/cg/lib/python3.13/site-packages/cg/install/_local_setup_util_sh.py
[5.434s] -- Installing: /home/gabrielmartins/Documents/github/ponderada_ros/install/cg/share/cg/maps
[5.434s] -- Installing: /home/gabrielmartins/Documents/github/ponderada_ros/install/cg/share/cg/maps/1.csv
[5.434s] -- Installing: /home/gabrielmartins/Documents/github/ponderada_ros/install/cg/share/cg/maps/10.csv
[5.434s] -- Installing: /home/gabrielmartins/Documents/github/ponderada_ros/install/cg/share/cg/maps/2.csv
[5.434s] -- Installing: /home/gabrielmartins/Documents/github/ponderada_ros/install/cg/share/cg/maps/3.csv
[5.435s] -- Installing: /home/gabrielmartins/Documents/github/ponderada_ros/install/cg/share/cg/maps/4.csv
[5.435s] -- Installing: /home/gabrielmartins/Documents/github/ponderada_ros/install/cg/share/cg/maps/5.csv
[5.435s] -- Installing: /home/gabrielmartins/Documents/github/ponderada_ros/install/cg/share/cg/maps/6.csv
[5.435s] -- Installing: /home/gabrielmartins/Documents/github/ponderada_ros/install/cg/share/cg/maps/7.csv
[5.435s] -- Installing: /home/gabrielmartins/Documents/github/ponderada_ros/install/cg/share/cg/maps/8.csv
[5.435s] -- Installing: /home/gabrielmartins/Documents/github/ponderada_ros/install/cg/share/cg/maps/9.csv
[5.435s] -- Installing: /home/gabrielmartins/Documents/github/ponderada_ros/install/cg/share/cg/maps/test.csv
[5.435s] -- Installing: /home/gabrielmartins/Documents/github/ponderada_ros/install/cg/share/cg/lobotomy_kaisen
[5.435s] -- Installing: /home/gabrielmartins/Documents/github/ponderada_ros/install/cg/share/cg/lobotomy_kaisen/brain_damage.jpg
[5.435s] -- Installing: /home/gabrielmartins/Documents/github/ponderada_ros/install/cg/share/cg/lobotomy_kaisen/cinema.jpg
[5.435s] -- Installing: /home/gabrielmartins/Documents/github/ponderada_ros/install/cg/share/cg/lobotomy_kaisen/cook.jpg
[5.435s] -- Installing: /home/gabrielmartins/Documents/github/ponderada_ros/install/cg/share/cg/lobotomy_kaisen/dabura.png
[5.435s] -- Installing: /home/gabrielmartins/Documents/github/ponderada_ros/install/cg/share/cg/lobotomy_kaisen/dies_from_peak.jpg
[5.436s] -- Installing: /home/gabrielmartins/Documents/github/ponderada_ros/install/cg/share/cg/lobotomy_kaisen/fax.jpg
[5.436s] -- Installing: /home/gabrielmartins/Documents/github/ponderada_ros/install/cg/share/cg/lobotomy_kaisen/fax3.jpg
[5.436s] -- Installing: /home/gabrielmartins/Documents/github/ponderada_ros/install/cg/share/cg/lobotomy_kaisen/freddy.jpg
[5.436s] -- Installing: /home/gabrielmartins/Documents/github/ponderada_ros/install/cg/share/cg/lobotomy_kaisen/goatjo.jpg
[5.436s] -- Installing: /home/gabrielmartins/Documents/github/ponderada_ros/install/cg/share/cg/lobotomy_kaisen/idwin.jpg
[5.436s] -- Installing: /home/gabrielmartins/Documents/github/ponderada_ros/install/cg/share/cg/lobotomy_kaisen/megumi.jpg
[5.436s] -- Installing: /home/gabrielmartins/Documents/github/ponderada_ros/install/cg/share/cg/lobotomy_kaisen/mental_damage.jpg
[5.436s] -- Installing: /home/gabrielmartins/Documents/github/ponderada_ros/install/cg/share/cg/lobotomy_kaisen/mou.jpg
[5.436s] -- Installing: /home/gabrielmartins/Documents/github/ponderada_ros/install/cg/share/cg/lobotomy_kaisen/potential_man.jpg
[5.436s] -- Installing: /home/gabrielmartins/Documents/github/ponderada_ros/install/cg/share/cg/lobotomy_kaisen/remembered.jpg
[5.436s] -- Installing: /home/gabrielmartins/Documents/github/ponderada_ros/install/cg/share/cg/lobotomy_kaisen/shibuya.jpeg
[5.436s] -- Installing: /home/gabrielmartins/Documents/github/ponderada_ros/install/cg/share/cg/lobotomy_kaisen/suksuk.jpg
[5.436s] -- Installing: /home/gabrielmartins/Documents/github/ponderada_ros/install/cg/share/cg/lobotomy_kaisen/wuji.jpg
[5.436s] -- Installing: /home/gabrielmartins/Documents/github/ponderada_ros/install/cg/share/ament_index/resource_index/package_run_dependencies/cg
[5.437s] -- Installing: /home/gabrielmartins/Documents/github/ponderada_ros/install/cg/share/ament_index/resource_index/parent_prefix_path/cg
[5.437s] -- Installing: /home/gabrielmartins/Documents/github/ponderada_ros/install/cg/share/cg/environment/ament_prefix_path.sh
[5.437s] -- Installing: /home/gabrielmartins/Documents/github/ponderada_ros/install/cg/share/cg/environment/ament_prefix_path.dsv
[5.437s] -- Installing: /home/gabrielmartins/Documents/github/ponderada_ros/install/cg/share/cg/environment/path.sh
[5.437s] -- Installing: /home/gabrielmartins/Documents/github/ponderada_ros/install/cg/share/cg/environment/path.dsv
[5.437s] -- Installing: /home/gabrielmartins/Documents/github/ponderada_ros/install/cg/share/cg/local_setup.bash
[5.437s] -- Installing: /home/gabrielmartins/Documents/github/ponderada_ros/install/cg/share/cg/local_setup.sh
[5.437s] -- Installing: /home/gabrielmartins/Documents/github/ponderada_ros/install/cg/share/cg/local_setup.zsh
[5.437s] -- Installing: /home/gabrielmartins/Documents/github/ponderada_ros/install/cg/share/cg/local_setup.dsv
[5.437s] -- Installing: /home/gabrielmartins/Documents/github/ponderada_ros/install/cg/share/cg/package.dsv
[5.437s] -- Installing: /home/gabrielmartins/Documents/github/ponderada_ros/install/cg/share/ament_index/resource_index/packages/cg
[5.437s] -- Installing: /home/gabrielmartins/Documents/github/ponderada_ros/install/cg/share/cg/cmake/cgConfig.cmake
[5.437s] -- Installing: /home/gabrielmartins/Documents/github/ponderada_ros/install/cg/share/cg/cmake/cgConfig-version.cmake
[5.438s] -- Installing: /home/gabrielmartins/Documents/github/ponderada_ros/install/cg/share/cg/package.xml
[5.438s] Invoked command in '/home/gabrielmartins/Documents/github/ponderada_ros/build/cg' returned '0': CMAKE_PREFIX_PATH=/home/gabrielmartins/Documents/github/ponderada_ros/install/cg_interfaces:/home/gabrielmartins/Documents/github/ponderada_ros/install/cg:/usr/lib64/ros-jazzy/opt/orocos_kdl_vendor:/usr/lib64/ros-jazzy/opt/gz_math_vendor:/usr/lib64/ros-jazzy/opt/gz_utils_vendor:/usr/lib64/ros-jazzy/opt/gz_cmake_vendor:/usr/lib64/ros-jazzy:/home/gabrielmartins/Documents/github/ponderada_ros/install/cg_teleop CONDA_PROMPT_MODIFIER=(ros_env) DEBUGINFOD_URLS=https://debuginfod.fedoraproject.org/ PYTHONPATH=/home/gabrielmartins/Documents/github/ponderada_ros/install/cg_interfaces/lib/python3.13/site-packages:/home/gabrielmartins/Documents/github/ponderada_ros/install/my-test-package/lib/python3.13/site-packages:/home/gabrielmartins/Documents/github/ponderada_ros/install/cg_teleop/lib/python3.13/site-packages:/home/gabrielmartins/Documents/github/ponderada_ros/install/cg/lib/python3.13/site-packages:/usr/lib64/ros-jazzy/lib/python3.13/dist-packages:/usr/lib64/ros-jazzy/lib/python3.13/site-packages:/home/gabrielmartins/m/envs/ros_env/lib/python/site-packages:/home/gabrielmartins/m/envs/ros_env/lib/python3.12/site-packages _=/usr/bin/env /usr/bin/cmake --install /home/gabrielmartins/Documents/github/ponderada_ros/build/cg
