[0.064s] DEBUG:colcon:Command line arguments: ['/usr/bin/colcon', 'build']
[0.064s] DEBUG:colcon:Parsed command line arguments: Namespace(log_base=None, log_level=None, verb_name='build', build_base='build', install_base='install', merge_install=False, symlink_install=False, test_result_base=None, continue_on_error=False, executor='parallel', parallel_workers=8, event_handlers=None, ignore_user_meta=False, metas=['./colcon.meta'], base_paths=['.'], packages_ignore=None, packages_ignore_regex=None, paths=None, packages_up_to=None, packages_up_to_regex=None, packages_above=None, packages_above_and_dependencies=None, packages_above_depth=None, packages_select_by_dep=None, packages_skip_by_dep=None, packages_skip_up_to=None, packages_select_build_failed=False, packages_skip_build_finished=False, packages_select_test_failures=False, packages_skip_test_passed=False, packages_select=None, packages_skip=None, packages_select_regex=None, packages_skip_regex=None, packages_start=None, packages_end=None, cmake_args=None, cmake_target=None, cmake_target_skip_unavailable=False, cmake_clean_cache=False, cmake_clean_first=False, cmake_force_configure=False, ament_cmake_args=None, catkin_cmake_args=None, catkin_skip_building_tests=False, mixin_files=None, mixin=None, verb_parser=<colcon_mixin.mixin.mixin_argument.MixinArgumentDecorator object at 0x7fd1ec3a5b10>, verb_extension=<colcon_core.verb.build.BuildVerb object at 0x7fd1ec4ae9b0>, main=<bound method BuildVerb.main of <colcon_core.verb.build.BuildVerb object at 0x7fd1ec4ae9b0>>, mixin_verb=('build',))
[0.132s] Level 1:colcon.colcon_core.package_discovery:discover_packages(colcon_meta) check parameters
[0.133s] Level 1:colcon.colcon_core.package_discovery:discover_packages(recursive) check parameters
[0.133s] Level 1:colcon.colcon_core.package_discovery:discover_packages(ignore) check parameters
[0.133s] Level 1:colcon.colcon_core.package_discovery:discover_packages(path) check parameters
[0.133s] Level 1:colcon.colcon_core.package_discovery:discover_packages(colcon_meta) discover
[0.133s] Level 1:colcon.colcon_core.package_discovery:discover_packages(recursive) discover
[0.133s] INFO:colcon.colcon_core.package_discovery:Crawling recursively for packages in '/project_ws'
[0.133s] Level 1:colcon.colcon_core.package_identification:_identify(.) by extensions ['ignore', 'ignore_ament_install']
[0.133s] Level 1:colcon.colcon_core.package_identification:_identify(.) by extension 'ignore'
[0.133s] Level 1:colcon.colcon_core.package_identification:_identify(.) by extension 'ignore_ament_install'
[0.133s] Level 1:colcon.colcon_core.package_identification:_identify(.) by extensions ['colcon_pkg']
[0.133s] Level 1:colcon.colcon_core.package_identification:_identify(.) by extension 'colcon_pkg'
[0.133s] Level 1:colcon.colcon_core.package_identification:_identify(.) by extensions ['colcon_meta']
[0.133s] Level 1:colcon.colcon_core.package_identification:_identify(.) by extension 'colcon_meta'
[0.133s] Level 1:colcon.colcon_core.package_identification:_identify(.) by extensions ['ros']
[0.133s] Level 1:colcon.colcon_core.package_identification:_identify(.) by extension 'ros'
[0.140s] Level 1:colcon.colcon_core.package_identification:_identify(.) by extensions ['cmake', 'python']
[0.140s] Level 1:colcon.colcon_core.package_identification:_identify(.) by extension 'cmake'
[0.140s] Level 1:colcon.colcon_core.package_identification:_identify(.) by extension 'python'
[0.140s] Level 1:colcon.colcon_core.package_identification:_identify(.) by extensions ['python_setup_py']
[0.140s] Level 1:colcon.colcon_core.package_identification:_identify(.) by extension 'python_setup_py'
[0.140s] Level 1:colcon.colcon_core.package_identification:_identify(build) by extensions ['ignore', 'ignore_ament_install']
[0.140s] Level 1:colcon.colcon_core.package_identification:_identify(build) by extension 'ignore'
[0.140s] Level 1:colcon.colcon_core.package_identification:_identify(build) ignored
[0.141s] Level 1:colcon.colcon_core.package_identification:_identify(install) by extensions ['ignore', 'ignore_ament_install']
[0.141s] Level 1:colcon.colcon_core.package_identification:_identify(install) by extension 'ignore'
[0.141s] Level 1:colcon.colcon_core.package_identification:_identify(install) ignored
[0.141s] Level 1:colcon.colcon_core.package_identification:_identify(lobotomy_kaisen) by extensions ['ignore', 'ignore_ament_install']
[0.141s] Level 1:colcon.colcon_core.package_identification:_identify(lobotomy_kaisen) by extension 'ignore'
[0.141s] Level 1:colcon.colcon_core.package_identification:_identify(lobotomy_kaisen) by extension 'ignore_ament_install'
[0.141s] Level 1:colcon.colcon_core.package_identification:_identify(lobotomy_kaisen) by extensions ['colcon_pkg']
[0.141s] Level 1:colcon.colcon_core.package_identification:_identify(lobotomy_kaisen) by extension 'colcon_pkg'
[0.141s] Level 1:colcon.colcon_core.package_identification:_identify(lobotomy_kaisen) by extensions ['colcon_meta']
[0.141s] Level 1:colcon.colcon_core.package_identification:_identify(lobotomy_kaisen) by extension 'colcon_meta'
[0.141s] Level 1:colcon.colcon_core.package_identification:_identify(lobotomy_kaisen) by extensions ['ros']
[0.141s] Level 1:colcon.colcon_core.package_identification:_identify(lobotomy_kaisen) by extension 'ros'
[0.141s] Level 1:colcon.colcon_core.package_identification:_identify(lobotomy_kaisen) by extensions ['cmake', 'python']
[0.141s] Level 1:colcon.colcon_core.package_identification:_identify(lobotomy_kaisen) by extension 'cmake'
[0.141s] Level 1:colcon.colcon_core.package_identification:_identify(lobotomy_kaisen) by extension 'python'
[0.141s] Level 1:colcon.colcon_core.package_identification:_identify(lobotomy_kaisen) by extensions ['python_setup_py']
[0.141s] Level 1:colcon.colcon_core.package_identification:_identify(lobotomy_kaisen) by extension 'python_setup_py'
[0.141s] Level 1:colcon.colcon_core.package_identification:_identify(log) by extensions ['ignore', 'ignore_ament_install']
[0.142s] Level 1:colcon.colcon_core.package_identification:_identify(log) by extension 'ignore'
[0.142s] Level 1:colcon.colcon_core.package_identification:_identify(log) ignored
[0.142s] Level 1:colcon.colcon_core.package_identification:_identify(src) by extensions ['ignore', 'ignore_ament_install']
[0.142s] Level 1:colcon.colcon_core.package_identification:_identify(src) by extension 'ignore'
[0.142s] Level 1:colcon.colcon_core.package_identification:_identify(src) by extension 'ignore_ament_install'
[0.142s] Level 1:colcon.colcon_core.package_identification:_identify(src) by extensions ['colcon_pkg']
[0.142s] Level 1:colcon.colcon_core.package_identification:_identify(src) by extension 'colcon_pkg'
[0.142s] Level 1:colcon.colcon_core.package_identification:_identify(src) by extensions ['colcon_meta']
[0.142s] Level 1:colcon.colcon_core.package_identification:_identify(src) by extension 'colcon_meta'
[0.142s] Level 1:colcon.colcon_core.package_identification:_identify(src) by extensions ['ros']
[0.142s] Level 1:colcon.colcon_core.package_identification:_identify(src) by extension 'ros'
[0.142s] Level 1:colcon.colcon_core.package_identification:_identify(src) by extensions ['cmake', 'python']
[0.142s] Level 1:colcon.colcon_core.package_identification:_identify(src) by extension 'cmake'
[0.142s] Level 1:colcon.colcon_core.package_identification:_identify(src) by extension 'python'
[0.142s] Level 1:colcon.colcon_core.package_identification:_identify(src) by extensions ['python_setup_py']
[0.142s] Level 1:colcon.colcon_core.package_identification:_identify(src) by extension 'python_setup_py'
[0.142s] Level 1:colcon.colcon_core.package_identification:_identify(src/cg) by extensions ['ignore', 'ignore_ament_install']
[0.142s] Level 1:colcon.colcon_core.package_identification:_identify(src/cg) by extension 'ignore'
[0.142s] Level 1:colcon.colcon_core.package_identification:_identify(src/cg) by extension 'ignore_ament_install'
[0.142s] Level 1:colcon.colcon_core.package_identification:_identify(src/cg) by extensions ['colcon_pkg']
[0.142s] Level 1:colcon.colcon_core.package_identification:_identify(src/cg) by extension 'colcon_pkg'
[0.142s] Level 1:colcon.colcon_core.package_identification:_identify(src/cg) by extensions ['colcon_meta']
[0.142s] Level 1:colcon.colcon_core.package_identification:_identify(src/cg) by extension 'colcon_meta'
[0.142s] Level 1:colcon.colcon_core.package_identification:_identify(src/cg) by extensions ['ros']
[0.142s] Level 1:colcon.colcon_core.package_identification:_identify(src/cg) by extension 'ros'
[0.144s] DEBUG:colcon.colcon_core.package_identification:Package 'src/cg' with type 'ros.ament_python' and name 'cg'
[0.144s] Level 1:colcon.colcon_core.package_identification:_identify(src/cg_interfaces) by extensions ['ignore', 'ignore_ament_install']
[0.144s] Level 1:colcon.colcon_core.package_identification:_identify(src/cg_interfaces) by extension 'ignore'
[0.144s] Level 1:colcon.colcon_core.package_identification:_identify(src/cg_interfaces) by extension 'ignore_ament_install'
[0.144s] Level 1:colcon.colcon_core.package_identification:_identify(src/cg_interfaces) by extensions ['colcon_pkg']
[0.144s] Level 1:colcon.colcon_core.package_identification:_identify(src/cg_interfaces) by extension 'colcon_pkg'
[0.144s] Level 1:colcon.colcon_core.package_identification:_identify(src/cg_interfaces) by extensions ['colcon_meta']
[0.144s] Level 1:colcon.colcon_core.package_identification:_identify(src/cg_interfaces) by extension 'colcon_meta'
[0.144s] Level 1:colcon.colcon_core.package_identification:_identify(src/cg_interfaces) by extensions ['ros']
[0.144s] Level 1:colcon.colcon_core.package_identification:_identify(src/cg_interfaces) by extension 'ros'
[0.145s] DEBUG:colcon.colcon_core.package_identification:Package 'src/cg_interfaces' with type 'ros.ament_cmake' and name 'cg_interfaces'
[0.145s] Level 1:colcon.colcon_core.package_identification:_identify(src/cg_solver) by extensions ['ignore', 'ignore_ament_install']
[0.145s] Level 1:colcon.colcon_core.package_identification:_identify(src/cg_solver) by extension 'ignore'
[0.145s] Level 1:colcon.colcon_core.package_identification:_identify(src/cg_solver) by extension 'ignore_ament_install'
[0.145s] Level 1:colcon.colcon_core.package_identification:_identify(src/cg_solver) by extensions ['colcon_pkg']
[0.145s] Level 1:colcon.colcon_core.package_identification:_identify(src/cg_solver) by extension 'colcon_pkg'
[0.145s] Level 1:colcon.colcon_core.package_identification:_identify(src/cg_solver) by extensions ['colcon_meta']
[0.145s] Level 1:colcon.colcon_core.package_identification:_identify(src/cg_solver) by extension 'colcon_meta'
[0.145s] Level 1:colcon.colcon_core.package_identification:_identify(src/cg_solver) by extensions ['ros']
[0.145s] Level 1:colcon.colcon_core.package_identification:_identify(src/cg_solver) by extension 'ros'
[0.146s] DEBUG:colcon.colcon_core.package_identification:Package 'src/cg_solver' with type 'ros.ament_cmake' and name 'cg_solver'
[0.146s] Level 1:colcon.colcon_core.package_identification:_identify(src/cg_teleop) by extensions ['ignore', 'ignore_ament_install']
[0.146s] Level 1:colcon.colcon_core.package_identification:_identify(src/cg_teleop) by extension 'ignore'
[0.146s] Level 1:colcon.colcon_core.package_identification:_identify(src/cg_teleop) by extension 'ignore_ament_install'
[0.146s] Level 1:colcon.colcon_core.package_identification:_identify(src/cg_teleop) by extensions ['colcon_pkg']
[0.146s] Level 1:colcon.colcon_core.package_identification:_identify(src/cg_teleop) by extension 'colcon_pkg'
[0.146s] Level 1:colcon.colcon_core.package_identification:_identify(src/cg_teleop) by extensions ['colcon_meta']
[0.146s] Level 1:colcon.colcon_core.package_identification:_identify(src/cg_teleop) by extension 'colcon_meta'
[0.146s] Level 1:colcon.colcon_core.package_identification:_identify(src/cg_teleop) by extensions ['ros']
[0.146s] Level 1:colcon.colcon_core.package_identification:_identify(src/cg_teleop) by extension 'ros'
[0.146s] DEBUG:colcon.colcon_core.package_identification:Package 'src/cg_teleop' with type 'ros.ament_python' and name 'cg_teleop'
[0.147s] Level 1:colcon.colcon_core.package_discovery:discover_packages(recursive) using defaults
[0.147s] Level 1:colcon.colcon_core.package_discovery:discover_packages(ignore) discover
[0.147s] Level 1:colcon.colcon_core.package_discovery:discover_packages(ignore) using defaults
[0.147s] Level 1:colcon.colcon_core.package_discovery:discover_packages(path) discover
[0.147s] Level 1:colcon.colcon_core.package_discovery:discover_packages(path) using defaults
[0.160s] Level 5:colcon.colcon_core.verb:set package 'cg_interfaces' build argument 'cmake_args' from command line to 'None'
[0.160s] Level 5:colcon.colcon_core.verb:set package 'cg_interfaces' build argument 'cmake_target' from command line to 'None'
[0.160s] Level 5:colcon.colcon_core.verb:set package 'cg_interfaces' build argument 'cmake_target_skip_unavailable' from command line to 'False'
[0.160s] Level 5:colcon.colcon_core.verb:set package 'cg_interfaces' build argument 'cmake_clean_cache' from command line to 'False'
[0.160s] Level 5:colcon.colcon_core.verb:set package 'cg_interfaces' build argument 'cmake_clean_first' from command line to 'False'
[0.160s] Level 5:colcon.colcon_core.verb:set package 'cg_interfaces' build argument 'cmake_force_configure' from command line to 'False'
[0.160s] Level 5:colcon.colcon_core.verb:set package 'cg_interfaces' build argument 'ament_cmake_args' from command line to 'None'
[0.160s] Level 5:colcon.colcon_core.verb:set package 'cg_interfaces' build argument 'catkin_cmake_args' from command line to 'None'
[0.160s] Level 5:colcon.colcon_core.verb:set package 'cg_interfaces' build argument 'catkin_skip_building_tests' from command line to 'False'
[0.160s] DEBUG:colcon.colcon_core.verb:Building package 'cg_interfaces' with the following arguments: {'ament_cmake_args': None, 'build_base': '/project_ws/build/cg_interfaces', 'catkin_cmake_args': None, 'catkin_skip_building_tests': False, 'cmake_args': None, 'cmake_clean_cache': False, 'cmake_clean_first': False, 'cmake_force_configure': False, 'cmake_target': None, 'cmake_target_skip_unavailable': False, 'install_base': '/project_ws/install/cg_interfaces', 'merge_install': False, 'path': '/project_ws/src/cg_interfaces', 'symlink_install': False, 'test_result_base': None}
[0.161s] Level 5:colcon.colcon_core.verb:set package 'cg' build argument 'cmake_args' from command line to 'None'
[0.161s] Level 5:colcon.colcon_core.verb:set package 'cg' build argument 'cmake_target' from command line to 'None'
[0.161s] Level 5:colcon.colcon_core.verb:set package 'cg' build argument 'cmake_target_skip_unavailable' from command line to 'False'
[0.161s] Level 5:colcon.colcon_core.verb:set package 'cg' build argument 'cmake_clean_cache' from command line to 'False'
[0.161s] Level 5:colcon.colcon_core.verb:set package 'cg' build argument 'cmake_clean_first' from command line to 'False'
[0.161s] Level 5:colcon.colcon_core.verb:set package 'cg' build argument 'cmake_force_configure' from command line to 'False'
[0.161s] Level 5:colcon.colcon_core.verb:set package 'cg' build argument 'ament_cmake_args' from command line to 'None'
[0.161s] Level 5:colcon.colcon_core.verb:set package 'cg' build argument 'catkin_cmake_args' from command line to 'None'
[0.161s] Level 5:colcon.colcon_core.verb:set package 'cg' build argument 'catkin_skip_building_tests' from command line to 'False'
[0.161s] DEBUG:colcon.colcon_core.verb:Building package 'cg' with the following arguments: {'ament_cmake_args': None, 'build_base': '/project_ws/build/cg', 'catkin_cmake_args': None, 'catkin_skip_building_tests': False, 'cmake_args': None, 'cmake_clean_cache': False, 'cmake_clean_first': False, 'cmake_force_configure': False, 'cmake_target': None, 'cmake_target_skip_unavailable': False, 'install_base': '/project_ws/install/cg', 'merge_install': False, 'path': '/project_ws/src/cg', 'symlink_install': False, 'test_result_base': None}
[0.161s] Level 5:colcon.colcon_core.verb:set package 'cg_solver' build argument 'cmake_args' from command line to 'None'
[0.161s] Level 5:colcon.colcon_core.verb:set package 'cg_solver' build argument 'cmake_target' from command line to 'None'
[0.161s] Level 5:colcon.colcon_core.verb:set package 'cg_solver' build argument 'cmake_target_skip_unavailable' from command line to 'False'
[0.161s] Level 5:colcon.colcon_core.verb:set package 'cg_solver' build argument 'cmake_clean_cache' from command line to 'False'
[0.161s] Level 5:colcon.colcon_core.verb:set package 'cg_solver' build argument 'cmake_clean_first' from command line to 'False'
[0.161s] Level 5:colcon.colcon_core.verb:set package 'cg_solver' build argument 'cmake_force_configure' from command line to 'False'
[0.161s] Level 5:colcon.colcon_core.verb:set package 'cg_solver' build argument 'ament_cmake_args' from command line to 'None'
[0.161s] Level 5:colcon.colcon_core.verb:set package 'cg_solver' build argument 'catkin_cmake_args' from command line to 'None'
[0.161s] Level 5:colcon.colcon_core.verb:set package 'cg_solver' build argument 'catkin_skip_building_tests' from command line to 'False'
[0.161s] DEBUG:colcon.colcon_core.verb:Building package 'cg_solver' with the following arguments: {'ament_cmake_args': None, 'build_base': '/project_ws/build/cg_solver', 'catkin_cmake_args': None, 'catkin_skip_building_tests': False, 'cmake_args': None, 'cmake_clean_cache': False, 'cmake_clean_first': False, 'cmake_force_configure': False, 'cmake_target': None, 'cmake_target_skip_unavailable': False, 'install_base': '/project_ws/install/cg_solver', 'merge_install': False, 'path': '/project_ws/src/cg_solver', 'symlink_install': False, 'test_result_base': None}
[0.161s] Level 5:colcon.colcon_core.verb:set package 'cg_teleop' build argument 'cmake_args' from command line to 'None'
[0.161s] Level 5:colcon.colcon_core.verb:set package 'cg_teleop' build argument 'cmake_target' from command line to 'None'
[0.161s] Level 5:colcon.colcon_core.verb:set package 'cg_teleop' build argument 'cmake_target_skip_unavailable' from command line to 'False'
[0.161s] Level 5:colcon.colcon_core.verb:set package 'cg_teleop' build argument 'cmake_clean_cache' from command line to 'False'
[0.161s] Level 5:colcon.colcon_core.verb:set package 'cg_teleop' build argument 'cmake_clean_first' from command line to 'False'
[0.162s] Level 5:colcon.colcon_core.verb:set package 'cg_teleop' build argument 'cmake_force_configure' from command line to 'False'
[0.162s] Level 5:colcon.colcon_core.verb:set package 'cg_teleop' build argument 'ament_cmake_args' from command line to 'None'
[0.162s] Level 5:colcon.colcon_core.verb:set package 'cg_teleop' build argument 'catkin_cmake_args' from command line to 'None'
[0.162s] Level 5:colcon.colcon_core.verb:set package 'cg_teleop' build argument 'catkin_skip_building_tests' from command line to 'False'
[0.162s] DEBUG:colcon.colcon_core.verb:Building package 'cg_teleop' with the following arguments: {'ament_cmake_args': None, 'build_base': '/project_ws/build/cg_teleop', 'catkin_cmake_args': None, 'catkin_skip_building_tests': False, 'cmake_args': None, 'cmake_clean_cache': False, 'cmake_clean_first': False, 'cmake_force_configure': False, 'cmake_target': None, 'cmake_target_skip_unavailable': False, 'install_base': '/project_ws/install/cg_teleop', 'merge_install': False, 'path': '/project_ws/src/cg_teleop', 'symlink_install': False, 'test_result_base': None}
[0.162s] INFO:colcon.colcon_core.executor:Executing jobs using 'parallel' executor
[0.163s] DEBUG:colcon.colcon_parallel_executor.executor.parallel:run_until_complete
[0.163s] INFO:colcon.colcon_ros.task.ament_cmake.build:Building ROS package in '/project_ws/src/cg_interfaces' with build type 'ament_cmake'
[0.163s] INFO:colcon.colcon_cmake.task.cmake.build:Building CMake package in '/project_ws/src/cg_interfaces'
[0.164s] INFO:colcon.colcon_core.plugin_system:Skipping extension 'colcon_core.shell.bat': Not used on non-Windows systems
[0.165s] INFO:colcon.colcon_core.shell:Skip shell extension 'powershell' for command environment: Not usable outside of PowerShell
[0.165s] DEBUG:colcon.colcon_core.shell:Skip shell extension 'dsv' for command environment
[0.170s] DEBUG:colcon.colcon_core.event_handler.log_command:Invoking command in '/project_ws/build/cg_interfaces': CMAKE_PREFIX_PATH=/opt/ros/humble /usr/bin/cmake --build /project_ws/build/cg_interfaces -- -j8 -l8
[0.363s] DEBUG:colcon.colcon_core.event_handler.log_command:Invoked command in '/project_ws/build/cg_interfaces' returned '0': CMAKE_PREFIX_PATH=/opt/ros/humble /usr/bin/cmake --build /project_ws/build/cg_interfaces -- -j8 -l8
[0.369s] DEBUG:colcon.colcon_core.event_handler.log_command:Invoking command in '/project_ws/build/cg_interfaces': CMAKE_PREFIX_PATH=/opt/ros/humble /usr/bin/cmake --install /project_ws/build/cg_interfaces
[0.404s] Level 1:colcon.colcon_core.environment:create_environment_scripts_only(cg_interfaces)
[0.404s] DEBUG:colcon.colcon_core.event_handler.log_command:Invoked command in '/project_ws/build/cg_interfaces' returned '0': CMAKE_PREFIX_PATH=/opt/ros/humble /usr/bin/cmake --install /project_ws/build/cg_interfaces
[0.406s] Level 1:colcon.colcon_core.environment:checking '/project_ws/install/cg_interfaces' for CMake module files
[0.406s] Level 1:colcon.colcon_core.environment:checking '/project_ws/install/cg_interfaces' for CMake config files
[0.406s] Level 1:colcon.colcon_core.shell:create_environment_hook('cg_interfaces', 'cmake_prefix_path')
[0.406s] INFO:colcon.colcon_core.shell:Creating environment hook '/project_ws/install/cg_interfaces/share/cg_interfaces/hook/cmake_prefix_path.ps1'
[0.407s] INFO:colcon.colcon_core.shell:Creating environment descriptor '/project_ws/install/cg_interfaces/share/cg_interfaces/hook/cmake_prefix_path.dsv'
[0.407s] INFO:colcon.colcon_core.shell:Creating environment hook '/project_ws/install/cg_interfaces/share/cg_interfaces/hook/cmake_prefix_path.sh'
[0.408s] Level 1:colcon.colcon_core.environment:checking '/project_ws/install/cg_interfaces/lib'
[0.408s] Level 1:colcon.colcon_core.shell:create_environment_hook('cg_interfaces', 'ld_library_path_lib')
[0.408s] INFO:colcon.colcon_core.shell:Creating environment hook '/project_ws/install/cg_interfaces/share/cg_interfaces/hook/ld_library_path_lib.ps1'
[0.408s] INFO:colcon.colcon_core.shell:Creating environment descriptor '/project_ws/install/cg_interfaces/share/cg_interfaces/hook/ld_library_path_lib.dsv'
[0.409s] INFO:colcon.colcon_core.shell:Creating environment hook '/project_ws/install/cg_interfaces/share/cg_interfaces/hook/ld_library_path_lib.sh'
[0.409s] Level 1:colcon.colcon_core.environment:checking '/project_ws/install/cg_interfaces/bin'
[0.409s] Level 1:colcon.colcon_core.environment:checking '/project_ws/install/cg_interfaces/lib/pkgconfig/cg_interfaces.pc'
[0.410s] Level 1:colcon.colcon_core.environment:checking '/project_ws/install/cg_interfaces/lib/python3.10/site-packages'
[0.410s] Level 1:colcon.colcon_core.environment:checking '/project_ws/install/cg_interfaces/bin'
[0.410s] INFO:colcon.colcon_core.shell:Creating package script '/project_ws/install/cg_interfaces/share/cg_interfaces/package.ps1'
[0.411s] INFO:colcon.colcon_core.shell:Creating package descriptor '/project_ws/install/cg_interfaces/share/cg_interfaces/package.dsv'
[0.411s] INFO:colcon.colcon_core.shell:Creating package script '/project_ws/install/cg_interfaces/share/cg_interfaces/package.sh'
[0.412s] INFO:colcon.colcon_core.shell:Creating package script '/project_ws/install/cg_interfaces/share/cg_interfaces/package.bash'
[0.412s] INFO:colcon.colcon_core.shell:Creating package script '/project_ws/install/cg_interfaces/share/cg_interfaces/package.zsh'
[0.413s] Level 1:colcon.colcon_core.environment:create_file_with_runtime_dependencies(/project_ws/install/cg_interfaces/share/colcon-core/packages/cg_interfaces)
[0.413s] Level 1:colcon.colcon_core.environment:create_environment_scripts_only(cg_interfaces)
[0.413s] Level 1:colcon.colcon_core.environment:checking '/project_ws/install/cg_interfaces' for CMake module files
[0.414s] Level 1:colcon.colcon_core.environment:checking '/project_ws/install/cg_interfaces' for CMake config files
[0.414s] Level 1:colcon.colcon_core.shell:create_environment_hook('cg_interfaces', 'cmake_prefix_path')
[0.414s] INFO:colcon.colcon_core.shell:Creating environment hook '/project_ws/install/cg_interfaces/share/cg_interfaces/hook/cmake_prefix_path.ps1'
[0.414s] INFO:colcon.colcon_core.shell:Creating environment descriptor '/project_ws/install/cg_interfaces/share/cg_interfaces/hook/cmake_prefix_path.dsv'
[0.415s] INFO:colcon.colcon_core.shell:Creating environment hook '/project_ws/install/cg_interfaces/share/cg_interfaces/hook/cmake_prefix_path.sh'
[0.415s] Level 1:colcon.colcon_core.environment:checking '/project_ws/install/cg_interfaces/lib'
[0.415s] Level 1:colcon.colcon_core.shell:create_environment_hook('cg_interfaces', 'ld_library_path_lib')
[0.415s] INFO:colcon.colcon_core.shell:Creating environment hook '/project_ws/install/cg_interfaces/share/cg_interfaces/hook/ld_library_path_lib.ps1'
[0.415s] INFO:colcon.colcon_core.shell:Creating environment descriptor '/project_ws/install/cg_interfaces/share/cg_interfaces/hook/ld_library_path_lib.dsv'
[0.416s] INFO:colcon.colcon_core.shell:Creating environment hook '/project_ws/install/cg_interfaces/share/cg_interfaces/hook/ld_library_path_lib.sh'
[0.416s] Level 1:colcon.colcon_core.environment:checking '/project_ws/install/cg_interfaces/bin'
[0.416s] Level 1:colcon.colcon_core.environment:checking '/project_ws/install/cg_interfaces/lib/pkgconfig/cg_interfaces.pc'
[0.416s] Level 1:colcon.colcon_core.environment:checking '/project_ws/install/cg_interfaces/lib/python3.10/site-packages'
[0.416s] Level 1:colcon.colcon_core.environment:checking '/project_ws/install/cg_interfaces/bin'
[0.416s] INFO:colcon.colcon_core.shell:Creating package script '/project_ws/install/cg_interfaces/share/cg_interfaces/package.ps1'
[0.417s] INFO:colcon.colcon_core.shell:Creating package descriptor '/project_ws/install/cg_interfaces/share/cg_interfaces/package.dsv'
[0.417s] INFO:colcon.colcon_core.shell:Creating package script '/project_ws/install/cg_interfaces/share/cg_interfaces/package.sh'
[0.417s] INFO:colcon.colcon_core.shell:Creating package script '/project_ws/install/cg_interfaces/share/cg_interfaces/package.bash'
[0.418s] INFO:colcon.colcon_core.shell:Creating package script '/project_ws/install/cg_interfaces/share/cg_interfaces/package.zsh'
[0.418s] Level 1:colcon.colcon_core.environment:create_file_with_runtime_dependencies(/project_ws/install/cg_interfaces/share/colcon-core/packages/cg_interfaces)
[0.418s] INFO:colcon.colcon_ros.task.ament_python.build:Building ROS package in '/project_ws/src/cg' with build type 'ament_python'
[0.418s] Level 1:colcon.colcon_core.shell:create_environment_hook('cg', 'ament_prefix_path')
[0.418s] INFO:colcon.colcon_core.shell:Creating environment hook '/project_ws/install/cg/share/cg/hook/ament_prefix_path.ps1'
[0.419s] INFO:colcon.colcon_core.shell:Creating environment descriptor '/project_ws/install/cg/share/cg/hook/ament_prefix_path.dsv'
[0.419s] INFO:colcon.colcon_core.shell:Creating environment hook '/project_ws/install/cg/share/cg/hook/ament_prefix_path.sh'
[0.419s] INFO:colcon.colcon_core.shell:Skip shell extension 'powershell' for command environment: Not usable outside of PowerShell
[0.419s] DEBUG:colcon.colcon_core.shell:Skip shell extension 'dsv' for command environment
[0.421s] INFO:colcon.colcon_ros.task.ament_cmake.build:Building ROS package in '/project_ws/src/cg_solver' with build type 'ament_cmake'
[0.421s] INFO:colcon.colcon_cmake.task.cmake.build:Building CMake package in '/project_ws/src/cg_solver'
[0.421s] INFO:colcon.colcon_core.shell:Skip shell extension 'powershell' for command environment: Not usable outside of PowerShell
[0.421s] DEBUG:colcon.colcon_core.shell:Skip shell extension 'dsv' for command environment
[0.422s] INFO:colcon.colcon_ros.task.ament_python.build:Building ROS package in '/project_ws/src/cg_teleop' with build type 'ament_python'
[0.422s] Level 1:colcon.colcon_core.shell:create_environment_hook('cg_teleop', 'ament_prefix_path')
[0.423s] INFO:colcon.colcon_core.shell:Creating environment hook '/project_ws/install/cg_teleop/share/cg_teleop/hook/ament_prefix_path.ps1'
[0.423s] INFO:colcon.colcon_core.shell:Creating environment descriptor '/project_ws/install/cg_teleop/share/cg_teleop/hook/ament_prefix_path.dsv'
[0.423s] INFO:colcon.colcon_core.shell:Creating environment hook '/project_ws/install/cg_teleop/share/cg_teleop/hook/ament_prefix_path.sh'
[0.424s] INFO:colcon.colcon_core.shell:Skip shell extension 'powershell' for command environment: Not usable outside of PowerShell
[0.424s] DEBUG:colcon.colcon_core.shell:Skip shell extension 'dsv' for command environment
[0.548s] INFO:colcon.colcon_core.task.python.build:Building Python package in '/project_ws/src/cg'
[0.548s] INFO:colcon.colcon_core.shell:Skip shell extension 'powershell' for command environment: Not usable outside of PowerShell
[0.548s] DEBUG:colcon.colcon_core.shell:Skip shell extension 'dsv' for command environment
[0.551s] DEBUG:colcon.colcon_core.event_handler.log_command:Invoking command in '/project_ws/build/cg_solver': AMENT_PREFIX_PATH=/project_ws/install/cg_interfaces:${AMENT_PREFIX_PATH} CMAKE_PREFIX_PATH=/project_ws/install/cg_interfaces:/opt/ros/humble LD_LIBRARY_PATH=/project_ws/install/cg_interfaces/lib:${LD_LIBRARY_PATH} PYTHONPATH=/project_ws/install/cg_interfaces/local/lib/python3.10/dist-packages:${PYTHONPATH} /usr/bin/cmake /project_ws/src/cg_solver -DCMAKE_INSTALL_PREFIX=/project_ws/install/cg_solver
[0.684s] INFO:colcon.colcon_core.task.python.build:Building Python package in '/project_ws/src/cg_teleop'
[0.685s] INFO:colcon.colcon_core.shell:Skip shell extension 'powershell' for command environment: Not usable outside of PowerShell
[0.685s] DEBUG:colcon.colcon_core.shell:Skip shell extension 'dsv' for command environment
[0.876s] DEBUG:colcon.colcon_core.event_handler.log_command:Invoking command in '/project_ws/src/cg_teleop': AMENT_PREFIX_PATH=/project_ws/install/cg_interfaces:${AMENT_PREFIX_PATH} CMAKE_PREFIX_PATH=/project_ws/install/cg_interfaces LD_LIBRARY_PATH=/project_ws/install/cg_interfaces/lib:${LD_LIBRARY_PATH} PYTHONPATH=/project_ws/build/cg_teleop/prefix_override:/usr/lib/python3/dist-packages/colcon_core/task/python/colcon_distutils_commands:/project_ws/install/cg_teleop/lib/python3.10/site-packages:/project_ws/install/cg_interfaces/local/lib/python3.10/dist-packages:${PYTHONPATH} /usr/bin/python3 -W ignore:setup.py install is deprecated -W ignore:easy_install command is deprecated setup.py egg_info --egg-base ../../build/cg_teleop build --build-base /project_ws/build/cg_teleop/build install --record /project_ws/build/cg_teleop/install.log --single-version-externally-managed install_data
[0.881s] DEBUG:colcon.colcon_core.event_handler.log_command:Invoking command in '/project_ws/src/cg': AMENT_PREFIX_PATH=/project_ws/install/cg_interfaces:${AMENT_PREFIX_PATH} CMAKE_PREFIX_PATH=/project_ws/install/cg_interfaces LD_LIBRARY_PATH=/project_ws/install/cg_interfaces/lib:${LD_LIBRARY_PATH} PYTHONPATH=/project_ws/build/cg/prefix_override:/usr/lib/python3/dist-packages/colcon_core/task/python/colcon_distutils_commands:/project_ws/install/cg/lib/python3.10/site-packages:/project_ws/install/cg_interfaces/local/lib/python3.10/dist-packages:${PYTHONPATH} /usr/bin/python3 -W ignore:setup.py install is deprecated -W ignore:easy_install command is deprecated setup.py egg_info --egg-base ../../build/cg build --build-base /project_ws/build/cg/build install --record /project_ws/build/cg/install.log --single-version-externally-managed install_data
[1.035s] Level 1:colcon.colcon_core.environment:checking '/project_ws/install/cg_teleop' for CMake module files
[1.035s] DEBUG:colcon.colcon_core.event_handler.log_command:Invoked command in '/project_ws/src/cg_teleop' returned '0': AMENT_PREFIX_PATH=/project_ws/install/cg_interfaces:${AMENT_PREFIX_PATH} CMAKE_PREFIX_PATH=/project_ws/install/cg_interfaces LD_LIBRARY_PATH=/project_ws/install/cg_interfaces/lib:${LD_LIBRARY_PATH} PYTHONPATH=/project_ws/build/cg_teleop/prefix_override:/usr/lib/python3/dist-packages/colcon_core/task/python/colcon_distutils_commands:/project_ws/install/cg_teleop/lib/python3.10/site-packages:/project_ws/install/cg_interfaces/local/lib/python3.10/dist-packages:${PYTHONPATH} /usr/bin/python3 -W ignore:setup.py install is deprecated -W ignore:easy_install command is deprecated setup.py egg_info --egg-base ../../build/cg_teleop build --build-base /project_ws/build/cg_teleop/build install --record /project_ws/build/cg_teleop/install.log --single-version-externally-managed install_data
[1.036s] Level 1:colcon.colcon_core.environment:checking '/project_ws/install/cg_teleop' for CMake config files
[1.036s] Level 1:colcon.colcon_core.environment:checking '/project_ws/install/cg_teleop/lib'
[1.036s] Level 1:colcon.colcon_core.environment:checking '/project_ws/install/cg_teleop/bin'
[1.036s] Level 1:colcon.colcon_core.environment:checking '/project_ws/install/cg_teleop/lib/pkgconfig/cg_teleop.pc'
[1.036s] Level 1:colcon.colcon_core.environment:checking '/project_ws/install/cg_teleop/lib/python3.10/site-packages'
[1.037s] Level 1:colcon.colcon_core.shell:create_environment_hook('cg_teleop', 'pythonpath')
[1.037s] INFO:colcon.colcon_core.shell:Creating environment hook '/project_ws/install/cg_teleop/share/cg_teleop/hook/pythonpath.ps1'
[1.037s] INFO:colcon.colcon_core.shell:Creating environment descriptor '/project_ws/install/cg_teleop/share/cg_teleop/hook/pythonpath.dsv'
[1.037s] INFO:colcon.colcon_core.shell:Creating environment hook '/project_ws/install/cg_teleop/share/cg_teleop/hook/pythonpath.sh'
[1.038s] Level 1:colcon.colcon_core.environment:checking '/project_ws/install/cg_teleop/bin'
[1.038s] Level 1:colcon.colcon_core.environment:create_environment_scripts_only(cg_teleop)
[1.038s] INFO:colcon.colcon_core.shell:Creating package script '/project_ws/install/cg_teleop/share/cg_teleop/package.ps1'
[1.039s] INFO:colcon.colcon_core.shell:Creating package descriptor '/project_ws/install/cg_teleop/share/cg_teleop/package.dsv'
[1.039s] INFO:colcon.colcon_core.shell:Creating package script '/project_ws/install/cg_teleop/share/cg_teleop/package.sh'
[1.040s] INFO:colcon.colcon_core.shell:Creating package script '/project_ws/install/cg_teleop/share/cg_teleop/package.bash'
[1.040s] INFO:colcon.colcon_core.shell:Creating package script '/project_ws/install/cg_teleop/share/cg_teleop/package.zsh'
[1.040s] Level 1:colcon.colcon_core.environment:create_file_with_runtime_dependencies(/project_ws/install/cg_teleop/share/colcon-core/packages/cg_teleop)
[1.047s] Level 1:colcon.colcon_core.environment:checking '/project_ws/install/cg' for CMake module files
[1.048s] DEBUG:colcon.colcon_core.event_handler.log_command:Invoked command in '/project_ws/src/cg' returned '0': AMENT_PREFIX_PATH=/project_ws/install/cg_interfaces:${AMENT_PREFIX_PATH} CMAKE_PREFIX_PATH=/project_ws/install/cg_interfaces LD_LIBRARY_PATH=/project_ws/install/cg_interfaces/lib:${LD_LIBRARY_PATH} PYTHONPATH=/project_ws/build/cg/prefix_override:/usr/lib/python3/dist-packages/colcon_core/task/python/colcon_distutils_commands:/project_ws/install/cg/lib/python3.10/site-packages:/project_ws/install/cg_interfaces/local/lib/python3.10/dist-packages:${PYTHONPATH} /usr/bin/python3 -W ignore:setup.py install is deprecated -W ignore:easy_install command is deprecated setup.py egg_info --egg-base ../../build/cg build --build-base /project_ws/build/cg/build install --record /project_ws/build/cg/install.log --single-version-externally-managed install_data
[1.048s] Level 1:colcon.colcon_core.environment:checking '/project_ws/install/cg' for CMake config files
[1.049s] Level 1:colcon.colcon_core.environment:checking '/project_ws/install/cg/lib'
[1.049s] Level 1:colcon.colcon_core.environment:checking '/project_ws/install/cg/bin'
[1.049s] Level 1:colcon.colcon_core.environment:checking '/project_ws/install/cg/lib/pkgconfig/cg.pc'
[1.049s] Level 1:colcon.colcon_core.environment:checking '/project_ws/install/cg/lib/python3.10/site-packages'
[1.049s] Level 1:colcon.colcon_core.shell:create_environment_hook('cg', 'pythonpath')
[1.049s] INFO:colcon.colcon_core.shell:Creating environment hook '/project_ws/install/cg/share/cg/hook/pythonpath.ps1'
[1.049s] INFO:colcon.colcon_core.shell:Creating environment descriptor '/project_ws/install/cg/share/cg/hook/pythonpath.dsv'
[1.050s] INFO:colcon.colcon_core.shell:Creating environment hook '/project_ws/install/cg/share/cg/hook/pythonpath.sh'
[1.050s] Level 1:colcon.colcon_core.environment:checking '/project_ws/install/cg/bin'
[1.050s] Level 1:colcon.colcon_core.environment:create_environment_scripts_only(cg)
[1.050s] INFO:colcon.colcon_core.shell:Creating package script '/project_ws/install/cg/share/cg/package.ps1'
[1.051s] INFO:colcon.colcon_core.shell:Creating package descriptor '/project_ws/install/cg/share/cg/package.dsv'
[1.051s] INFO:colcon.colcon_core.shell:Creating package script '/project_ws/install/cg/share/cg/package.sh'
[1.051s] INFO:colcon.colcon_core.shell:Creating package script '/project_ws/install/cg/share/cg/package.bash'
[1.051s] INFO:colcon.colcon_core.shell:Creating package script '/project_ws/install/cg/share/cg/package.zsh'
[1.051s] Level 1:colcon.colcon_core.environment:create_file_with_runtime_dependencies(/project_ws/install/cg/share/colcon-core/packages/cg)
[1.247s] DEBUG:colcon.colcon_core.event_handler.log_command:Invoked command in '/project_ws/build/cg_solver' returned '0': AMENT_PREFIX_PATH=/project_ws/install/cg_interfaces:${AMENT_PREFIX_PATH} CMAKE_PREFIX_PATH=/project_ws/install/cg_interfaces:/opt/ros/humble LD_LIBRARY_PATH=/project_ws/install/cg_interfaces/lib:${LD_LIBRARY_PATH} PYTHONPATH=/project_ws/install/cg_interfaces/local/lib/python3.10/dist-packages:${PYTHONPATH} /usr/bin/cmake /project_ws/src/cg_solver -DCMAKE_INSTALL_PREFIX=/project_ws/install/cg_solver
[1.248s] DEBUG:colcon.colcon_core.event_handler.log_command:Invoking command in '/project_ws/build/cg_solver': AMENT_PREFIX_PATH=/project_ws/install/cg_interfaces:${AMENT_PREFIX_PATH} CMAKE_PREFIX_PATH=/project_ws/install/cg_interfaces:/opt/ros/humble LD_LIBRARY_PATH=/project_ws/install/cg_interfaces/lib:${LD_LIBRARY_PATH} PYTHONPATH=/project_ws/install/cg_interfaces/local/lib/python3.10/dist-packages:${PYTHONPATH} /usr/bin/cmake --build /project_ws/build/cg_solver -- -j8 -l8
[7.910s] DEBUG:colcon.colcon_core.event_handler.log_command:Invoked command in '/project_ws/build/cg_solver' returned '0': AMENT_PREFIX_PATH=/project_ws/install/cg_interfaces:${AMENT_PREFIX_PATH} CMAKE_PREFIX_PATH=/project_ws/install/cg_interfaces:/opt/ros/humble LD_LIBRARY_PATH=/project_ws/install/cg_interfaces/lib:${LD_LIBRARY_PATH} PYTHONPATH=/project_ws/install/cg_interfaces/local/lib/python3.10/dist-packages:${PYTHONPATH} /usr/bin/cmake --build /project_ws/build/cg_solver -- -j8 -l8
[7.911s] DEBUG:colcon.colcon_core.event_handler.log_command:Invoking command in '/project_ws/build/cg_solver': AMENT_PREFIX_PATH=/project_ws/install/cg_interfaces:${AMENT_PREFIX_PATH} CMAKE_PREFIX_PATH=/project_ws/install/cg_interfaces:/opt/ros/humble LD_LIBRARY_PATH=/project_ws/install/cg_interfaces/lib:${LD_LIBRARY_PATH} PYTHONPATH=/project_ws/install/cg_interfaces/local/lib/python3.10/dist-packages:${PYTHONPATH} /usr/bin/cmake --install /project_ws/build/cg_solver
[7.925s] Level 1:colcon.colcon_core.environment:create_environment_scripts_only(cg_solver)
[7.926s] Level 1:colcon.colcon_core.environment:checking '/project_ws/install/cg_solver' for CMake module files
[7.926s] DEBUG:colcon.colcon_core.event_handler.log_command:Invoked command in '/project_ws/build/cg_solver' returned '0': AMENT_PREFIX_PATH=/project_ws/install/cg_interfaces:${AMENT_PREFIX_PATH} CMAKE_PREFIX_PATH=/project_ws/install/cg_interfaces:/opt/ros/humble LD_LIBRARY_PATH=/project_ws/install/cg_interfaces/lib:${LD_LIBRARY_PATH} PYTHONPATH=/project_ws/install/cg_interfaces/local/lib/python3.10/dist-packages:${PYTHONPATH} /usr/bin/cmake --install /project_ws/build/cg_solver
[7.926s] Level 1:colcon.colcon_core.environment:checking '/project_ws/install/cg_solver' for CMake config files
[7.926s] Level 1:colcon.colcon_core.shell:create_environment_hook('cg_solver', 'cmake_prefix_path')
[7.926s] INFO:colcon.colcon_core.shell:Creating environment hook '/project_ws/install/cg_solver/share/cg_solver/hook/cmake_prefix_path.ps1'
[7.927s] INFO:colcon.colcon_core.shell:Creating environment descriptor '/project_ws/install/cg_solver/share/cg_solver/hook/cmake_prefix_path.dsv'
[7.927s] INFO:colcon.colcon_core.shell:Creating environment hook '/project_ws/install/cg_solver/share/cg_solver/hook/cmake_prefix_path.sh'
[7.927s] Level 1:colcon.colcon_core.environment:checking '/project_ws/install/cg_solver/lib'
[7.927s] Level 1:colcon.colcon_core.environment:checking '/project_ws/install/cg_solver/bin'
[7.927s] Level 1:colcon.colcon_core.environment:checking '/project_ws/install/cg_solver/lib/pkgconfig/cg_solver.pc'
[7.928s] Level 1:colcon.colcon_core.environment:checking '/project_ws/install/cg_solver/lib/python3.10/site-packages'
[7.928s] Level 1:colcon.colcon_core.environment:checking '/project_ws/install/cg_solver/bin'
[7.928s] INFO:colcon.colcon_core.shell:Creating package script '/project_ws/install/cg_solver/share/cg_solver/package.ps1'
[7.928s] INFO:colcon.colcon_core.shell:Creating package descriptor '/project_ws/install/cg_solver/share/cg_solver/package.dsv'
[7.928s] INFO:colcon.colcon_core.shell:Creating package script '/project_ws/install/cg_solver/share/cg_solver/package.sh'
[7.929s] INFO:colcon.colcon_core.shell:Creating package script '/project_ws/install/cg_solver/share/cg_solver/package.bash'
[7.929s] INFO:colcon.colcon_core.shell:Creating package script '/project_ws/install/cg_solver/share/cg_solver/package.zsh'
[7.929s] Level 1:colcon.colcon_core.environment:create_file_with_runtime_dependencies(/project_ws/install/cg_solver/share/colcon-core/packages/cg_solver)
[7.930s] Level 1:colcon.colcon_core.environment:create_environment_scripts_only(cg_solver)
[7.930s] Level 1:colcon.colcon_core.environment:checking '/project_ws/install/cg_solver' for CMake module files
[7.930s] Level 1:colcon.colcon_core.environment:checking '/project_ws/install/cg_solver' for CMake config files
[7.930s] Level 1:colcon.colcon_core.shell:create_environment_hook('cg_solver', 'cmake_prefix_path')
[7.930s] INFO:colcon.colcon_core.shell:Creating environment hook '/project_ws/install/cg_solver/share/cg_solver/hook/cmake_prefix_path.ps1'
[7.930s] INFO:colcon.colcon_core.shell:Creating environment descriptor '/project_ws/install/cg_solver/share/cg_solver/hook/cmake_prefix_path.dsv'
[7.931s] INFO:colcon.colcon_core.shell:Creating environment hook '/project_ws/install/cg_solver/share/cg_solver/hook/cmake_prefix_path.sh'
[7.931s] Level 1:colcon.colcon_core.environment:checking '/project_ws/install/cg_solver/lib'
[7.931s] Level 1:colcon.colcon_core.environment:checking '/project_ws/install/cg_solver/bin'
[7.931s] Level 1:colcon.colcon_core.environment:checking '/project_ws/install/cg_solver/lib/pkgconfig/cg_solver.pc'
[7.931s] Level 1:colcon.colcon_core.environment:checking '/project_ws/install/cg_solver/lib/python3.10/site-packages'
[7.931s] Level 1:colcon.colcon_core.environment:checking '/project_ws/install/cg_solver/bin'
[7.932s] INFO:colcon.colcon_core.shell:Creating package script '/project_ws/install/cg_solver/share/cg_solver/package.ps1'
[7.932s] INFO:colcon.colcon_core.shell:Creating package descriptor '/project_ws/install/cg_solver/share/cg_solver/package.dsv'
[7.932s] INFO:colcon.colcon_core.shell:Creating package script '/project_ws/install/cg_solver/share/cg_solver/package.sh'
[7.932s] INFO:colcon.colcon_core.shell:Creating package script '/project_ws/install/cg_solver/share/cg_solver/package.bash'
[7.933s] INFO:colcon.colcon_core.shell:Creating package script '/project_ws/install/cg_solver/share/cg_solver/package.zsh'
[7.933s] Level 1:colcon.colcon_core.environment:create_file_with_runtime_dependencies(/project_ws/install/cg_solver/share/colcon-core/packages/cg_solver)
[7.933s] DEBUG:colcon.colcon_parallel_executor.executor.parallel:closing loop
[7.933s] DEBUG:colcon.colcon_parallel_executor.executor.parallel:loop closed
[7.933s] DEBUG:colcon.colcon_parallel_executor.executor.parallel:run_until_complete finished with '0'
[7.933s] DEBUG:colcon.colcon_core.event_reactor:joining thread
[7.937s] INFO:colcon.colcon_core.plugin_system:Skipping extension 'colcon_notification.desktop_notification.notify_send': Could not find 'notify-send'
[7.937s] INFO:colcon.colcon_core.plugin_system:Skipping extension 'colcon_notification.desktop_notification.terminal_notifier': Not used on non-Darwin systems
[7.937s] INFO:colcon.colcon_core.plugin_system:Skipping extension 'colcon_notification.desktop_notification.win32': Not used on non-Windows systems
[7.937s] INFO:colcon.colcon_notification.desktop_notification:Sending desktop notification using 'notify2'
[7.937s] DEBUG:colcon.colcon_notification.desktop_notification.notify2:Failed to initialize notify2: org.freedesktop.DBus.Error.InvalidFileContent: D-Bus library appears to be incorrectly set up: see the manual page for dbus-uuidgen to correct this issue. (Failed to open "/var/lib/dbus/machine-id": No such file or directory; UUID file '/etc/machine-id' should contain a hex string of length 32, not length 0, with no other text)
[7.937s] DEBUG:colcon.colcon_core.event_reactor:joined thread
[7.938s] INFO:colcon.colcon_core.shell:Creating prefix script '/project_ws/install/local_setup.ps1'
[7.938s] INFO:colcon.colcon_core.shell:Creating prefix util module '/project_ws/install/_local_setup_util_ps1.py'
[7.939s] INFO:colcon.colcon_core.shell:Creating prefix chain script '/project_ws/install/setup.ps1'
[7.940s] INFO:colcon.colcon_core.shell:Creating prefix script '/project_ws/install/local_setup.sh'
[7.940s] INFO:colcon.colcon_core.shell:Creating prefix util module '/project_ws/install/_local_setup_util_sh.py'
[7.941s] INFO:colcon.colcon_core.shell:Creating prefix chain script '/project_ws/install/setup.sh'
[7.941s] INFO:colcon.colcon_core.shell:Creating prefix script '/project_ws/install/local_setup.bash'
[7.941s] INFO:colcon.colcon_core.shell:Creating prefix chain script '/project_ws/install/setup.bash'
[7.942s] INFO:colcon.colcon_core.shell:Creating prefix script '/project_ws/install/local_setup.zsh'
[7.942s] INFO:colcon.colcon_core.shell:Creating prefix chain script '/project_ws/install/setup.zsh'
