running egg_info
writing ../../../build/cg_teleop/cg_teleop.egg-info/PKG-INFO
writing dependency_links to ../../../build/cg_teleop/cg_teleop.egg-info/dependency_links.txt
writing entry points to ../../../build/cg_teleop/cg_teleop.egg-info/entry_points.txt
writing requirements to ../../../build/cg_teleop/cg_teleop.egg-info/requires.txt
writing top-level names to ../../../build/cg_teleop/cg_teleop.egg-info/top_level.txt
reading manifest file '../../../build/cg_teleop/cg_teleop.egg-info/SOURCES.txt'
writing manifest file '../../../build/cg_teleop/cg_teleop.egg-info/SOURCES.txt'
running build
running build_py
copying cg_teleop/__init__.py -> /home/gabrielmartins/Documents/github/ponderada_ros/build/cg_teleop/build/lib/cg_teleop
copying cg_teleop/teleop_node.py -> /home/gabrielmartins/Documents/github/ponderada_ros/build/cg_teleop/build/lib/cg_teleop
running install
running install_lib
running install_data
copying resource/cg_teleop -> /home/gabrielmartins/Documents/github/ponderada_ros/install/cg_teleop/share/ament_index/resource_index/packages
copying package.xml -> /home/gabrielmartins/Documents/github/ponderada_ros/install/cg_teleop/share/cg_teleop
running install_egg_info
removing '/home/gabrielmartins/Documents/github/ponderada_ros/install/cg_teleop/lib/python3.13/site-packages/cg_teleop-0.0.0-py3.13.egg-info' (and everything under it)
Copying ../../../build/cg_teleop/cg_teleop.egg-info to /home/gabrielmartins/Documents/github/ponderada_ros/install/cg_teleop/lib/python3.13/site-packages/cg_teleop-0.0.0-py3.13.egg-info
running install_scripts
Installing teleop_keyboard script to /home/gabrielmartins/Documents/github/ponderada_ros/install/cg_teleop/lib/cg_teleop
writing list of installed files to '/home/gabrielmartins/Documents/github/ponderada_ros/build/cg_teleop/install.log'
